[0.654s] DEBUG:colcon:Command line arguments: ['/usr/bin/colcon', 'build']
[0.654s] DEBUG:colcon:Parsed command line arguments: Namespace(log_base=None, log_level=None, verb_name='build', build_base='build', install_base='install', merge_install=False, symlink_install=False, test_result_base=None, continue_on_error=False, executor='parallel', parallel_workers=4, event_handlers=None, ignore_user_meta=False, metas=['./colcon.meta'], base_paths=['.'], packages_ignore=None, packages_ignore_regex=None, paths=None, packages_up_to=None, packages_up_to_regex=None, packages_above=None, packages_above_and_dependencies=None, packages_above_depth=None, packages_select_by_dep=None, packages_skip_by_dep=None, packages_skip_up_to=None, packages_select_build_failed=False, packages_skip_build_finished=False, packages_select_test_failures=False, packages_skip_test_passed=False, packages_select=None, packages_skip=None, packages_select_regex=None, packages_skip_regex=None, packages_start=None, packages_end=None, allow_overriding=[], cmake_args=None, cmake_target=None, cmake_target_skip_unavailable=False, cmake_clean_cache=False, cmake_clean_first=False, cmake_force_configure=False, ament_cmake_args=None, catkin_cmake_args=None, catkin_skip_building_tests=False, verb_parser=<colcon_defaults.argument_parser.defaults.DefaultArgumentsDecorator object at 0xffffa6211610>, verb_extension=<colcon_core.verb.build.BuildVerb object at 0xffffa62112b0>, main=<bound method BuildVerb.main of <colcon_core.verb.build.BuildVerb object at 0xffffa62112b0>>)
[0.781s] Level 1:colcon.colcon_core.package_discovery:discover_packages(colcon_meta) check parameters
[0.781s] Level 1:colcon.colcon_core.package_discovery:discover_packages(recursive) check parameters
[0.781s] Level 1:colcon.colcon_core.package_discovery:discover_packages(ignore) check parameters
[0.781s] Level 1:colcon.colcon_core.package_discovery:discover_packages(path) check parameters
[0.781s] Level 1:colcon.colcon_core.package_discovery:discover_packages(colcon_meta) discover
[0.781s] Level 1:colcon.colcon_core.package_discovery:discover_packages(recursive) discover
[0.781s] INFO:colcon.colcon_core.package_discovery:Crawling recursively for packages in '/home/pi2/cleaningoceanplastics'
[0.781s] Level 1:colcon.colcon_core.package_identification:_identify(.) by extensions ['ignore', 'ignore_ament_install']
[0.782s] Level 1:colcon.colcon_core.package_identification:_identify(.) by extension 'ignore'
[0.782s] Level 1:colcon.colcon_core.package_identification:_identify(.) by extension 'ignore_ament_install'
[0.782s] Level 1:colcon.colcon_core.package_identification:_identify(.) by extensions ['colcon_pkg']
[0.782s] Level 1:colcon.colcon_core.package_identification:_identify(.) by extension 'colcon_pkg'
[0.782s] Level 1:colcon.colcon_core.package_identification:_identify(.) by extensions ['colcon_meta']
[0.782s] Level 1:colcon.colcon_core.package_identification:_identify(.) by extension 'colcon_meta'
[0.782s] Level 1:colcon.colcon_core.package_identification:_identify(.) by extensions ['ros']
[0.782s] Level 1:colcon.colcon_core.package_identification:_identify(.) by extension 'ros'
[0.842s] Level 1:colcon.colcon_core.package_identification:_identify(.) by extensions ['cmake', 'python']
[0.842s] Level 1:colcon.colcon_core.package_identification:_identify(.) by extension 'cmake'
[0.842s] Level 1:colcon.colcon_core.package_identification:_identify(.) by extension 'python'
[0.842s] Level 1:colcon.colcon_core.package_identification:_identify(.) by extensions ['python_setup_py']
[0.842s] Level 1:colcon.colcon_core.package_identification:_identify(.) by extension 'python_setup_py'
[0.845s] Level 1:colcon.colcon_core.package_identification:_identify(CAD) by extensions ['ignore', 'ignore_ament_install']
[0.845s] Level 1:colcon.colcon_core.package_identification:_identify(CAD) by extension 'ignore'
[0.845s] Level 1:colcon.colcon_core.package_identification:_identify(CAD) by extension 'ignore_ament_install'
[0.845s] Level 1:colcon.colcon_core.package_identification:_identify(CAD) by extensions ['colcon_pkg']
[0.845s] Level 1:colcon.colcon_core.package_identification:_identify(CAD) by extension 'colcon_pkg'
[0.845s] Level 1:colcon.colcon_core.package_identification:_identify(CAD) by extensions ['colcon_meta']
[0.845s] Level 1:colcon.colcon_core.package_identification:_identify(CAD) by extension 'colcon_meta'
[0.845s] Level 1:colcon.colcon_core.package_identification:_identify(CAD) by extensions ['ros']
[0.845s] Level 1:colcon.colcon_core.package_identification:_identify(CAD) by extension 'ros'
[0.845s] Level 1:colcon.colcon_core.package_identification:_identify(CAD) by extensions ['cmake', 'python']
[0.845s] Level 1:colcon.colcon_core.package_identification:_identify(CAD) by extension 'cmake'
[0.845s] Level 1:colcon.colcon_core.package_identification:_identify(CAD) by extension 'python'
[0.845s] Level 1:colcon.colcon_core.package_identification:_identify(CAD) by extensions ['python_setup_py']
[0.846s] Level 1:colcon.colcon_core.package_identification:_identify(CAD) by extension 'python_setup_py'
[0.847s] Level 1:colcon.colcon_core.package_identification:_identify(CAD/Test Board) by extensions ['ignore', 'ignore_ament_install']
[0.848s] Level 1:colcon.colcon_core.package_identification:_identify(CAD/Test Board) by extension 'ignore'
[0.848s] Level 1:colcon.colcon_core.package_identification:_identify(CAD/Test Board) by extension 'ignore_ament_install'
[0.848s] Level 1:colcon.colcon_core.package_identification:_identify(CAD/Test Board) by extensions ['colcon_pkg']
[0.848s] Level 1:colcon.colcon_core.package_identification:_identify(CAD/Test Board) by extension 'colcon_pkg'
[0.848s] Level 1:colcon.colcon_core.package_identification:_identify(CAD/Test Board) by extensions ['colcon_meta']
[0.848s] Level 1:colcon.colcon_core.package_identification:_identify(CAD/Test Board) by extension 'colcon_meta'
[0.848s] Level 1:colcon.colcon_core.package_identification:_identify(CAD/Test Board) by extensions ['ros']
[0.848s] Level 1:colcon.colcon_core.package_identification:_identify(CAD/Test Board) by extension 'ros'
[0.848s] Level 1:colcon.colcon_core.package_identification:_identify(CAD/Test Board) by extensions ['cmake', 'python']
[0.848s] Level 1:colcon.colcon_core.package_identification:_identify(CAD/Test Board) by extension 'cmake'
[0.848s] Level 1:colcon.colcon_core.package_identification:_identify(CAD/Test Board) by extension 'python'
[0.848s] Level 1:colcon.colcon_core.package_identification:_identify(CAD/Test Board) by extensions ['python_setup_py']
[0.848s] Level 1:colcon.colcon_core.package_identification:_identify(CAD/Test Board) by extension 'python_setup_py'
[0.848s] Level 1:colcon.colcon_core.package_identification:_identify(build) by extensions ['ignore', 'ignore_ament_install']
[0.848s] Level 1:colcon.colcon_core.package_identification:_identify(build) by extension 'ignore'
[0.848s] Level 1:colcon.colcon_core.package_identification:_identify(build) ignored
[0.849s] Level 1:colcon.colcon_core.package_identification:_identify(install) by extensions ['ignore', 'ignore_ament_install']
[0.849s] Level 1:colcon.colcon_core.package_identification:_identify(install) by extension 'ignore'
[0.849s] Level 1:colcon.colcon_core.package_identification:_identify(install) ignored
[0.849s] Level 1:colcon.colcon_core.package_identification:_identify(log) by extensions ['ignore', 'ignore_ament_install']
[0.849s] Level 1:colcon.colcon_core.package_identification:_identify(log) by extension 'ignore'
[0.849s] Level 1:colcon.colcon_core.package_identification:_identify(log) ignored
[0.850s] Level 1:colcon.colcon_core.package_identification:_identify(ros2_ws) by extensions ['ignore', 'ignore_ament_install']
[0.850s] Level 1:colcon.colcon_core.package_identification:_identify(ros2_ws) by extension 'ignore'
[0.850s] Level 1:colcon.colcon_core.package_identification:_identify(ros2_ws) by extension 'ignore_ament_install'
[0.850s] Level 1:colcon.colcon_core.package_identification:_identify(ros2_ws) by extensions ['colcon_pkg']
[0.850s] Level 1:colcon.colcon_core.package_identification:_identify(ros2_ws) by extension 'colcon_pkg'
[0.850s] Level 1:colcon.colcon_core.package_identification:_identify(ros2_ws) by extensions ['colcon_meta']
[0.850s] Level 1:colcon.colcon_core.package_identification:_identify(ros2_ws) by extension 'colcon_meta'
[0.850s] Level 1:colcon.colcon_core.package_identification:_identify(ros2_ws) by extensions ['ros']
[0.850s] Level 1:colcon.colcon_core.package_identification:_identify(ros2_ws) by extension 'ros'
[0.850s] Level 1:colcon.colcon_core.package_identification:_identify(ros2_ws) by extensions ['cmake', 'python']
[0.850s] Level 1:colcon.colcon_core.package_identification:_identify(ros2_ws) by extension 'cmake'
[0.850s] Level 1:colcon.colcon_core.package_identification:_identify(ros2_ws) by extension 'python'
[0.850s] Level 1:colcon.colcon_core.package_identification:_identify(ros2_ws) by extensions ['python_setup_py']
[0.850s] Level 1:colcon.colcon_core.package_identification:_identify(ros2_ws) by extension 'python_setup_py'
[0.851s] Level 1:colcon.colcon_core.package_identification:_identify(ros2_ws/build) by extensions ['ignore', 'ignore_ament_install']
[0.851s] Level 1:colcon.colcon_core.package_identification:_identify(ros2_ws/build) by extension 'ignore'
[0.851s] Level 1:colcon.colcon_core.package_identification:_identify(ros2_ws/build) ignored
[0.852s] Level 1:colcon.colcon_core.package_identification:_identify(ros2_ws/install) by extensions ['ignore', 'ignore_ament_install']
[0.852s] Level 1:colcon.colcon_core.package_identification:_identify(ros2_ws/install) by extension 'ignore'
[0.852s] Level 1:colcon.colcon_core.package_identification:_identify(ros2_ws/install) ignored
[0.853s] Level 1:colcon.colcon_core.package_identification:_identify(ros2_ws/log) by extensions ['ignore', 'ignore_ament_install']
[0.853s] Level 1:colcon.colcon_core.package_identification:_identify(ros2_ws/log) by extension 'ignore'
[0.853s] Level 1:colcon.colcon_core.package_identification:_identify(ros2_ws/log) ignored
[0.853s] Level 1:colcon.colcon_core.package_identification:_identify(ros2_ws/my-venv) by extensions ['ignore', 'ignore_ament_install']
[0.853s] Level 1:colcon.colcon_core.package_identification:_identify(ros2_ws/my-venv) by extension 'ignore'
[0.853s] Level 1:colcon.colcon_core.package_identification:_identify(ros2_ws/my-venv) by extension 'ignore_ament_install'
[0.853s] Level 1:colcon.colcon_core.package_identification:_identify(ros2_ws/my-venv) by extensions ['colcon_pkg']
[0.854s] Level 1:colcon.colcon_core.package_identification:_identify(ros2_ws/my-venv) by extension 'colcon_pkg'
[0.854s] Level 1:colcon.colcon_core.package_identification:_identify(ros2_ws/my-venv) by extensions ['colcon_meta']
[0.854s] Level 1:colcon.colcon_core.package_identification:_identify(ros2_ws/my-venv) by extension 'colcon_meta'
[0.854s] Level 1:colcon.colcon_core.package_identification:_identify(ros2_ws/my-venv) by extensions ['ros']
[0.854s] Level 1:colcon.colcon_core.package_identification:_identify(ros2_ws/my-venv) by extension 'ros'
[0.854s] Level 1:colcon.colcon_core.package_identification:_identify(ros2_ws/my-venv) by extensions ['cmake', 'python']
[0.854s] Level 1:colcon.colcon_core.package_identification:_identify(ros2_ws/my-venv) by extension 'cmake'
[0.854s] Level 1:colcon.colcon_core.package_identification:_identify(ros2_ws/my-venv) by extension 'python'
[0.854s] Level 1:colcon.colcon_core.package_identification:_identify(ros2_ws/my-venv) by extensions ['python_setup_py']
[0.854s] Level 1:colcon.colcon_core.package_identification:_identify(ros2_ws/my-venv) by extension 'python_setup_py'
[0.855s] Level 1:colcon.colcon_core.package_identification:_identify(ros2_ws/my-venv/bin) by extensions ['ignore', 'ignore_ament_install']
[0.855s] Level 1:colcon.colcon_core.package_identification:_identify(ros2_ws/my-venv/bin) by extension 'ignore'
[0.855s] Level 1:colcon.colcon_core.package_identification:_identify(ros2_ws/my-venv/bin) by extension 'ignore_ament_install'
[0.855s] Level 1:colcon.colcon_core.package_identification:_identify(ros2_ws/my-venv/bin) by extensions ['colcon_pkg']
[0.855s] Level 1:colcon.colcon_core.package_identification:_identify(ros2_ws/my-venv/bin) by extension 'colcon_pkg'
[0.855s] Level 1:colcon.colcon_core.package_identification:_identify(ros2_ws/my-venv/bin) by extensions ['colcon_meta']
[0.855s] Level 1:colcon.colcon_core.package_identification:_identify(ros2_ws/my-venv/bin) by extension 'colcon_meta'
[0.855s] Level 1:colcon.colcon_core.package_identification:_identify(ros2_ws/my-venv/bin) by extensions ['ros']
[0.855s] Level 1:colcon.colcon_core.package_identification:_identify(ros2_ws/my-venv/bin) by extension 'ros'
[0.855s] Level 1:colcon.colcon_core.package_identification:_identify(ros2_ws/my-venv/bin) by extensions ['cmake', 'python']
[0.855s] Level 1:colcon.colcon_core.package_identification:_identify(ros2_ws/my-venv/bin) by extension 'cmake'
[0.855s] Level 1:colcon.colcon_core.package_identification:_identify(ros2_ws/my-venv/bin) by extension 'python'
[0.855s] Level 1:colcon.colcon_core.package_identification:_identify(ros2_ws/my-venv/bin) by extensions ['python_setup_py']
[0.855s] Level 1:colcon.colcon_core.package_identification:_identify(ros2_ws/my-venv/bin) by extension 'python_setup_py'
[0.856s] Level 1:colcon.colcon_core.package_identification:_identify(ros2_ws/src) by extensions ['ignore', 'ignore_ament_install']
[0.856s] Level 1:colcon.colcon_core.package_identification:_identify(ros2_ws/src) by extension 'ignore'
[0.856s] Level 1:colcon.colcon_core.package_identification:_identify(ros2_ws/src) by extension 'ignore_ament_install'
[0.856s] Level 1:colcon.colcon_core.package_identification:_identify(ros2_ws/src) by extensions ['colcon_pkg']
[0.856s] Level 1:colcon.colcon_core.package_identification:_identify(ros2_ws/src) by extension 'colcon_pkg'
[0.856s] Level 1:colcon.colcon_core.package_identification:_identify(ros2_ws/src) by extensions ['colcon_meta']
[0.856s] Level 1:colcon.colcon_core.package_identification:_identify(ros2_ws/src) by extension 'colcon_meta'
[0.856s] Level 1:colcon.colcon_core.package_identification:_identify(ros2_ws/src) by extensions ['ros']
[0.856s] Level 1:colcon.colcon_core.package_identification:_identify(ros2_ws/src) by extension 'ros'
[0.856s] Level 1:colcon.colcon_core.package_identification:_identify(ros2_ws/src) by extensions ['cmake', 'python']
[0.856s] Level 1:colcon.colcon_core.package_identification:_identify(ros2_ws/src) by extension 'cmake'
[0.856s] Level 1:colcon.colcon_core.package_identification:_identify(ros2_ws/src) by extension 'python'
[0.857s] Level 1:colcon.colcon_core.package_identification:_identify(ros2_ws/src) by extensions ['python_setup_py']
[0.857s] Level 1:colcon.colcon_core.package_identification:_identify(ros2_ws/src) by extension 'python_setup_py'
[0.857s] Level 1:colcon.colcon_core.package_identification:_identify(ros2_ws/src/nmea_navsat_driver-ros2) by extensions ['ignore', 'ignore_ament_install']
[0.857s] Level 1:colcon.colcon_core.package_identification:_identify(ros2_ws/src/nmea_navsat_driver-ros2) by extension 'ignore'
[0.857s] Level 1:colcon.colcon_core.package_identification:_identify(ros2_ws/src/nmea_navsat_driver-ros2) by extension 'ignore_ament_install'
[0.857s] Level 1:colcon.colcon_core.package_identification:_identify(ros2_ws/src/nmea_navsat_driver-ros2) by extensions ['colcon_pkg']
[0.857s] Level 1:colcon.colcon_core.package_identification:_identify(ros2_ws/src/nmea_navsat_driver-ros2) by extension 'colcon_pkg'
[0.858s] Level 1:colcon.colcon_core.package_identification:_identify(ros2_ws/src/nmea_navsat_driver-ros2) by extensions ['colcon_meta']
[0.858s] Level 1:colcon.colcon_core.package_identification:_identify(ros2_ws/src/nmea_navsat_driver-ros2) by extension 'colcon_meta'
[0.858s] Level 1:colcon.colcon_core.package_identification:_identify(ros2_ws/src/nmea_navsat_driver-ros2) by extensions ['ros']
[0.858s] Level 1:colcon.colcon_core.package_identification:_identify(ros2_ws/src/nmea_navsat_driver-ros2) by extension 'ros'
[0.865s] DEBUG:colcon.colcon_core.package_identification:Package 'ros2_ws/src/nmea_navsat_driver-ros2' with type 'ros.ament_python' and name 'nmea_navsat_driver'
[0.866s] Level 1:colcon.colcon_core.package_identification:_identify(ros2_ws/src/services) by extensions ['ignore', 'ignore_ament_install']
[0.866s] Level 1:colcon.colcon_core.package_identification:_identify(ros2_ws/src/services) by extension 'ignore'
[0.866s] Level 1:colcon.colcon_core.package_identification:_identify(ros2_ws/src/services) by extension 'ignore_ament_install'
[0.866s] Level 1:colcon.colcon_core.package_identification:_identify(ros2_ws/src/services) by extensions ['colcon_pkg']
[0.866s] Level 1:colcon.colcon_core.package_identification:_identify(ros2_ws/src/services) by extension 'colcon_pkg'
[0.866s] Level 1:colcon.colcon_core.package_identification:_identify(ros2_ws/src/services) by extensions ['colcon_meta']
[0.866s] Level 1:colcon.colcon_core.package_identification:_identify(ros2_ws/src/services) by extension 'colcon_meta'
[0.867s] Level 1:colcon.colcon_core.package_identification:_identify(ros2_ws/src/services) by extensions ['ros']
[0.867s] Level 1:colcon.colcon_core.package_identification:_identify(ros2_ws/src/services) by extension 'ros'
[0.868s] DEBUG:colcon.colcon_core.package_identification:Package 'ros2_ws/src/services' with type 'ros.ament_cmake' and name 'services'
[0.868s] Level 1:colcon.colcon_core.package_identification:_identify(ros2_ws/src/test_input) by extensions ['ignore', 'ignore_ament_install']
[0.868s] Level 1:colcon.colcon_core.package_identification:_identify(ros2_ws/src/test_input) by extension 'ignore'
[0.869s] Level 1:colcon.colcon_core.package_identification:_identify(ros2_ws/src/test_input) by extension 'ignore_ament_install'
[0.869s] Level 1:colcon.colcon_core.package_identification:_identify(ros2_ws/src/test_input) by extensions ['colcon_pkg']
[0.869s] Level 1:colcon.colcon_core.package_identification:_identify(ros2_ws/src/test_input) by extension 'colcon_pkg'
[0.869s] Level 1:colcon.colcon_core.package_identification:_identify(ros2_ws/src/test_input) by extensions ['colcon_meta']
[0.869s] Level 1:colcon.colcon_core.package_identification:_identify(ros2_ws/src/test_input) by extension 'colcon_meta'
[0.869s] Level 1:colcon.colcon_core.package_identification:_identify(ros2_ws/src/test_input) by extensions ['ros']
[0.869s] Level 1:colcon.colcon_core.package_identification:_identify(ros2_ws/src/test_input) by extension 'ros'
[0.870s] DEBUG:colcon.colcon_core.package_identification:Package 'ros2_ws/src/test_input' with type 'ros.ament_python' and name 'test_input'
[0.870s] Level 1:colcon.colcon_core.package_discovery:discover_packages(recursive) using defaults
[0.870s] Level 1:colcon.colcon_core.package_discovery:discover_packages(ignore) discover
[0.870s] Level 1:colcon.colcon_core.package_discovery:discover_packages(ignore) using defaults
[0.870s] Level 1:colcon.colcon_core.package_discovery:discover_packages(path) discover
[0.870s] Level 1:colcon.colcon_core.package_discovery:discover_packages(path) using defaults
[0.913s] Level 1:colcon.colcon_core.package_discovery:discover_packages(prefix_path) check parameters
[0.913s] Level 1:colcon.colcon_core.package_discovery:discover_packages(prefix_path) discover
[0.920s] DEBUG:colcon.colcon_installed_package_information.package_discovery:Found 286 installed packages in /opt/ros/jazzy
[0.921s] Level 1:colcon.colcon_core.package_discovery:discover_packages(prefix_path) using defaults
[0.986s] Level 5:colcon.colcon_core.verb:set package 'nmea_navsat_driver' build argument 'cmake_args' from command line to 'None'
[0.986s] Level 5:colcon.colcon_core.verb:set package 'nmea_navsat_driver' build argument 'cmake_target' from command line to 'None'
[0.986s] Level 5:colcon.colcon_core.verb:set package 'nmea_navsat_driver' build argument 'cmake_target_skip_unavailable' from command line to 'False'
[0.986s] Level 5:colcon.colcon_core.verb:set package 'nmea_navsat_driver' build argument 'cmake_clean_cache' from command line to 'False'
[0.986s] Level 5:colcon.colcon_core.verb:set package 'nmea_navsat_driver' build argument 'cmake_clean_first' from command line to 'False'
[0.986s] Level 5:colcon.colcon_core.verb:set package 'nmea_navsat_driver' build argument 'cmake_force_configure' from command line to 'False'
[0.986s] Level 5:colcon.colcon_core.verb:set package 'nmea_navsat_driver' build argument 'ament_cmake_args' from command line to 'None'
[0.986s] Level 5:colcon.colcon_core.verb:set package 'nmea_navsat_driver' build argument 'catkin_cmake_args' from command line to 'None'
[0.986s] Level 5:colcon.colcon_core.verb:set package 'nmea_navsat_driver' build argument 'catkin_skip_building_tests' from command line to 'False'
[0.986s] DEBUG:colcon.colcon_core.verb:Building package 'nmea_navsat_driver' with the following arguments: {'ament_cmake_args': None, 'build_base': '/home/pi2/cleaningoceanplastics/build/nmea_navsat_driver', 'catkin_cmake_args': None, 'catkin_skip_building_tests': False, 'cmake_args': None, 'cmake_clean_cache': False, 'cmake_clean_first': False, 'cmake_force_configure': False, 'cmake_target': None, 'cmake_target_skip_unavailable': False, 'install_base': '/home/pi2/cleaningoceanplastics/install/nmea_navsat_driver', 'merge_install': False, 'path': '/home/pi2/cleaningoceanplastics/ros2_ws/src/nmea_navsat_driver-ros2', 'symlink_install': False, 'test_result_base': None}
[0.986s] Level 5:colcon.colcon_core.verb:set package 'services' build argument 'cmake_args' from command line to 'None'
[0.986s] Level 5:colcon.colcon_core.verb:set package 'services' build argument 'cmake_target' from command line to 'None'
[0.986s] Level 5:colcon.colcon_core.verb:set package 'services' build argument 'cmake_target_skip_unavailable' from command line to 'False'
[0.986s] Level 5:colcon.colcon_core.verb:set package 'services' build argument 'cmake_clean_cache' from command line to 'False'
[0.987s] Level 5:colcon.colcon_core.verb:set package 'services' build argument 'cmake_clean_first' from command line to 'False'
[0.987s] Level 5:colcon.colcon_core.verb:set package 'services' build argument 'cmake_force_configure' from command line to 'False'
[0.987s] Level 5:colcon.colcon_core.verb:set package 'services' build argument 'ament_cmake_args' from command line to 'None'
[0.987s] Level 5:colcon.colcon_core.verb:set package 'services' build argument 'catkin_cmake_args' from command line to 'None'
[0.987s] Level 5:colcon.colcon_core.verb:set package 'services' build argument 'catkin_skip_building_tests' from command line to 'False'
[0.987s] DEBUG:colcon.colcon_core.verb:Building package 'services' with the following arguments: {'ament_cmake_args': None, 'build_base': '/home/pi2/cleaningoceanplastics/build/services', 'catkin_cmake_args': None, 'catkin_skip_building_tests': False, 'cmake_args': None, 'cmake_clean_cache': False, 'cmake_clean_first': False, 'cmake_force_configure': False, 'cmake_target': None, 'cmake_target_skip_unavailable': False, 'install_base': '/home/pi2/cleaningoceanplastics/install/services', 'merge_install': False, 'path': '/home/pi2/cleaningoceanplastics/ros2_ws/src/services', 'symlink_install': False, 'test_result_base': None}
[0.987s] Level 5:colcon.colcon_core.verb:set package 'test_input' build argument 'cmake_args' from command line to 'None'
[0.987s] Level 5:colcon.colcon_core.verb:set package 'test_input' build argument 'cmake_target' from command line to 'None'
[0.987s] Level 5:colcon.colcon_core.verb:set package 'test_input' build argument 'cmake_target_skip_unavailable' from command line to 'False'
[0.987s] Level 5:colcon.colcon_core.verb:set package 'test_input' build argument 'cmake_clean_cache' from command line to 'False'
[0.987s] Level 5:colcon.colcon_core.verb:set package 'test_input' build argument 'cmake_clean_first' from command line to 'False'
[0.987s] Level 5:colcon.colcon_core.verb:set package 'test_input' build argument 'cmake_force_configure' from command line to 'False'
[0.987s] Level 5:colcon.colcon_core.verb:set package 'test_input' build argument 'ament_cmake_args' from command line to 'None'
[0.987s] Level 5:colcon.colcon_core.verb:set package 'test_input' build argument 'catkin_cmake_args' from command line to 'None'
[0.987s] Level 5:colcon.colcon_core.verb:set package 'test_input' build argument 'catkin_skip_building_tests' from command line to 'False'
[0.987s] DEBUG:colcon.colcon_core.verb:Building package 'test_input' with the following arguments: {'ament_cmake_args': None, 'build_base': '/home/pi2/cleaningoceanplastics/build/test_input', 'catkin_cmake_args': None, 'catkin_skip_building_tests': False, 'cmake_args': None, 'cmake_clean_cache': False, 'cmake_clean_first': False, 'cmake_force_configure': False, 'cmake_target': None, 'cmake_target_skip_unavailable': False, 'install_base': '/home/pi2/cleaningoceanplastics/install/test_input', 'merge_install': False, 'path': '/home/pi2/cleaningoceanplastics/ros2_ws/src/test_input', 'symlink_install': False, 'test_result_base': None}
[0.987s] INFO:colcon.colcon_core.executor:Executing jobs using 'parallel' executor
[0.989s] DEBUG:colcon.colcon_parallel_executor.executor.parallel:run_until_complete
[0.989s] INFO:colcon.colcon_ros.task.ament_python.build:Building ROS package in '/home/pi2/cleaningoceanplastics/ros2_ws/src/nmea_navsat_driver-ros2' with build type 'ament_python'
[0.989s] Level 1:colcon.colcon_core.shell:create_environment_hook('nmea_navsat_driver', 'ament_prefix_path')
[0.998s] INFO:colcon.colcon_core.plugin_system:Skipping extension 'colcon_core.shell.bat': Not used on non-Windows systems
[0.999s] INFO:colcon.colcon_core.shell:Creating environment hook '/home/pi2/cleaningoceanplastics/install/nmea_navsat_driver/share/nmea_navsat_driver/hook/ament_prefix_path.ps1'
[1.001s] INFO:colcon.colcon_core.shell:Creating environment descriptor '/home/pi2/cleaningoceanplastics/install/nmea_navsat_driver/share/nmea_navsat_driver/hook/ament_prefix_path.dsv'
[1.002s] INFO:colcon.colcon_core.shell:Creating environment hook '/home/pi2/cleaningoceanplastics/install/nmea_navsat_driver/share/nmea_navsat_driver/hook/ament_prefix_path.sh'
[1.003s] INFO:colcon.colcon_core.shell:Skip shell extension 'powershell' for command environment: Not usable outside of PowerShell
[1.003s] DEBUG:colcon.colcon_core.shell:Skip shell extension 'dsv' for command environment
[1.008s] INFO:colcon.colcon_ros.task.ament_cmake.build:Building ROS package in '/home/pi2/cleaningoceanplastics/ros2_ws/src/services' with build type 'ament_cmake'
[1.008s] INFO:colcon.colcon_cmake.task.cmake.build:Building CMake package in '/home/pi2/cleaningoceanplastics/ros2_ws/src/services'
[1.008s] INFO:colcon.colcon_core.shell:Skip shell extension 'powershell' for command environment: Not usable outside of PowerShell
[1.008s] DEBUG:colcon.colcon_core.shell:Skip shell extension 'dsv' for command environment
[1.012s] INFO:colcon.colcon_ros.task.ament_python.build:Building ROS package in '/home/pi2/cleaningoceanplastics/ros2_ws/src/test_input' with build type 'ament_python'
[1.013s] Level 1:colcon.colcon_core.shell:create_environment_hook('test_input', 'ament_prefix_path')
[1.013s] INFO:colcon.colcon_core.shell:Creating environment hook '/home/pi2/cleaningoceanplastics/install/test_input/share/test_input/hook/ament_prefix_path.ps1'
[1.014s] INFO:colcon.colcon_core.shell:Creating environment descriptor '/home/pi2/cleaningoceanplastics/install/test_input/share/test_input/hook/ament_prefix_path.dsv'
[1.014s] INFO:colcon.colcon_core.shell:Creating environment hook '/home/pi2/cleaningoceanplastics/install/test_input/share/test_input/hook/ament_prefix_path.sh'
[1.015s] INFO:colcon.colcon_core.shell:Skip shell extension 'powershell' for command environment: Not usable outside of PowerShell
[1.015s] DEBUG:colcon.colcon_core.shell:Skip shell extension 'dsv' for command environment
[1.335s] INFO:colcon.colcon_core.task.python.build:Building Python package in '/home/pi2/cleaningoceanplastics/ros2_ws/src/nmea_navsat_driver-ros2'
[1.336s] INFO:colcon.colcon_core.shell:Skip shell extension 'powershell' for command environment: Not usable outside of PowerShell
[1.336s] DEBUG:colcon.colcon_core.shell:Skip shell extension 'dsv' for command environment
[1.341s] DEBUG:colcon.colcon_core.event_handler.log_command:Invoking command in '/home/pi2/cleaningoceanplastics/build/services': CMAKE_PREFIX_PATH=${CMAKE_PREFIX_PATH}:/opt/ros/jazzy DEBUGINFOD_URLS=https://debuginfod.ubuntu.com /usr/bin/cmake /home/pi2/cleaningoceanplastics/ros2_ws/src/services -DCMAKE_INSTALL_PREFIX=/home/pi2/cleaningoceanplastics/install/services
[1.666s] INFO:colcon.colcon_core.task.python.build:Building Python package in '/home/pi2/cleaningoceanplastics/ros2_ws/src/test_input'
[1.666s] INFO:colcon.colcon_core.shell:Skip shell extension 'powershell' for command environment: Not usable outside of PowerShell
[1.666s] DEBUG:colcon.colcon_core.shell:Skip shell extension 'dsv' for command environment
[3.218s] DEBUG:colcon.colcon_core.event_handler.log_command:Invoking command in '/home/pi2/cleaningoceanplastics/ros2_ws/src/test_input': DEBUGINFOD_URLS=https://debuginfod.ubuntu.com PYTHONPATH=/home/pi2/cleaningoceanplastics/build/test_input/prefix_override:/usr/lib/python3/dist-packages/colcon_core/task/python/colcon_distutils_commands:/home/pi2/cleaningoceanplastics/install/test_input/lib/python3.12/site-packages:${PYTHONPATH} /usr/bin/python3 -W ignore:setup.py install is deprecated -W ignore:easy_install command is deprecated setup.py egg_info --egg-base ../../../build/test_input build --build-base /home/pi2/cleaningoceanplastics/build/test_input/build install --record /home/pi2/cleaningoceanplastics/build/test_input/install.log --single-version-externally-managed install_data
[3.221s] DEBUG:colcon.colcon_core.event_handler.log_command:Invoking command in '/home/pi2/cleaningoceanplastics/ros2_ws/src/nmea_navsat_driver-ros2': DEBUGINFOD_URLS=https://debuginfod.ubuntu.com PYTHONPATH=/home/pi2/cleaningoceanplastics/build/nmea_navsat_driver/prefix_override:/usr/lib/python3/dist-packages/colcon_core/task/python/colcon_distutils_commands:/home/pi2/cleaningoceanplastics/install/nmea_navsat_driver/lib/python3.12/site-packages:${PYTHONPATH} /usr/bin/python3 -W ignore:setup.py install is deprecated -W ignore:easy_install command is deprecated setup.py egg_info --egg-base ../../../build/nmea_navsat_driver build --build-base /home/pi2/cleaningoceanplastics/build/nmea_navsat_driver/build install --record /home/pi2/cleaningoceanplastics/build/nmea_navsat_driver/install.log --single-version-externally-managed install_data
[4.097s] DEBUG:colcon.colcon_core.event_handler.log_command:Invoked command in '/home/pi2/cleaningoceanplastics/ros2_ws/src/test_input' returned '0': DEBUGINFOD_URLS=https://debuginfod.ubuntu.com PYTHONPATH=/home/pi2/cleaningoceanplastics/build/test_input/prefix_override:/usr/lib/python3/dist-packages/colcon_core/task/python/colcon_distutils_commands:/home/pi2/cleaningoceanplastics/install/test_input/lib/python3.12/site-packages:${PYTHONPATH} /usr/bin/python3 -W ignore:setup.py install is deprecated -W ignore:easy_install command is deprecated setup.py egg_info --egg-base ../../../build/test_input build --build-base /home/pi2/cleaningoceanplastics/build/test_input/build install --record /home/pi2/cleaningoceanplastics/build/test_input/install.log --single-version-externally-managed install_data
[4.115s] Level 1:colcon.colcon_core.environment:checking '/home/pi2/cleaningoceanplastics/install/test_input' for CMake module files
[4.115s] Level 1:colcon.colcon_core.environment:checking '/home/pi2/cleaningoceanplastics/install/test_input' for CMake config files
[4.116s] Level 1:colcon.colcon_core.environment:checking '/home/pi2/cleaningoceanplastics/install/test_input/lib'
[4.117s] Level 1:colcon.colcon_core.environment:checking '/home/pi2/cleaningoceanplastics/install/test_input/bin'
[4.117s] Level 1:colcon.colcon_core.environment:checking '/home/pi2/cleaningoceanplastics/install/test_input/lib/pkgconfig/test_input.pc'
[4.117s] Level 1:colcon.colcon_core.environment:checking '/home/pi2/cleaningoceanplastics/install/test_input/lib/python3.12/site-packages'
[4.117s] Level 1:colcon.colcon_core.shell:create_environment_hook('test_input', 'pythonpath')
[4.118s] INFO:colcon.colcon_core.shell:Creating environment hook '/home/pi2/cleaningoceanplastics/install/test_input/share/test_input/hook/pythonpath.ps1'
[4.118s] INFO:colcon.colcon_core.shell:Creating environment descriptor '/home/pi2/cleaningoceanplastics/install/test_input/share/test_input/hook/pythonpath.dsv'
[4.118s] INFO:colcon.colcon_core.shell:Creating environment hook '/home/pi2/cleaningoceanplastics/install/test_input/share/test_input/hook/pythonpath.sh'
[4.119s] Level 1:colcon.colcon_core.environment:checking '/home/pi2/cleaningoceanplastics/install/test_input/bin'
[4.119s] Level 1:colcon.colcon_core.environment:create_environment_scripts_only(test_input)
[4.120s] INFO:colcon.colcon_core.shell:Creating package script '/home/pi2/cleaningoceanplastics/install/test_input/share/test_input/package.ps1'
[4.122s] INFO:colcon.colcon_core.shell:Creating package descriptor '/home/pi2/cleaningoceanplastics/install/test_input/share/test_input/package.dsv'
[4.123s] INFO:colcon.colcon_core.shell:Creating package script '/home/pi2/cleaningoceanplastics/install/test_input/share/test_input/package.sh'
[4.126s] INFO:colcon.colcon_core.shell:Creating package script '/home/pi2/cleaningoceanplastics/install/test_input/share/test_input/package.bash'
[4.128s] INFO:colcon.colcon_core.shell:Creating package script '/home/pi2/cleaningoceanplastics/install/test_input/share/test_input/package.zsh'
[4.130s] Level 1:colcon.colcon_core.environment:create_file_with_runtime_dependencies(/home/pi2/cleaningoceanplastics/install/test_input/share/colcon-core/packages/test_input)
[4.132s] Level 1:colcon.colcon_core.environment:checking '/home/pi2/cleaningoceanplastics/install/nmea_navsat_driver' for CMake module files
[4.133s] DEBUG:colcon.colcon_core.event_handler.log_command:Invoked command in '/home/pi2/cleaningoceanplastics/ros2_ws/src/nmea_navsat_driver-ros2' returned '0': DEBUGINFOD_URLS=https://debuginfod.ubuntu.com PYTHONPATH=/home/pi2/cleaningoceanplastics/build/nmea_navsat_driver/prefix_override:/usr/lib/python3/dist-packages/colcon_core/task/python/colcon_distutils_commands:/home/pi2/cleaningoceanplastics/install/nmea_navsat_driver/lib/python3.12/site-packages:${PYTHONPATH} /usr/bin/python3 -W ignore:setup.py install is deprecated -W ignore:easy_install command is deprecated setup.py egg_info --egg-base ../../../build/nmea_navsat_driver build --build-base /home/pi2/cleaningoceanplastics/build/nmea_navsat_driver/build install --record /home/pi2/cleaningoceanplastics/build/nmea_navsat_driver/install.log --single-version-externally-managed install_data
[4.133s] Level 1:colcon.colcon_core.environment:checking '/home/pi2/cleaningoceanplastics/install/nmea_navsat_driver' for CMake config files
[4.134s] Level 1:colcon.colcon_core.environment:checking '/home/pi2/cleaningoceanplastics/install/nmea_navsat_driver/lib'
[4.134s] Level 1:colcon.colcon_core.environment:checking '/home/pi2/cleaningoceanplastics/install/nmea_navsat_driver/bin'
[4.134s] Level 1:colcon.colcon_core.environment:checking '/home/pi2/cleaningoceanplastics/install/nmea_navsat_driver/lib/pkgconfig/nmea_navsat_driver.pc'
[4.134s] Level 1:colcon.colcon_core.environment:checking '/home/pi2/cleaningoceanplastics/install/nmea_navsat_driver/lib/python3.12/site-packages'
[4.135s] Level 1:colcon.colcon_core.shell:create_environment_hook('nmea_navsat_driver', 'pythonpath')
[4.135s] INFO:colcon.colcon_core.shell:Creating environment hook '/home/pi2/cleaningoceanplastics/install/nmea_navsat_driver/share/nmea_navsat_driver/hook/pythonpath.ps1'
[4.135s] INFO:colcon.colcon_core.shell:Creating environment descriptor '/home/pi2/cleaningoceanplastics/install/nmea_navsat_driver/share/nmea_navsat_driver/hook/pythonpath.dsv'
[4.136s] INFO:colcon.colcon_core.shell:Creating environment hook '/home/pi2/cleaningoceanplastics/install/nmea_navsat_driver/share/nmea_navsat_driver/hook/pythonpath.sh'
[4.136s] Level 1:colcon.colcon_core.environment:checking '/home/pi2/cleaningoceanplastics/install/nmea_navsat_driver/bin'
[4.137s] Level 1:colcon.colcon_core.environment:create_environment_scripts_only(nmea_navsat_driver)
[4.137s] INFO:colcon.colcon_core.shell:Creating package script '/home/pi2/cleaningoceanplastics/install/nmea_navsat_driver/share/nmea_navsat_driver/package.ps1'
[4.137s] INFO:colcon.colcon_core.shell:Creating package descriptor '/home/pi2/cleaningoceanplastics/install/nmea_navsat_driver/share/nmea_navsat_driver/package.dsv'
[4.138s] INFO:colcon.colcon_core.shell:Creating package script '/home/pi2/cleaningoceanplastics/install/nmea_navsat_driver/share/nmea_navsat_driver/package.sh'
[4.138s] INFO:colcon.colcon_core.shell:Creating package script '/home/pi2/cleaningoceanplastics/install/nmea_navsat_driver/share/nmea_navsat_driver/package.bash'
[4.139s] INFO:colcon.colcon_core.shell:Creating package script '/home/pi2/cleaningoceanplastics/install/nmea_navsat_driver/share/nmea_navsat_driver/package.zsh'
[4.139s] Level 1:colcon.colcon_core.environment:create_file_with_runtime_dependencies(/home/pi2/cleaningoceanplastics/install/nmea_navsat_driver/share/colcon-core/packages/nmea_navsat_driver)
[8.262s] DEBUG:colcon.colcon_core.event_handler.log_command:Invoked command in '/home/pi2/cleaningoceanplastics/build/services' returned '0': CMAKE_PREFIX_PATH=${CMAKE_PREFIX_PATH}:/opt/ros/jazzy DEBUGINFOD_URLS=https://debuginfod.ubuntu.com /usr/bin/cmake /home/pi2/cleaningoceanplastics/ros2_ws/src/services -DCMAKE_INSTALL_PREFIX=/home/pi2/cleaningoceanplastics/install/services
[8.264s] DEBUG:colcon.colcon_core.event_handler.log_command:Invoking command in '/home/pi2/cleaningoceanplastics/build/services': CMAKE_PREFIX_PATH=${CMAKE_PREFIX_PATH}:/opt/ros/jazzy DEBUGINFOD_URLS=https://debuginfod.ubuntu.com /usr/bin/cmake --build /home/pi2/cleaningoceanplastics/build/services -- -j4 -l4
[13.602s] DEBUG:colcon.colcon_core.event_handler.log_command:Invoked command in '/home/pi2/cleaningoceanplastics/build/services' returned '0': CMAKE_PREFIX_PATH=${CMAKE_PREFIX_PATH}:/opt/ros/jazzy DEBUGINFOD_URLS=https://debuginfod.ubuntu.com /usr/bin/cmake --build /home/pi2/cleaningoceanplastics/build/services -- -j4 -l4
[13.620s] DEBUG:colcon.colcon_core.event_handler.log_command:Invoking command in '/home/pi2/cleaningoceanplastics/build/services': CMAKE_PREFIX_PATH=${CMAKE_PREFIX_PATH}:/opt/ros/jazzy DEBUGINFOD_URLS=https://debuginfod.ubuntu.com /usr/bin/cmake --install /home/pi2/cleaningoceanplastics/build/services
[13.737s] Level 1:colcon.colcon_core.environment:create_environment_scripts_only(services)
[13.738s] Level 1:colcon.colcon_core.environment:checking '/home/pi2/cleaningoceanplastics/install/services' for CMake module files
[13.738s] DEBUG:colcon.colcon_core.event_handler.log_command:Invoked command in '/home/pi2/cleaningoceanplastics/build/services' returned '0': CMAKE_PREFIX_PATH=${CMAKE_PREFIX_PATH}:/opt/ros/jazzy DEBUGINFOD_URLS=https://debuginfod.ubuntu.com /usr/bin/cmake --install /home/pi2/cleaningoceanplastics/build/services
[13.739s] Level 1:colcon.colcon_core.environment:checking '/home/pi2/cleaningoceanplastics/install/services' for CMake config files
[13.740s] Level 1:colcon.colcon_core.shell:create_environment_hook('services', 'cmake_prefix_path')
[13.740s] INFO:colcon.colcon_core.shell:Creating environment hook '/home/pi2/cleaningoceanplastics/install/services/share/services/hook/cmake_prefix_path.ps1'
[13.740s] INFO:colcon.colcon_core.shell:Creating environment descriptor '/home/pi2/cleaningoceanplastics/install/services/share/services/hook/cmake_prefix_path.dsv'
[13.741s] INFO:colcon.colcon_core.shell:Creating environment hook '/home/pi2/cleaningoceanplastics/install/services/share/services/hook/cmake_prefix_path.sh'
[13.741s] Level 1:colcon.colcon_core.environment:checking '/home/pi2/cleaningoceanplastics/install/services/lib'
[13.742s] Level 1:colcon.colcon_core.shell:create_environment_hook('services', 'ld_library_path_lib')
[13.742s] INFO:colcon.colcon_core.shell:Creating environment hook '/home/pi2/cleaningoceanplastics/install/services/share/services/hook/ld_library_path_lib.ps1'
[13.742s] INFO:colcon.colcon_core.shell:Creating environment descriptor '/home/pi2/cleaningoceanplastics/install/services/share/services/hook/ld_library_path_lib.dsv'
[13.743s] INFO:colcon.colcon_core.shell:Creating environment hook '/home/pi2/cleaningoceanplastics/install/services/share/services/hook/ld_library_path_lib.sh'
[13.743s] Level 1:colcon.colcon_core.environment:checking '/home/pi2/cleaningoceanplastics/install/services/bin'
[13.743s] Level 1:colcon.colcon_core.environment:checking '/home/pi2/cleaningoceanplastics/install/services/lib/pkgconfig/services.pc'
[13.743s] Level 1:colcon.colcon_core.environment:checking '/home/pi2/cleaningoceanplastics/install/services/lib/python3.12/site-packages'
[13.743s] Level 1:colcon.colcon_core.shell:create_environment_hook('services', 'pythonpath')
[13.744s] INFO:colcon.colcon_core.shell:Creating environment hook '/home/pi2/cleaningoceanplastics/install/services/share/services/hook/pythonpath.ps1'
[13.744s] INFO:colcon.colcon_core.shell:Creating environment descriptor '/home/pi2/cleaningoceanplastics/install/services/share/services/hook/pythonpath.dsv'
[13.744s] INFO:colcon.colcon_core.shell:Creating environment hook '/home/pi2/cleaningoceanplastics/install/services/share/services/hook/pythonpath.sh'
[13.745s] Level 1:colcon.colcon_core.environment:checking '/home/pi2/cleaningoceanplastics/install/services/bin'
[13.745s] INFO:colcon.colcon_core.shell:Creating package script '/home/pi2/cleaningoceanplastics/install/services/share/services/package.ps1'
[13.746s] INFO:colcon.colcon_core.shell:Creating package descriptor '/home/pi2/cleaningoceanplastics/install/services/share/services/package.dsv'
[13.746s] INFO:colcon.colcon_core.shell:Creating package script '/home/pi2/cleaningoceanplastics/install/services/share/services/package.sh'
[13.747s] INFO:colcon.colcon_core.shell:Creating package script '/home/pi2/cleaningoceanplastics/install/services/share/services/package.bash'
[13.747s] INFO:colcon.colcon_core.shell:Creating package script '/home/pi2/cleaningoceanplastics/install/services/share/services/package.zsh'
[13.748s] Level 1:colcon.colcon_core.environment:create_file_with_runtime_dependencies(/home/pi2/cleaningoceanplastics/install/services/share/colcon-core/packages/services)
[13.748s] Level 1:colcon.colcon_core.environment:create_environment_scripts_only(services)
[13.749s] Level 1:colcon.colcon_core.environment:checking '/home/pi2/cleaningoceanplastics/install/services' for CMake module files
[13.749s] Level 1:colcon.colcon_core.environment:checking '/home/pi2/cleaningoceanplastics/install/services' for CMake config files
[13.750s] Level 1:colcon.colcon_core.shell:create_environment_hook('services', 'cmake_prefix_path')
[13.750s] INFO:colcon.colcon_core.shell:Creating environment hook '/home/pi2/cleaningoceanplastics/install/services/share/services/hook/cmake_prefix_path.ps1'
[13.751s] INFO:colcon.colcon_core.shell:Creating environment descriptor '/home/pi2/cleaningoceanplastics/install/services/share/services/hook/cmake_prefix_path.dsv'
[13.753s] INFO:colcon.colcon_core.shell:Creating environment hook '/home/pi2/cleaningoceanplastics/install/services/share/services/hook/cmake_prefix_path.sh'
[13.756s] Level 1:colcon.colcon_core.environment:checking '/home/pi2/cleaningoceanplastics/install/services/lib'
[13.756s] Level 1:colcon.colcon_core.shell:create_environment_hook('services', 'ld_library_path_lib')
[13.756s] INFO:colcon.colcon_core.shell:Creating environment hook '/home/pi2/cleaningoceanplastics/install/services/share/services/hook/ld_library_path_lib.ps1'
[13.758s] INFO:colcon.colcon_core.shell:Creating environment descriptor '/home/pi2/cleaningoceanplastics/install/services/share/services/hook/ld_library_path_lib.dsv'
[13.760s] INFO:colcon.colcon_core.shell:Creating environment hook '/home/pi2/cleaningoceanplastics/install/services/share/services/hook/ld_library_path_lib.sh'
[13.765s] Level 1:colcon.colcon_core.environment:checking '/home/pi2/cleaningoceanplastics/install/services/bin'
[13.765s] Level 1:colcon.colcon_core.environment:checking '/home/pi2/cleaningoceanplastics/install/services/lib/pkgconfig/services.pc'
[13.766s] Level 1:colcon.colcon_core.environment:checking '/home/pi2/cleaningoceanplastics/install/services/lib/python3.12/site-packages'
[13.766s] Level 1:colcon.colcon_core.shell:create_environment_hook('services', 'pythonpath')
[13.766s] INFO:colcon.colcon_core.shell:Creating environment hook '/home/pi2/cleaningoceanplastics/install/services/share/services/hook/pythonpath.ps1'
[13.768s] INFO:colcon.colcon_core.shell:Creating environment descriptor '/home/pi2/cleaningoceanplastics/install/services/share/services/hook/pythonpath.dsv'
[13.770s] INFO:colcon.colcon_core.shell:Creating environment hook '/home/pi2/cleaningoceanplastics/install/services/share/services/hook/pythonpath.sh'
[13.773s] Level 1:colcon.colcon_core.environment:checking '/home/pi2/cleaningoceanplastics/install/services/bin'
[13.774s] INFO:colcon.colcon_core.shell:Creating package script '/home/pi2/cleaningoceanplastics/install/services/share/services/package.ps1'
[13.775s] INFO:colcon.colcon_core.shell:Creating package descriptor '/home/pi2/cleaningoceanplastics/install/services/share/services/package.dsv'
[13.778s] INFO:colcon.colcon_core.shell:Creating package script '/home/pi2/cleaningoceanplastics/install/services/share/services/package.sh'
[13.780s] INFO:colcon.colcon_core.shell:Creating package script '/home/pi2/cleaningoceanplastics/install/services/share/services/package.bash'
[13.783s] INFO:colcon.colcon_core.shell:Creating package script '/home/pi2/cleaningoceanplastics/install/services/share/services/package.zsh'
[13.785s] Level 1:colcon.colcon_core.environment:create_file_with_runtime_dependencies(/home/pi2/cleaningoceanplastics/install/services/share/colcon-core/packages/services)
[13.788s] DEBUG:colcon.colcon_parallel_executor.executor.parallel:closing loop
[13.788s] DEBUG:colcon.colcon_parallel_executor.executor.parallel:loop closed
[13.788s] DEBUG:colcon.colcon_parallel_executor.executor.parallel:run_until_complete finished with '0'
[13.788s] DEBUG:colcon.colcon_core.event_reactor:joining thread
[13.800s] INFO:colcon.colcon_core.plugin_system:Skipping extension 'colcon_notification.desktop_notification.terminal_notifier': Not used on non-Darwin systems
[13.801s] INFO:colcon.colcon_core.plugin_system:Skipping extension 'colcon_notification.desktop_notification.win32': Not used on non-Windows systems
[13.801s] INFO:colcon.colcon_notification.desktop_notification:Sending desktop notification using 'notify2'
[13.818s] DEBUG:colcon.colcon_core.event_reactor:joined thread
[13.819s] INFO:colcon.colcon_core.shell:Creating prefix script '/home/pi2/cleaningoceanplastics/install/local_setup.ps1'
[13.820s] INFO:colcon.colcon_core.shell:Creating prefix util module '/home/pi2/cleaningoceanplastics/install/_local_setup_util_ps1.py'
[13.822s] INFO:colcon.colcon_core.shell:Creating prefix chain script '/home/pi2/cleaningoceanplastics/install/setup.ps1'
[13.824s] INFO:colcon.colcon_core.shell:Creating prefix script '/home/pi2/cleaningoceanplastics/install/local_setup.sh'
[13.825s] INFO:colcon.colcon_core.shell:Creating prefix util module '/home/pi2/cleaningoceanplastics/install/_local_setup_util_sh.py'
[13.826s] INFO:colcon.colcon_core.shell:Creating prefix chain script '/home/pi2/cleaningoceanplastics/install/setup.sh'
[13.827s] INFO:colcon.colcon_core.shell:Creating prefix script '/home/pi2/cleaningoceanplastics/install/local_setup.bash'
[13.828s] INFO:colcon.colcon_core.shell:Creating prefix chain script '/home/pi2/cleaningoceanplastics/install/setup.bash'
[13.829s] INFO:colcon.colcon_core.shell:Creating prefix script '/home/pi2/cleaningoceanplastics/install/local_setup.zsh'
[13.830s] INFO:colcon.colcon_core.shell:Creating prefix chain script '/home/pi2/cleaningoceanplastics/install/setup.zsh'
