[0.146s] DEBUG:colcon:Command line arguments: ['/usr/bin/colcon', 'build']
[0.146s] DEBUG:colcon:Parsed command line arguments: Namespace(log_base=None, log_level=None, verb_name='build', build_base='build', install_base='install', merge_install=False, symlink_install=False, test_result_base=None, continue_on_error=False, executor='parallel', parallel_workers=4, event_handlers=None, ignore_user_meta=False, metas=['./colcon.meta'], base_paths=['.'], packages_ignore=None, packages_ignore_regex=None, paths=None, packages_up_to=None, packages_up_to_regex=None, packages_above=None, packages_above_and_dependencies=None, packages_above_depth=None, packages_select_by_dep=None, packages_skip_by_dep=None, packages_skip_up_to=None, packages_select_build_failed=False, packages_skip_build_finished=False, packages_select_test_failures=False, packages_skip_test_passed=False, packages_select=None, packages_skip=None, packages_select_regex=None, packages_skip_regex=None, packages_start=None, packages_end=None, allow_overriding=[], cmake_args=None, cmake_target=None, cmake_target_skip_unavailable=False, cmake_clean_cache=False, cmake_clean_first=False, cmake_force_configure=False, ament_cmake_args=None, catkin_cmake_args=None, catkin_skip_building_tests=False, verb_parser=<colcon_defaults.argument_parser.defaults.DefaultArgumentsDecorator object at 0x7c705fa010c0>, verb_extension=<colcon_core.verb.build.BuildVerb object at 0x7c705fa00c70>, main=<bound method BuildVerb.main of <colcon_core.verb.build.BuildVerb object at 0x7c705fa00c70>>)
[0.198s] Level 1:colcon.colcon_core.package_discovery:discover_packages(colcon_meta) check parameters
[0.198s] Level 1:colcon.colcon_core.package_discovery:discover_packages(recursive) check parameters
[0.198s] Level 1:colcon.colcon_core.package_discovery:discover_packages(ignore) check parameters
[0.198s] Level 1:colcon.colcon_core.package_discovery:discover_packages(path) check parameters
[0.198s] Level 1:colcon.colcon_core.package_discovery:discover_packages(colcon_meta) discover
[0.198s] Level 1:colcon.colcon_core.package_discovery:discover_packages(recursive) discover
[0.198s] INFO:colcon.colcon_core.package_discovery:Crawling recursively for packages in '/home/johnk/cleaningoceanplastics/ros2_ws/src'
[0.198s] Level 1:colcon.colcon_core.package_identification:_identify(.) by extensions ['ignore', 'ignore_ament_install']
[0.198s] Level 1:colcon.colcon_core.package_identification:_identify(.) by extension 'ignore'
[0.198s] Level 1:colcon.colcon_core.package_identification:_identify(.) by extension 'ignore_ament_install'
[0.199s] Level 1:colcon.colcon_core.package_identification:_identify(.) by extensions ['colcon_pkg']
[0.199s] Level 1:colcon.colcon_core.package_identification:_identify(.) by extension 'colcon_pkg'
[0.199s] Level 1:colcon.colcon_core.package_identification:_identify(.) by extensions ['colcon_meta']
[0.199s] Level 1:colcon.colcon_core.package_identification:_identify(.) by extension 'colcon_meta'
[0.199s] Level 1:colcon.colcon_core.package_identification:_identify(.) by extensions ['ros']
[0.199s] Level 1:colcon.colcon_core.package_identification:_identify(.) by extension 'ros'
[0.226s] Level 1:colcon.colcon_core.package_identification:_identify(.) by extensions ['cmake', 'python']
[0.226s] Level 1:colcon.colcon_core.package_identification:_identify(.) by extension 'cmake'
[0.226s] Level 1:colcon.colcon_core.package_identification:_identify(.) by extension 'python'
[0.226s] Level 1:colcon.colcon_core.package_identification:_identify(.) by extensions ['python_setup_py']
[0.226s] Level 1:colcon.colcon_core.package_identification:_identify(.) by extension 'python_setup_py'
[0.226s] Level 1:colcon.colcon_core.package_identification:_identify(build) by extensions ['ignore', 'ignore_ament_install']
[0.226s] Level 1:colcon.colcon_core.package_identification:_identify(build) by extension 'ignore'
[0.226s] Level 1:colcon.colcon_core.package_identification:_identify(build) ignored
[0.226s] Level 1:colcon.colcon_core.package_identification:_identify(gps_service) by extensions ['ignore', 'ignore_ament_install']
[0.227s] Level 1:colcon.colcon_core.package_identification:_identify(gps_service) by extension 'ignore'
[0.227s] Level 1:colcon.colcon_core.package_identification:_identify(gps_service) by extension 'ignore_ament_install'
[0.227s] Level 1:colcon.colcon_core.package_identification:_identify(gps_service) by extensions ['colcon_pkg']
[0.227s] Level 1:colcon.colcon_core.package_identification:_identify(gps_service) by extension 'colcon_pkg'
[0.227s] Level 1:colcon.colcon_core.package_identification:_identify(gps_service) by extensions ['colcon_meta']
[0.227s] Level 1:colcon.colcon_core.package_identification:_identify(gps_service) by extension 'colcon_meta'
[0.227s] Level 1:colcon.colcon_core.package_identification:_identify(gps_service) by extensions ['ros']
[0.227s] Level 1:colcon.colcon_core.package_identification:_identify(gps_service) by extension 'ros'
[0.231s] DEBUG:colcon.colcon_core.package_identification:Package 'gps_service' with type 'ros.ament_python' and name 'gps_service'
[0.231s] Level 1:colcon.colcon_core.package_identification:_identify(install) by extensions ['ignore', 'ignore_ament_install']
[0.231s] Level 1:colcon.colcon_core.package_identification:_identify(install) by extension 'ignore'
[0.231s] Level 1:colcon.colcon_core.package_identification:_identify(install) ignored
[0.231s] Level 1:colcon.colcon_core.package_identification:_identify(log) by extensions ['ignore', 'ignore_ament_install']
[0.231s] Level 1:colcon.colcon_core.package_identification:_identify(log) by extension 'ignore'
[0.231s] Level 1:colcon.colcon_core.package_identification:_identify(log) ignored
[0.232s] Level 1:colcon.colcon_core.package_identification:_identify(navigation) by extensions ['ignore', 'ignore_ament_install']
[0.232s] Level 1:colcon.colcon_core.package_identification:_identify(navigation) by extension 'ignore'
[0.232s] Level 1:colcon.colcon_core.package_identification:_identify(navigation) by extension 'ignore_ament_install'
[0.232s] Level 1:colcon.colcon_core.package_identification:_identify(navigation) by extensions ['colcon_pkg']
[0.232s] Level 1:colcon.colcon_core.package_identification:_identify(navigation) by extension 'colcon_pkg'
[0.232s] Level 1:colcon.colcon_core.package_identification:_identify(navigation) by extensions ['colcon_meta']
[0.232s] Level 1:colcon.colcon_core.package_identification:_identify(navigation) by extension 'colcon_meta'
[0.232s] Level 1:colcon.colcon_core.package_identification:_identify(navigation) by extensions ['ros']
[0.232s] Level 1:colcon.colcon_core.package_identification:_identify(navigation) by extension 'ros'
[0.233s] DEBUG:colcon.colcon_core.package_identification:Package 'navigation' with type 'ros.ament_python' and name 'navigation'
[0.233s] Level 1:colcon.colcon_core.package_identification:_identify(nmea_navsat_driver-ros2) by extensions ['ignore', 'ignore_ament_install']
[0.233s] Level 1:colcon.colcon_core.package_identification:_identify(nmea_navsat_driver-ros2) by extension 'ignore'
[0.233s] Level 1:colcon.colcon_core.package_identification:_identify(nmea_navsat_driver-ros2) by extension 'ignore_ament_install'
[0.233s] Level 1:colcon.colcon_core.package_identification:_identify(nmea_navsat_driver-ros2) by extensions ['colcon_pkg']
[0.233s] Level 1:colcon.colcon_core.package_identification:_identify(nmea_navsat_driver-ros2) by extension 'colcon_pkg'
[0.233s] Level 1:colcon.colcon_core.package_identification:_identify(nmea_navsat_driver-ros2) by extensions ['colcon_meta']
[0.233s] Level 1:colcon.colcon_core.package_identification:_identify(nmea_navsat_driver-ros2) by extension 'colcon_meta'
[0.233s] Level 1:colcon.colcon_core.package_identification:_identify(nmea_navsat_driver-ros2) by extensions ['ros']
[0.233s] Level 1:colcon.colcon_core.package_identification:_identify(nmea_navsat_driver-ros2) by extension 'ros'
[0.234s] DEBUG:colcon.colcon_core.package_identification:Package 'nmea_navsat_driver-ros2' with type 'ros.ament_python' and name 'nmea_navsat_driver'
[0.234s] Level 1:colcon.colcon_core.package_identification:_identify(sensors) by extensions ['ignore', 'ignore_ament_install']
[0.234s] Level 1:colcon.colcon_core.package_identification:_identify(sensors) by extension 'ignore'
[0.235s] Level 1:colcon.colcon_core.package_identification:_identify(sensors) by extension 'ignore_ament_install'
[0.235s] Level 1:colcon.colcon_core.package_identification:_identify(sensors) by extensions ['colcon_pkg']
[0.235s] Level 1:colcon.colcon_core.package_identification:_identify(sensors) by extension 'colcon_pkg'
[0.235s] Level 1:colcon.colcon_core.package_identification:_identify(sensors) by extensions ['colcon_meta']
[0.235s] Level 1:colcon.colcon_core.package_identification:_identify(sensors) by extension 'colcon_meta'
[0.235s] Level 1:colcon.colcon_core.package_identification:_identify(sensors) by extensions ['ros']
[0.235s] Level 1:colcon.colcon_core.package_identification:_identify(sensors) by extension 'ros'
[0.236s] DEBUG:colcon.colcon_core.package_identification:Package 'sensors' with type 'ros.ament_python' and name 'sensors'
[0.236s] Level 1:colcon.colcon_core.package_identification:_identify(services) by extensions ['ignore', 'ignore_ament_install']
[0.236s] Level 1:colcon.colcon_core.package_identification:_identify(services) by extension 'ignore'
[0.236s] Level 1:colcon.colcon_core.package_identification:_identify(services) by extension 'ignore_ament_install'
[0.236s] Level 1:colcon.colcon_core.package_identification:_identify(services) by extensions ['colcon_pkg']
[0.236s] Level 1:colcon.colcon_core.package_identification:_identify(services) by extension 'colcon_pkg'
[0.236s] Level 1:colcon.colcon_core.package_identification:_identify(services) by extensions ['colcon_meta']
[0.236s] Level 1:colcon.colcon_core.package_identification:_identify(services) by extension 'colcon_meta'
[0.236s] Level 1:colcon.colcon_core.package_identification:_identify(services) by extensions ['ros']
[0.236s] Level 1:colcon.colcon_core.package_identification:_identify(services) by extension 'ros'
[0.237s] DEBUG:colcon.colcon_core.package_identification:Package 'services' with type 'ros.ament_cmake' and name 'services'
[0.237s] Level 1:colcon.colcon_core.package_discovery:discover_packages(recursive) using defaults
[0.237s] Level 1:colcon.colcon_core.package_discovery:discover_packages(ignore) discover
[0.237s] Level 1:colcon.colcon_core.package_discovery:discover_packages(ignore) using defaults
[0.237s] Level 1:colcon.colcon_core.package_discovery:discover_packages(path) discover
[0.237s] Level 1:colcon.colcon_core.package_discovery:discover_packages(path) using defaults
[0.265s] Level 1:colcon.colcon_core.package_discovery:discover_packages(prefix_path) check parameters
[0.265s] Level 1:colcon.colcon_core.package_discovery:discover_packages(prefix_path) discover
[0.268s] DEBUG:colcon.colcon_installed_package_information.package_discovery:Found 4 installed packages in /home/johnk/rbe4540_final/install
[0.268s] DEBUG:colcon.colcon_installed_package_information.package_discovery:Found 0 installed packages in /home/johnk/rbe4540_final/src/point_cloud_processing/src/install
[0.270s] DEBUG:colcon.colcon_installed_package_information.package_discovery:Found 337 installed packages in /opt/ros/humble
[0.272s] Level 1:colcon.colcon_core.package_discovery:discover_packages(prefix_path) using defaults
[0.333s] Level 5:colcon.colcon_core.verb:set package 'gps_service' build argument 'cmake_args' from command line to 'None'
[0.333s] Level 5:colcon.colcon_core.verb:set package 'gps_service' build argument 'cmake_target' from command line to 'None'
[0.333s] Level 5:colcon.colcon_core.verb:set package 'gps_service' build argument 'cmake_target_skip_unavailable' from command line to 'False'
[0.333s] Level 5:colcon.colcon_core.verb:set package 'gps_service' build argument 'cmake_clean_cache' from command line to 'False'
[0.333s] Level 5:colcon.colcon_core.verb:set package 'gps_service' build argument 'cmake_clean_first' from command line to 'False'
[0.333s] Level 5:colcon.colcon_core.verb:set package 'gps_service' build argument 'cmake_force_configure' from command line to 'False'
[0.333s] Level 5:colcon.colcon_core.verb:set package 'gps_service' build argument 'ament_cmake_args' from command line to 'None'
[0.333s] Level 5:colcon.colcon_core.verb:set package 'gps_service' build argument 'catkin_cmake_args' from command line to 'None'
[0.333s] Level 5:colcon.colcon_core.verb:set package 'gps_service' build argument 'catkin_skip_building_tests' from command line to 'False'
[0.333s] DEBUG:colcon.colcon_core.verb:Building package 'gps_service' with the following arguments: {'ament_cmake_args': None, 'build_base': '/home/johnk/cleaningoceanplastics/ros2_ws/src/build/gps_service', 'catkin_cmake_args': None, 'catkin_skip_building_tests': False, 'cmake_args': None, 'cmake_clean_cache': False, 'cmake_clean_first': False, 'cmake_force_configure': False, 'cmake_target': None, 'cmake_target_skip_unavailable': False, 'install_base': '/home/johnk/cleaningoceanplastics/ros2_ws/src/install/gps_service', 'merge_install': False, 'path': '/home/johnk/cleaningoceanplastics/ros2_ws/src/gps_service', 'symlink_install': False, 'test_result_base': None}
[0.334s] Level 5:colcon.colcon_core.verb:set package 'navigation' build argument 'cmake_args' from command line to 'None'
[0.334s] Level 5:colcon.colcon_core.verb:set package 'navigation' build argument 'cmake_target' from command line to 'None'
[0.334s] Level 5:colcon.colcon_core.verb:set package 'navigation' build argument 'cmake_target_skip_unavailable' from command line to 'False'
[0.334s] Level 5:colcon.colcon_core.verb:set package 'navigation' build argument 'cmake_clean_cache' from command line to 'False'
[0.334s] Level 5:colcon.colcon_core.verb:set package 'navigation' build argument 'cmake_clean_first' from command line to 'False'
[0.334s] Level 5:colcon.colcon_core.verb:set package 'navigation' build argument 'cmake_force_configure' from command line to 'False'
[0.334s] Level 5:colcon.colcon_core.verb:set package 'navigation' build argument 'ament_cmake_args' from command line to 'None'
[0.334s] Level 5:colcon.colcon_core.verb:set package 'navigation' build argument 'catkin_cmake_args' from command line to 'None'
[0.334s] Level 5:colcon.colcon_core.verb:set package 'navigation' build argument 'catkin_skip_building_tests' from command line to 'False'
[0.334s] DEBUG:colcon.colcon_core.verb:Building package 'navigation' with the following arguments: {'ament_cmake_args': None, 'build_base': '/home/johnk/cleaningoceanplastics/ros2_ws/src/build/navigation', 'catkin_cmake_args': None, 'catkin_skip_building_tests': False, 'cmake_args': None, 'cmake_clean_cache': False, 'cmake_clean_first': False, 'cmake_force_configure': False, 'cmake_target': None, 'cmake_target_skip_unavailable': False, 'install_base': '/home/johnk/cleaningoceanplastics/ros2_ws/src/install/navigation', 'merge_install': False, 'path': '/home/johnk/cleaningoceanplastics/ros2_ws/src/navigation', 'symlink_install': False, 'test_result_base': None}
[0.334s] Level 5:colcon.colcon_core.verb:set package 'nmea_navsat_driver' build argument 'cmake_args' from command line to 'None'
[0.334s] Level 5:colcon.colcon_core.verb:set package 'nmea_navsat_driver' build argument 'cmake_target' from command line to 'None'
[0.334s] Level 5:colcon.colcon_core.verb:set package 'nmea_navsat_driver' build argument 'cmake_target_skip_unavailable' from command line to 'False'
[0.334s] Level 5:colcon.colcon_core.verb:set package 'nmea_navsat_driver' build argument 'cmake_clean_cache' from command line to 'False'
[0.334s] Level 5:colcon.colcon_core.verb:set package 'nmea_navsat_driver' build argument 'cmake_clean_first' from command line to 'False'
[0.335s] Level 5:colcon.colcon_core.verb:set package 'nmea_navsat_driver' build argument 'cmake_force_configure' from command line to 'False'
[0.335s] Level 5:colcon.colcon_core.verb:set package 'nmea_navsat_driver' build argument 'ament_cmake_args' from command line to 'None'
[0.335s] Level 5:colcon.colcon_core.verb:set package 'nmea_navsat_driver' build argument 'catkin_cmake_args' from command line to 'None'
[0.335s] Level 5:colcon.colcon_core.verb:set package 'nmea_navsat_driver' build argument 'catkin_skip_building_tests' from command line to 'False'
[0.335s] DEBUG:colcon.colcon_core.verb:Building package 'nmea_navsat_driver' with the following arguments: {'ament_cmake_args': None, 'build_base': '/home/johnk/cleaningoceanplastics/ros2_ws/src/build/nmea_navsat_driver', 'catkin_cmake_args': None, 'catkin_skip_building_tests': False, 'cmake_args': None, 'cmake_clean_cache': False, 'cmake_clean_first': False, 'cmake_force_configure': False, 'cmake_target': None, 'cmake_target_skip_unavailable': False, 'install_base': '/home/johnk/cleaningoceanplastics/ros2_ws/src/install/nmea_navsat_driver', 'merge_install': False, 'path': '/home/johnk/cleaningoceanplastics/ros2_ws/src/nmea_navsat_driver-ros2', 'symlink_install': False, 'test_result_base': None}
[0.335s] Level 5:colcon.colcon_core.verb:set package 'sensors' build argument 'cmake_args' from command line to 'None'
[0.335s] Level 5:colcon.colcon_core.verb:set package 'sensors' build argument 'cmake_target' from command line to 'None'
[0.335s] Level 5:colcon.colcon_core.verb:set package 'sensors' build argument 'cmake_target_skip_unavailable' from command line to 'False'
[0.335s] Level 5:colcon.colcon_core.verb:set package 'sensors' build argument 'cmake_clean_cache' from command line to 'False'
[0.335s] Level 5:colcon.colcon_core.verb:set package 'sensors' build argument 'cmake_clean_first' from command line to 'False'
[0.335s] Level 5:colcon.colcon_core.verb:set package 'sensors' build argument 'cmake_force_configure' from command line to 'False'
[0.335s] Level 5:colcon.colcon_core.verb:set package 'sensors' build argument 'ament_cmake_args' from command line to 'None'
[0.335s] Level 5:colcon.colcon_core.verb:set package 'sensors' build argument 'catkin_cmake_args' from command line to 'None'
[0.335s] Level 5:colcon.colcon_core.verb:set package 'sensors' build argument 'catkin_skip_building_tests' from command line to 'False'
[0.335s] DEBUG:colcon.colcon_core.verb:Building package 'sensors' with the following arguments: {'ament_cmake_args': None, 'build_base': '/home/johnk/cleaningoceanplastics/ros2_ws/src/build/sensors', 'catkin_cmake_args': None, 'catkin_skip_building_tests': False, 'cmake_args': None, 'cmake_clean_cache': False, 'cmake_clean_first': False, 'cmake_force_configure': False, 'cmake_target': None, 'cmake_target_skip_unavailable': False, 'install_base': '/home/johnk/cleaningoceanplastics/ros2_ws/src/install/sensors', 'merge_install': False, 'path': '/home/johnk/cleaningoceanplastics/ros2_ws/src/sensors', 'symlink_install': False, 'test_result_base': None}
[0.336s] Level 5:colcon.colcon_core.verb:set package 'services' build argument 'cmake_args' from command line to 'None'
[0.336s] Level 5:colcon.colcon_core.verb:set package 'services' build argument 'cmake_target' from command line to 'None'
[0.336s] Level 5:colcon.colcon_core.verb:set package 'services' build argument 'cmake_target_skip_unavailable' from command line to 'False'
[0.336s] Level 5:colcon.colcon_core.verb:set package 'services' build argument 'cmake_clean_cache' from command line to 'False'
[0.336s] Level 5:colcon.colcon_core.verb:set package 'services' build argument 'cmake_clean_first' from command line to 'False'
[0.336s] Level 5:colcon.colcon_core.verb:set package 'services' build argument 'cmake_force_configure' from command line to 'False'
[0.336s] Level 5:colcon.colcon_core.verb:set package 'services' build argument 'ament_cmake_args' from command line to 'None'
[0.336s] Level 5:colcon.colcon_core.verb:set package 'services' build argument 'catkin_cmake_args' from command line to 'None'
[0.336s] Level 5:colcon.colcon_core.verb:set package 'services' build argument 'catkin_skip_building_tests' from command line to 'False'
[0.336s] DEBUG:colcon.colcon_core.verb:Building package 'services' with the following arguments: {'ament_cmake_args': None, 'build_base': '/home/johnk/cleaningoceanplastics/ros2_ws/src/build/services', 'catkin_cmake_args': None, 'catkin_skip_building_tests': False, 'cmake_args': None, 'cmake_clean_cache': False, 'cmake_clean_first': False, 'cmake_force_configure': False, 'cmake_target': None, 'cmake_target_skip_unavailable': False, 'install_base': '/home/johnk/cleaningoceanplastics/ros2_ws/src/install/services', 'merge_install': False, 'path': '/home/johnk/cleaningoceanplastics/ros2_ws/src/services', 'symlink_install': False, 'test_result_base': None}
[0.336s] INFO:colcon.colcon_core.executor:Executing jobs using 'parallel' executor
[0.337s] DEBUG:colcon.colcon_parallel_executor.executor.parallel:run_until_complete
[0.338s] INFO:colcon.colcon_ros.task.ament_python.build:Building ROS package in '/home/johnk/cleaningoceanplastics/ros2_ws/src/gps_service' with build type 'ament_python'
[0.338s] Level 1:colcon.colcon_core.shell:create_environment_hook('gps_service', 'ament_prefix_path')
[0.341s] INFO:colcon.colcon_core.plugin_system:Skipping extension 'colcon_core.shell.bat': Not used on non-Windows systems
[0.341s] INFO:colcon.colcon_core.shell:Creating environment hook '/home/johnk/cleaningoceanplastics/ros2_ws/src/install/gps_service/share/gps_service/hook/ament_prefix_path.ps1'
[0.342s] INFO:colcon.colcon_core.shell:Creating environment descriptor '/home/johnk/cleaningoceanplastics/ros2_ws/src/install/gps_service/share/gps_service/hook/ament_prefix_path.dsv'
[0.343s] INFO:colcon.colcon_core.shell:Creating environment hook '/home/johnk/cleaningoceanplastics/ros2_ws/src/install/gps_service/share/gps_service/hook/ament_prefix_path.sh'
[0.343s] INFO:colcon.colcon_core.shell:Skip shell extension 'powershell' for command environment: Not usable outside of PowerShell
[0.344s] DEBUG:colcon.colcon_core.shell:Skip shell extension 'dsv' for command environment
[0.348s] INFO:colcon.colcon_ros.task.ament_python.build:Building ROS package in '/home/johnk/cleaningoceanplastics/ros2_ws/src/navigation' with build type 'ament_python'
[0.348s] Level 1:colcon.colcon_core.shell:create_environment_hook('navigation', 'ament_prefix_path')
[0.349s] INFO:colcon.colcon_core.shell:Creating environment hook '/home/johnk/cleaningoceanplastics/ros2_ws/src/install/navigation/share/navigation/hook/ament_prefix_path.ps1'
[0.350s] INFO:colcon.colcon_core.shell:Creating environment descriptor '/home/johnk/cleaningoceanplastics/ros2_ws/src/install/navigation/share/navigation/hook/ament_prefix_path.dsv'
[0.351s] INFO:colcon.colcon_core.shell:Creating environment hook '/home/johnk/cleaningoceanplastics/ros2_ws/src/install/navigation/share/navigation/hook/ament_prefix_path.sh'
[0.352s] INFO:colcon.colcon_core.shell:Skip shell extension 'powershell' for command environment: Not usable outside of PowerShell
[0.352s] DEBUG:colcon.colcon_core.shell:Skip shell extension 'dsv' for command environment
[0.357s] INFO:colcon.colcon_ros.task.ament_python.build:Building ROS package in '/home/johnk/cleaningoceanplastics/ros2_ws/src/nmea_navsat_driver-ros2' with build type 'ament_python'
[0.357s] Level 1:colcon.colcon_core.shell:create_environment_hook('nmea_navsat_driver', 'ament_prefix_path')
[0.357s] INFO:colcon.colcon_core.shell:Creating environment hook '/home/johnk/cleaningoceanplastics/ros2_ws/src/install/nmea_navsat_driver/share/nmea_navsat_driver/hook/ament_prefix_path.ps1'
[0.358s] INFO:colcon.colcon_core.shell:Creating environment descriptor '/home/johnk/cleaningoceanplastics/ros2_ws/src/install/nmea_navsat_driver/share/nmea_navsat_driver/hook/ament_prefix_path.dsv'
[0.359s] INFO:colcon.colcon_core.shell:Creating environment hook '/home/johnk/cleaningoceanplastics/ros2_ws/src/install/nmea_navsat_driver/share/nmea_navsat_driver/hook/ament_prefix_path.sh'
[0.360s] INFO:colcon.colcon_core.shell:Skip shell extension 'powershell' for command environment: Not usable outside of PowerShell
[0.360s] DEBUG:colcon.colcon_core.shell:Skip shell extension 'dsv' for command environment
[0.366s] INFO:colcon.colcon_ros.task.ament_python.build:Building ROS package in '/home/johnk/cleaningoceanplastics/ros2_ws/src/sensors' with build type 'ament_python'
[0.366s] Level 1:colcon.colcon_core.shell:create_environment_hook('sensors', 'ament_prefix_path')
[0.367s] INFO:colcon.colcon_core.shell:Creating environment hook '/home/johnk/cleaningoceanplastics/ros2_ws/src/install/sensors/share/sensors/hook/ament_prefix_path.ps1'
[0.368s] INFO:colcon.colcon_core.shell:Creating environment descriptor '/home/johnk/cleaningoceanplastics/ros2_ws/src/install/sensors/share/sensors/hook/ament_prefix_path.dsv'
[0.369s] INFO:colcon.colcon_core.shell:Creating environment hook '/home/johnk/cleaningoceanplastics/ros2_ws/src/install/sensors/share/sensors/hook/ament_prefix_path.sh'
[0.370s] INFO:colcon.colcon_core.shell:Skip shell extension 'powershell' for command environment: Not usable outside of PowerShell
[0.370s] DEBUG:colcon.colcon_core.shell:Skip shell extension 'dsv' for command environment
[0.673s] INFO:colcon.colcon_core.task.python.build:Building Python package in '/home/johnk/cleaningoceanplastics/ros2_ws/src/gps_service'
[0.673s] INFO:colcon.colcon_core.shell:Skip shell extension 'powershell' for command environment: Not usable outside of PowerShell
[0.673s] DEBUG:colcon.colcon_core.shell:Skip shell extension 'dsv' for command environment
[0.971s] INFO:colcon.colcon_core.task.python.build:Building Python package in '/home/johnk/cleaningoceanplastics/ros2_ws/src/navigation'
[0.971s] INFO:colcon.colcon_core.shell:Skip shell extension 'powershell' for command environment: Not usable outside of PowerShell
[0.971s] DEBUG:colcon.colcon_core.shell:Skip shell extension 'dsv' for command environment
[1.263s] INFO:colcon.colcon_core.task.python.build:Building Python package in '/home/johnk/cleaningoceanplastics/ros2_ws/src/nmea_navsat_driver-ros2'
[1.263s] INFO:colcon.colcon_core.shell:Skip shell extension 'powershell' for command environment: Not usable outside of PowerShell
[1.264s] DEBUG:colcon.colcon_core.shell:Skip shell extension 'dsv' for command environment
[1.554s] INFO:colcon.colcon_core.task.python.build:Building Python package in '/home/johnk/cleaningoceanplastics/ros2_ws/src/sensors'
[1.554s] INFO:colcon.colcon_core.shell:Skip shell extension 'powershell' for command environment: Not usable outside of PowerShell
[1.554s] DEBUG:colcon.colcon_core.shell:Skip shell extension 'dsv' for command environment
[3.488s] DEBUG:colcon.colcon_core.event_handler.log_command:Invoking command in '/home/johnk/cleaningoceanplastics/ros2_ws/src/sensors': PYTHONPATH=/home/johnk/cleaningoceanplastics/ros2_ws/src/build/sensors/prefix_override:/usr/lib/python3/dist-packages/colcon_core/task/python/colcon_distutils_commands:/home/johnk/cleaningoceanplastics/ros2_ws/src/install/sensors/lib/python3.10/site-packages:${PYTHONPATH} /usr/bin/python3 -W ignore:setup.py install is deprecated setup.py egg_info --egg-base ../build/sensors build --build-base /home/johnk/cleaningoceanplastics/ros2_ws/src/build/sensors/build install --record /home/johnk/cleaningoceanplastics/ros2_ws/src/build/sensors/install.log --single-version-externally-managed install_data
[3.519s] DEBUG:colcon.colcon_core.event_handler.log_command:Invoking command in '/home/johnk/cleaningoceanplastics/ros2_ws/src/gps_service': PYTHONPATH=/home/johnk/cleaningoceanplastics/ros2_ws/src/build/gps_service/prefix_override:/usr/lib/python3/dist-packages/colcon_core/task/python/colcon_distutils_commands:/home/johnk/cleaningoceanplastics/ros2_ws/src/install/gps_service/lib/python3.10/site-packages:${PYTHONPATH} /usr/bin/python3 -W ignore:setup.py install is deprecated setup.py egg_info --egg-base ../build/gps_service build --build-base /home/johnk/cleaningoceanplastics/ros2_ws/src/build/gps_service/build install --record /home/johnk/cleaningoceanplastics/ros2_ws/src/build/gps_service/install.log --single-version-externally-managed install_data
[3.551s] DEBUG:colcon.colcon_core.event_handler.log_command:Invoking command in '/home/johnk/cleaningoceanplastics/ros2_ws/src/nmea_navsat_driver-ros2': PYTHONPATH=/home/johnk/cleaningoceanplastics/ros2_ws/src/build/nmea_navsat_driver/prefix_override:/usr/lib/python3/dist-packages/colcon_core/task/python/colcon_distutils_commands:/home/johnk/cleaningoceanplastics/ros2_ws/src/install/nmea_navsat_driver/lib/python3.10/site-packages:${PYTHONPATH} /usr/bin/python3 -W ignore:setup.py install is deprecated setup.py egg_info --egg-base ../build/nmea_navsat_driver build --build-base /home/johnk/cleaningoceanplastics/ros2_ws/src/build/nmea_navsat_driver/build install --record /home/johnk/cleaningoceanplastics/ros2_ws/src/build/nmea_navsat_driver/install.log --single-version-externally-managed install_data
[3.736s] DEBUG:colcon.colcon_core.event_handler.log_command:Invoking command in '/home/johnk/cleaningoceanplastics/ros2_ws/src/navigation': PYTHONPATH=/home/johnk/cleaningoceanplastics/ros2_ws/src/build/navigation/prefix_override:/usr/lib/python3/dist-packages/colcon_core/task/python/colcon_distutils_commands:/home/johnk/cleaningoceanplastics/ros2_ws/src/install/navigation/lib/python3.10/site-packages:${PYTHONPATH} /usr/bin/python3 -W ignore:setup.py install is deprecated setup.py egg_info --egg-base ../build/navigation build --build-base /home/johnk/cleaningoceanplastics/ros2_ws/src/build/navigation/build install --record /home/johnk/cleaningoceanplastics/ros2_ws/src/build/navigation/install.log --single-version-externally-managed install_data
[5.290s] DEBUG:colcon.colcon_core.event_handler.log_command:Invoked command in '/home/johnk/cleaningoceanplastics/ros2_ws/src/sensors' returned '0': PYTHONPATH=/home/johnk/cleaningoceanplastics/ros2_ws/src/build/sensors/prefix_override:/usr/lib/python3/dist-packages/colcon_core/task/python/colcon_distutils_commands:/home/johnk/cleaningoceanplastics/ros2_ws/src/install/sensors/lib/python3.10/site-packages:${PYTHONPATH} /usr/bin/python3 -W ignore:setup.py install is deprecated setup.py egg_info --egg-base ../build/sensors build --build-base /home/johnk/cleaningoceanplastics/ros2_ws/src/build/sensors/build install --record /home/johnk/cleaningoceanplastics/ros2_ws/src/build/sensors/install.log --single-version-externally-managed install_data
[5.297s] Level 1:colcon.colcon_core.environment:checking '/home/johnk/cleaningoceanplastics/ros2_ws/src/install/sensors' for CMake module files
[5.299s] Level 1:colcon.colcon_core.environment:checking '/home/johnk/cleaningoceanplastics/ros2_ws/src/install/sensors' for CMake config files
[5.301s] Level 1:colcon.colcon_core.environment:checking '/home/johnk/cleaningoceanplastics/ros2_ws/src/install/sensors/lib'
[5.302s] Level 1:colcon.colcon_core.environment:checking '/home/johnk/cleaningoceanplastics/ros2_ws/src/install/sensors/bin'
[5.302s] Level 1:colcon.colcon_core.environment:checking '/home/johnk/cleaningoceanplastics/ros2_ws/src/install/sensors/lib/pkgconfig/sensors.pc'
[5.303s] Level 1:colcon.colcon_core.environment:checking '/home/johnk/cleaningoceanplastics/ros2_ws/src/install/sensors/lib/python3.10/site-packages'
[5.303s] Level 1:colcon.colcon_core.shell:create_environment_hook('sensors', 'pythonpath')
[5.304s] INFO:colcon.colcon_core.shell:Creating environment hook '/home/johnk/cleaningoceanplastics/ros2_ws/src/install/sensors/share/sensors/hook/pythonpath.ps1'
[5.305s] INFO:colcon.colcon_core.shell:Creating environment descriptor '/home/johnk/cleaningoceanplastics/ros2_ws/src/install/sensors/share/sensors/hook/pythonpath.dsv'
[5.306s] INFO:colcon.colcon_core.shell:Creating environment hook '/home/johnk/cleaningoceanplastics/ros2_ws/src/install/sensors/share/sensors/hook/pythonpath.sh'
[5.307s] Level 1:colcon.colcon_core.environment:checking '/home/johnk/cleaningoceanplastics/ros2_ws/src/install/sensors/bin'
[5.308s] Level 1:colcon.colcon_core.environment:create_environment_scripts_only(sensors)
[5.309s] INFO:colcon.colcon_core.shell:Creating package script '/home/johnk/cleaningoceanplastics/ros2_ws/src/install/sensors/share/sensors/package.ps1'
[5.311s] INFO:colcon.colcon_core.shell:Creating package descriptor '/home/johnk/cleaningoceanplastics/ros2_ws/src/install/sensors/share/sensors/package.dsv'
[5.313s] INFO:colcon.colcon_core.shell:Creating package script '/home/johnk/cleaningoceanplastics/ros2_ws/src/install/sensors/share/sensors/package.sh'
[5.316s] INFO:colcon.colcon_core.shell:Creating package script '/home/johnk/cleaningoceanplastics/ros2_ws/src/install/sensors/share/sensors/package.bash'
[5.318s] INFO:colcon.colcon_core.shell:Creating package script '/home/johnk/cleaningoceanplastics/ros2_ws/src/install/sensors/share/sensors/package.zsh'
[5.319s] Level 1:colcon.colcon_core.environment:create_file_with_runtime_dependencies(/home/johnk/cleaningoceanplastics/ros2_ws/src/install/sensors/share/colcon-core/packages/sensors)
[5.321s] INFO:colcon.colcon_ros.task.ament_cmake.build:Building ROS package in '/home/johnk/cleaningoceanplastics/ros2_ws/src/services' with build type 'ament_cmake'
[5.321s] INFO:colcon.colcon_cmake.task.cmake.build:Building CMake package in '/home/johnk/cleaningoceanplastics/ros2_ws/src/services'
[5.321s] INFO:colcon.colcon_core.shell:Skip shell extension 'powershell' for command environment: Not usable outside of PowerShell
[5.321s] DEBUG:colcon.colcon_core.shell:Skip shell extension 'dsv' for command environment
[5.333s] Level 1:colcon.colcon_core.environment:checking '/home/johnk/cleaningoceanplastics/ros2_ws/src/install/gps_service' for CMake module files
[5.335s] DEBUG:colcon.colcon_core.event_handler.log_command:Invoked command in '/home/johnk/cleaningoceanplastics/ros2_ws/src/gps_service' returned '0': PYTHONPATH=/home/johnk/cleaningoceanplastics/ros2_ws/src/build/gps_service/prefix_override:/usr/lib/python3/dist-packages/colcon_core/task/python/colcon_distutils_commands:/home/johnk/cleaningoceanplastics/ros2_ws/src/install/gps_service/lib/python3.10/site-packages:${PYTHONPATH} /usr/bin/python3 -W ignore:setup.py install is deprecated setup.py egg_info --egg-base ../build/gps_service build --build-base /home/johnk/cleaningoceanplastics/ros2_ws/src/build/gps_service/build install --record /home/johnk/cleaningoceanplastics/ros2_ws/src/build/gps_service/install.log --single-version-externally-managed install_data
[5.336s] Level 1:colcon.colcon_core.environment:checking '/home/johnk/cleaningoceanplastics/ros2_ws/src/install/gps_service' for CMake config files
[5.337s] Level 1:colcon.colcon_core.environment:checking '/home/johnk/cleaningoceanplastics/ros2_ws/src/install/gps_service/lib'
[5.337s] Level 1:colcon.colcon_core.environment:checking '/home/johnk/cleaningoceanplastics/ros2_ws/src/install/gps_service/bin'
[5.337s] Level 1:colcon.colcon_core.environment:checking '/home/johnk/cleaningoceanplastics/ros2_ws/src/install/gps_service/lib/pkgconfig/gps_service.pc'
[5.338s] Level 1:colcon.colcon_core.environment:checking '/home/johnk/cleaningoceanplastics/ros2_ws/src/install/gps_service/lib/python3.10/site-packages'
[5.338s] Level 1:colcon.colcon_core.shell:create_environment_hook('gps_service', 'pythonpath')
[5.339s] INFO:colcon.colcon_core.shell:Creating environment hook '/home/johnk/cleaningoceanplastics/ros2_ws/src/install/gps_service/share/gps_service/hook/pythonpath.ps1'
[5.339s] INFO:colcon.colcon_core.shell:Creating environment descriptor '/home/johnk/cleaningoceanplastics/ros2_ws/src/install/gps_service/share/gps_service/hook/pythonpath.dsv'
[5.340s] INFO:colcon.colcon_core.shell:Creating environment hook '/home/johnk/cleaningoceanplastics/ros2_ws/src/install/gps_service/share/gps_service/hook/pythonpath.sh'
[5.341s] Level 1:colcon.colcon_core.environment:checking '/home/johnk/cleaningoceanplastics/ros2_ws/src/install/gps_service/bin'
[5.341s] Level 1:colcon.colcon_core.environment:create_environment_scripts_only(gps_service)
[5.342s] INFO:colcon.colcon_core.shell:Creating package script '/home/johnk/cleaningoceanplastics/ros2_ws/src/install/gps_service/share/gps_service/package.ps1'
[5.343s] INFO:colcon.colcon_core.shell:Creating package descriptor '/home/johnk/cleaningoceanplastics/ros2_ws/src/install/gps_service/share/gps_service/package.dsv'
[5.343s] INFO:colcon.colcon_core.shell:Creating package script '/home/johnk/cleaningoceanplastics/ros2_ws/src/install/gps_service/share/gps_service/package.sh'
[5.344s] INFO:colcon.colcon_core.shell:Creating package script '/home/johnk/cleaningoceanplastics/ros2_ws/src/install/gps_service/share/gps_service/package.bash'
[5.345s] INFO:colcon.colcon_core.shell:Creating package script '/home/johnk/cleaningoceanplastics/ros2_ws/src/install/gps_service/share/gps_service/package.zsh'
[5.345s] Level 1:colcon.colcon_core.environment:create_file_with_runtime_dependencies(/home/johnk/cleaningoceanplastics/ros2_ws/src/install/gps_service/share/colcon-core/packages/gps_service)
[5.347s] Level 1:colcon.colcon_core.environment:checking '/home/johnk/cleaningoceanplastics/ros2_ws/src/install/nmea_navsat_driver' for CMake module files
[5.349s] DEBUG:colcon.colcon_core.event_handler.log_command:Invoked command in '/home/johnk/cleaningoceanplastics/ros2_ws/src/nmea_navsat_driver-ros2' returned '0': PYTHONPATH=/home/johnk/cleaningoceanplastics/ros2_ws/src/build/nmea_navsat_driver/prefix_override:/usr/lib/python3/dist-packages/colcon_core/task/python/colcon_distutils_commands:/home/johnk/cleaningoceanplastics/ros2_ws/src/install/nmea_navsat_driver/lib/python3.10/site-packages:${PYTHONPATH} /usr/bin/python3 -W ignore:setup.py install is deprecated setup.py egg_info --egg-base ../build/nmea_navsat_driver build --build-base /home/johnk/cleaningoceanplastics/ros2_ws/src/build/nmea_navsat_driver/build install --record /home/johnk/cleaningoceanplastics/ros2_ws/src/build/nmea_navsat_driver/install.log --single-version-externally-managed install_data
[5.350s] Level 1:colcon.colcon_core.environment:checking '/home/johnk/cleaningoceanplastics/ros2_ws/src/install/nmea_navsat_driver' for CMake config files
[5.351s] Level 1:colcon.colcon_core.environment:checking '/home/johnk/cleaningoceanplastics/ros2_ws/src/install/nmea_navsat_driver/lib'
[5.352s] Level 1:colcon.colcon_core.environment:checking '/home/johnk/cleaningoceanplastics/ros2_ws/src/install/nmea_navsat_driver/bin'
[5.352s] Level 1:colcon.colcon_core.environment:checking '/home/johnk/cleaningoceanplastics/ros2_ws/src/install/nmea_navsat_driver/lib/pkgconfig/nmea_navsat_driver.pc'
[5.352s] Level 1:colcon.colcon_core.environment:checking '/home/johnk/cleaningoceanplastics/ros2_ws/src/install/nmea_navsat_driver/lib/python3.10/site-packages'
[5.352s] Level 1:colcon.colcon_core.shell:create_environment_hook('nmea_navsat_driver', 'pythonpath')
[5.353s] INFO:colcon.colcon_core.shell:Creating environment hook '/home/johnk/cleaningoceanplastics/ros2_ws/src/install/nmea_navsat_driver/share/nmea_navsat_driver/hook/pythonpath.ps1'
[5.354s] INFO:colcon.colcon_core.shell:Creating environment descriptor '/home/johnk/cleaningoceanplastics/ros2_ws/src/install/nmea_navsat_driver/share/nmea_navsat_driver/hook/pythonpath.dsv'
[5.354s] INFO:colcon.colcon_core.shell:Creating environment hook '/home/johnk/cleaningoceanplastics/ros2_ws/src/install/nmea_navsat_driver/share/nmea_navsat_driver/hook/pythonpath.sh'
[5.355s] Level 1:colcon.colcon_core.environment:checking '/home/johnk/cleaningoceanplastics/ros2_ws/src/install/nmea_navsat_driver/bin'
[5.355s] Level 1:colcon.colcon_core.environment:create_environment_scripts_only(nmea_navsat_driver)
[5.356s] INFO:colcon.colcon_core.shell:Creating package script '/home/johnk/cleaningoceanplastics/ros2_ws/src/install/nmea_navsat_driver/share/nmea_navsat_driver/package.ps1'
[5.356s] INFO:colcon.colcon_core.shell:Creating package descriptor '/home/johnk/cleaningoceanplastics/ros2_ws/src/install/nmea_navsat_driver/share/nmea_navsat_driver/package.dsv'
[5.357s] INFO:colcon.colcon_core.shell:Creating package script '/home/johnk/cleaningoceanplastics/ros2_ws/src/install/nmea_navsat_driver/share/nmea_navsat_driver/package.sh'
[5.357s] INFO:colcon.colcon_core.shell:Creating package script '/home/johnk/cleaningoceanplastics/ros2_ws/src/install/nmea_navsat_driver/share/nmea_navsat_driver/package.bash'
[5.358s] INFO:colcon.colcon_core.shell:Creating package script '/home/johnk/cleaningoceanplastics/ros2_ws/src/install/nmea_navsat_driver/share/nmea_navsat_driver/package.zsh'
[5.358s] Level 1:colcon.colcon_core.environment:create_file_with_runtime_dependencies(/home/johnk/cleaningoceanplastics/ros2_ws/src/install/nmea_navsat_driver/share/colcon-core/packages/nmea_navsat_driver)
[5.364s] DEBUG:colcon.colcon_core.event_handler.log_command:Invoking command in '/home/johnk/cleaningoceanplastics/ros2_ws/src/build/services': CMAKE_PREFIX_PATH=${CMAKE_PREFIX_PATH}:/opt/ros/humble /usr/bin/cmake /home/johnk/cleaningoceanplastics/ros2_ws/src/services -DCMAKE_INSTALL_PREFIX=/home/johnk/cleaningoceanplastics/ros2_ws/src/install/services
[5.510s] Level 1:colcon.colcon_core.environment:checking '/home/johnk/cleaningoceanplastics/ros2_ws/src/install/navigation' for CMake module files
[5.512s] DEBUG:colcon.colcon_core.event_handler.log_command:Invoked command in '/home/johnk/cleaningoceanplastics/ros2_ws/src/navigation' returned '0': PYTHONPATH=/home/johnk/cleaningoceanplastics/ros2_ws/src/build/navigation/prefix_override:/usr/lib/python3/dist-packages/colcon_core/task/python/colcon_distutils_commands:/home/johnk/cleaningoceanplastics/ros2_ws/src/install/navigation/lib/python3.10/site-packages:${PYTHONPATH} /usr/bin/python3 -W ignore:setup.py install is deprecated setup.py egg_info --egg-base ../build/navigation build --build-base /home/johnk/cleaningoceanplastics/ros2_ws/src/build/navigation/build install --record /home/johnk/cleaningoceanplastics/ros2_ws/src/build/navigation/install.log --single-version-externally-managed install_data
[5.512s] Level 1:colcon.colcon_core.environment:checking '/home/johnk/cleaningoceanplastics/ros2_ws/src/install/navigation' for CMake config files
[5.514s] Level 1:colcon.colcon_core.environment:checking '/home/johnk/cleaningoceanplastics/ros2_ws/src/install/navigation/lib'
[5.515s] Level 1:colcon.colcon_core.environment:checking '/home/johnk/cleaningoceanplastics/ros2_ws/src/install/navigation/bin'
[5.515s] Level 1:colcon.colcon_core.environment:checking '/home/johnk/cleaningoceanplastics/ros2_ws/src/install/navigation/lib/pkgconfig/navigation.pc'
[5.515s] Level 1:colcon.colcon_core.environment:checking '/home/johnk/cleaningoceanplastics/ros2_ws/src/install/navigation/lib/python3.10/site-packages'
[5.516s] Level 1:colcon.colcon_core.shell:create_environment_hook('navigation', 'pythonpath')
[5.516s] INFO:colcon.colcon_core.shell:Creating environment hook '/home/johnk/cleaningoceanplastics/ros2_ws/src/install/navigation/share/navigation/hook/pythonpath.ps1'
[5.517s] INFO:colcon.colcon_core.shell:Creating environment descriptor '/home/johnk/cleaningoceanplastics/ros2_ws/src/install/navigation/share/navigation/hook/pythonpath.dsv'
[5.518s] INFO:colcon.colcon_core.shell:Creating environment hook '/home/johnk/cleaningoceanplastics/ros2_ws/src/install/navigation/share/navigation/hook/pythonpath.sh'
[5.519s] Level 1:colcon.colcon_core.environment:checking '/home/johnk/cleaningoceanplastics/ros2_ws/src/install/navigation/bin'
[5.519s] Level 1:colcon.colcon_core.environment:create_environment_scripts_only(navigation)
[5.520s] INFO:colcon.colcon_core.shell:Creating package script '/home/johnk/cleaningoceanplastics/ros2_ws/src/install/navigation/share/navigation/package.ps1'
[5.521s] INFO:colcon.colcon_core.shell:Creating package descriptor '/home/johnk/cleaningoceanplastics/ros2_ws/src/install/navigation/share/navigation/package.dsv'
[5.521s] INFO:colcon.colcon_core.shell:Creating package script '/home/johnk/cleaningoceanplastics/ros2_ws/src/install/navigation/share/navigation/package.sh'
[5.522s] INFO:colcon.colcon_core.shell:Creating package script '/home/johnk/cleaningoceanplastics/ros2_ws/src/install/navigation/share/navigation/package.bash'
[5.523s] INFO:colcon.colcon_core.shell:Creating package script '/home/johnk/cleaningoceanplastics/ros2_ws/src/install/navigation/share/navigation/package.zsh'
[5.523s] Level 1:colcon.colcon_core.environment:create_file_with_runtime_dependencies(/home/johnk/cleaningoceanplastics/ros2_ws/src/install/navigation/share/colcon-core/packages/navigation)
[8.558s] DEBUG:colcon.colcon_core.event_handler.log_command:Invoked command in '/home/johnk/cleaningoceanplastics/ros2_ws/src/build/services' returned '0': CMAKE_PREFIX_PATH=${CMAKE_PREFIX_PATH}:/opt/ros/humble /usr/bin/cmake /home/johnk/cleaningoceanplastics/ros2_ws/src/services -DCMAKE_INSTALL_PREFIX=/home/johnk/cleaningoceanplastics/ros2_ws/src/install/services
[8.560s] DEBUG:colcon.colcon_core.event_handler.log_command:Invoking command in '/home/johnk/cleaningoceanplastics/ros2_ws/src/build/services': CMAKE_PREFIX_PATH=${CMAKE_PREFIX_PATH}:/opt/ros/humble /usr/bin/cmake --build /home/johnk/cleaningoceanplastics/ros2_ws/src/build/services -- -j4 -l4
[17.553s] DEBUG:colcon.colcon_core.event_handler.log_command:Invoked command in '/home/johnk/cleaningoceanplastics/ros2_ws/src/build/services' returned '0': CMAKE_PREFIX_PATH=${CMAKE_PREFIX_PATH}:/opt/ros/humble /usr/bin/cmake --build /home/johnk/cleaningoceanplastics/ros2_ws/src/build/services -- -j4 -l4
[17.708s] DEBUG:colcon.colcon_core.event_handler.log_command:Invoking command in '/home/johnk/cleaningoceanplastics/ros2_ws/src/build/services': CMAKE_PREFIX_PATH=${CMAKE_PREFIX_PATH}:/opt/ros/humble /usr/bin/cmake --install /home/johnk/cleaningoceanplastics/ros2_ws/src/build/services
[17.825s] Level 1:colcon.colcon_core.environment:create_environment_scripts_only(services)
[17.825s] Level 1:colcon.colcon_core.environment:checking '/home/johnk/cleaningoceanplastics/ros2_ws/src/install/services' for CMake module files
[17.826s] DEBUG:colcon.colcon_core.event_handler.log_command:Invoked command in '/home/johnk/cleaningoceanplastics/ros2_ws/src/build/services' returned '0': CMAKE_PREFIX_PATH=${CMAKE_PREFIX_PATH}:/opt/ros/humble /usr/bin/cmake --install /home/johnk/cleaningoceanplastics/ros2_ws/src/build/services
[17.827s] Level 1:colcon.colcon_core.environment:checking '/home/johnk/cleaningoceanplastics/ros2_ws/src/install/services' for CMake config files
[17.827s] Level 1:colcon.colcon_core.shell:create_environment_hook('services', 'cmake_prefix_path')
[17.828s] INFO:colcon.colcon_core.shell:Creating environment hook '/home/johnk/cleaningoceanplastics/ros2_ws/src/install/services/share/services/hook/cmake_prefix_path.ps1'
[17.828s] INFO:colcon.colcon_core.shell:Creating environment descriptor '/home/johnk/cleaningoceanplastics/ros2_ws/src/install/services/share/services/hook/cmake_prefix_path.dsv'
[17.828s] INFO:colcon.colcon_core.shell:Creating environment hook '/home/johnk/cleaningoceanplastics/ros2_ws/src/install/services/share/services/hook/cmake_prefix_path.sh'
[17.829s] Level 1:colcon.colcon_core.environment:checking '/home/johnk/cleaningoceanplastics/ros2_ws/src/install/services/lib'
[17.829s] Level 1:colcon.colcon_core.shell:create_environment_hook('services', 'ld_library_path_lib')
[17.829s] INFO:colcon.colcon_core.shell:Creating environment hook '/home/johnk/cleaningoceanplastics/ros2_ws/src/install/services/share/services/hook/ld_library_path_lib.ps1'
[17.830s] INFO:colcon.colcon_core.shell:Creating environment descriptor '/home/johnk/cleaningoceanplastics/ros2_ws/src/install/services/share/services/hook/ld_library_path_lib.dsv'
[17.830s] INFO:colcon.colcon_core.shell:Creating environment hook '/home/johnk/cleaningoceanplastics/ros2_ws/src/install/services/share/services/hook/ld_library_path_lib.sh'
[17.831s] Level 1:colcon.colcon_core.environment:checking '/home/johnk/cleaningoceanplastics/ros2_ws/src/install/services/bin'
[17.831s] Level 1:colcon.colcon_core.environment:checking '/home/johnk/cleaningoceanplastics/ros2_ws/src/install/services/lib/pkgconfig/services.pc'
[17.831s] Level 1:colcon.colcon_core.environment:checking '/home/johnk/cleaningoceanplastics/ros2_ws/src/install/services/lib/python3.10/site-packages'
[17.831s] Level 1:colcon.colcon_core.environment:checking '/home/johnk/cleaningoceanplastics/ros2_ws/src/install/services/bin'
[17.832s] INFO:colcon.colcon_core.shell:Creating package script '/home/johnk/cleaningoceanplastics/ros2_ws/src/install/services/share/services/package.ps1'
[17.832s] INFO:colcon.colcon_core.shell:Creating package descriptor '/home/johnk/cleaningoceanplastics/ros2_ws/src/install/services/share/services/package.dsv'
[17.833s] INFO:colcon.colcon_core.shell:Creating package script '/home/johnk/cleaningoceanplastics/ros2_ws/src/install/services/share/services/package.sh'
[17.833s] INFO:colcon.colcon_core.shell:Creating package script '/home/johnk/cleaningoceanplastics/ros2_ws/src/install/services/share/services/package.bash'
[17.833s] INFO:colcon.colcon_core.shell:Creating package script '/home/johnk/cleaningoceanplastics/ros2_ws/src/install/services/share/services/package.zsh'
[17.834s] Level 1:colcon.colcon_core.environment:create_file_with_runtime_dependencies(/home/johnk/cleaningoceanplastics/ros2_ws/src/install/services/share/colcon-core/packages/services)
[17.975s] Level 1:colcon.colcon_core.environment:create_environment_scripts_only(services)
[17.975s] Level 1:colcon.colcon_core.environment:checking '/home/johnk/cleaningoceanplastics/ros2_ws/src/install/services' for CMake module files
[17.976s] Level 1:colcon.colcon_core.environment:checking '/home/johnk/cleaningoceanplastics/ros2_ws/src/install/services' for CMake config files
[17.977s] Level 1:colcon.colcon_core.shell:create_environment_hook('services', 'cmake_prefix_path')
[17.977s] INFO:colcon.colcon_core.shell:Creating environment hook '/home/johnk/cleaningoceanplastics/ros2_ws/src/install/services/share/services/hook/cmake_prefix_path.ps1'
[17.978s] INFO:colcon.colcon_core.shell:Creating environment descriptor '/home/johnk/cleaningoceanplastics/ros2_ws/src/install/services/share/services/hook/cmake_prefix_path.dsv'
[17.978s] INFO:colcon.colcon_core.shell:Creating environment hook '/home/johnk/cleaningoceanplastics/ros2_ws/src/install/services/share/services/hook/cmake_prefix_path.sh'
[17.979s] Level 1:colcon.colcon_core.environment:checking '/home/johnk/cleaningoceanplastics/ros2_ws/src/install/services/lib'
[17.979s] Level 1:colcon.colcon_core.shell:create_environment_hook('services', 'ld_library_path_lib')
[17.979s] INFO:colcon.colcon_core.shell:Creating environment hook '/home/johnk/cleaningoceanplastics/ros2_ws/src/install/services/share/services/hook/ld_library_path_lib.ps1'
[17.980s] INFO:colcon.colcon_core.shell:Creating environment descriptor '/home/johnk/cleaningoceanplastics/ros2_ws/src/install/services/share/services/hook/ld_library_path_lib.dsv'
[17.980s] INFO:colcon.colcon_core.shell:Creating environment hook '/home/johnk/cleaningoceanplastics/ros2_ws/src/install/services/share/services/hook/ld_library_path_lib.sh'
[17.980s] Level 1:colcon.colcon_core.environment:checking '/home/johnk/cleaningoceanplastics/ros2_ws/src/install/services/bin'
[17.980s] Level 1:colcon.colcon_core.environment:checking '/home/johnk/cleaningoceanplastics/ros2_ws/src/install/services/lib/pkgconfig/services.pc'
[17.981s] Level 1:colcon.colcon_core.environment:checking '/home/johnk/cleaningoceanplastics/ros2_ws/src/install/services/lib/python3.10/site-packages'
[17.981s] Level 1:colcon.colcon_core.environment:checking '/home/johnk/cleaningoceanplastics/ros2_ws/src/install/services/bin'
[17.981s] INFO:colcon.colcon_core.shell:Creating package script '/home/johnk/cleaningoceanplastics/ros2_ws/src/install/services/share/services/package.ps1'
[17.982s] INFO:colcon.colcon_core.shell:Creating package descriptor '/home/johnk/cleaningoceanplastics/ros2_ws/src/install/services/share/services/package.dsv'
[17.983s] INFO:colcon.colcon_core.shell:Creating package script '/home/johnk/cleaningoceanplastics/ros2_ws/src/install/services/share/services/package.sh'
[17.983s] INFO:colcon.colcon_core.shell:Creating package script '/home/johnk/cleaningoceanplastics/ros2_ws/src/install/services/share/services/package.bash'
[17.984s] INFO:colcon.colcon_core.shell:Creating package script '/home/johnk/cleaningoceanplastics/ros2_ws/src/install/services/share/services/package.zsh'
[17.984s] Level 1:colcon.colcon_core.environment:create_file_with_runtime_dependencies(/home/johnk/cleaningoceanplastics/ros2_ws/src/install/services/share/colcon-core/packages/services)
[17.985s] DEBUG:colcon.colcon_parallel_executor.executor.parallel:closing loop
[17.985s] DEBUG:colcon.colcon_parallel_executor.executor.parallel:loop closed
[17.985s] DEBUG:colcon.colcon_parallel_executor.executor.parallel:run_until_complete finished with '0'
[17.986s] DEBUG:colcon.colcon_core.event_reactor:joining thread
[17.993s] INFO:colcon.colcon_core.plugin_system:Skipping extension 'colcon_notification.desktop_notification.terminal_notifier': Not used on non-Darwin systems
[17.993s] INFO:colcon.colcon_core.plugin_system:Skipping extension 'colcon_notification.desktop_notification.win32': Not used on non-Windows systems
[17.993s] INFO:colcon.colcon_notification.desktop_notification:Sending desktop notification using 'notify2'
[18.008s] DEBUG:colcon.colcon_core.event_reactor:joined thread
[18.009s] INFO:colcon.colcon_core.shell:Creating prefix script '/home/johnk/cleaningoceanplastics/ros2_ws/src/install/local_setup.ps1'
[18.010s] INFO:colcon.colcon_core.shell:Creating prefix util module '/home/johnk/cleaningoceanplastics/ros2_ws/src/install/_local_setup_util_ps1.py'
[18.011s] INFO:colcon.colcon_core.shell:Creating prefix chain script '/home/johnk/cleaningoceanplastics/ros2_ws/src/install/setup.ps1'
[18.013s] INFO:colcon.colcon_core.shell:Creating prefix script '/home/johnk/cleaningoceanplastics/ros2_ws/src/install/local_setup.sh'
[18.014s] INFO:colcon.colcon_core.shell:Creating prefix util module '/home/johnk/cleaningoceanplastics/ros2_ws/src/install/_local_setup_util_sh.py'
[18.014s] INFO:colcon.colcon_core.shell:Creating prefix chain script '/home/johnk/cleaningoceanplastics/ros2_ws/src/install/setup.sh'
[18.018s] INFO:colcon.colcon_core.shell:Creating prefix script '/home/johnk/cleaningoceanplastics/ros2_ws/src/install/local_setup.bash'
[18.020s] INFO:colcon.colcon_core.shell:Creating prefix chain script '/home/johnk/cleaningoceanplastics/ros2_ws/src/install/setup.bash'
[18.021s] INFO:colcon.colcon_core.shell:Creating prefix script '/home/johnk/cleaningoceanplastics/ros2_ws/src/install/local_setup.zsh'
[18.022s] INFO:colcon.colcon_core.shell:Creating prefix chain script '/home/johnk/cleaningoceanplastics/ros2_ws/src/install/setup.zsh'
