[3.386s] Invoking command in '/home/johnk/cleaningoceanplastics/ros2_ws/src/navigation': PYTHONPATH=/home/johnk/cleaningoceanplastics/ros2_ws/src/build/navigation/prefix_override:/usr/lib/python3/dist-packages/colcon_core/task/python/colcon_distutils_commands:/home/johnk/cleaningoceanplastics/ros2_ws/src/install/navigation/lib/python3.10/site-packages:${PYTHONPATH} /usr/bin/python3 -W ignore:setup.py install is deprecated setup.py egg_info --egg-base ../build/navigation build --build-base /home/johnk/cleaningoceanplastics/ros2_ws/src/build/navigation/build install --record /home/johnk/cleaningoceanplastics/ros2_ws/src/build/navigation/install.log --single-version-externally-managed install_data
[4.310s] running egg_info
[4.316s] creating ../build/navigation/navigation.egg-info
[4.375s] writing ../build/navigation/navigation.egg-info/PKG-INFO
[4.375s] writing dependency_links to ../build/navigation/navigation.egg-info/dependency_links.txt
[4.376s] writing entry points to ../build/navigation/navigation.egg-info/entry_points.txt
[4.376s] writing requirements to ../build/navigation/navigation.egg-info/requires.txt
[4.379s] writing top-level names to ../build/navigation/navigation.egg-info/top_level.txt
[4.379s] writing manifest file '../build/navigation/navigation.egg-info/SOURCES.txt'
[4.506s] reading manifest file '../build/navigation/navigation.egg-info/SOURCES.txt'
[4.509s] writing manifest file '../build/navigation/navigation.egg-info/SOURCES.txt'
[4.512s] running build
[4.512s] running build_py
[4.512s] creating /home/johnk/cleaningoceanplastics/ros2_ws/src/build/navigation/build/lib/navigation
[4.513s] copying navigation/motor_controller.py -> /home/johnk/cleaningoceanplastics/ros2_ws/src/build/navigation/build/lib/navigation
[4.513s] copying navigation/control.py -> /home/johnk/cleaningoceanplastics/ros2_ws/src/build/navigation/build/lib/navigation
[4.513s] copying navigation/teleop.py -> /home/johnk/cleaningoceanplastics/ros2_ws/src/build/navigation/build/lib/navigation
[4.513s] copying navigation/__init__.py -> /home/johnk/cleaningoceanplastics/ros2_ws/src/build/navigation/build/lib/navigation
[4.514s] running install
[4.532s] running install_lib
[4.598s] creating /home/johnk/cleaningoceanplastics/ros2_ws/src/install/navigation/lib/python3.10/site-packages/navigation
[4.598s] copying /home/johnk/cleaningoceanplastics/ros2_ws/src/build/navigation/build/lib/navigation/motor_controller.py -> /home/johnk/cleaningoceanplastics/ros2_ws/src/install/navigation/lib/python3.10/site-packages/navigation
[4.598s] copying /home/johnk/cleaningoceanplastics/ros2_ws/src/build/navigation/build/lib/navigation/control.py -> /home/johnk/cleaningoceanplastics/ros2_ws/src/install/navigation/lib/python3.10/site-packages/navigation
[4.599s] copying /home/johnk/cleaningoceanplastics/ros2_ws/src/build/navigation/build/lib/navigation/teleop.py -> /home/johnk/cleaningoceanplastics/ros2_ws/src/install/navigation/lib/python3.10/site-packages/navigation
[4.599s] copying /home/johnk/cleaningoceanplastics/ros2_ws/src/build/navigation/build/lib/navigation/__init__.py -> /home/johnk/cleaningoceanplastics/ros2_ws/src/install/navigation/lib/python3.10/site-packages/navigation
[4.600s] byte-compiling /home/johnk/cleaningoceanplastics/ros2_ws/src/install/navigation/lib/python3.10/site-packages/navigation/motor_controller.py to motor_controller.cpython-310.pyc
[4.602s] byte-compiling /home/johnk/cleaningoceanplastics/ros2_ws/src/install/navigation/lib/python3.10/site-packages/navigation/control.py to control.cpython-310.pyc
[4.604s] byte-compiling /home/johnk/cleaningoceanplastics/ros2_ws/src/install/navigation/lib/python3.10/site-packages/navigation/teleop.py to teleop.cpython-310.pyc
[4.607s] byte-compiling /home/johnk/cleaningoceanplastics/ros2_ws/src/install/navigation/lib/python3.10/site-packages/navigation/__init__.py to __init__.cpython-310.pyc
[4.608s] running install_data
[4.608s] creating /home/johnk/cleaningoceanplastics/ros2_ws/src/install/navigation/share/ament_index/resource_index/packages
[4.611s] copying resource/navigation -> /home/johnk/cleaningoceanplastics/ros2_ws/src/install/navigation/share/ament_index/resource_index/packages
[4.611s] copying package.xml -> /home/johnk/cleaningoceanplastics/ros2_ws/src/install/navigation/share/navigation
[4.611s] creating /home/johnk/cleaningoceanplastics/ros2_ws/src/install/navigation/share/navigation/launch
[4.613s] copying launch/teleop_launch.py -> /home/johnk/cleaningoceanplastics/ros2_ws/src/install/navigation/share/navigation/launch
[4.613s] running install_egg_info
[4.679s] Copying ../build/navigation/navigation.egg-info to /home/johnk/cleaningoceanplastics/ros2_ws/src/install/navigation/lib/python3.10/site-packages/navigation-0.0.0-py3.10.egg-info
[4.684s] running install_scripts
[5.114s] Installing control script to /home/johnk/cleaningoceanplastics/ros2_ws/src/install/navigation/lib/navigation
[5.114s] Installing motor_control script to /home/johnk/cleaningoceanplastics/ros2_ws/src/install/navigation/lib/navigation
[5.114s] Installing teleop script to /home/johnk/cleaningoceanplastics/ros2_ws/src/install/navigation/lib/navigation
[5.115s] writing list of installed files to '/home/johnk/cleaningoceanplastics/ros2_ws/src/build/navigation/install.log'
[5.162s] Invoked command in '/home/johnk/cleaningoceanplastics/ros2_ws/src/navigation' returned '0': PYTHONPATH=/home/johnk/cleaningoceanplastics/ros2_ws/src/build/navigation/prefix_override:/usr/lib/python3/dist-packages/colcon_core/task/python/colcon_distutils_commands:/home/johnk/cleaningoceanplastics/ros2_ws/src/install/navigation/lib/python3.10/site-packages:${PYTHONPATH} /usr/bin/python3 -W ignore:setup.py install is deprecated setup.py egg_info --egg-base ../build/navigation build --build-base /home/johnk/cleaningoceanplastics/ros2_ws/src/build/navigation/build install --record /home/johnk/cleaningoceanplastics/ros2_ws/src/build/navigation/install.log --single-version-externally-managed install_data
