[0.138s] DEBUG:colcon:Command line arguments: ['/usr/bin/colcon', 'build']
[0.138s] DEBUG:colcon:Parsed command line arguments: Namespace(log_base=None, log_level=None, verb_name='build', build_base='build', install_base='install', merge_install=False, symlink_install=False, test_result_base=None, continue_on_error=False, executor='parallel', parallel_workers=4, event_handlers=None, ignore_user_meta=False, metas=['./colcon.meta'], base_paths=['.'], packages_ignore=None, packages_ignore_regex=None, paths=None, packages_up_to=None, packages_up_to_regex=None, packages_above=None, packages_above_and_dependencies=None, packages_above_depth=None, packages_select_by_dep=None, packages_skip_by_dep=None, packages_skip_up_to=None, packages_select_build_failed=False, packages_skip_build_finished=False, packages_select_test_failures=False, packages_skip_test_passed=False, packages_select=None, packages_skip=None, packages_select_regex=None, packages_skip_regex=None, packages_start=None, packages_end=None, allow_overriding=[], cmake_args=None, cmake_target=None, cmake_target_skip_unavailable=False, cmake_clean_cache=False, cmake_clean_first=False, cmake_force_configure=False, ament_cmake_args=None, catkin_cmake_args=None, catkin_skip_building_tests=False, verb_parser=<colcon_defaults.argument_parser.defaults.DefaultArgumentsDecorator object at 0xffff96f0daf0>, verb_extension=<colcon_core.verb.build.BuildVerb object at 0xffff96f0d880>, main=<bound method BuildVerb.main of <colcon_core.verb.build.BuildVerb object at 0xffff96f0d880>>)
[0.192s] Level 1:colcon.colcon_core.package_discovery:discover_packages(colcon_meta) check parameters
[0.193s] Level 1:colcon.colcon_core.package_discovery:discover_packages(recursive) check parameters
[0.193s] Level 1:colcon.colcon_core.package_discovery:discover_packages(ignore) check parameters
[0.193s] Level 1:colcon.colcon_core.package_discovery:discover_packages(path) check parameters
[0.193s] Level 1:colcon.colcon_core.package_discovery:discover_packages(colcon_meta) discover
[0.193s] Level 1:colcon.colcon_core.package_discovery:discover_packages(recursive) discover
[0.193s] INFO:colcon.colcon_core.package_discovery:Crawling recursively for packages in '/home/pi2/cleaningoceanplastics'
[0.193s] Level 1:colcon.colcon_core.package_identification:_identify(.) by extensions ['ignore', 'ignore_ament_install']
[0.193s] Level 1:colcon.colcon_core.package_identification:_identify(.) by extension 'ignore'
[0.193s] Level 1:colcon.colcon_core.package_identification:_identify(.) by extension 'ignore_ament_install'
[0.193s] Level 1:colcon.colcon_core.package_identification:_identify(.) by extensions ['colcon_pkg']
[0.193s] Level 1:colcon.colcon_core.package_identification:_identify(.) by extension 'colcon_pkg'
[0.193s] Level 1:colcon.colcon_core.package_identification:_identify(.) by extensions ['colcon_meta']
[0.193s] Level 1:colcon.colcon_core.package_identification:_identify(.) by extension 'colcon_meta'
[0.193s] Level 1:colcon.colcon_core.package_identification:_identify(.) by extensions ['ros']
[0.193s] Level 1:colcon.colcon_core.package_identification:_identify(.) by extension 'ros'
[0.229s] Level 1:colcon.colcon_core.package_identification:_identify(.) by extensions ['cmake', 'python']
[0.229s] Level 1:colcon.colcon_core.package_identification:_identify(.) by extension 'cmake'
[0.229s] Level 1:colcon.colcon_core.package_identification:_identify(.) by extension 'python'
[0.229s] Level 1:colcon.colcon_core.package_identification:_identify(.) by extensions ['python_setup_py']
[0.229s] Level 1:colcon.colcon_core.package_identification:_identify(.) by extension 'python_setup_py'
[0.229s] Level 1:colcon.colcon_core.package_identification:_identify(CAD) by extensions ['ignore', 'ignore_ament_install']
[0.229s] Level 1:colcon.colcon_core.package_identification:_identify(CAD) by extension 'ignore'
[0.229s] Level 1:colcon.colcon_core.package_identification:_identify(CAD) by extension 'ignore_ament_install'
[0.229s] Level 1:colcon.colcon_core.package_identification:_identify(CAD) by extensions ['colcon_pkg']
[0.229s] Level 1:colcon.colcon_core.package_identification:_identify(CAD) by extension 'colcon_pkg'
[0.229s] Level 1:colcon.colcon_core.package_identification:_identify(CAD) by extensions ['colcon_meta']
[0.229s] Level 1:colcon.colcon_core.package_identification:_identify(CAD) by extension 'colcon_meta'
[0.230s] Level 1:colcon.colcon_core.package_identification:_identify(CAD) by extensions ['ros']
[0.230s] Level 1:colcon.colcon_core.package_identification:_identify(CAD) by extension 'ros'
[0.230s] Level 1:colcon.colcon_core.package_identification:_identify(CAD) by extensions ['cmake', 'python']
[0.230s] Level 1:colcon.colcon_core.package_identification:_identify(CAD) by extension 'cmake'
[0.230s] Level 1:colcon.colcon_core.package_identification:_identify(CAD) by extension 'python'
[0.230s] Level 1:colcon.colcon_core.package_identification:_identify(CAD) by extensions ['python_setup_py']
[0.230s] Level 1:colcon.colcon_core.package_identification:_identify(CAD) by extension 'python_setup_py'
[0.230s] Level 1:colcon.colcon_core.package_identification:_identify(CAD/Test Board) by extensions ['ignore', 'ignore_ament_install']
[0.230s] Level 1:colcon.colcon_core.package_identification:_identify(CAD/Test Board) by extension 'ignore'
[0.230s] Level 1:colcon.colcon_core.package_identification:_identify(CAD/Test Board) by extension 'ignore_ament_install'
[0.230s] Level 1:colcon.colcon_core.package_identification:_identify(CAD/Test Board) by extensions ['colcon_pkg']
[0.230s] Level 1:colcon.colcon_core.package_identification:_identify(CAD/Test Board) by extension 'colcon_pkg'
[0.230s] Level 1:colcon.colcon_core.package_identification:_identify(CAD/Test Board) by extensions ['colcon_meta']
[0.230s] Level 1:colcon.colcon_core.package_identification:_identify(CAD/Test Board) by extension 'colcon_meta'
[0.230s] Level 1:colcon.colcon_core.package_identification:_identify(CAD/Test Board) by extensions ['ros']
[0.230s] Level 1:colcon.colcon_core.package_identification:_identify(CAD/Test Board) by extension 'ros'
[0.230s] Level 1:colcon.colcon_core.package_identification:_identify(CAD/Test Board) by extensions ['cmake', 'python']
[0.230s] Level 1:colcon.colcon_core.package_identification:_identify(CAD/Test Board) by extension 'cmake'
[0.230s] Level 1:colcon.colcon_core.package_identification:_identify(CAD/Test Board) by extension 'python'
[0.230s] Level 1:colcon.colcon_core.package_identification:_identify(CAD/Test Board) by extensions ['python_setup_py']
[0.230s] Level 1:colcon.colcon_core.package_identification:_identify(CAD/Test Board) by extension 'python_setup_py'
[0.231s] Level 1:colcon.colcon_core.package_identification:_identify(build) by extensions ['ignore', 'ignore_ament_install']
[0.231s] Level 1:colcon.colcon_core.package_identification:_identify(build) by extension 'ignore'
[0.231s] Level 1:colcon.colcon_core.package_identification:_identify(build) ignored
[0.231s] Level 1:colcon.colcon_core.package_identification:_identify(install) by extensions ['ignore', 'ignore_ament_install']
[0.231s] Level 1:colcon.colcon_core.package_identification:_identify(install) by extension 'ignore'
[0.231s] Level 1:colcon.colcon_core.package_identification:_identify(install) ignored
[0.231s] Level 1:colcon.colcon_core.package_identification:_identify(log) by extensions ['ignore', 'ignore_ament_install']
[0.231s] Level 1:colcon.colcon_core.package_identification:_identify(log) by extension 'ignore'
[0.231s] Level 1:colcon.colcon_core.package_identification:_identify(log) ignored
[0.231s] Level 1:colcon.colcon_core.package_identification:_identify(ros2_ws) by extensions ['ignore', 'ignore_ament_install']
[0.231s] Level 1:colcon.colcon_core.package_identification:_identify(ros2_ws) by extension 'ignore'
[0.231s] Level 1:colcon.colcon_core.package_identification:_identify(ros2_ws) by extension 'ignore_ament_install'
[0.231s] Level 1:colcon.colcon_core.package_identification:_identify(ros2_ws) by extensions ['colcon_pkg']
[0.231s] Level 1:colcon.colcon_core.package_identification:_identify(ros2_ws) by extension 'colcon_pkg'
[0.232s] Level 1:colcon.colcon_core.package_identification:_identify(ros2_ws) by extensions ['colcon_meta']
[0.232s] Level 1:colcon.colcon_core.package_identification:_identify(ros2_ws) by extension 'colcon_meta'
[0.232s] Level 1:colcon.colcon_core.package_identification:_identify(ros2_ws) by extensions ['ros']
[0.232s] Level 1:colcon.colcon_core.package_identification:_identify(ros2_ws) by extension 'ros'
[0.232s] Level 1:colcon.colcon_core.package_identification:_identify(ros2_ws) by extensions ['cmake', 'python']
[0.232s] Level 1:colcon.colcon_core.package_identification:_identify(ros2_ws) by extension 'cmake'
[0.232s] Level 1:colcon.colcon_core.package_identification:_identify(ros2_ws) by extension 'python'
[0.232s] Level 1:colcon.colcon_core.package_identification:_identify(ros2_ws) by extensions ['python_setup_py']
[0.232s] Level 1:colcon.colcon_core.package_identification:_identify(ros2_ws) by extension 'python_setup_py'
[0.232s] Level 1:colcon.colcon_core.package_identification:_identify(ros2_ws/build) by extensions ['ignore', 'ignore_ament_install']
[0.232s] Level 1:colcon.colcon_core.package_identification:_identify(ros2_ws/build) by extension 'ignore'
[0.232s] Level 1:colcon.colcon_core.package_identification:_identify(ros2_ws/build) ignored
[0.232s] Level 1:colcon.colcon_core.package_identification:_identify(ros2_ws/install) by extensions ['ignore', 'ignore_ament_install']
[0.232s] Level 1:colcon.colcon_core.package_identification:_identify(ros2_ws/install) by extension 'ignore'
[0.232s] Level 1:colcon.colcon_core.package_identification:_identify(ros2_ws/install) ignored
[0.232s] Level 1:colcon.colcon_core.package_identification:_identify(ros2_ws/log) by extensions ['ignore', 'ignore_ament_install']
[0.233s] Level 1:colcon.colcon_core.package_identification:_identify(ros2_ws/log) by extension 'ignore'
[0.233s] Level 1:colcon.colcon_core.package_identification:_identify(ros2_ws/log) ignored
[0.233s] Level 1:colcon.colcon_core.package_identification:_identify(ros2_ws/my-venv) by extensions ['ignore', 'ignore_ament_install']
[0.233s] Level 1:colcon.colcon_core.package_identification:_identify(ros2_ws/my-venv) by extension 'ignore'
[0.233s] Level 1:colcon.colcon_core.package_identification:_identify(ros2_ws/my-venv) by extension 'ignore_ament_install'
[0.233s] Level 1:colcon.colcon_core.package_identification:_identify(ros2_ws/my-venv) by extensions ['colcon_pkg']
[0.233s] Level 1:colcon.colcon_core.package_identification:_identify(ros2_ws/my-venv) by extension 'colcon_pkg'
[0.233s] Level 1:colcon.colcon_core.package_identification:_identify(ros2_ws/my-venv) by extensions ['colcon_meta']
[0.233s] Level 1:colcon.colcon_core.package_identification:_identify(ros2_ws/my-venv) by extension 'colcon_meta'
[0.233s] Level 1:colcon.colcon_core.package_identification:_identify(ros2_ws/my-venv) by extensions ['ros']
[0.233s] Level 1:colcon.colcon_core.package_identification:_identify(ros2_ws/my-venv) by extension 'ros'
[0.233s] Level 1:colcon.colcon_core.package_identification:_identify(ros2_ws/my-venv) by extensions ['cmake', 'python']
[0.233s] Level 1:colcon.colcon_core.package_identification:_identify(ros2_ws/my-venv) by extension 'cmake'
[0.233s] Level 1:colcon.colcon_core.package_identification:_identify(ros2_ws/my-venv) by extension 'python'
[0.233s] Level 1:colcon.colcon_core.package_identification:_identify(ros2_ws/my-venv) by extensions ['python_setup_py']
[0.233s] Level 1:colcon.colcon_core.package_identification:_identify(ros2_ws/my-venv) by extension 'python_setup_py'
[0.233s] Level 1:colcon.colcon_core.package_identification:_identify(ros2_ws/my-venv/bin) by extensions ['ignore', 'ignore_ament_install']
[0.233s] Level 1:colcon.colcon_core.package_identification:_identify(ros2_ws/my-venv/bin) by extension 'ignore'
[0.234s] Level 1:colcon.colcon_core.package_identification:_identify(ros2_ws/my-venv/bin) by extension 'ignore_ament_install'
[0.234s] Level 1:colcon.colcon_core.package_identification:_identify(ros2_ws/my-venv/bin) by extensions ['colcon_pkg']
[0.234s] Level 1:colcon.colcon_core.package_identification:_identify(ros2_ws/my-venv/bin) by extension 'colcon_pkg'
[0.234s] Level 1:colcon.colcon_core.package_identification:_identify(ros2_ws/my-venv/bin) by extensions ['colcon_meta']
[0.234s] Level 1:colcon.colcon_core.package_identification:_identify(ros2_ws/my-venv/bin) by extension 'colcon_meta'
[0.234s] Level 1:colcon.colcon_core.package_identification:_identify(ros2_ws/my-venv/bin) by extensions ['ros']
[0.234s] Level 1:colcon.colcon_core.package_identification:_identify(ros2_ws/my-venv/bin) by extension 'ros'
[0.234s] Level 1:colcon.colcon_core.package_identification:_identify(ros2_ws/my-venv/bin) by extensions ['cmake', 'python']
[0.234s] Level 1:colcon.colcon_core.package_identification:_identify(ros2_ws/my-venv/bin) by extension 'cmake'
[0.234s] Level 1:colcon.colcon_core.package_identification:_identify(ros2_ws/my-venv/bin) by extension 'python'
[0.234s] Level 1:colcon.colcon_core.package_identification:_identify(ros2_ws/my-venv/bin) by extensions ['python_setup_py']
[0.234s] Level 1:colcon.colcon_core.package_identification:_identify(ros2_ws/my-venv/bin) by extension 'python_setup_py'
[0.234s] Level 1:colcon.colcon_core.package_identification:_identify(ros2_ws/src) by extensions ['ignore', 'ignore_ament_install']
[0.234s] Level 1:colcon.colcon_core.package_identification:_identify(ros2_ws/src) by extension 'ignore'
[0.234s] Level 1:colcon.colcon_core.package_identification:_identify(ros2_ws/src) by extension 'ignore_ament_install'
[0.234s] Level 1:colcon.colcon_core.package_identification:_identify(ros2_ws/src) by extensions ['colcon_pkg']
[0.234s] Level 1:colcon.colcon_core.package_identification:_identify(ros2_ws/src) by extension 'colcon_pkg'
[0.234s] Level 1:colcon.colcon_core.package_identification:_identify(ros2_ws/src) by extensions ['colcon_meta']
[0.234s] Level 1:colcon.colcon_core.package_identification:_identify(ros2_ws/src) by extension 'colcon_meta'
[0.234s] Level 1:colcon.colcon_core.package_identification:_identify(ros2_ws/src) by extensions ['ros']
[0.234s] Level 1:colcon.colcon_core.package_identification:_identify(ros2_ws/src) by extension 'ros'
[0.234s] Level 1:colcon.colcon_core.package_identification:_identify(ros2_ws/src) by extensions ['cmake', 'python']
[0.235s] Level 1:colcon.colcon_core.package_identification:_identify(ros2_ws/src) by extension 'cmake'
[0.235s] Level 1:colcon.colcon_core.package_identification:_identify(ros2_ws/src) by extension 'python'
[0.235s] Level 1:colcon.colcon_core.package_identification:_identify(ros2_ws/src) by extensions ['python_setup_py']
[0.235s] Level 1:colcon.colcon_core.package_identification:_identify(ros2_ws/src) by extension 'python_setup_py'
[0.235s] Level 1:colcon.colcon_core.package_identification:_identify(ros2_ws/src/nmea_navsat_driver-ros2) by extensions ['ignore', 'ignore_ament_install']
[0.235s] Level 1:colcon.colcon_core.package_identification:_identify(ros2_ws/src/nmea_navsat_driver-ros2) by extension 'ignore'
[0.235s] Level 1:colcon.colcon_core.package_identification:_identify(ros2_ws/src/nmea_navsat_driver-ros2) by extension 'ignore_ament_install'
[0.235s] Level 1:colcon.colcon_core.package_identification:_identify(ros2_ws/src/nmea_navsat_driver-ros2) by extensions ['colcon_pkg']
[0.235s] Level 1:colcon.colcon_core.package_identification:_identify(ros2_ws/src/nmea_navsat_driver-ros2) by extension 'colcon_pkg'
[0.235s] Level 1:colcon.colcon_core.package_identification:_identify(ros2_ws/src/nmea_navsat_driver-ros2) by extensions ['colcon_meta']
[0.235s] Level 1:colcon.colcon_core.package_identification:_identify(ros2_ws/src/nmea_navsat_driver-ros2) by extension 'colcon_meta'
[0.235s] Level 1:colcon.colcon_core.package_identification:_identify(ros2_ws/src/nmea_navsat_driver-ros2) by extensions ['ros']
[0.235s] Level 1:colcon.colcon_core.package_identification:_identify(ros2_ws/src/nmea_navsat_driver-ros2) by extension 'ros'
[0.240s] DEBUG:colcon.colcon_core.package_identification:Package 'ros2_ws/src/nmea_navsat_driver-ros2' with type 'ros.ament_python' and name 'nmea_navsat_driver'
[0.240s] Level 1:colcon.colcon_core.package_identification:_identify(ros2_ws/src/services) by extensions ['ignore', 'ignore_ament_install']
[0.240s] Level 1:colcon.colcon_core.package_identification:_identify(ros2_ws/src/services) by extension 'ignore'
[0.240s] Level 1:colcon.colcon_core.package_identification:_identify(ros2_ws/src/services) by extension 'ignore_ament_install'
[0.240s] Level 1:colcon.colcon_core.package_identification:_identify(ros2_ws/src/services) by extensions ['colcon_pkg']
[0.240s] Level 1:colcon.colcon_core.package_identification:_identify(ros2_ws/src/services) by extension 'colcon_pkg'
[0.240s] Level 1:colcon.colcon_core.package_identification:_identify(ros2_ws/src/services) by extensions ['colcon_meta']
[0.240s] Level 1:colcon.colcon_core.package_identification:_identify(ros2_ws/src/services) by extension 'colcon_meta'
[0.241s] Level 1:colcon.colcon_core.package_identification:_identify(ros2_ws/src/services) by extensions ['ros']
[0.241s] Level 1:colcon.colcon_core.package_identification:_identify(ros2_ws/src/services) by extension 'ros'
[0.241s] DEBUG:colcon.colcon_core.package_identification:Package 'ros2_ws/src/services' with type 'ros.ament_cmake' and name 'services'
[0.241s] Level 1:colcon.colcon_core.package_identification:_identify(ros2_ws/src/test_input) by extensions ['ignore', 'ignore_ament_install']
[0.242s] Level 1:colcon.colcon_core.package_identification:_identify(ros2_ws/src/test_input) by extension 'ignore'
[0.242s] Level 1:colcon.colcon_core.package_identification:_identify(ros2_ws/src/test_input) by extension 'ignore_ament_install'
[0.242s] Level 1:colcon.colcon_core.package_identification:_identify(ros2_ws/src/test_input) by extensions ['colcon_pkg']
[0.242s] Level 1:colcon.colcon_core.package_identification:_identify(ros2_ws/src/test_input) by extension 'colcon_pkg'
[0.242s] Level 1:colcon.colcon_core.package_identification:_identify(ros2_ws/src/test_input) by extensions ['colcon_meta']
[0.242s] Level 1:colcon.colcon_core.package_identification:_identify(ros2_ws/src/test_input) by extension 'colcon_meta'
[0.242s] Level 1:colcon.colcon_core.package_identification:_identify(ros2_ws/src/test_input) by extensions ['ros']
[0.242s] Level 1:colcon.colcon_core.package_identification:_identify(ros2_ws/src/test_input) by extension 'ros'
[0.242s] DEBUG:colcon.colcon_core.package_identification:Package 'ros2_ws/src/test_input' with type 'ros.ament_python' and name 'test_input'
[0.242s] Level 1:colcon.colcon_core.package_discovery:discover_packages(recursive) using defaults
[0.242s] Level 1:colcon.colcon_core.package_discovery:discover_packages(ignore) discover
[0.242s] Level 1:colcon.colcon_core.package_discovery:discover_packages(ignore) using defaults
[0.243s] Level 1:colcon.colcon_core.package_discovery:discover_packages(path) discover
[0.243s] Level 1:colcon.colcon_core.package_discovery:discover_packages(path) using defaults
[0.266s] Level 1:colcon.colcon_core.package_discovery:discover_packages(prefix_path) check parameters
[0.266s] Level 1:colcon.colcon_core.package_discovery:discover_packages(prefix_path) discover
[0.268s] DEBUG:colcon.colcon_installed_package_information.package_discovery:Found 3 installed packages in /home/pi2/cleaningoceanplastics/install
[0.270s] DEBUG:colcon.colcon_installed_package_information.package_discovery:Found 286 installed packages in /opt/ros/jazzy
[0.271s] Level 1:colcon.colcon_core.package_discovery:discover_packages(prefix_path) using defaults
[0.330s] Level 5:colcon.colcon_core.verb:set package 'nmea_navsat_driver' build argument 'cmake_args' from command line to 'None'
[0.330s] Level 5:colcon.colcon_core.verb:set package 'nmea_navsat_driver' build argument 'cmake_target' from command line to 'None'
[0.330s] Level 5:colcon.colcon_core.verb:set package 'nmea_navsat_driver' build argument 'cmake_target_skip_unavailable' from command line to 'False'
[0.330s] Level 5:colcon.colcon_core.verb:set package 'nmea_navsat_driver' build argument 'cmake_clean_cache' from command line to 'False'
[0.330s] Level 5:colcon.colcon_core.verb:set package 'nmea_navsat_driver' build argument 'cmake_clean_first' from command line to 'False'
[0.330s] Level 5:colcon.colcon_core.verb:set package 'nmea_navsat_driver' build argument 'cmake_force_configure' from command line to 'False'
[0.330s] Level 5:colcon.colcon_core.verb:set package 'nmea_navsat_driver' build argument 'ament_cmake_args' from command line to 'None'
[0.330s] Level 5:colcon.colcon_core.verb:set package 'nmea_navsat_driver' build argument 'catkin_cmake_args' from command line to 'None'
[0.330s] Level 5:colcon.colcon_core.verb:set package 'nmea_navsat_driver' build argument 'catkin_skip_building_tests' from command line to 'False'
[0.330s] DEBUG:colcon.colcon_core.verb:Building package 'nmea_navsat_driver' with the following arguments: {'ament_cmake_args': None, 'build_base': '/home/pi2/cleaningoceanplastics/build/nmea_navsat_driver', 'catkin_cmake_args': None, 'catkin_skip_building_tests': False, 'cmake_args': None, 'cmake_clean_cache': False, 'cmake_clean_first': False, 'cmake_force_configure': False, 'cmake_target': None, 'cmake_target_skip_unavailable': False, 'install_base': '/home/pi2/cleaningoceanplastics/install/nmea_navsat_driver', 'merge_install': False, 'path': '/home/pi2/cleaningoceanplastics/ros2_ws/src/nmea_navsat_driver-ros2', 'symlink_install': False, 'test_result_base': None}
[0.330s] Level 5:colcon.colcon_core.verb:set package 'services' build argument 'cmake_args' from command line to 'None'
[0.330s] Level 5:colcon.colcon_core.verb:set package 'services' build argument 'cmake_target' from command line to 'None'
[0.330s] Level 5:colcon.colcon_core.verb:set package 'services' build argument 'cmake_target_skip_unavailable' from command line to 'False'
[0.331s] Level 5:colcon.colcon_core.verb:set package 'services' build argument 'cmake_clean_cache' from command line to 'False'
[0.331s] Level 5:colcon.colcon_core.verb:set package 'services' build argument 'cmake_clean_first' from command line to 'False'
[0.331s] Level 5:colcon.colcon_core.verb:set package 'services' build argument 'cmake_force_configure' from command line to 'False'
[0.331s] Level 5:colcon.colcon_core.verb:set package 'services' build argument 'ament_cmake_args' from command line to 'None'
[0.331s] Level 5:colcon.colcon_core.verb:set package 'services' build argument 'catkin_cmake_args' from command line to 'None'
[0.331s] Level 5:colcon.colcon_core.verb:set package 'services' build argument 'catkin_skip_building_tests' from command line to 'False'
[0.331s] DEBUG:colcon.colcon_core.verb:Building package 'services' with the following arguments: {'ament_cmake_args': None, 'build_base': '/home/pi2/cleaningoceanplastics/build/services', 'catkin_cmake_args': None, 'catkin_skip_building_tests': False, 'cmake_args': None, 'cmake_clean_cache': False, 'cmake_clean_first': False, 'cmake_force_configure': False, 'cmake_target': None, 'cmake_target_skip_unavailable': False, 'install_base': '/home/pi2/cleaningoceanplastics/install/services', 'merge_install': False, 'path': '/home/pi2/cleaningoceanplastics/ros2_ws/src/services', 'symlink_install': False, 'test_result_base': None}
[0.331s] Level 5:colcon.colcon_core.verb:set package 'test_input' build argument 'cmake_args' from command line to 'None'
[0.331s] Level 5:colcon.colcon_core.verb:set package 'test_input' build argument 'cmake_target' from command line to 'None'
[0.331s] Level 5:colcon.colcon_core.verb:set package 'test_input' build argument 'cmake_target_skip_unavailable' from command line to 'False'
[0.331s] Level 5:colcon.colcon_core.verb:set package 'test_input' build argument 'cmake_clean_cache' from command line to 'False'
[0.331s] Level 5:colcon.colcon_core.verb:set package 'test_input' build argument 'cmake_clean_first' from command line to 'False'
[0.331s] Level 5:colcon.colcon_core.verb:set package 'test_input' build argument 'cmake_force_configure' from command line to 'False'
[0.331s] Level 5:colcon.colcon_core.verb:set package 'test_input' build argument 'ament_cmake_args' from command line to 'None'
[0.331s] Level 5:colcon.colcon_core.verb:set package 'test_input' build argument 'catkin_cmake_args' from command line to 'None'
[0.331s] Level 5:colcon.colcon_core.verb:set package 'test_input' build argument 'catkin_skip_building_tests' from command line to 'False'
[0.331s] DEBUG:colcon.colcon_core.verb:Building package 'test_input' with the following arguments: {'ament_cmake_args': None, 'build_base': '/home/pi2/cleaningoceanplastics/build/test_input', 'catkin_cmake_args': None, 'catkin_skip_building_tests': False, 'cmake_args': None, 'cmake_clean_cache': False, 'cmake_clean_first': False, 'cmake_force_configure': False, 'cmake_target': None, 'cmake_target_skip_unavailable': False, 'install_base': '/home/pi2/cleaningoceanplastics/install/test_input', 'merge_install': False, 'path': '/home/pi2/cleaningoceanplastics/ros2_ws/src/test_input', 'symlink_install': False, 'test_result_base': None}
[0.331s] INFO:colcon.colcon_core.executor:Executing jobs using 'parallel' executor
[0.333s] DEBUG:colcon.colcon_parallel_executor.executor.parallel:run_until_complete
[0.333s] INFO:colcon.colcon_ros.task.ament_python.build:Building ROS package in '/home/pi2/cleaningoceanplastics/ros2_ws/src/nmea_navsat_driver-ros2' with build type 'ament_python'
[0.333s] Level 1:colcon.colcon_core.shell:create_environment_hook('nmea_navsat_driver', 'ament_prefix_path')
[0.335s] INFO:colcon.colcon_core.plugin_system:Skipping extension 'colcon_core.shell.bat': Not used on non-Windows systems
[0.336s] INFO:colcon.colcon_core.shell:Creating environment hook '/home/pi2/cleaningoceanplastics/install/nmea_navsat_driver/share/nmea_navsat_driver/hook/ament_prefix_path.ps1'
[0.336s] INFO:colcon.colcon_core.shell:Creating environment descriptor '/home/pi2/cleaningoceanplastics/install/nmea_navsat_driver/share/nmea_navsat_driver/hook/ament_prefix_path.dsv'
[0.339s] INFO:colcon.colcon_core.shell:Creating environment hook '/home/pi2/cleaningoceanplastics/install/nmea_navsat_driver/share/nmea_navsat_driver/hook/ament_prefix_path.sh'
[0.342s] INFO:colcon.colcon_core.shell:Skip shell extension 'powershell' for command environment: Not usable outside of PowerShell
[0.342s] DEBUG:colcon.colcon_core.shell:Skip shell extension 'dsv' for command environment
[0.347s] INFO:colcon.colcon_ros.task.ament_cmake.build:Building ROS package in '/home/pi2/cleaningoceanplastics/ros2_ws/src/services' with build type 'ament_cmake'
[0.347s] INFO:colcon.colcon_cmake.task.cmake.build:Building CMake package in '/home/pi2/cleaningoceanplastics/ros2_ws/src/services'
[0.347s] INFO:colcon.colcon_core.shell:Skip shell extension 'powershell' for command environment: Not usable outside of PowerShell
[0.347s] DEBUG:colcon.colcon_core.shell:Skip shell extension 'dsv' for command environment
[0.352s] INFO:colcon.colcon_ros.task.ament_python.build:Building ROS package in '/home/pi2/cleaningoceanplastics/ros2_ws/src/test_input' with build type 'ament_python'
[0.352s] Level 1:colcon.colcon_core.shell:create_environment_hook('test_input', 'ament_prefix_path')
[0.352s] INFO:colcon.colcon_core.shell:Creating environment hook '/home/pi2/cleaningoceanplastics/install/test_input/share/test_input/hook/ament_prefix_path.ps1'
[0.354s] INFO:colcon.colcon_core.shell:Creating environment descriptor '/home/pi2/cleaningoceanplastics/install/test_input/share/test_input/hook/ament_prefix_path.dsv'
[0.357s] INFO:colcon.colcon_core.shell:Creating environment hook '/home/pi2/cleaningoceanplastics/install/test_input/share/test_input/hook/ament_prefix_path.sh'
[0.360s] INFO:colcon.colcon_core.shell:Skip shell extension 'powershell' for command environment: Not usable outside of PowerShell
[0.360s] DEBUG:colcon.colcon_core.shell:Skip shell extension 'dsv' for command environment
[0.673s] INFO:colcon.colcon_core.task.python.build:Building Python package in '/home/pi2/cleaningoceanplastics/ros2_ws/src/nmea_navsat_driver-ros2'
[0.673s] INFO:colcon.colcon_core.shell:Skip shell extension 'powershell' for command environment: Not usable outside of PowerShell
[0.673s] DEBUG:colcon.colcon_core.shell:Skip shell extension 'dsv' for command environment
[0.687s] DEBUG:colcon.colcon_core.event_handler.log_command:Invoking command in '/home/pi2/cleaningoceanplastics/build/services': CMAKE_PREFIX_PATH=${CMAKE_PREFIX_PATH}:/home/pi2/cleaningoceanplastics/install/test_input:/home/pi2/cleaningoceanplastics/install/nmea_navsat_driver:/opt/ros/jazzy DEBUGINFOD_URLS=https://debuginfod.ubuntu.com /usr/bin/cmake --build /home/pi2/cleaningoceanplastics/build/services -- -j4 -l4
[1.109s] INFO:colcon.colcon_core.task.python.build:Building Python package in '/home/pi2/cleaningoceanplastics/ros2_ws/src/test_input'
[1.110s] INFO:colcon.colcon_core.shell:Skip shell extension 'powershell' for command environment: Not usable outside of PowerShell
[1.110s] DEBUG:colcon.colcon_core.shell:Skip shell extension 'dsv' for command environment
[1.421s] DEBUG:colcon.colcon_core.event_handler.log_command:Invoked command in '/home/pi2/cleaningoceanplastics/build/services' returned '0': CMAKE_PREFIX_PATH=${CMAKE_PREFIX_PATH}:/home/pi2/cleaningoceanplastics/install/test_input:/home/pi2/cleaningoceanplastics/install/nmea_navsat_driver:/opt/ros/jazzy DEBUGINFOD_URLS=https://debuginfod.ubuntu.com /usr/bin/cmake --build /home/pi2/cleaningoceanplastics/build/services -- -j4 -l4
[1.439s] DEBUG:colcon.colcon_core.event_handler.log_command:Invoking command in '/home/pi2/cleaningoceanplastics/build/services': CMAKE_PREFIX_PATH=${CMAKE_PREFIX_PATH}:/home/pi2/cleaningoceanplastics/install/test_input:/home/pi2/cleaningoceanplastics/install/nmea_navsat_driver:/opt/ros/jazzy DEBUGINFOD_URLS=https://debuginfod.ubuntu.com /usr/bin/cmake --install /home/pi2/cleaningoceanplastics/build/services
[1.546s] Level 1:colcon.colcon_core.environment:create_environment_scripts_only(services)
[1.547s] DEBUG:colcon.colcon_core.event_handler.log_command:Invoked command in '/home/pi2/cleaningoceanplastics/build/services' returned '0': CMAKE_PREFIX_PATH=${CMAKE_PREFIX_PATH}:/home/pi2/cleaningoceanplastics/install/test_input:/home/pi2/cleaningoceanplastics/install/nmea_navsat_driver:/opt/ros/jazzy DEBUGINFOD_URLS=https://debuginfod.ubuntu.com /usr/bin/cmake --install /home/pi2/cleaningoceanplastics/build/services
[1.549s] Level 1:colcon.colcon_core.environment:checking '/home/pi2/cleaningoceanplastics/install/services' for CMake module files
[1.550s] Level 1:colcon.colcon_core.environment:checking '/home/pi2/cleaningoceanplastics/install/services' for CMake config files
[1.551s] Level 1:colcon.colcon_core.shell:create_environment_hook('services', 'cmake_prefix_path')
[1.551s] INFO:colcon.colcon_core.shell:Creating environment hook '/home/pi2/cleaningoceanplastics/install/services/share/services/hook/cmake_prefix_path.ps1'
[1.552s] INFO:colcon.colcon_core.shell:Creating environment descriptor '/home/pi2/cleaningoceanplastics/install/services/share/services/hook/cmake_prefix_path.dsv'
[1.554s] INFO:colcon.colcon_core.shell:Creating environment hook '/home/pi2/cleaningoceanplastics/install/services/share/services/hook/cmake_prefix_path.sh'
[1.557s] Level 1:colcon.colcon_core.environment:checking '/home/pi2/cleaningoceanplastics/install/services/lib'
[1.557s] Level 1:colcon.colcon_core.shell:create_environment_hook('services', 'ld_library_path_lib')
[1.558s] INFO:colcon.colcon_core.shell:Creating environment hook '/home/pi2/cleaningoceanplastics/install/services/share/services/hook/ld_library_path_lib.ps1'
[1.559s] INFO:colcon.colcon_core.shell:Creating environment descriptor '/home/pi2/cleaningoceanplastics/install/services/share/services/hook/ld_library_path_lib.dsv'
[1.562s] INFO:colcon.colcon_core.shell:Creating environment hook '/home/pi2/cleaningoceanplastics/install/services/share/services/hook/ld_library_path_lib.sh'
[1.564s] Level 1:colcon.colcon_core.environment:checking '/home/pi2/cleaningoceanplastics/install/services/bin'
[1.565s] Level 1:colcon.colcon_core.environment:checking '/home/pi2/cleaningoceanplastics/install/services/lib/pkgconfig/services.pc'
[1.565s] Level 1:colcon.colcon_core.environment:checking '/home/pi2/cleaningoceanplastics/install/services/lib/python3.12/site-packages'
[1.565s] Level 1:colcon.colcon_core.shell:create_environment_hook('services', 'pythonpath')
[1.565s] INFO:colcon.colcon_core.shell:Creating environment hook '/home/pi2/cleaningoceanplastics/install/services/share/services/hook/pythonpath.ps1'
[1.567s] INFO:colcon.colcon_core.shell:Creating environment descriptor '/home/pi2/cleaningoceanplastics/install/services/share/services/hook/pythonpath.dsv'
[1.570s] INFO:colcon.colcon_core.shell:Creating environment hook '/home/pi2/cleaningoceanplastics/install/services/share/services/hook/pythonpath.sh'
[1.573s] Level 1:colcon.colcon_core.environment:checking '/home/pi2/cleaningoceanplastics/install/services/bin'
[1.573s] INFO:colcon.colcon_core.shell:Creating package script '/home/pi2/cleaningoceanplastics/install/services/share/services/package.ps1'
[1.575s] INFO:colcon.colcon_core.shell:Creating package descriptor '/home/pi2/cleaningoceanplastics/install/services/share/services/package.dsv'
[1.577s] INFO:colcon.colcon_core.shell:Creating package script '/home/pi2/cleaningoceanplastics/install/services/share/services/package.sh'
[1.580s] INFO:colcon.colcon_core.shell:Creating package script '/home/pi2/cleaningoceanplastics/install/services/share/services/package.bash'
[1.583s] INFO:colcon.colcon_core.shell:Creating package script '/home/pi2/cleaningoceanplastics/install/services/share/services/package.zsh'
[1.585s] Level 1:colcon.colcon_core.environment:create_file_with_runtime_dependencies(/home/pi2/cleaningoceanplastics/install/services/share/colcon-core/packages/services)
[1.588s] Level 1:colcon.colcon_core.environment:create_environment_scripts_only(services)
[1.588s] Level 1:colcon.colcon_core.environment:checking '/home/pi2/cleaningoceanplastics/install/services' for CMake module files
[1.589s] Level 1:colcon.colcon_core.environment:checking '/home/pi2/cleaningoceanplastics/install/services' for CMake config files
[1.590s] Level 1:colcon.colcon_core.shell:create_environment_hook('services', 'cmake_prefix_path')
[1.590s] INFO:colcon.colcon_core.shell:Creating environment hook '/home/pi2/cleaningoceanplastics/install/services/share/services/hook/cmake_prefix_path.ps1'
[1.592s] INFO:colcon.colcon_core.shell:Creating environment descriptor '/home/pi2/cleaningoceanplastics/install/services/share/services/hook/cmake_prefix_path.dsv'
[1.594s] INFO:colcon.colcon_core.shell:Creating environment hook '/home/pi2/cleaningoceanplastics/install/services/share/services/hook/cmake_prefix_path.sh'
[1.597s] Level 1:colcon.colcon_core.environment:checking '/home/pi2/cleaningoceanplastics/install/services/lib'
[1.597s] Level 1:colcon.colcon_core.shell:create_environment_hook('services', 'ld_library_path_lib')
[1.597s] INFO:colcon.colcon_core.shell:Creating environment hook '/home/pi2/cleaningoceanplastics/install/services/share/services/hook/ld_library_path_lib.ps1'
[1.599s] INFO:colcon.colcon_core.shell:Creating environment descriptor '/home/pi2/cleaningoceanplastics/install/services/share/services/hook/ld_library_path_lib.dsv'
[1.602s] INFO:colcon.colcon_core.shell:Creating environment hook '/home/pi2/cleaningoceanplastics/install/services/share/services/hook/ld_library_path_lib.sh'
[1.605s] Level 1:colcon.colcon_core.environment:checking '/home/pi2/cleaningoceanplastics/install/services/bin'
[1.605s] Level 1:colcon.colcon_core.environment:checking '/home/pi2/cleaningoceanplastics/install/services/lib/pkgconfig/services.pc'
[1.605s] Level 1:colcon.colcon_core.environment:checking '/home/pi2/cleaningoceanplastics/install/services/lib/python3.12/site-packages'
[1.605s] Level 1:colcon.colcon_core.shell:create_environment_hook('services', 'pythonpath')
[1.605s] INFO:colcon.colcon_core.shell:Creating environment hook '/home/pi2/cleaningoceanplastics/install/services/share/services/hook/pythonpath.ps1'
[1.613s] INFO:colcon.colcon_core.shell:Creating environment descriptor '/home/pi2/cleaningoceanplastics/install/services/share/services/hook/pythonpath.dsv'
[1.616s] INFO:colcon.colcon_core.shell:Creating environment hook '/home/pi2/cleaningoceanplastics/install/services/share/services/hook/pythonpath.sh'
[1.619s] Level 1:colcon.colcon_core.environment:checking '/home/pi2/cleaningoceanplastics/install/services/bin'
[1.619s] INFO:colcon.colcon_core.shell:Creating package script '/home/pi2/cleaningoceanplastics/install/services/share/services/package.ps1'
[1.621s] INFO:colcon.colcon_core.shell:Creating package descriptor '/home/pi2/cleaningoceanplastics/install/services/share/services/package.dsv'
[1.624s] INFO:colcon.colcon_core.shell:Creating package script '/home/pi2/cleaningoceanplastics/install/services/share/services/package.sh'
[1.626s] INFO:colcon.colcon_core.shell:Creating package script '/home/pi2/cleaningoceanplastics/install/services/share/services/package.bash'
[1.629s] INFO:colcon.colcon_core.shell:Creating package script '/home/pi2/cleaningoceanplastics/install/services/share/services/package.zsh'
[1.631s] Level 1:colcon.colcon_core.environment:create_file_with_runtime_dependencies(/home/pi2/cleaningoceanplastics/install/services/share/colcon-core/packages/services)
[2.049s] DEBUG:colcon.colcon_core.event_handler.log_command:Invoking command in '/home/pi2/cleaningoceanplastics/ros2_ws/src/nmea_navsat_driver-ros2': DEBUGINFOD_URLS=https://debuginfod.ubuntu.com PYTHONPATH=/home/pi2/cleaningoceanplastics/build/nmea_navsat_driver/prefix_override:/usr/lib/python3/dist-packages/colcon_core/task/python/colcon_distutils_commands:/home/pi2/cleaningoceanplastics/install/nmea_navsat_driver/lib/python3.12/site-packages:${PYTHONPATH} /usr/bin/python3 -W ignore:setup.py install is deprecated -W ignore:easy_install command is deprecated setup.py egg_info --egg-base ../../../build/nmea_navsat_driver build --build-base /home/pi2/cleaningoceanplastics/build/nmea_navsat_driver/build install --record /home/pi2/cleaningoceanplastics/build/nmea_navsat_driver/install.log --single-version-externally-managed install_data
[2.066s] DEBUG:colcon.colcon_core.event_handler.log_command:Invoking command in '/home/pi2/cleaningoceanplastics/ros2_ws/src/test_input': DEBUGINFOD_URLS=https://debuginfod.ubuntu.com PYTHONPATH=/home/pi2/cleaningoceanplastics/build/test_input/prefix_override:/usr/lib/python3/dist-packages/colcon_core/task/python/colcon_distutils_commands:/home/pi2/cleaningoceanplastics/install/test_input/lib/python3.12/site-packages:${PYTHONPATH} /usr/bin/python3 -W ignore:setup.py install is deprecated -W ignore:easy_install command is deprecated setup.py egg_info --egg-base ../../../build/test_input build --build-base /home/pi2/cleaningoceanplastics/build/test_input/build install --record /home/pi2/cleaningoceanplastics/build/test_input/install.log --single-version-externally-managed install_data
[2.853s] Level 1:colcon.colcon_core.environment:checking '/home/pi2/cleaningoceanplastics/install/nmea_navsat_driver' for CMake module files
[2.854s] DEBUG:colcon.colcon_core.event_handler.log_command:Invoked command in '/home/pi2/cleaningoceanplastics/ros2_ws/src/nmea_navsat_driver-ros2' returned '0': DEBUGINFOD_URLS=https://debuginfod.ubuntu.com PYTHONPATH=/home/pi2/cleaningoceanplastics/build/nmea_navsat_driver/prefix_override:/usr/lib/python3/dist-packages/colcon_core/task/python/colcon_distutils_commands:/home/pi2/cleaningoceanplastics/install/nmea_navsat_driver/lib/python3.12/site-packages:${PYTHONPATH} /usr/bin/python3 -W ignore:setup.py install is deprecated -W ignore:easy_install command is deprecated setup.py egg_info --egg-base ../../../build/nmea_navsat_driver build --build-base /home/pi2/cleaningoceanplastics/build/nmea_navsat_driver/build install --record /home/pi2/cleaningoceanplastics/build/nmea_navsat_driver/install.log --single-version-externally-managed install_data
[2.855s] Level 1:colcon.colcon_core.environment:checking '/home/pi2/cleaningoceanplastics/install/nmea_navsat_driver' for CMake config files
[2.856s] Level 1:colcon.colcon_core.environment:checking '/home/pi2/cleaningoceanplastics/install/nmea_navsat_driver/lib'
[2.856s] Level 1:colcon.colcon_core.environment:checking '/home/pi2/cleaningoceanplastics/install/nmea_navsat_driver/bin'
[2.856s] Level 1:colcon.colcon_core.environment:checking '/home/pi2/cleaningoceanplastics/install/nmea_navsat_driver/lib/pkgconfig/nmea_navsat_driver.pc'
[2.856s] Level 1:colcon.colcon_core.environment:checking '/home/pi2/cleaningoceanplastics/install/nmea_navsat_driver/lib/python3.12/site-packages'
[2.856s] Level 1:colcon.colcon_core.shell:create_environment_hook('nmea_navsat_driver', 'pythonpath')
[2.856s] INFO:colcon.colcon_core.shell:Creating environment hook '/home/pi2/cleaningoceanplastics/install/nmea_navsat_driver/share/nmea_navsat_driver/hook/pythonpath.ps1'
[2.857s] INFO:colcon.colcon_core.shell:Creating environment descriptor '/home/pi2/cleaningoceanplastics/install/nmea_navsat_driver/share/nmea_navsat_driver/hook/pythonpath.dsv'
[2.858s] INFO:colcon.colcon_core.shell:Creating environment hook '/home/pi2/cleaningoceanplastics/install/nmea_navsat_driver/share/nmea_navsat_driver/hook/pythonpath.sh'
[2.862s] Level 1:colcon.colcon_core.environment:checking '/home/pi2/cleaningoceanplastics/install/nmea_navsat_driver/bin'
[2.862s] Level 1:colcon.colcon_core.environment:create_environment_scripts_only(nmea_navsat_driver)
[2.863s] INFO:colcon.colcon_core.shell:Creating package script '/home/pi2/cleaningoceanplastics/install/nmea_navsat_driver/share/nmea_navsat_driver/package.ps1'
[2.863s] INFO:colcon.colcon_core.shell:Creating package descriptor '/home/pi2/cleaningoceanplastics/install/nmea_navsat_driver/share/nmea_navsat_driver/package.dsv'
[2.864s] INFO:colcon.colcon_core.shell:Creating package script '/home/pi2/cleaningoceanplastics/install/nmea_navsat_driver/share/nmea_navsat_driver/package.sh'
[2.865s] INFO:colcon.colcon_core.shell:Creating package script '/home/pi2/cleaningoceanplastics/install/nmea_navsat_driver/share/nmea_navsat_driver/package.bash'
[2.866s] INFO:colcon.colcon_core.shell:Creating package script '/home/pi2/cleaningoceanplastics/install/nmea_navsat_driver/share/nmea_navsat_driver/package.zsh'
[2.867s] Level 1:colcon.colcon_core.environment:create_file_with_runtime_dependencies(/home/pi2/cleaningoceanplastics/install/nmea_navsat_driver/share/colcon-core/packages/nmea_navsat_driver)
[2.872s] Level 1:colcon.colcon_core.environment:checking '/home/pi2/cleaningoceanplastics/install/test_input' for CMake module files
[2.872s] DEBUG:colcon.colcon_core.event_handler.log_command:Invoked command in '/home/pi2/cleaningoceanplastics/ros2_ws/src/test_input' returned '0': DEBUGINFOD_URLS=https://debuginfod.ubuntu.com PYTHONPATH=/home/pi2/cleaningoceanplastics/build/test_input/prefix_override:/usr/lib/python3/dist-packages/colcon_core/task/python/colcon_distutils_commands:/home/pi2/cleaningoceanplastics/install/test_input/lib/python3.12/site-packages:${PYTHONPATH} /usr/bin/python3 -W ignore:setup.py install is deprecated -W ignore:easy_install command is deprecated setup.py egg_info --egg-base ../../../build/test_input build --build-base /home/pi2/cleaningoceanplastics/build/test_input/build install --record /home/pi2/cleaningoceanplastics/build/test_input/install.log --single-version-externally-managed install_data
[2.873s] Level 1:colcon.colcon_core.environment:checking '/home/pi2/cleaningoceanplastics/install/test_input' for CMake config files
[2.873s] Level 1:colcon.colcon_core.environment:checking '/home/pi2/cleaningoceanplastics/install/test_input/lib'
[2.874s] Level 1:colcon.colcon_core.environment:checking '/home/pi2/cleaningoceanplastics/install/test_input/bin'
[2.874s] Level 1:colcon.colcon_core.environment:checking '/home/pi2/cleaningoceanplastics/install/test_input/lib/pkgconfig/test_input.pc'
[2.874s] Level 1:colcon.colcon_core.environment:checking '/home/pi2/cleaningoceanplastics/install/test_input/lib/python3.12/site-packages'
[2.874s] Level 1:colcon.colcon_core.shell:create_environment_hook('test_input', 'pythonpath')
[2.874s] INFO:colcon.colcon_core.shell:Creating environment hook '/home/pi2/cleaningoceanplastics/install/test_input/share/test_input/hook/pythonpath.ps1'
[2.875s] INFO:colcon.colcon_core.shell:Creating environment descriptor '/home/pi2/cleaningoceanplastics/install/test_input/share/test_input/hook/pythonpath.dsv'
[2.876s] INFO:colcon.colcon_core.shell:Creating environment hook '/home/pi2/cleaningoceanplastics/install/test_input/share/test_input/hook/pythonpath.sh'
[2.877s] Level 1:colcon.colcon_core.environment:checking '/home/pi2/cleaningoceanplastics/install/test_input/bin'
[2.877s] Level 1:colcon.colcon_core.environment:create_environment_scripts_only(test_input)
[2.877s] INFO:colcon.colcon_core.shell:Creating package script '/home/pi2/cleaningoceanplastics/install/test_input/share/test_input/package.ps1'
[2.878s] INFO:colcon.colcon_core.shell:Creating package descriptor '/home/pi2/cleaningoceanplastics/install/test_input/share/test_input/package.dsv'
[2.879s] INFO:colcon.colcon_core.shell:Creating package script '/home/pi2/cleaningoceanplastics/install/test_input/share/test_input/package.sh'
[2.879s] INFO:colcon.colcon_core.shell:Creating package script '/home/pi2/cleaningoceanplastics/install/test_input/share/test_input/package.bash'
[2.880s] INFO:colcon.colcon_core.shell:Creating package script '/home/pi2/cleaningoceanplastics/install/test_input/share/test_input/package.zsh'
[2.881s] Level 1:colcon.colcon_core.environment:create_file_with_runtime_dependencies(/home/pi2/cleaningoceanplastics/install/test_input/share/colcon-core/packages/test_input)
[2.881s] DEBUG:colcon.colcon_parallel_executor.executor.parallel:closing loop
[2.882s] DEBUG:colcon.colcon_parallel_executor.executor.parallel:loop closed
[2.882s] DEBUG:colcon.colcon_parallel_executor.executor.parallel:run_until_complete finished with '0'
[2.882s] DEBUG:colcon.colcon_core.event_reactor:joining thread
[2.891s] INFO:colcon.colcon_core.plugin_system:Skipping extension 'colcon_notification.desktop_notification.terminal_notifier': Not used on non-Darwin systems
[2.891s] INFO:colcon.colcon_core.plugin_system:Skipping extension 'colcon_notification.desktop_notification.win32': Not used on non-Windows systems
[2.891s] INFO:colcon.colcon_notification.desktop_notification:Sending desktop notification using 'notify2'
[2.908s] DEBUG:colcon.colcon_core.event_reactor:joined thread
[2.908s] INFO:colcon.colcon_core.shell:Creating prefix script '/home/pi2/cleaningoceanplastics/install/local_setup.ps1'
[2.910s] INFO:colcon.colcon_core.shell:Creating prefix util module '/home/pi2/cleaningoceanplastics/install/_local_setup_util_ps1.py'
[2.911s] INFO:colcon.colcon_core.shell:Creating prefix chain script '/home/pi2/cleaningoceanplastics/install/setup.ps1'
[2.913s] INFO:colcon.colcon_core.shell:Creating prefix script '/home/pi2/cleaningoceanplastics/install/local_setup.sh'
[2.913s] INFO:colcon.colcon_core.shell:Creating prefix util module '/home/pi2/cleaningoceanplastics/install/_local_setup_util_sh.py'
[2.914s] INFO:colcon.colcon_core.shell:Creating prefix chain script '/home/pi2/cleaningoceanplastics/install/setup.sh'
[2.915s] INFO:colcon.colcon_core.shell:Creating prefix script '/home/pi2/cleaningoceanplastics/install/local_setup.bash'
[2.916s] INFO:colcon.colcon_core.shell:Creating prefix chain script '/home/pi2/cleaningoceanplastics/install/setup.bash'
[2.917s] INFO:colcon.colcon_core.shell:Creating prefix script '/home/pi2/cleaningoceanplastics/install/local_setup.zsh'
[2.918s] INFO:colcon.colcon_core.shell:Creating prefix chain script '/home/pi2/cleaningoceanplastics/install/setup.zsh'
