[1.709s] Invoking command in '/home/pi2/cleaningoceanplastics/ros2_ws/src/nmea_navsat_driver-ros2': DEBUGINFOD_URLS=https://debuginfod.ubuntu.com PYTHONPATH=/home/pi2/cleaningoceanplastics/build/nmea_navsat_driver/prefix_override:/usr/lib/python3/dist-packages/colcon_core/task/python/colcon_distutils_commands:/home/pi2/cleaningoceanplastics/install/nmea_navsat_driver/lib/python3.12/site-packages:${PYTHONPATH} /usr/bin/python3 -W ignore:setup.py install is deprecated -W ignore:easy_install command is deprecated setup.py egg_info --egg-base ../../../build/nmea_navsat_driver build --build-base /home/pi2/cleaningoceanplastics/build/nmea_navsat_driver/build install --record /home/pi2/cleaningoceanplastics/build/nmea_navsat_driver/install.log --single-version-externally-managed install_data
[2.075s] running egg_info
[2.100s] writing ../../../build/nmea_navsat_driver/nmea_navsat_driver.egg-info/PKG-INFO
[2.100s] writing dependency_links to ../../../build/nmea_navsat_driver/nmea_navsat_driver.egg-info/dependency_links.txt
[2.102s] writing entry points to ../../../build/nmea_navsat_driver/nmea_navsat_driver.egg-info/entry_points.txt
[2.103s] writing requirements to ../../../build/nmea_navsat_driver/nmea_navsat_driver.egg-info/requires.txt
[2.104s] writing top-level names to ../../../build/nmea_navsat_driver/nmea_navsat_driver.egg-info/top_level.txt
[2.156s] reading manifest file '../../../build/nmea_navsat_driver/nmea_navsat_driver.egg-info/SOURCES.txt'
[2.157s] writing manifest file '../../../build/nmea_navsat_driver/nmea_navsat_driver.egg-info/SOURCES.txt'
[2.157s] running build
[2.157s] running build_py
[2.158s] running install
[2.168s] running install_lib
[2.194s] running install_data
[2.194s] running install_egg_info
[2.222s] removing '/home/pi2/cleaningoceanplastics/install/nmea_navsat_driver/lib/python3.12/site-packages/nmea_navsat_driver-2.0.1-py3.12.egg-info' (and everything under it)
[2.223s] Copying ../../../build/nmea_navsat_driver/nmea_navsat_driver.egg-info to /home/pi2/cleaningoceanplastics/install/nmea_navsat_driver/lib/python3.12/site-packages/nmea_navsat_driver-2.0.1-py3.12.egg-info
[2.224s] running install_scripts
[2.402s] Installing nmea_serial_driver script to /home/pi2/cleaningoceanplastics/install/nmea_navsat_driver/lib/nmea_navsat_driver
[2.402s] Installing nmea_socket_driver script to /home/pi2/cleaningoceanplastics/install/nmea_navsat_driver/lib/nmea_navsat_driver
[2.403s] Installing nmea_tcpclient_driver script to /home/pi2/cleaningoceanplastics/install/nmea_navsat_driver/lib/nmea_navsat_driver
[2.403s] Installing nmea_topic_driver script to /home/pi2/cleaningoceanplastics/install/nmea_navsat_driver/lib/nmea_navsat_driver
[2.404s] Installing nmea_topic_serial_reader script to /home/pi2/cleaningoceanplastics/install/nmea_navsat_driver/lib/nmea_navsat_driver
[2.406s] writing list of installed files to '/home/pi2/cleaningoceanplastics/build/nmea_navsat_driver/install.log'
[2.507s] Invoked command in '/home/pi2/cleaningoceanplastics/ros2_ws/src/nmea_navsat_driver-ros2' returned '0': DEBUGINFOD_URLS=https://debuginfod.ubuntu.com PYTHONPATH=/home/pi2/cleaningoceanplastics/build/nmea_navsat_driver/prefix_override:/usr/lib/python3/dist-packages/colcon_core/task/python/colcon_distutils_commands:/home/pi2/cleaningoceanplastics/install/nmea_navsat_driver/lib/python3.12/site-packages:${PYTHONPATH} /usr/bin/python3 -W ignore:setup.py install is deprecated -W ignore:easy_install command is deprecated setup.py egg_info --egg-base ../../../build/nmea_navsat_driver build --build-base /home/pi2/cleaningoceanplastics/build/nmea_navsat_driver/build install --record /home/pi2/cleaningoceanplastics/build/nmea_navsat_driver/install.log --single-version-externally-managed install_data
