running egg_info
creating ../build/gps_service/gps_service.egg-info
writing ../build/gps_service/gps_service.egg-info/PKG-INFO
writing dependency_links to ../build/gps_service/gps_service.egg-info/dependency_links.txt
writing entry points to ../build/gps_service/gps_service.egg-info/entry_points.txt
writing requirements to ../build/gps_service/gps_service.egg-info/requires.txt
writing top-level names to ../build/gps_service/gps_service.egg-info/top_level.txt
writing manifest file '../build/gps_service/gps_service.egg-info/SOURCES.txt'
reading manifest file '../build/gps_service/gps_service.egg-info/SOURCES.txt'
writing manifest file '../build/gps_service/gps_service.egg-info/SOURCES.txt'
running build
running build_py
creating /home/johnk/cleaningoceanplastics/ros2_ws/src/build/gps_service/build/lib/gps_service
copying gps_service/__init__.py -> /home/johnk/cleaningoceanplastics/ros2_ws/src/build/gps_service/build/lib/gps_service
copying gps_service/checksum_utils.py -> /home/johnk/cleaningoceanplastics/ros2_ws/src/build/gps_service/build/lib/gps_service
copying gps_service/parser.py -> /home/johnk/cleaningoceanplastics/ros2_ws/src/build/gps_service/build/lib/gps_service
copying gps_service/driver.py -> /home/johnk/cleaningoceanplastics/ros2_ws/src/build/gps_service/build/lib/gps_service
copying gps_service/nmea_service_driver.py -> /home/johnk/cleaningoceanplastics/ros2_ws/src/build/gps_service/build/lib/gps_service
copying gps_service/checksum_utils.py -> /home/johnk/cleaningoceanplastics/ros2_ws/src/build/gps_service/build/lib/gps_service
copying gps_service/gps_client.py -> /home/johnk/cleaningoceanplastics/ros2_ws/src/build/gps_service/build/lib/gps_service
copying gps_service/parser.py -> /home/johnk/cleaningoceanplastics/ros2_ws/src/build/gps_service/build/lib/gps_service
copying gps_service/fix_service.py -> /home/johnk/cleaningoceanplastics/ros2_ws/src/build/gps_service/build/lib/gps_service
copying gps_service/__init__.py -> /home/johnk/cleaningoceanplastics/ros2_ws/src/build/gps_service/build/lib/gps_service
copying gps_service/driver.py -> /home/johnk/cleaningoceanplastics/ros2_ws/src/build/gps_service/build/lib/gps_service
running install
running install_lib
creating /home/johnk/cleaningoceanplastics/ros2_ws/src/install/gps_service/lib/python3.10/site-packages/gps_service
copying /home/johnk/cleaningoceanplastics/ros2_ws/src/build/gps_service/build/lib/gps_service/nmea_service_driver.py -> /home/johnk/cleaningoceanplastics/ros2_ws/src/install/gps_service/lib/python3.10/site-packages/gps_service
copying /home/johnk/cleaningoceanplastics/ros2_ws/src/build/gps_service/build/lib/gps_service/checksum_utils.py -> /home/johnk/cleaningoceanplastics/ros2_ws/src/install/gps_service/lib/python3.10/site-packages/gps_service
copying /home/johnk/cleaningoceanplastics/ros2_ws/src/build/gps_service/build/lib/gps_service/gps_client.py -> /home/johnk/cleaningoceanplastics/ros2_ws/src/install/gps_service/lib/python3.10/site-packages/gps_service
copying /home/johnk/cleaningoceanplastics/ros2_ws/src/build/gps_service/build/lib/gps_service/parser.py -> /home/johnk/cleaningoceanplastics/ros2_ws/src/install/gps_service/lib/python3.10/site-packages/gps_service
copying /home/johnk/cleaningoceanplastics/ros2_ws/src/build/gps_service/build/lib/gps_service/fix_service.py -> /home/johnk/cleaningoceanplastics/ros2_ws/src/install/gps_service/lib/python3.10/site-packages/gps_service
copying /home/johnk/cleaningoceanplastics/ros2_ws/src/build/gps_service/build/lib/gps_service/__init__.py -> /home/johnk/cleaningoceanplastics/ros2_ws/src/install/gps_service/lib/python3.10/site-packages/gps_service
copying /home/johnk/cleaningoceanplastics/ros2_ws/src/build/gps_service/build/lib/gps_service/driver.py -> /home/johnk/cleaningoceanplastics/ros2_ws/src/install/gps_service/lib/python3.10/site-packages/gps_service
byte-compiling /home/johnk/cleaningoceanplastics/ros2_ws/src/install/gps_service/lib/python3.10/site-packages/gps_service/nmea_service_driver.py to nmea_service_driver.cpython-310.pyc
byte-compiling /home/johnk/cleaningoceanplastics/ros2_ws/src/install/gps_service/lib/python3.10/site-packages/gps_service/checksum_utils.py to checksum_utils.cpython-310.pyc
byte-compiling /home/johnk/cleaningoceanplastics/ros2_ws/src/install/gps_service/lib/python3.10/site-packages/gps_service/gps_client.py to gps_client.cpython-310.pyc
byte-compiling /home/johnk/cleaningoceanplastics/ros2_ws/src/install/gps_service/lib/python3.10/site-packages/gps_service/parser.py to parser.cpython-310.pyc
byte-compiling /home/johnk/cleaningoceanplastics/ros2_ws/src/install/gps_service/lib/python3.10/site-packages/gps_service/fix_service.py to fix_service.cpython-310.pyc
byte-compiling /home/johnk/cleaningoceanplastics/ros2_ws/src/install/gps_service/lib/python3.10/site-packages/gps_service/__init__.py to __init__.cpython-310.pyc
byte-compiling /home/johnk/cleaningoceanplastics/ros2_ws/src/install/gps_service/lib/python3.10/site-packages/gps_service/driver.py to driver.cpython-310.pyc
running install_data
creating /home/johnk/cleaningoceanplastics/ros2_ws/src/install/gps_service/share/ament_index/resource_index/packages
copying resource/gps_service -> /home/johnk/cleaningoceanplastics/ros2_ws/src/install/gps_service/share/ament_index/resource_index/packages
copying package.xml -> /home/johnk/cleaningoceanplastics/ros2_ws/src/install/gps_service/share/gps_service
copying share/test_nmea_path.txt -> /home/johnk/cleaningoceanplastics/ros2_ws/src/install/gps_service/share/gps_service
running install_egg_info
Copying ../build/gps_service/gps_service.egg-info to /home/johnk/cleaningoceanplastics/ros2_ws/src/install/gps_service/lib/python3.10/site-packages/gps_service-0.0.0-py3.10.egg-info
running install_scripts
Installing fix_srv script to /home/johnk/cleaningoceanplastics/ros2_ws/src/install/gps_service/lib/gps_service
Installing gps_cli script to /home/johnk/cleaningoceanplastics/ros2_ws/src/install/gps_service/lib/gps_service
Installing gps_srv script to /home/johnk/cleaningoceanplastics/ros2_ws/src/install/gps_service/lib/gps_service
writing list of installed files to '/home/johnk/cleaningoceanplastics/ros2_ws/src/build/gps_service/install.log'
