[3.180s] Invoking command in '/home/johnk/cleaningoceanplastics/ros2_ws/src/gps_service': PYTHONPATH=/home/johnk/cleaningoceanplastics/ros2_ws/src/build/gps_service/prefix_override:/usr/lib/python3/dist-packages/colcon_core/task/python/colcon_distutils_commands:/home/johnk/cleaningoceanplastics/ros2_ws/src/install/gps_service/lib/python3.10/site-packages:${PYTHONPATH} /usr/bin/python3 -W ignore:setup.py install is deprecated setup.py egg_info --egg-base ../build/gps_service build --build-base /home/johnk/cleaningoceanplastics/ros2_ws/src/build/gps_service/build install --record /home/johnk/cleaningoceanplastics/ros2_ws/src/build/gps_service/install.log --single-version-externally-managed install_data
[4.037s] running egg_info
[4.039s] creating ../build/gps_service/gps_service.egg-info
[4.099s] writing ../build/gps_service/gps_service.egg-info/PKG-INFO
[4.099s] writing dependency_links to ../build/gps_service/gps_service.egg-info/dependency_links.txt
[4.101s] writing entry points to ../build/gps_service/gps_service.egg-info/entry_points.txt
[4.101s] writing requirements to ../build/gps_service/gps_service.egg-info/requires.txt
[4.102s] writing top-level names to ../build/gps_service/gps_service.egg-info/top_level.txt
[4.103s] writing manifest file '../build/gps_service/gps_service.egg-info/SOURCES.txt'
[4.217s] reading manifest file '../build/gps_service/gps_service.egg-info/SOURCES.txt'
[4.225s] writing manifest file '../build/gps_service/gps_service.egg-info/SOURCES.txt'
[4.226s] running build
[4.226s] running build_py
[4.227s] creating /home/johnk/cleaningoceanplastics/ros2_ws/src/build/gps_service/build/lib/gps_service
[4.231s] copying gps_service/__init__.py -> /home/johnk/cleaningoceanplastics/ros2_ws/src/build/gps_service/build/lib/gps_service
[4.232s] copying gps_service/checksum_utils.py -> /home/johnk/cleaningoceanplastics/ros2_ws/src/build/gps_service/build/lib/gps_service
[4.232s] copying gps_service/parser.py -> /home/johnk/cleaningoceanplastics/ros2_ws/src/build/gps_service/build/lib/gps_service
[4.232s] copying gps_service/driver.py -> /home/johnk/cleaningoceanplastics/ros2_ws/src/build/gps_service/build/lib/gps_service
[4.232s] copying gps_service/nmea_service_driver.py -> /home/johnk/cleaningoceanplastics/ros2_ws/src/build/gps_service/build/lib/gps_service
[4.233s] copying gps_service/checksum_utils.py -> /home/johnk/cleaningoceanplastics/ros2_ws/src/build/gps_service/build/lib/gps_service
[4.233s] copying gps_service/gps_client.py -> /home/johnk/cleaningoceanplastics/ros2_ws/src/build/gps_service/build/lib/gps_service
[4.233s] copying gps_service/parser.py -> /home/johnk/cleaningoceanplastics/ros2_ws/src/build/gps_service/build/lib/gps_service
[4.233s] copying gps_service/fix_service.py -> /home/johnk/cleaningoceanplastics/ros2_ws/src/build/gps_service/build/lib/gps_service
[4.237s] copying gps_service/__init__.py -> /home/johnk/cleaningoceanplastics/ros2_ws/src/build/gps_service/build/lib/gps_service
[4.237s] copying gps_service/driver.py -> /home/johnk/cleaningoceanplastics/ros2_ws/src/build/gps_service/build/lib/gps_service
[4.237s] running install
[4.248s] running install_lib
[4.312s] creating /home/johnk/cleaningoceanplastics/ros2_ws/src/install/gps_service/lib/python3.10/site-packages/gps_service
[4.313s] copying /home/johnk/cleaningoceanplastics/ros2_ws/src/build/gps_service/build/lib/gps_service/nmea_service_driver.py -> /home/johnk/cleaningoceanplastics/ros2_ws/src/install/gps_service/lib/python3.10/site-packages/gps_service
[4.313s] copying /home/johnk/cleaningoceanplastics/ros2_ws/src/build/gps_service/build/lib/gps_service/checksum_utils.py -> /home/johnk/cleaningoceanplastics/ros2_ws/src/install/gps_service/lib/python3.10/site-packages/gps_service
[4.313s] copying /home/johnk/cleaningoceanplastics/ros2_ws/src/build/gps_service/build/lib/gps_service/gps_client.py -> /home/johnk/cleaningoceanplastics/ros2_ws/src/install/gps_service/lib/python3.10/site-packages/gps_service
[4.314s] copying /home/johnk/cleaningoceanplastics/ros2_ws/src/build/gps_service/build/lib/gps_service/parser.py -> /home/johnk/cleaningoceanplastics/ros2_ws/src/install/gps_service/lib/python3.10/site-packages/gps_service
[4.314s] copying /home/johnk/cleaningoceanplastics/ros2_ws/src/build/gps_service/build/lib/gps_service/fix_service.py -> /home/johnk/cleaningoceanplastics/ros2_ws/src/install/gps_service/lib/python3.10/site-packages/gps_service
[4.314s] copying /home/johnk/cleaningoceanplastics/ros2_ws/src/build/gps_service/build/lib/gps_service/__init__.py -> /home/johnk/cleaningoceanplastics/ros2_ws/src/install/gps_service/lib/python3.10/site-packages/gps_service
[4.314s] copying /home/johnk/cleaningoceanplastics/ros2_ws/src/build/gps_service/build/lib/gps_service/driver.py -> /home/johnk/cleaningoceanplastics/ros2_ws/src/install/gps_service/lib/python3.10/site-packages/gps_service
[4.318s] byte-compiling /home/johnk/cleaningoceanplastics/ros2_ws/src/install/gps_service/lib/python3.10/site-packages/gps_service/nmea_service_driver.py to nmea_service_driver.cpython-310.pyc
[4.319s] byte-compiling /home/johnk/cleaningoceanplastics/ros2_ws/src/install/gps_service/lib/python3.10/site-packages/gps_service/checksum_utils.py to checksum_utils.cpython-310.pyc
[4.319s] byte-compiling /home/johnk/cleaningoceanplastics/ros2_ws/src/install/gps_service/lib/python3.10/site-packages/gps_service/gps_client.py to gps_client.cpython-310.pyc
[4.321s] byte-compiling /home/johnk/cleaningoceanplastics/ros2_ws/src/install/gps_service/lib/python3.10/site-packages/gps_service/parser.py to parser.cpython-310.pyc
[4.322s] byte-compiling /home/johnk/cleaningoceanplastics/ros2_ws/src/install/gps_service/lib/python3.10/site-packages/gps_service/fix_service.py to fix_service.cpython-310.pyc
[4.326s] byte-compiling /home/johnk/cleaningoceanplastics/ros2_ws/src/install/gps_service/lib/python3.10/site-packages/gps_service/__init__.py to __init__.cpython-310.pyc
[4.327s] byte-compiling /home/johnk/cleaningoceanplastics/ros2_ws/src/install/gps_service/lib/python3.10/site-packages/gps_service/driver.py to driver.cpython-310.pyc
[4.332s] running install_data
[4.332s] creating /home/johnk/cleaningoceanplastics/ros2_ws/src/install/gps_service/share/ament_index/resource_index/packages
[4.332s] copying resource/gps_service -> /home/johnk/cleaningoceanplastics/ros2_ws/src/install/gps_service/share/ament_index/resource_index/packages
[4.333s] copying package.xml -> /home/johnk/cleaningoceanplastics/ros2_ws/src/install/gps_service/share/gps_service
[4.337s] copying share/test_nmea_path.txt -> /home/johnk/cleaningoceanplastics/ros2_ws/src/install/gps_service/share/gps_service
[4.337s] running install_egg_info
[4.399s] Copying ../build/gps_service/gps_service.egg-info to /home/johnk/cleaningoceanplastics/ros2_ws/src/install/gps_service/lib/python3.10/site-packages/gps_service-0.0.0-py3.10.egg-info
[4.402s] running install_scripts
[4.903s] Installing fix_srv script to /home/johnk/cleaningoceanplastics/ros2_ws/src/install/gps_service/lib/gps_service
[4.903s] Installing gps_cli script to /home/johnk/cleaningoceanplastics/ros2_ws/src/install/gps_service/lib/gps_service
[4.903s] Installing gps_srv script to /home/johnk/cleaningoceanplastics/ros2_ws/src/install/gps_service/lib/gps_service
[4.907s] writing list of installed files to '/home/johnk/cleaningoceanplastics/ros2_ws/src/build/gps_service/install.log'
[4.996s] Invoked command in '/home/johnk/cleaningoceanplastics/ros2_ws/src/gps_service' returned '0': PYTHONPATH=/home/johnk/cleaningoceanplastics/ros2_ws/src/build/gps_service/prefix_override:/usr/lib/python3/dist-packages/colcon_core/task/python/colcon_distutils_commands:/home/johnk/cleaningoceanplastics/ros2_ws/src/install/gps_service/lib/python3.10/site-packages:${PYTHONPATH} /usr/bin/python3 -W ignore:setup.py install is deprecated setup.py egg_info --egg-base ../build/gps_service build --build-base /home/johnk/cleaningoceanplastics/ros2_ws/src/build/gps_service/build install --record /home/johnk/cleaningoceanplastics/ros2_ws/src/build/gps_service/install.log --single-version-externally-managed install_data
