-- The C compiler identification is GNU 13.3.0
-- The CXX compiler identification is GNU 13.3.0
-- Detecting C compiler ABI info
-- Detecting C compiler ABI info - done
-- Check for working C compiler: /usr/bin/cc - skipped
-- Detecting C compile features
-- Detecting C compile features - done
-- Detecting CXX compiler ABI info
-- Detecting CXX compiler ABI info - done
-- Check for working CXX compiler: /usr/bin/c++ - skipped
-- Detecting CXX compile features
-- Detecting CXX compile features - done
-- Found ament_cmake: 2.5.3 (/opt/ros/jazzy/share/ament_cmake/cmake)
-- Found Python3: /usr/bin/python3 (found version "3.12.3") found components: Interpreter 
-- Found geometry_msgs: 5.3.5 (/opt/ros/jazzy/share/geometry_msgs/cmake)
-- Found rosidl_generator_c: 4.6.5 (/opt/ros/jazzy/share/rosidl_generator_c/cmake)
-- Found rosidl_generator_cpp: 4.6.5 (/opt/ros/jazzy/share/rosidl_generator_cpp/cmake)
-- Using all available rosidl_typesupport_c: rosidl_typesupport_fastrtps_c;rosidl_typesupport_introspection_c
-- Using all available rosidl_typesupport_cpp: rosidl_typesupport_fastrtps_cpp;rosidl_typesupport_introspection_cpp
-- Found rosidl_default_generators: 1.6.0 (/opt/ros/jazzy/share/rosidl_default_generators/cmake)
-- Found rosidl_adapter: 4.6.5 (/opt/ros/jazzy/share/rosidl_adapter/cmake)
-- Found ament_cmake_ros: 0.12.0 (/opt/ros/jazzy/share/ament_cmake_ros/cmake)
-- Using all available rosidl_typesupport_c: rosidl_typesupport_fastrtps_c;rosidl_typesupport_introspection_c
-- Using all available rosidl_typesupport_cpp: rosidl_typesupport_fastrtps_cpp;rosidl_typesupport_introspection_cpp
-- Found python_cmake_module: 0.11.1 (/opt/ros/jazzy/share/python_cmake_module/cmake)
-- Found PythonExtra: /usr/bin/python3  
-- Found Python3: /usr/bin/python3 (found version "3.12.3") found components: Interpreter Development NumPy Development.Module Development.Embed 
-- Found ament_lint_auto: 0.17.1 (/opt/ros/jazzy/share/ament_lint_auto/cmake)
-- Added test 'lint_cmake' to check CMake code style
-- Added test 'xmllint' to check XML markup files
-- Configuring done (6.7s)
-- Generating done (0.0s)
-- Build files have been written to: /home/pi2/cleaningoceanplastics/build/services
[  2%] [34m[1mGenerating type hashes for ROS interfaces[0m
[  2%] Built target ament_cmake_python_copy_services
[  2%] Built target services__rosidl_generator_type_description
running egg_info
creating services.egg-info
[  5%] [34m[1mGenerating C code for ROS interfaces[0m
writing services.egg-info/PKG-INFO
writing dependency_links to services.egg-info/dependency_links.txt
writing top-level names to services.egg-info/top_level.txt
writing manifest file 'services.egg-info/SOURCES.txt'
[  8%] [34m[1mGenerating C++ code for ROS interfaces[0m
reading manifest file 'services.egg-info/SOURCES.txt'
writing manifest file 'services.egg-info/SOURCES.txt'
[  8%] Built target ament_cmake_python_build_services_egg
[  8%] Built target services__cpp
[ 17%] [32mBuilding C object CMakeFiles/services__rosidl_generator_c.dir/rosidl_generator_c/services/srv/detail/imu_data__type_support.c.o[0m
[ 17%] [32mBuilding C object CMakeFiles/services__rosidl_generator_c.dir/rosidl_generator_c/services/srv/detail/imu_data__functions.c.o[0m
[ 17%] [32mBuilding C object CMakeFiles/services__rosidl_generator_c.dir/rosidl_generator_c/services/srv/detail/imu_data__description.c.o[0m
[ 20%] [32m[1mLinking C shared library libservices__rosidl_generator_c.so[0m
[ 20%] Built target services__rosidl_generator_c
[ 26%] [34m[1mGenerating C++ introspection for ROS interfaces[0m
[ 26%] [34m[1mGenerating C++ type support dispatch for ROS interfaces[0m
[ 32%] [34m[1mGenerating C introspection for ROS interfaces[0m
[ 32%] [34m[1mGenerating C type support dispatch for ROS interfaces[0m
[ 35%] [32mBuilding CXX object CMakeFiles/services__rosidl_typesupport_c.dir/rosidl_typesupport_c/services/srv/imu_data__type_support.cpp.o[0m
[ 38%] [32mBuilding CXX object CMakeFiles/services__rosidl_typesupport_cpp.dir/rosidl_typesupport_cpp/services/srv/imu_data__type_support.cpp.o[0m
[ 41%] [32mBuilding CXX object CMakeFiles/services__rosidl_typesupport_introspection_cpp.dir/rosidl_typesupport_introspection_cpp/services/srv/detail/imu_data__type_support.cpp.o[0m
[ 44%] [32mBuilding C object CMakeFiles/services__rosidl_typesupport_introspection_c.dir/rosidl_typesupport_introspection_c/services/srv/detail/imu_data__type_support.c.o[0m
[ 47%] [32m[1mLinking CXX shared library libservices__rosidl_typesupport_c.so[0m
[ 50%] [32m[1mLinking C shared library libservices__rosidl_typesupport_introspection_c.so[0m
[ 50%] Built target services__rosidl_typesupport_c
[ 52%] [34m[1mGenerating C type support for eProsima Fast-RTPS[0m
[ 52%] Built target services__rosidl_typesupport_introspection_c
[ 55%] [34m[1mGenerating C++ type support for eProsima Fast-RTPS[0m
[ 58%] [32mBuilding CXX object CMakeFiles/services__rosidl_typesupport_fastrtps_c.dir/rosidl_typesupport_fastrtps_c/services/srv/detail/imu_data__type_support_c.cpp.o[0m
[ 61%] [32mBuilding CXX object CMakeFiles/services__rosidl_typesupport_fastrtps_cpp.dir/rosidl_typesupport_fastrtps_cpp/services/srv/detail/dds_fastrtps/imu_data__type_support.cpp.o[0m
[ 64%] [32m[1mLinking CXX shared library libservices__rosidl_typesupport_cpp.so[0m
[ 67%] [32m[1mLinking CXX shared library libservices__rosidl_typesupport_introspection_cpp.so[0m
[ 67%] Built target services__rosidl_typesupport_cpp
[ 67%] Built target services__rosidl_typesupport_introspection_cpp
[ 70%] [32m[1mLinking CXX shared library libservices__rosidl_typesupport_fastrtps_c.so[0m
[ 70%] Built target services__rosidl_typesupport_fastrtps_c
[ 73%] [32m[1mLinking CXX shared library libservices__rosidl_typesupport_fastrtps_cpp.so[0m
[ 73%] Built target services__rosidl_typesupport_fastrtps_cpp
[ 73%] Built target services
[ 76%] [34m[1mGenerating Python code for ROS interfaces[0m
[ 76%] Built target services__py
[ 79%] [32mBuilding C object CMakeFiles/services__rosidl_generator_py.dir/rosidl_generator_py/services/srv/_imu_data_s.c.o[0m
[ 82%] [32m[1mLinking C shared library libservices__rosidl_generator_py.so[0m
[ 82%] Built target services__rosidl_generator_py
[ 91%] [32mBuilding C object CMakeFiles/services_s__rosidl_typesupport_c.dir/rosidl_generator_py/services/_services_s.ep.rosidl_typesupport_c.c.o[0m
[ 91%] [32mBuilding C object CMakeFiles/services_s__rosidl_typesupport_introspection_c.dir/rosidl_generator_py/services/_services_s.ep.rosidl_typesupport_introspection_c.c.o[0m
[ 91%] [32mBuilding C object CMakeFiles/services_s__rosidl_typesupport_fastrtps_c.dir/rosidl_generator_py/services/_services_s.ep.rosidl_typesupport_fastrtps_c.c.o[0m
[ 97%] [32m[1mLinking C shared module rosidl_generator_py/services/services_s__rosidl_typesupport_c.so[0m
[ 97%] [32m[1mLinking C shared module rosidl_generator_py/services/services_s__rosidl_typesupport_introspection_c.so[0m
[100%] [32m[1mLinking C shared module rosidl_generator_py/services/services_s__rosidl_typesupport_fastrtps_c.so[0m
[100%] Built target services_s__rosidl_typesupport_c
[100%] Built target services_s__rosidl_typesupport_introspection_c
[100%] Built target services_s__rosidl_typesupport_fastrtps_c
-- Install configuration: ""
-- Installing: /home/pi2/cleaningoceanplastics/install/services/share/ament_index/resource_index/rosidl_interfaces/services
-- Installing: /home/pi2/cleaningoceanplastics/install/services/share/services/srv/IMUData.json
-- Installing: /home/pi2/cleaningoceanplastics/install/services/include/services/services
-- Installing: /home/pi2/cleaningoceanplastics/install/services/include/services/services/msg
-- Installing: /home/pi2/cleaningoceanplastics/install/services/include/services/services/msg/rosidl_generator_c__visibility_control.h
-- Installing: /home/pi2/cleaningoceanplastics/install/services/include/services/services/srv
-- Installing: /home/pi2/cleaningoceanplastics/install/services/include/services/services/srv/imu_data.h
-- Installing: /home/pi2/cleaningoceanplastics/install/services/include/services/services/srv/detail
-- Installing: /home/pi2/cleaningoceanplastics/install/services/include/services/services/srv/detail/imu_data__functions.c
-- Installing: /home/pi2/cleaningoceanplastics/install/services/include/services/services/srv/detail/imu_data__description.c
-- Installing: /home/pi2/cleaningoceanplastics/install/services/include/services/services/srv/detail/imu_data__functions.h
-- Installing: /home/pi2/cleaningoceanplastics/install/services/include/services/services/srv/detail/imu_data__type_support.h
-- Installing: /home/pi2/cleaningoceanplastics/install/services/include/services/services/srv/detail/imu_data__type_support.c
-- Installing: /home/pi2/cleaningoceanplastics/install/services/include/services/services/srv/detail/imu_data__struct.h
-- Installing: /home/pi2/cleaningoceanplastics/install/services/share/services/environment/library_path.sh
-- Installing: /home/pi2/cleaningoceanplastics/install/services/share/services/environment/library_path.dsv
-- Installing: /home/pi2/cleaningoceanplastics/install/services/lib/libservices__rosidl_generator_c.so
-- Set non-toolchain portion of runtime path of "/home/pi2/cleaningoceanplastics/install/services/lib/libservices__rosidl_generator_c.so" to ""
-- Up-to-date: /home/pi2/cleaningoceanplastics/install/services/include/services/services
-- Up-to-date: /home/pi2/cleaningoceanplastics/install/services/include/services/services/msg
-- Installing: /home/pi2/cleaningoceanplastics/install/services/include/services/services/msg/rosidl_typesupport_fastrtps_c__visibility_control.h
-- Up-to-date: /home/pi2/cleaningoceanplastics/install/services/include/services/services/srv
-- Up-to-date: /home/pi2/cleaningoceanplastics/install/services/include/services/services/srv/detail
-- Installing: /home/pi2/cleaningoceanplastics/install/services/include/services/services/srv/detail/imu_data__rosidl_typesupport_fastrtps_c.h
-- Installing: /home/pi2/cleaningoceanplastics/install/services/lib/libservices__rosidl_typesupport_fastrtps_c.so
-- Set non-toolchain portion of runtime path of "/home/pi2/cleaningoceanplastics/install/services/lib/libservices__rosidl_typesupport_fastrtps_c.so" to ""
-- Up-to-date: /home/pi2/cleaningoceanplastics/install/services/include/services/services
-- Up-to-date: /home/pi2/cleaningoceanplastics/install/services/include/services/services/msg
-- Installing: /home/pi2/cleaningoceanplastics/install/services/include/services/services/msg/rosidl_generator_cpp__visibility_control.hpp
-- Up-to-date: /home/pi2/cleaningoceanplastics/install/services/include/services/services/srv
-- Installing: /home/pi2/cleaningoceanplastics/install/services/include/services/services/srv/imu_data.hpp
-- Up-to-date: /home/pi2/cleaningoceanplastics/install/services/include/services/services/srv/detail
-- Installing: /home/pi2/cleaningoceanplastics/install/services/include/services/services/srv/detail/imu_data__struct.hpp
-- Installing: /home/pi2/cleaningoceanplastics/install/services/include/services/services/srv/detail/imu_data__builder.hpp
-- Installing: /home/pi2/cleaningoceanplastics/install/services/include/services/services/srv/detail/imu_data__type_support.hpp
-- Installing: /home/pi2/cleaningoceanplastics/install/services/include/services/services/srv/detail/imu_data__traits.hpp
-- Up-to-date: /home/pi2/cleaningoceanplastics/install/services/include/services/services
-- Up-to-date: /home/pi2/cleaningoceanplastics/install/services/include/services/services/msg
-- Installing: /home/pi2/cleaningoceanplastics/install/services/include/services/services/msg/rosidl_typesupport_fastrtps_cpp__visibility_control.h
-- Up-to-date: /home/pi2/cleaningoceanplastics/install/services/include/services/services/srv
-- Up-to-date: /home/pi2/cleaningoceanplastics/install/services/include/services/services/srv/detail
-- Installing: /home/pi2/cleaningoceanplastics/install/services/include/services/services/srv/detail/imu_data__rosidl_typesupport_fastrtps_cpp.hpp
-- Installing: /home/pi2/cleaningoceanplastics/install/services/include/services/services/srv/detail/dds_fastrtps
-- Installing: /home/pi2/cleaningoceanplastics/install/services/lib/libservices__rosidl_typesupport_fastrtps_cpp.so
-- Set non-toolchain portion of runtime path of "/home/pi2/cleaningoceanplastics/install/services/lib/libservices__rosidl_typesupport_fastrtps_cpp.so" to ""
-- Up-to-date: /home/pi2/cleaningoceanplastics/install/services/include/services/services
-- Up-to-date: /home/pi2/cleaningoceanplastics/install/services/include/services/services/msg
-- Installing: /home/pi2/cleaningoceanplastics/install/services/include/services/services/msg/rosidl_typesupport_introspection_c__visibility_control.h
-- Up-to-date: /home/pi2/cleaningoceanplastics/install/services/include/services/services/srv
-- Up-to-date: /home/pi2/cleaningoceanplastics/install/services/include/services/services/srv/detail
-- Installing: /home/pi2/cleaningoceanplastics/install/services/include/services/services/srv/detail/imu_data__rosidl_typesupport_introspection_c.h
-- Installing: /home/pi2/cleaningoceanplastics/install/services/include/services/services/srv/detail/imu_data__type_support.c
-- Installing: /home/pi2/cleaningoceanplastics/install/services/lib/libservices__rosidl_typesupport_introspection_c.so
-- Set non-toolchain portion of runtime path of "/home/pi2/cleaningoceanplastics/install/services/lib/libservices__rosidl_typesupport_introspection_c.so" to ""
-- Installing: /home/pi2/cleaningoceanplastics/install/services/lib/libservices__rosidl_typesupport_c.so
-- Set non-toolchain portion of runtime path of "/home/pi2/cleaningoceanplastics/install/services/lib/libservices__rosidl_typesupport_c.so" to ""
-- Up-to-date: /home/pi2/cleaningoceanplastics/install/services/include/services/services
-- Up-to-date: /home/pi2/cleaningoceanplastics/install/services/include/services/services/srv
-- Up-to-date: /home/pi2/cleaningoceanplastics/install/services/include/services/services/srv/detail
-- Installing: /home/pi2/cleaningoceanplastics/install/services/include/services/services/srv/detail/imu_data__rosidl_typesupport_introspection_cpp.hpp
-- Installing: /home/pi2/cleaningoceanplastics/install/services/include/services/services/srv/detail/imu_data__type_support.cpp
-- Installing: /home/pi2/cleaningoceanplastics/install/services/lib/libservices__rosidl_typesupport_introspection_cpp.so
-- Set non-toolchain portion of runtime path of "/home/pi2/cleaningoceanplastics/install/services/lib/libservices__rosidl_typesupport_introspection_cpp.so" to ""
-- Installing: /home/pi2/cleaningoceanplastics/install/services/lib/libservices__rosidl_typesupport_cpp.so
-- Set non-toolchain portion of runtime path of "/home/pi2/cleaningoceanplastics/install/services/lib/libservices__rosidl_typesupport_cpp.so" to ""
-- Installing: /home/pi2/cleaningoceanplastics/install/services/share/services/environment/pythonpath.sh
-- Installing: /home/pi2/cleaningoceanplastics/install/services/share/services/environment/pythonpath.dsv
-- Installing: /home/pi2/cleaningoceanplastics/install/services/lib/python3.12/site-packages/services-0.0.0-py3.12.egg-info
-- Installing: /home/pi2/cleaningoceanplastics/install/services/lib/python3.12/site-packages/services-0.0.0-py3.12.egg-info/SOURCES.txt
-- Installing: /home/pi2/cleaningoceanplastics/install/services/lib/python3.12/site-packages/services-0.0.0-py3.12.egg-info/top_level.txt
-- Installing: /home/pi2/cleaningoceanplastics/install/services/lib/python3.12/site-packages/services-0.0.0-py3.12.egg-info/PKG-INFO
-- Installing: /home/pi2/cleaningoceanplastics/install/services/lib/python3.12/site-packages/services-0.0.0-py3.12.egg-info/dependency_links.txt
-- Installing: /home/pi2/cleaningoceanplastics/install/services/lib/python3.12/site-packages/services
-- Installing: /home/pi2/cleaningoceanplastics/install/services/lib/python3.12/site-packages/services/_services_s.ep.rosidl_typesupport_introspection_c.c
-- Installing: /home/pi2/cleaningoceanplastics/install/services/lib/python3.12/site-packages/services/__init__.py
-- Installing: /home/pi2/cleaningoceanplastics/install/services/lib/python3.12/site-packages/services/_services_s.ep.rosidl_typesupport_fastrtps_c.c
-- Installing: /home/pi2/cleaningoceanplastics/install/services/lib/python3.12/site-packages/services/services_s__rosidl_typesupport_c.so
-- Installing: /home/pi2/cleaningoceanplastics/install/services/lib/python3.12/site-packages/services/srv
-- Installing: /home/pi2/cleaningoceanplastics/install/services/lib/python3.12/site-packages/services/srv/__init__.py
-- Installing: /home/pi2/cleaningoceanplastics/install/services/lib/python3.12/site-packages/services/srv/_imu_data_s.c
-- Installing: /home/pi2/cleaningoceanplastics/install/services/lib/python3.12/site-packages/services/srv/_imu_data.py
-- Installing: /home/pi2/cleaningoceanplastics/install/services/lib/python3.12/site-packages/services/services_s__rosidl_typesupport_fastrtps_c.so
-- Installing: /home/pi2/cleaningoceanplastics/install/services/lib/python3.12/site-packages/services/_services_s.ep.rosidl_typesupport_c.c
-- Installing: /home/pi2/cleaningoceanplastics/install/services/lib/python3.12/site-packages/services/services_s__rosidl_typesupport_introspection_c.so
Listing '/home/pi2/cleaningoceanplastics/install/services/lib/python3.12/site-packages/services'...
Compiling '/home/pi2/cleaningoceanplastics/install/services/lib/python3.12/site-packages/services/__init__.py'...
Listing '/home/pi2/cleaningoceanplastics/install/services/lib/python3.12/site-packages/services/srv'...
Compiling '/home/pi2/cleaningoceanplastics/install/services/lib/python3.12/site-packages/services/srv/__init__.py'...
Compiling '/home/pi2/cleaningoceanplastics/install/services/lib/python3.12/site-packages/services/srv/_imu_data.py'...
-- Installing: /home/pi2/cleaningoceanplastics/install/services/lib/python3.12/site-packages/services/services_s__rosidl_typesupport_fastrtps_c.so
-- Set non-toolchain portion of runtime path of "/home/pi2/cleaningoceanplastics/install/services/lib/python3.12/site-packages/services/services_s__rosidl_typesupport_fastrtps_c.so" to ""
-- Installing: /home/pi2/cleaningoceanplastics/install/services/lib/python3.12/site-packages/services/services_s__rosidl_typesupport_introspection_c.so
-- Set non-toolchain portion of runtime path of "/home/pi2/cleaningoceanplastics/install/services/lib/python3.12/site-packages/services/services_s__rosidl_typesupport_introspection_c.so" to ""
-- Installing: /home/pi2/cleaningoceanplastics/install/services/lib/python3.12/site-packages/services/services_s__rosidl_typesupport_c.so
-- Set non-toolchain portion of runtime path of "/home/pi2/cleaningoceanplastics/install/services/lib/python3.12/site-packages/services/services_s__rosidl_typesupport_c.so" to ""
-- Installing: /home/pi2/cleaningoceanplastics/install/services/lib/libservices__rosidl_generator_py.so
-- Set non-toolchain portion of runtime path of "/home/pi2/cleaningoceanplastics/install/services/lib/libservices__rosidl_generator_py.so" to ""
-- Installing: /home/pi2/cleaningoceanplastics/install/services/share/services/srv/IMUData.idl
-- Installing: /home/pi2/cleaningoceanplastics/install/services/share/services/srv/IMUData.srv
-- Installing: /home/pi2/cleaningoceanplastics/install/services/share/ament_index/resource_index/package_run_dependencies/services
-- Installing: /home/pi2/cleaningoceanplastics/install/services/share/ament_index/resource_index/parent_prefix_path/services
-- Installing: /home/pi2/cleaningoceanplastics/install/services/share/services/environment/ament_prefix_path.sh
-- Installing: /home/pi2/cleaningoceanplastics/install/services/share/services/environment/ament_prefix_path.dsv
-- Installing: /home/pi2/cleaningoceanplastics/install/services/share/services/environment/path.sh
-- Installing: /home/pi2/cleaningoceanplastics/install/services/share/services/environment/path.dsv
-- Installing: /home/pi2/cleaningoceanplastics/install/services/share/services/local_setup.bash
-- Installing: /home/pi2/cleaningoceanplastics/install/services/share/services/local_setup.sh
-- Installing: /home/pi2/cleaningoceanplastics/install/services/share/services/local_setup.zsh
-- Installing: /home/pi2/cleaningoceanplastics/install/services/share/services/local_setup.dsv
-- Installing: /home/pi2/cleaningoceanplastics/install/services/share/services/package.dsv
-- Installing: /home/pi2/cleaningoceanplastics/install/services/share/ament_index/resource_index/packages/services
-- Installing: /home/pi2/cleaningoceanplastics/install/services/share/services/cmake/export_services__rosidl_generator_cExport.cmake
-- Installing: /home/pi2/cleaningoceanplastics/install/services/share/services/cmake/export_services__rosidl_generator_cExport-noconfig.cmake
-- Installing: /home/pi2/cleaningoceanplastics/install/services/share/services/cmake/export_services__rosidl_typesupport_fastrtps_cExport.cmake
-- Installing: /home/pi2/cleaningoceanplastics/install/services/share/services/cmake/export_services__rosidl_typesupport_fastrtps_cExport-noconfig.cmake
-- Installing: /home/pi2/cleaningoceanplastics/install/services/share/services/cmake/export_services__rosidl_generator_cppExport.cmake
-- Installing: /home/pi2/cleaningoceanplastics/install/services/share/services/cmake/export_services__rosidl_typesupport_fastrtps_cppExport.cmake
-- Installing: /home/pi2/cleaningoceanplastics/install/services/share/services/cmake/export_services__rosidl_typesupport_fastrtps_cppExport-noconfig.cmake
-- Installing: /home/pi2/cleaningoceanplastics/install/services/share/services/cmake/services__rosidl_typesupport_introspection_cExport.cmake
-- Installing: /home/pi2/cleaningoceanplastics/install/services/share/services/cmake/services__rosidl_typesupport_introspection_cExport-noconfig.cmake
-- Installing: /home/pi2/cleaningoceanplastics/install/services/share/services/cmake/services__rosidl_typesupport_cExport.cmake
-- Installing: /home/pi2/cleaningoceanplastics/install/services/share/services/cmake/services__rosidl_typesupport_cExport-noconfig.cmake
-- Installing: /home/pi2/cleaningoceanplastics/install/services/share/services/cmake/services__rosidl_typesupport_introspection_cppExport.cmake
-- Installing: /home/pi2/cleaningoceanplastics/install/services/share/services/cmake/services__rosidl_typesupport_introspection_cppExport-noconfig.cmake
-- Installing: /home/pi2/cleaningoceanplastics/install/services/share/services/cmake/services__rosidl_typesupport_cppExport.cmake
-- Installing: /home/pi2/cleaningoceanplastics/install/services/share/services/cmake/services__rosidl_typesupport_cppExport-noconfig.cmake
-- Installing: /home/pi2/cleaningoceanplastics/install/services/share/services/cmake/export_services__rosidl_generator_pyExport.cmake
-- Installing: /home/pi2/cleaningoceanplastics/install/services/share/services/cmake/export_services__rosidl_generator_pyExport-noconfig.cmake
-- Installing: /home/pi2/cleaningoceanplastics/install/services/share/services/cmake/rosidl_cmake-extras.cmake
-- Installing: /home/pi2/cleaningoceanplastics/install/services/share/services/cmake/ament_cmake_export_dependencies-extras.cmake
-- Installing: /home/pi2/cleaningoceanplastics/install/services/share/services/cmake/ament_cmake_export_include_directories-extras.cmake
-- Installing: /home/pi2/cleaningoceanplastics/install/services/share/services/cmake/ament_cmake_export_libraries-extras.cmake
-- Installing: /home/pi2/cleaningoceanplastics/install/services/share/services/cmake/ament_cmake_export_targets-extras.cmake
-- Installing: /home/pi2/cleaningoceanplastics/install/services/share/services/cmake/rosidl_cmake_export_typesupport_targets-extras.cmake
-- Installing: /home/pi2/cleaningoceanplastics/install/services/share/services/cmake/rosidl_cmake_export_typesupport_libraries-extras.cmake
-- Installing: /home/pi2/cleaningoceanplastics/install/services/share/services/cmake/servicesConfig.cmake
-- Installing: /home/pi2/cleaningoceanplastics/install/services/share/services/cmake/servicesConfig-version.cmake
-- Installing: /home/pi2/cleaningoceanplastics/install/services/share/services/package.xml
