[0.333s] Invoking command in '/home/pi2/cleaningoceanplastics/build/services': CMAKE_PREFIX_PATH=${CMAKE_PREFIX_PATH}:/opt/ros/jazzy DEBUGINFOD_URLS=https://debuginfod.ubuntu.com /usr/bin/cmake /home/pi2/cleaningoceanplastics/ros2_ws/src/services -DCMAKE_INSTALL_PREFIX=/home/pi2/cleaningoceanplastics/install/services
[0.950s] -- The C compiler identification is GNU 13.3.0
[1.437s] -- The CXX compiler identification is GNU 13.3.0
[1.483s] -- Detecting C compiler ABI info
[1.686s] -- Detecting C compiler ABI info - done
[1.701s] -- Check for working C compiler: /usr/bin/cc - skipped
[1.702s] -- Detecting C compile features
[1.703s] -- Detecting C compile features - done
[1.724s] -- Detecting CXX compiler ABI info
[1.907s] -- Detecting CXX compiler ABI info - done
[1.921s] -- Check for working CXX compiler: /usr/bin/c++ - skipped
[1.921s] -- Detecting CXX compile features
[1.921s] -- Detecting CXX compile features - done
[1.927s] -- Found ament_cmake: 2.5.3 (/opt/ros/jazzy/share/ament_cmake/cmake)
[2.228s] -- Found Python3: /usr/bin/python3 (found version "3.12.3") found components: Interpreter 
[2.455s] -- Found geometry_msgs: 5.3.5 (/opt/ros/jazzy/share/geometry_msgs/cmake)
[2.542s] -- Found rosidl_generator_c: 4.6.5 (/opt/ros/jazzy/share/rosidl_generator_c/cmake)
[2.568s] -- Found rosidl_generator_cpp: 4.6.5 (/opt/ros/jazzy/share/rosidl_generator_cpp/cmake)
[2.605s] -- Using all available rosidl_typesupport_c: rosidl_typesupport_fastrtps_c;rosidl_typesupport_introspection_c
[2.644s] -- Using all available rosidl_typesupport_cpp: rosidl_typesupport_fastrtps_cpp;rosidl_typesupport_introspection_cpp
[2.750s] -- Found rosidl_default_generators: 1.6.0 (/opt/ros/jazzy/share/rosidl_default_generators/cmake)
[2.779s] -- Found rosidl_adapter: 4.6.5 (/opt/ros/jazzy/share/rosidl_adapter/cmake)
[3.883s] -- Found ament_cmake_ros: 0.12.0 (/opt/ros/jazzy/share/ament_cmake_ros/cmake)
[5.212s] -- Using all available rosidl_typesupport_c: rosidl_typesupport_fastrtps_c;rosidl_typesupport_introspection_c
[5.712s] -- Using all available rosidl_typesupport_cpp: rosidl_typesupport_fastrtps_cpp;rosidl_typesupport_introspection_cpp
[5.717s] -- Found python_cmake_module: 0.11.1 (/opt/ros/jazzy/share/python_cmake_module/cmake)
[5.921s] -- Found PythonExtra: /usr/bin/python3  
[7.001s] -- Found Python3: /usr/bin/python3 (found version "3.12.3") found components: Interpreter Development NumPy Development.Module Development.Embed 
[7.095s] -- Found ament_lint_auto: 0.17.1 (/opt/ros/jazzy/share/ament_lint_auto/cmake)
[7.144s] -- Added test 'lint_cmake' to check CMake code style
[7.148s] -- Added test 'xmllint' to check XML markup files
[7.153s] -- Configuring done (6.7s)
[7.215s] -- Generating done (0.0s)
[7.232s] -- Build files have been written to: /home/pi2/cleaningoceanplastics/build/services
[7.254s] Invoked command in '/home/pi2/cleaningoceanplastics/build/services' returned '0': CMAKE_PREFIX_PATH=${CMAKE_PREFIX_PATH}:/opt/ros/jazzy DEBUGINFOD_URLS=https://debuginfod.ubuntu.com /usr/bin/cmake /home/pi2/cleaningoceanplastics/ros2_ws/src/services -DCMAKE_INSTALL_PREFIX=/home/pi2/cleaningoceanplastics/install/services
[7.256s] Invoking command in '/home/pi2/cleaningoceanplastics/build/services': CMAKE_PREFIX_PATH=${CMAKE_PREFIX_PATH}:/opt/ros/jazzy DEBUGINFOD_URLS=https://debuginfod.ubuntu.com /usr/bin/cmake --build /home/pi2/cleaningoceanplastics/build/services -- -j4 -l4
[7.343s] [  2%] [34m[1mGenerating type hashes for ROS interfaces[0m
[7.359s] [  2%] Built target ament_cmake_python_copy_services
[7.664s] [  2%] Built target services__rosidl_generator_type_description
[7.668s] running egg_info
[7.669s] creating services.egg-info
[7.684s] [  5%] [34m[1mGenerating C code for ROS interfaces[0m
[7.699s] writing services.egg-info/PKG-INFO
[7.700s] writing dependency_links to services.egg-info/dependency_links.txt
[7.700s] writing top-level names to services.egg-info/top_level.txt
[7.700s] writing manifest file 'services.egg-info/SOURCES.txt'
[7.702s] [  8%] [34m[1mGenerating C++ code for ROS interfaces[0m
[7.788s] reading manifest file 'services.egg-info/SOURCES.txt'
[7.788s] writing manifest file 'services.egg-info/SOURCES.txt'
[7.869s] [  8%] Built target ament_cmake_python_build_services_egg
[8.193s] [  8%] Built target services__cpp
[8.240s] [ 17%] [32mBuilding C object CMakeFiles/services__rosidl_generator_c.dir/rosidl_generator_c/services/srv/detail/imu_data__type_support.c.o[0m
[8.240s] [ 17%] [32mBuilding C object CMakeFiles/services__rosidl_generator_c.dir/rosidl_generator_c/services/srv/detail/imu_data__functions.c.o[0m
[8.240s] [ 17%] [32mBuilding C object CMakeFiles/services__rosidl_generator_c.dir/rosidl_generator_c/services/srv/detail/imu_data__description.c.o[0m
[8.436s] [ 20%] [32m[1mLinking C shared library libservices__rosidl_generator_c.so[0m
[8.528s] [ 20%] Built target services__rosidl_generator_c
[8.552s] [ 26%] [34m[1mGenerating C++ introspection for ROS interfaces[0m
[8.552s] [ 26%] [34m[1mGenerating C++ type support dispatch for ROS interfaces[0m
[8.552s] [ 32%] [34m[1mGenerating C introspection for ROS interfaces[0m
[8.552s] [ 32%] [34m[1mGenerating C type support dispatch for ROS interfaces[0m
[9.100s] [ 35%] [32mBuilding CXX object CMakeFiles/services__rosidl_typesupport_c.dir/rosidl_typesupport_c/services/srv/imu_data__type_support.cpp.o[0m
[9.109s] [ 38%] [32mBuilding CXX object CMakeFiles/services__rosidl_typesupport_cpp.dir/rosidl_typesupport_cpp/services/srv/imu_data__type_support.cpp.o[0m
[9.183s] [ 41%] [32mBuilding CXX object CMakeFiles/services__rosidl_typesupport_introspection_cpp.dir/rosidl_typesupport_introspection_cpp/services/srv/detail/imu_data__type_support.cpp.o[0m
[9.197s] [ 44%] [32mBuilding C object CMakeFiles/services__rosidl_typesupport_introspection_c.dir/rosidl_typesupport_introspection_c/services/srv/detail/imu_data__type_support.c.o[0m
[9.241s] [ 47%] [32m[1mLinking CXX shared library libservices__rosidl_typesupport_c.so[0m
[9.298s] [ 50%] [32m[1mLinking C shared library libservices__rosidl_typesupport_introspection_c.so[0m
[9.353s] [ 50%] Built target services__rosidl_typesupport_c
[9.373s] [ 52%] [34m[1mGenerating C type support for eProsima Fast-RTPS[0m
[9.377s] [ 52%] Built target services__rosidl_typesupport_introspection_c
[9.403s] [ 55%] [34m[1mGenerating C++ type support for eProsima Fast-RTPS[0m
[10.005s] [ 58%] [32mBuilding CXX object CMakeFiles/services__rosidl_typesupport_fastrtps_c.dir/rosidl_typesupport_fastrtps_c/services/srv/detail/imu_data__type_support_c.cpp.o[0m
[10.033s] [ 61%] [32mBuilding CXX object CMakeFiles/services__rosidl_typesupport_fastrtps_cpp.dir/rosidl_typesupport_fastrtps_cpp/services/srv/detail/dds_fastrtps/imu_data__type_support.cpp.o[0m
[10.137s] [ 64%] [32m[1mLinking CXX shared library libservices__rosidl_typesupport_cpp.so[0m
[10.182s] [ 67%] [32m[1mLinking CXX shared library libservices__rosidl_typesupport_introspection_cpp.so[0m
[10.344s] [ 67%] Built target services__rosidl_typesupport_cpp
[10.397s] [ 67%] Built target services__rosidl_typesupport_introspection_cpp
[10.902s] [ 70%] [32m[1mLinking CXX shared library libservices__rosidl_typesupport_fastrtps_c.so[0m
[11.011s] [ 70%] Built target services__rosidl_typesupport_fastrtps_c
[11.066s] [ 73%] [32m[1mLinking CXX shared library libservices__rosidl_typesupport_fastrtps_cpp.so[0m
[11.225s] [ 73%] Built target services__rosidl_typesupport_fastrtps_cpp
[11.263s] [ 73%] Built target services
[11.299s] [ 76%] [34m[1mGenerating Python code for ROS interfaces[0m
[11.823s] [ 76%] Built target services__py
[11.859s] [ 79%] [32mBuilding C object CMakeFiles/services__rosidl_generator_py.dir/rosidl_generator_py/services/srv/_imu_data_s.c.o[0m
[12.185s] [ 82%] [32m[1mLinking C shared library libservices__rosidl_generator_py.so[0m
[12.274s] [ 82%] Built target services__rosidl_generator_py
[12.313s] [ 91%] [32mBuilding C object CMakeFiles/services_s__rosidl_typesupport_c.dir/rosidl_generator_py/services/_services_s.ep.rosidl_typesupport_c.c.o[0m
[12.313s] [ 91%] [32mBuilding C object CMakeFiles/services_s__rosidl_typesupport_introspection_c.dir/rosidl_generator_py/services/_services_s.ep.rosidl_typesupport_introspection_c.c.o[0m
[12.313s] [ 91%] [32mBuilding C object CMakeFiles/services_s__rosidl_typesupport_fastrtps_c.dir/rosidl_generator_py/services/_services_s.ep.rosidl_typesupport_fastrtps_c.c.o[0m
[12.497s] [ 97%] [32m[1mLinking C shared module rosidl_generator_py/services/services_s__rosidl_typesupport_c.so[0m
[12.498s] [ 97%] [32m[1mLinking C shared module rosidl_generator_py/services/services_s__rosidl_typesupport_introspection_c.so[0m
[12.504s] [100%] [32m[1mLinking C shared module rosidl_generator_py/services/services_s__rosidl_typesupport_fastrtps_c.so[0m
[12.556s] [100%] Built target services_s__rosidl_typesupport_c
[12.559s] [100%] Built target services_s__rosidl_typesupport_introspection_c
[12.572s] [100%] Built target services_s__rosidl_typesupport_fastrtps_c
[12.594s] Invoked command in '/home/pi2/cleaningoceanplastics/build/services' returned '0': CMAKE_PREFIX_PATH=${CMAKE_PREFIX_PATH}:/opt/ros/jazzy DEBUGINFOD_URLS=https://debuginfod.ubuntu.com /usr/bin/cmake --build /home/pi2/cleaningoceanplastics/build/services -- -j4 -l4
[12.612s] Invoking command in '/home/pi2/cleaningoceanplastics/build/services': CMAKE_PREFIX_PATH=${CMAKE_PREFIX_PATH}:/opt/ros/jazzy DEBUGINFOD_URLS=https://debuginfod.ubuntu.com /usr/bin/cmake --install /home/pi2/cleaningoceanplastics/build/services
[12.627s] -- Install configuration: ""
[12.628s] -- Installing: /home/pi2/cleaningoceanplastics/install/services/share/ament_index/resource_index/rosidl_interfaces/services
[12.628s] -- Installing: /home/pi2/cleaningoceanplastics/install/services/share/services/srv/IMUData.json
[12.628s] -- Installing: /home/pi2/cleaningoceanplastics/install/services/include/services/services
[12.628s] -- Installing: /home/pi2/cleaningoceanplastics/install/services/include/services/services/msg
[12.629s] -- Installing: /home/pi2/cleaningoceanplastics/install/services/include/services/services/msg/rosidl_generator_c__visibility_control.h
[12.629s] -- Installing: /home/pi2/cleaningoceanplastics/install/services/include/services/services/srv
[12.629s] -- Installing: /home/pi2/cleaningoceanplastics/install/services/include/services/services/srv/imu_data.h
[12.629s] -- Installing: /home/pi2/cleaningoceanplastics/install/services/include/services/services/srv/detail
[12.629s] -- Installing: /home/pi2/cleaningoceanplastics/install/services/include/services/services/srv/detail/imu_data__functions.c
[12.629s] -- Installing: /home/pi2/cleaningoceanplastics/install/services/include/services/services/srv/detail/imu_data__description.c
[12.629s] -- Installing: /home/pi2/cleaningoceanplastics/install/services/include/services/services/srv/detail/imu_data__functions.h
[12.630s] -- Installing: /home/pi2/cleaningoceanplastics/install/services/include/services/services/srv/detail/imu_data__type_support.h
[12.630s] -- Installing: /home/pi2/cleaningoceanplastics/install/services/include/services/services/srv/detail/imu_data__type_support.c
[12.630s] -- Installing: /home/pi2/cleaningoceanplastics/install/services/include/services/services/srv/detail/imu_data__struct.h
[12.630s] -- Installing: /home/pi2/cleaningoceanplastics/install/services/share/services/environment/library_path.sh
[12.630s] -- Installing: /home/pi2/cleaningoceanplastics/install/services/share/services/environment/library_path.dsv
[12.630s] -- Installing: /home/pi2/cleaningoceanplastics/install/services/lib/libservices__rosidl_generator_c.so
[12.631s] -- Set non-toolchain portion of runtime path of "/home/pi2/cleaningoceanplastics/install/services/lib/libservices__rosidl_generator_c.so" to ""
[12.631s] -- Up-to-date: /home/pi2/cleaningoceanplastics/install/services/include/services/services
[12.631s] -- Up-to-date: /home/pi2/cleaningoceanplastics/install/services/include/services/services/msg
[12.631s] -- Installing: /home/pi2/cleaningoceanplastics/install/services/include/services/services/msg/rosidl_typesupport_fastrtps_c__visibility_control.h
[12.631s] -- Up-to-date: /home/pi2/cleaningoceanplastics/install/services/include/services/services/srv
[12.632s] -- Up-to-date: /home/pi2/cleaningoceanplastics/install/services/include/services/services/srv/detail
[12.632s] -- Installing: /home/pi2/cleaningoceanplastics/install/services/include/services/services/srv/detail/imu_data__rosidl_typesupport_fastrtps_c.h
[12.632s] -- Installing: /home/pi2/cleaningoceanplastics/install/services/lib/libservices__rosidl_typesupport_fastrtps_c.so
[12.632s] -- Set non-toolchain portion of runtime path of "/home/pi2/cleaningoceanplastics/install/services/lib/libservices__rosidl_typesupport_fastrtps_c.so" to ""
[12.632s] -- Up-to-date: /home/pi2/cleaningoceanplastics/install/services/include/services/services
[12.632s] -- Up-to-date: /home/pi2/cleaningoceanplastics/install/services/include/services/services/msg
[12.633s] -- Installing: /home/pi2/cleaningoceanplastics/install/services/include/services/services/msg/rosidl_generator_cpp__visibility_control.hpp
[12.633s] -- Up-to-date: /home/pi2/cleaningoceanplastics/install/services/include/services/services/srv
[12.633s] -- Installing: /home/pi2/cleaningoceanplastics/install/services/include/services/services/srv/imu_data.hpp
[12.633s] -- Up-to-date: /home/pi2/cleaningoceanplastics/install/services/include/services/services/srv/detail
[12.633s] -- Installing: /home/pi2/cleaningoceanplastics/install/services/include/services/services/srv/detail/imu_data__struct.hpp
[12.633s] -- Installing: /home/pi2/cleaningoceanplastics/install/services/include/services/services/srv/detail/imu_data__builder.hpp
[12.633s] -- Installing: /home/pi2/cleaningoceanplastics/install/services/include/services/services/srv/detail/imu_data__type_support.hpp
[12.633s] -- Installing: /home/pi2/cleaningoceanplastics/install/services/include/services/services/srv/detail/imu_data__traits.hpp
[12.633s] -- Up-to-date: /home/pi2/cleaningoceanplastics/install/services/include/services/services
[12.633s] -- Up-to-date: /home/pi2/cleaningoceanplastics/install/services/include/services/services/msg
[12.634s] -- Installing: /home/pi2/cleaningoceanplastics/install/services/include/services/services/msg/rosidl_typesupport_fastrtps_cpp__visibility_control.h
[12.634s] -- Up-to-date: /home/pi2/cleaningoceanplastics/install/services/include/services/services/srv
[12.634s] -- Up-to-date: /home/pi2/cleaningoceanplastics/install/services/include/services/services/srv/detail
[12.634s] -- Installing: /home/pi2/cleaningoceanplastics/install/services/include/services/services/srv/detail/imu_data__rosidl_typesupport_fastrtps_cpp.hpp
[12.634s] -- Installing: /home/pi2/cleaningoceanplastics/install/services/include/services/services/srv/detail/dds_fastrtps
[12.634s] -- Installing: /home/pi2/cleaningoceanplastics/install/services/lib/libservices__rosidl_typesupport_fastrtps_cpp.so
[12.635s] -- Set non-toolchain portion of runtime path of "/home/pi2/cleaningoceanplastics/install/services/lib/libservices__rosidl_typesupport_fastrtps_cpp.so" to ""
[12.635s] -- Up-to-date: /home/pi2/cleaningoceanplastics/install/services/include/services/services
[12.635s] -- Up-to-date: /home/pi2/cleaningoceanplastics/install/services/include/services/services/msg
[12.635s] -- Installing: /home/pi2/cleaningoceanplastics/install/services/include/services/services/msg/rosidl_typesupport_introspection_c__visibility_control.h
[12.635s] -- Up-to-date: /home/pi2/cleaningoceanplastics/install/services/include/services/services/srv
[12.635s] -- Up-to-date: /home/pi2/cleaningoceanplastics/install/services/include/services/services/srv/detail
[12.635s] -- Installing: /home/pi2/cleaningoceanplastics/install/services/include/services/services/srv/detail/imu_data__rosidl_typesupport_introspection_c.h
[12.635s] -- Installing: /home/pi2/cleaningoceanplastics/install/services/include/services/services/srv/detail/imu_data__type_support.c
[12.636s] -- Installing: /home/pi2/cleaningoceanplastics/install/services/lib/libservices__rosidl_typesupport_introspection_c.so
[12.636s] -- Set non-toolchain portion of runtime path of "/home/pi2/cleaningoceanplastics/install/services/lib/libservices__rosidl_typesupport_introspection_c.so" to ""
[12.636s] -- Installing: /home/pi2/cleaningoceanplastics/install/services/lib/libservices__rosidl_typesupport_c.so
[12.637s] -- Set non-toolchain portion of runtime path of "/home/pi2/cleaningoceanplastics/install/services/lib/libservices__rosidl_typesupport_c.so" to ""
[12.637s] -- Up-to-date: /home/pi2/cleaningoceanplastics/install/services/include/services/services
[12.637s] -- Up-to-date: /home/pi2/cleaningoceanplastics/install/services/include/services/services/srv
[12.637s] -- Up-to-date: /home/pi2/cleaningoceanplastics/install/services/include/services/services/srv/detail
[12.637s] -- Installing: /home/pi2/cleaningoceanplastics/install/services/include/services/services/srv/detail/imu_data__rosidl_typesupport_introspection_cpp.hpp
[12.637s] -- Installing: /home/pi2/cleaningoceanplastics/install/services/include/services/services/srv/detail/imu_data__type_support.cpp
[12.637s] -- Installing: /home/pi2/cleaningoceanplastics/install/services/lib/libservices__rosidl_typesupport_introspection_cpp.so
[12.638s] -- Set non-toolchain portion of runtime path of "/home/pi2/cleaningoceanplastics/install/services/lib/libservices__rosidl_typesupport_introspection_cpp.so" to ""
[12.638s] -- Installing: /home/pi2/cleaningoceanplastics/install/services/lib/libservices__rosidl_typesupport_cpp.so
[12.638s] -- Set non-toolchain portion of runtime path of "/home/pi2/cleaningoceanplastics/install/services/lib/libservices__rosidl_typesupport_cpp.so" to ""
[12.639s] -- Installing: /home/pi2/cleaningoceanplastics/install/services/share/services/environment/pythonpath.sh
[12.639s] -- Installing: /home/pi2/cleaningoceanplastics/install/services/share/services/environment/pythonpath.dsv
[12.639s] -- Installing: /home/pi2/cleaningoceanplastics/install/services/lib/python3.12/site-packages/services-0.0.0-py3.12.egg-info
[12.639s] -- Installing: /home/pi2/cleaningoceanplastics/install/services/lib/python3.12/site-packages/services-0.0.0-py3.12.egg-info/SOURCES.txt
[12.639s] -- Installing: /home/pi2/cleaningoceanplastics/install/services/lib/python3.12/site-packages/services-0.0.0-py3.12.egg-info/top_level.txt
[12.639s] -- Installing: /home/pi2/cleaningoceanplastics/install/services/lib/python3.12/site-packages/services-0.0.0-py3.12.egg-info/PKG-INFO
[12.639s] -- Installing: /home/pi2/cleaningoceanplastics/install/services/lib/python3.12/site-packages/services-0.0.0-py3.12.egg-info/dependency_links.txt
[12.640s] -- Installing: /home/pi2/cleaningoceanplastics/install/services/lib/python3.12/site-packages/services
[12.640s] -- Installing: /home/pi2/cleaningoceanplastics/install/services/lib/python3.12/site-packages/services/_services_s.ep.rosidl_typesupport_introspection_c.c
[12.640s] -- Installing: /home/pi2/cleaningoceanplastics/install/services/lib/python3.12/site-packages/services/__init__.py
[12.640s] -- Installing: /home/pi2/cleaningoceanplastics/install/services/lib/python3.12/site-packages/services/_services_s.ep.rosidl_typesupport_fastrtps_c.c
[12.640s] -- Installing: /home/pi2/cleaningoceanplastics/install/services/lib/python3.12/site-packages/services/services_s__rosidl_typesupport_c.so
[12.640s] -- Installing: /home/pi2/cleaningoceanplastics/install/services/lib/python3.12/site-packages/services/srv
[12.640s] -- Installing: /home/pi2/cleaningoceanplastics/install/services/lib/python3.12/site-packages/services/srv/__init__.py
[12.641s] -- Installing: /home/pi2/cleaningoceanplastics/install/services/lib/python3.12/site-packages/services/srv/_imu_data_s.c
[12.641s] -- Installing: /home/pi2/cleaningoceanplastics/install/services/lib/python3.12/site-packages/services/srv/_imu_data.py
[12.641s] -- Installing: /home/pi2/cleaningoceanplastics/install/services/lib/python3.12/site-packages/services/services_s__rosidl_typesupport_fastrtps_c.so
[12.641s] -- Installing: /home/pi2/cleaningoceanplastics/install/services/lib/python3.12/site-packages/services/_services_s.ep.rosidl_typesupport_c.c
[12.641s] -- Installing: /home/pi2/cleaningoceanplastics/install/services/lib/python3.12/site-packages/services/services_s__rosidl_typesupport_introspection_c.so
[12.700s] Listing '/home/pi2/cleaningoceanplastics/install/services/lib/python3.12/site-packages/services'...
[12.701s] Compiling '/home/pi2/cleaningoceanplastics/install/services/lib/python3.12/site-packages/services/__init__.py'...
[12.701s] Listing '/home/pi2/cleaningoceanplastics/install/services/lib/python3.12/site-packages/services/srv'...
[12.701s] Compiling '/home/pi2/cleaningoceanplastics/install/services/lib/python3.12/site-packages/services/srv/__init__.py'...
[12.701s] Compiling '/home/pi2/cleaningoceanplastics/install/services/lib/python3.12/site-packages/services/srv/_imu_data.py'...
[12.713s] -- Installing: /home/pi2/cleaningoceanplastics/install/services/lib/python3.12/site-packages/services/services_s__rosidl_typesupport_fastrtps_c.so
[12.713s] -- Set non-toolchain portion of runtime path of "/home/pi2/cleaningoceanplastics/install/services/lib/python3.12/site-packages/services/services_s__rosidl_typesupport_fastrtps_c.so" to ""
[12.713s] -- Installing: /home/pi2/cleaningoceanplastics/install/services/lib/python3.12/site-packages/services/services_s__rosidl_typesupport_introspection_c.so
[12.714s] -- Set non-toolchain portion of runtime path of "/home/pi2/cleaningoceanplastics/install/services/lib/python3.12/site-packages/services/services_s__rosidl_typesupport_introspection_c.so" to ""
[12.714s] -- Installing: /home/pi2/cleaningoceanplastics/install/services/lib/python3.12/site-packages/services/services_s__rosidl_typesupport_c.so
[12.715s] -- Set non-toolchain portion of runtime path of "/home/pi2/cleaningoceanplastics/install/services/lib/python3.12/site-packages/services/services_s__rosidl_typesupport_c.so" to ""
[12.715s] -- Installing: /home/pi2/cleaningoceanplastics/install/services/lib/libservices__rosidl_generator_py.so
[12.716s] -- Set non-toolchain portion of runtime path of "/home/pi2/cleaningoceanplastics/install/services/lib/libservices__rosidl_generator_py.so" to ""
[12.716s] -- Installing: /home/pi2/cleaningoceanplastics/install/services/share/services/srv/IMUData.idl
[12.716s] -- Installing: /home/pi2/cleaningoceanplastics/install/services/share/services/srv/IMUData.srv
[12.716s] -- Installing: /home/pi2/cleaningoceanplastics/install/services/share/ament_index/resource_index/package_run_dependencies/services
[12.716s] -- Installing: /home/pi2/cleaningoceanplastics/install/services/share/ament_index/resource_index/parent_prefix_path/services
[12.716s] -- Installing: /home/pi2/cleaningoceanplastics/install/services/share/services/environment/ament_prefix_path.sh
[12.717s] -- Installing: /home/pi2/cleaningoceanplastics/install/services/share/services/environment/ament_prefix_path.dsv
[12.717s] -- Installing: /home/pi2/cleaningoceanplastics/install/services/share/services/environment/path.sh
[12.717s] -- Installing: /home/pi2/cleaningoceanplastics/install/services/share/services/environment/path.dsv
[12.717s] -- Installing: /home/pi2/cleaningoceanplastics/install/services/share/services/local_setup.bash
[12.717s] -- Installing: /home/pi2/cleaningoceanplastics/install/services/share/services/local_setup.sh
[12.717s] -- Installing: /home/pi2/cleaningoceanplastics/install/services/share/services/local_setup.zsh
[12.718s] -- Installing: /home/pi2/cleaningoceanplastics/install/services/share/services/local_setup.dsv
[12.718s] -- Installing: /home/pi2/cleaningoceanplastics/install/services/share/services/package.dsv
[12.718s] -- Installing: /home/pi2/cleaningoceanplastics/install/services/share/ament_index/resource_index/packages/services
[12.718s] -- Installing: /home/pi2/cleaningoceanplastics/install/services/share/services/cmake/export_services__rosidl_generator_cExport.cmake
[12.718s] -- Installing: /home/pi2/cleaningoceanplastics/install/services/share/services/cmake/export_services__rosidl_generator_cExport-noconfig.cmake
[12.719s] -- Installing: /home/pi2/cleaningoceanplastics/install/services/share/services/cmake/export_services__rosidl_typesupport_fastrtps_cExport.cmake
[12.720s] -- Installing: /home/pi2/cleaningoceanplastics/install/services/share/services/cmake/export_services__rosidl_typesupport_fastrtps_cExport-noconfig.cmake
[12.721s] -- Installing: /home/pi2/cleaningoceanplastics/install/services/share/services/cmake/export_services__rosidl_generator_cppExport.cmake
[12.721s] -- Installing: /home/pi2/cleaningoceanplastics/install/services/share/services/cmake/export_services__rosidl_typesupport_fastrtps_cppExport.cmake
[12.721s] -- Installing: /home/pi2/cleaningoceanplastics/install/services/share/services/cmake/export_services__rosidl_typesupport_fastrtps_cppExport-noconfig.cmake
[12.721s] -- Installing: /home/pi2/cleaningoceanplastics/install/services/share/services/cmake/services__rosidl_typesupport_introspection_cExport.cmake
[12.722s] -- Installing: /home/pi2/cleaningoceanplastics/install/services/share/services/cmake/services__rosidl_typesupport_introspection_cExport-noconfig.cmake
[12.722s] -- Installing: /home/pi2/cleaningoceanplastics/install/services/share/services/cmake/services__rosidl_typesupport_cExport.cmake
[12.722s] -- Installing: /home/pi2/cleaningoceanplastics/install/services/share/services/cmake/services__rosidl_typesupport_cExport-noconfig.cmake
[12.722s] -- Installing: /home/pi2/cleaningoceanplastics/install/services/share/services/cmake/services__rosidl_typesupport_introspection_cppExport.cmake
[12.722s] -- Installing: /home/pi2/cleaningoceanplastics/install/services/share/services/cmake/services__rosidl_typesupport_introspection_cppExport-noconfig.cmake
[12.723s] -- Installing: /home/pi2/cleaningoceanplastics/install/services/share/services/cmake/services__rosidl_typesupport_cppExport.cmake
[12.723s] -- Installing: /home/pi2/cleaningoceanplastics/install/services/share/services/cmake/services__rosidl_typesupport_cppExport-noconfig.cmake
[12.723s] -- Installing: /home/pi2/cleaningoceanplastics/install/services/share/services/cmake/export_services__rosidl_generator_pyExport.cmake
[12.723s] -- Installing: /home/pi2/cleaningoceanplastics/install/services/share/services/cmake/export_services__rosidl_generator_pyExport-noconfig.cmake
[12.724s] -- Installing: /home/pi2/cleaningoceanplastics/install/services/share/services/cmake/rosidl_cmake-extras.cmake
[12.724s] -- Installing: /home/pi2/cleaningoceanplastics/install/services/share/services/cmake/ament_cmake_export_dependencies-extras.cmake
[12.724s] -- Installing: /home/pi2/cleaningoceanplastics/install/services/share/services/cmake/ament_cmake_export_include_directories-extras.cmake
[12.724s] -- Installing: /home/pi2/cleaningoceanplastics/install/services/share/services/cmake/ament_cmake_export_libraries-extras.cmake
[12.724s] -- Installing: /home/pi2/cleaningoceanplastics/install/services/share/services/cmake/ament_cmake_export_targets-extras.cmake
[12.725s] -- Installing: /home/pi2/cleaningoceanplastics/install/services/share/services/cmake/rosidl_cmake_export_typesupport_targets-extras.cmake
[12.725s] -- Installing: /home/pi2/cleaningoceanplastics/install/services/share/services/cmake/rosidl_cmake_export_typesupport_libraries-extras.cmake
[12.725s] -- Installing: /home/pi2/cleaningoceanplastics/install/services/share/services/cmake/servicesConfig.cmake
[12.725s] -- Installing: /home/pi2/cleaningoceanplastics/install/services/share/services/cmake/servicesConfig-version.cmake
[12.725s] -- Installing: /home/pi2/cleaningoceanplastics/install/services/share/services/package.xml
[12.730s] Invoked command in '/home/pi2/cleaningoceanplastics/build/services' returned '0': CMAKE_PREFIX_PATH=${CMAKE_PREFIX_PATH}:/opt/ros/jazzy DEBUGINFOD_URLS=https://debuginfod.ubuntu.com /usr/bin/cmake --install /home/pi2/cleaningoceanplastics/build/services
