[0.339s] Invoking command in '/home/pi2/cleaningoceanplastics/build/services': CMAKE_PREFIX_PATH=${CMAKE_PREFIX_PATH}:/home/pi2/cleaningoceanplastics/install/test_input:/home/pi2/cleaningoceanplastics/install/nmea_navsat_driver:/opt/ros/jazzy DEBUGINFOD_URLS=https://debuginfod.ubuntu.com /usr/bin/cmake --build /home/pi2/cleaningoceanplastics/build/services -- -j4 -l4
[0.437s] [  2%] Built target services__rosidl_generator_type_description
[0.456s] [  2%] Built target ament_cmake_python_copy_services
[0.480s] [  5%] Built target services__cpp
[0.487s] [ 20%] Built target services__rosidl_generator_c
[0.542s] [ 29%] Built target services__rosidl_typesupport_c
[0.555s] [ 38%] Built target services__rosidl_typesupport_introspection_c
[0.562s] [ 47%] Built target services__rosidl_typesupport_introspection_cpp
[0.618s] [ 55%] Built target services__rosidl_typesupport_cpp
[0.624s] [ 64%] Built target services__rosidl_typesupport_fastrtps_c
[0.633s] [ 73%] Built target services__rosidl_typesupport_fastrtps_cpp
[0.673s] [ 73%] Built target services
[0.713s] [ 76%] Built target services__py
[0.764s] [ 82%] Built target services__rosidl_generator_py
[0.813s] [ 94%] Built target services_s__rosidl_typesupport_introspection_c
[0.813s] [ 94%] Built target services_s__rosidl_typesupport_fastrtps_c
[0.840s] [100%] Built target services_s__rosidl_typesupport_c
[0.868s] running egg_info
[0.897s] writing services.egg-info/PKG-INFO
[0.898s] writing dependency_links to services.egg-info/dependency_links.txt
[0.898s] writing top-level names to services.egg-info/top_level.txt
[0.980s] reading manifest file 'services.egg-info/SOURCES.txt'
[0.981s] writing manifest file 'services.egg-info/SOURCES.txt'
[1.054s] [100%] Built target ament_cmake_python_build_services_egg
[1.073s] Invoked command in '/home/pi2/cleaningoceanplastics/build/services' returned '0': CMAKE_PREFIX_PATH=${CMAKE_PREFIX_PATH}:/home/pi2/cleaningoceanplastics/install/test_input:/home/pi2/cleaningoceanplastics/install/nmea_navsat_driver:/opt/ros/jazzy DEBUGINFOD_URLS=https://debuginfod.ubuntu.com /usr/bin/cmake --build /home/pi2/cleaningoceanplastics/build/services -- -j4 -l4
[1.092s] Invoking command in '/home/pi2/cleaningoceanplastics/build/services': CMAKE_PREFIX_PATH=${CMAKE_PREFIX_PATH}:/home/pi2/cleaningoceanplastics/install/test_input:/home/pi2/cleaningoceanplastics/install/nmea_navsat_driver:/opt/ros/jazzy DEBUGINFOD_URLS=https://debuginfod.ubuntu.com /usr/bin/cmake --install /home/pi2/cleaningoceanplastics/build/services
[1.107s] -- Install configuration: ""
[1.109s] -- Up-to-date: /home/pi2/cleaningoceanplastics/install/services/share/ament_index/resource_index/rosidl_interfaces/services
[1.110s] -- Up-to-date: /home/pi2/cleaningoceanplastics/install/services/share/services/srv/IMUData.json
[1.110s] -- Up-to-date: /home/pi2/cleaningoceanplastics/install/services/include/services/services
[1.110s] -- Up-to-date: /home/pi2/cleaningoceanplastics/install/services/include/services/services/msg
[1.110s] -- Up-to-date: /home/pi2/cleaningoceanplastics/install/services/include/services/services/msg/rosidl_generator_c__visibility_control.h
[1.110s] -- Up-to-date: /home/pi2/cleaningoceanplastics/install/services/include/services/services/srv
[1.110s] -- Up-to-date: /home/pi2/cleaningoceanplastics/install/services/include/services/services/srv/imu_data.h
[1.110s] -- Up-to-date: /home/pi2/cleaningoceanplastics/install/services/include/services/services/srv/detail
[1.110s] -- Up-to-date: /home/pi2/cleaningoceanplastics/install/services/include/services/services/srv/detail/imu_data__functions.c
[1.111s] -- Up-to-date: /home/pi2/cleaningoceanplastics/install/services/include/services/services/srv/detail/imu_data__description.c
[1.111s] -- Up-to-date: /home/pi2/cleaningoceanplastics/install/services/include/services/services/srv/detail/imu_data__functions.h
[1.111s] -- Up-to-date: /home/pi2/cleaningoceanplastics/install/services/include/services/services/srv/detail/imu_data__type_support.h
[1.111s] -- Up-to-date: /home/pi2/cleaningoceanplastics/install/services/include/services/services/srv/detail/imu_data__type_support.c
[1.111s] -- Up-to-date: /home/pi2/cleaningoceanplastics/install/services/include/services/services/srv/detail/imu_data__struct.h
[1.111s] -- Up-to-date: /home/pi2/cleaningoceanplastics/install/services/share/services/environment/library_path.sh
[1.111s] -- Up-to-date: /home/pi2/cleaningoceanplastics/install/services/share/services/environment/library_path.dsv
[1.111s] -- Up-to-date: /home/pi2/cleaningoceanplastics/install/services/lib/libservices__rosidl_generator_c.so
[1.111s] -- Up-to-date: /home/pi2/cleaningoceanplastics/install/services/include/services/services
[1.111s] -- Up-to-date: /home/pi2/cleaningoceanplastics/install/services/include/services/services/msg
[1.112s] -- Up-to-date: /home/pi2/cleaningoceanplastics/install/services/include/services/services/msg/rosidl_typesupport_fastrtps_c__visibility_control.h
[1.112s] -- Up-to-date: /home/pi2/cleaningoceanplastics/install/services/include/services/services/srv
[1.112s] -- Up-to-date: /home/pi2/cleaningoceanplastics/install/services/include/services/services/srv/detail
[1.112s] -- Up-to-date: /home/pi2/cleaningoceanplastics/install/services/include/services/services/srv/detail/imu_data__rosidl_typesupport_fastrtps_c.h
[1.112s] -- Up-to-date: /home/pi2/cleaningoceanplastics/install/services/lib/libservices__rosidl_typesupport_fastrtps_c.so
[1.112s] -- Up-to-date: /home/pi2/cleaningoceanplastics/install/services/include/services/services
[1.112s] -- Up-to-date: /home/pi2/cleaningoceanplastics/install/services/include/services/services/msg
[1.112s] -- Up-to-date: /home/pi2/cleaningoceanplastics/install/services/include/services/services/msg/rosidl_generator_cpp__visibility_control.hpp
[1.112s] -- Up-to-date: /home/pi2/cleaningoceanplastics/install/services/include/services/services/srv
[1.113s] -- Up-to-date: /home/pi2/cleaningoceanplastics/install/services/include/services/services/srv/imu_data.hpp
[1.113s] -- Up-to-date: /home/pi2/cleaningoceanplastics/install/services/include/services/services/srv/detail
[1.113s] -- Up-to-date: /home/pi2/cleaningoceanplastics/install/services/include/services/services/srv/detail/imu_data__struct.hpp
[1.113s] -- Up-to-date: /home/pi2/cleaningoceanplastics/install/services/include/services/services/srv/detail/imu_data__builder.hpp
[1.113s] -- Up-to-date: /home/pi2/cleaningoceanplastics/install/services/include/services/services/srv/detail/imu_data__type_support.hpp
[1.113s] -- Up-to-date: /home/pi2/cleaningoceanplastics/install/services/include/services/services/srv/detail/imu_data__traits.hpp
[1.113s] -- Up-to-date: /home/pi2/cleaningoceanplastics/install/services/include/services/services
[1.113s] -- Up-to-date: /home/pi2/cleaningoceanplastics/install/services/include/services/services/msg
[1.113s] -- Up-to-date: /home/pi2/cleaningoceanplastics/install/services/include/services/services/msg/rosidl_typesupport_fastrtps_cpp__visibility_control.h
[1.114s] -- Up-to-date: /home/pi2/cleaningoceanplastics/install/services/include/services/services/srv
[1.114s] -- Up-to-date: /home/pi2/cleaningoceanplastics/install/services/include/services/services/srv/detail
[1.114s] -- Up-to-date: /home/pi2/cleaningoceanplastics/install/services/include/services/services/srv/detail/imu_data__rosidl_typesupport_fastrtps_cpp.hpp
[1.114s] -- Up-to-date: /home/pi2/cleaningoceanplastics/install/services/include/services/services/srv/detail/dds_fastrtps
[1.114s] -- Up-to-date: /home/pi2/cleaningoceanplastics/install/services/lib/libservices__rosidl_typesupport_fastrtps_cpp.so
[1.114s] -- Up-to-date: /home/pi2/cleaningoceanplastics/install/services/include/services/services
[1.114s] -- Up-to-date: /home/pi2/cleaningoceanplastics/install/services/include/services/services/msg
[1.114s] -- Up-to-date: /home/pi2/cleaningoceanplastics/install/services/include/services/services/msg/rosidl_typesupport_introspection_c__visibility_control.h
[1.114s] -- Up-to-date: /home/pi2/cleaningoceanplastics/install/services/include/services/services/srv
[1.115s] -- Up-to-date: /home/pi2/cleaningoceanplastics/install/services/include/services/services/srv/detail
[1.115s] -- Up-to-date: /home/pi2/cleaningoceanplastics/install/services/include/services/services/srv/detail/imu_data__rosidl_typesupport_introspection_c.h
[1.115s] -- Up-to-date: /home/pi2/cleaningoceanplastics/install/services/include/services/services/srv/detail/imu_data__type_support.c
[1.115s] -- Up-to-date: /home/pi2/cleaningoceanplastics/install/services/lib/libservices__rosidl_typesupport_introspection_c.so
[1.115s] -- Up-to-date: /home/pi2/cleaningoceanplastics/install/services/lib/libservices__rosidl_typesupport_c.so
[1.115s] -- Up-to-date: /home/pi2/cleaningoceanplastics/install/services/include/services/services
[1.115s] -- Up-to-date: /home/pi2/cleaningoceanplastics/install/services/include/services/services/srv
[1.115s] -- Up-to-date: /home/pi2/cleaningoceanplastics/install/services/include/services/services/srv/detail
[1.116s] -- Up-to-date: /home/pi2/cleaningoceanplastics/install/services/include/services/services/srv/detail/imu_data__rosidl_typesupport_introspection_cpp.hpp
[1.116s] -- Up-to-date: /home/pi2/cleaningoceanplastics/install/services/include/services/services/srv/detail/imu_data__type_support.cpp
[1.116s] -- Up-to-date: /home/pi2/cleaningoceanplastics/install/services/lib/libservices__rosidl_typesupport_introspection_cpp.so
[1.116s] -- Up-to-date: /home/pi2/cleaningoceanplastics/install/services/lib/libservices__rosidl_typesupport_cpp.so
[1.116s] -- Up-to-date: /home/pi2/cleaningoceanplastics/install/services/share/services/environment/pythonpath.sh
[1.116s] -- Up-to-date: /home/pi2/cleaningoceanplastics/install/services/share/services/environment/pythonpath.dsv
[1.116s] -- Up-to-date: /home/pi2/cleaningoceanplastics/install/services/lib/python3.12/site-packages/services-0.0.0-py3.12.egg-info
[1.116s] -- Installing: /home/pi2/cleaningoceanplastics/install/services/lib/python3.12/site-packages/services-0.0.0-py3.12.egg-info/SOURCES.txt
[1.117s] -- Installing: /home/pi2/cleaningoceanplastics/install/services/lib/python3.12/site-packages/services-0.0.0-py3.12.egg-info/top_level.txt
[1.117s] -- Installing: /home/pi2/cleaningoceanplastics/install/services/lib/python3.12/site-packages/services-0.0.0-py3.12.egg-info/PKG-INFO
[1.117s] -- Installing: /home/pi2/cleaningoceanplastics/install/services/lib/python3.12/site-packages/services-0.0.0-py3.12.egg-info/dependency_links.txt
[1.117s] -- Up-to-date: /home/pi2/cleaningoceanplastics/install/services/lib/python3.12/site-packages/services
[1.117s] -- Up-to-date: /home/pi2/cleaningoceanplastics/install/services/lib/python3.12/site-packages/services/_services_s.ep.rosidl_typesupport_introspection_c.c
[1.117s] -- Up-to-date: /home/pi2/cleaningoceanplastics/install/services/lib/python3.12/site-packages/services/__init__.py
[1.117s] -- Up-to-date: /home/pi2/cleaningoceanplastics/install/services/lib/python3.12/site-packages/services/_services_s.ep.rosidl_typesupport_fastrtps_c.c
[1.117s] -- Up-to-date: /home/pi2/cleaningoceanplastics/install/services/lib/python3.12/site-packages/services/services_s__rosidl_typesupport_c.so
[1.117s] -- Up-to-date: /home/pi2/cleaningoceanplastics/install/services/lib/python3.12/site-packages/services/srv
[1.117s] -- Up-to-date: /home/pi2/cleaningoceanplastics/install/services/lib/python3.12/site-packages/services/srv/__init__.py
[1.118s] -- Up-to-date: /home/pi2/cleaningoceanplastics/install/services/lib/python3.12/site-packages/services/srv/_imu_data_s.c
[1.118s] -- Up-to-date: /home/pi2/cleaningoceanplastics/install/services/lib/python3.12/site-packages/services/srv/_imu_data.py
[1.118s] -- Up-to-date: /home/pi2/cleaningoceanplastics/install/services/lib/python3.12/site-packages/services/services_s__rosidl_typesupport_fastrtps_c.so
[1.118s] -- Up-to-date: /home/pi2/cleaningoceanplastics/install/services/lib/python3.12/site-packages/services/_services_s.ep.rosidl_typesupport_c.c
[1.118s] -- Up-to-date: /home/pi2/cleaningoceanplastics/install/services/lib/python3.12/site-packages/services/services_s__rosidl_typesupport_introspection_c.so
[1.174s] Listing '/home/pi2/cleaningoceanplastics/install/services/lib/python3.12/site-packages/services'...
[1.174s] Listing '/home/pi2/cleaningoceanplastics/install/services/lib/python3.12/site-packages/services/srv'...
[1.189s] -- Up-to-date: /home/pi2/cleaningoceanplastics/install/services/lib/python3.12/site-packages/services/services_s__rosidl_typesupport_fastrtps_c.so
[1.189s] -- Up-to-date: /home/pi2/cleaningoceanplastics/install/services/lib/python3.12/site-packages/services/services_s__rosidl_typesupport_introspection_c.so
[1.190s] -- Up-to-date: /home/pi2/cleaningoceanplastics/install/services/lib/python3.12/site-packages/services/services_s__rosidl_typesupport_c.so
[1.190s] -- Up-to-date: /home/pi2/cleaningoceanplastics/install/services/lib/libservices__rosidl_generator_py.so
[1.191s] -- Up-to-date: /home/pi2/cleaningoceanplastics/install/services/share/services/srv/IMUData.idl
[1.191s] -- Up-to-date: /home/pi2/cleaningoceanplastics/install/services/share/services/srv/IMUData.srv
[1.191s] -- Up-to-date: /home/pi2/cleaningoceanplastics/install/services/share/ament_index/resource_index/package_run_dependencies/services
[1.191s] -- Up-to-date: /home/pi2/cleaningoceanplastics/install/services/share/ament_index/resource_index/parent_prefix_path/services
[1.191s] -- Up-to-date: /home/pi2/cleaningoceanplastics/install/services/share/services/environment/ament_prefix_path.sh
[1.191s] -- Up-to-date: /home/pi2/cleaningoceanplastics/install/services/share/services/environment/ament_prefix_path.dsv
[1.191s] -- Up-to-date: /home/pi2/cleaningoceanplastics/install/services/share/services/environment/path.sh
[1.192s] -- Up-to-date: /home/pi2/cleaningoceanplastics/install/services/share/services/environment/path.dsv
[1.192s] -- Up-to-date: /home/pi2/cleaningoceanplastics/install/services/share/services/local_setup.bash
[1.192s] -- Up-to-date: /home/pi2/cleaningoceanplastics/install/services/share/services/local_setup.sh
[1.192s] -- Up-to-date: /home/pi2/cleaningoceanplastics/install/services/share/services/local_setup.zsh
[1.192s] -- Up-to-date: /home/pi2/cleaningoceanplastics/install/services/share/services/local_setup.dsv
[1.192s] -- Installing: /home/pi2/cleaningoceanplastics/install/services/share/services/package.dsv
[1.193s] -- Up-to-date: /home/pi2/cleaningoceanplastics/install/services/share/ament_index/resource_index/packages/services
[1.193s] -- Up-to-date: /home/pi2/cleaningoceanplastics/install/services/share/services/cmake/export_services__rosidl_generator_cExport.cmake
[1.193s] -- Up-to-date: /home/pi2/cleaningoceanplastics/install/services/share/services/cmake/export_services__rosidl_generator_cExport-noconfig.cmake
[1.193s] -- Up-to-date: /home/pi2/cleaningoceanplastics/install/services/share/services/cmake/export_services__rosidl_typesupport_fastrtps_cExport.cmake
[1.193s] -- Up-to-date: /home/pi2/cleaningoceanplastics/install/services/share/services/cmake/export_services__rosidl_typesupport_fastrtps_cExport-noconfig.cmake
[1.193s] -- Up-to-date: /home/pi2/cleaningoceanplastics/install/services/share/services/cmake/export_services__rosidl_generator_cppExport.cmake
[1.194s] -- Up-to-date: /home/pi2/cleaningoceanplastics/install/services/share/services/cmake/export_services__rosidl_typesupport_fastrtps_cppExport.cmake
[1.194s] -- Up-to-date: /home/pi2/cleaningoceanplastics/install/services/share/services/cmake/export_services__rosidl_typesupport_fastrtps_cppExport-noconfig.cmake
[1.194s] -- Up-to-date: /home/pi2/cleaningoceanplastics/install/services/share/services/cmake/services__rosidl_typesupport_introspection_cExport.cmake
[1.194s] -- Up-to-date: /home/pi2/cleaningoceanplastics/install/services/share/services/cmake/services__rosidl_typesupport_introspection_cExport-noconfig.cmake
[1.194s] -- Up-to-date: /home/pi2/cleaningoceanplastics/install/services/share/services/cmake/services__rosidl_typesupport_cExport.cmake
[1.195s] -- Up-to-date: /home/pi2/cleaningoceanplastics/install/services/share/services/cmake/services__rosidl_typesupport_cExport-noconfig.cmake
[1.195s] -- Up-to-date: /home/pi2/cleaningoceanplastics/install/services/share/services/cmake/services__rosidl_typesupport_introspection_cppExport.cmake
[1.195s] -- Up-to-date: /home/pi2/cleaningoceanplastics/install/services/share/services/cmake/services__rosidl_typesupport_introspection_cppExport-noconfig.cmake
[1.195s] -- Up-to-date: /home/pi2/cleaningoceanplastics/install/services/share/services/cmake/services__rosidl_typesupport_cppExport.cmake
[1.195s] -- Up-to-date: /home/pi2/cleaningoceanplastics/install/services/share/services/cmake/services__rosidl_typesupport_cppExport-noconfig.cmake
[1.195s] -- Up-to-date: /home/pi2/cleaningoceanplastics/install/services/share/services/cmake/export_services__rosidl_generator_pyExport.cmake
[1.195s] -- Up-to-date: /home/pi2/cleaningoceanplastics/install/services/share/services/cmake/export_services__rosidl_generator_pyExport-noconfig.cmake
[1.196s] -- Up-to-date: /home/pi2/cleaningoceanplastics/install/services/share/services/cmake/rosidl_cmake-extras.cmake
[1.196s] -- Up-to-date: /home/pi2/cleaningoceanplastics/install/services/share/services/cmake/ament_cmake_export_dependencies-extras.cmake
[1.196s] -- Up-to-date: /home/pi2/cleaningoceanplastics/install/services/share/services/cmake/ament_cmake_export_include_directories-extras.cmake
[1.196s] -- Up-to-date: /home/pi2/cleaningoceanplastics/install/services/share/services/cmake/ament_cmake_export_libraries-extras.cmake
[1.196s] -- Up-to-date: /home/pi2/cleaningoceanplastics/install/services/share/services/cmake/ament_cmake_export_targets-extras.cmake
[1.196s] -- Up-to-date: /home/pi2/cleaningoceanplastics/install/services/share/services/cmake/rosidl_cmake_export_typesupport_targets-extras.cmake
[1.196s] -- Up-to-date: /home/pi2/cleaningoceanplastics/install/services/share/services/cmake/rosidl_cmake_export_typesupport_libraries-extras.cmake
[1.196s] -- Up-to-date: /home/pi2/cleaningoceanplastics/install/services/share/services/cmake/servicesConfig.cmake
[1.196s] -- Up-to-date: /home/pi2/cleaningoceanplastics/install/services/share/services/cmake/servicesConfig-version.cmake
[1.196s] -- Up-to-date: /home/pi2/cleaningoceanplastics/install/services/share/services/package.xml
[1.199s] Invoked command in '/home/pi2/cleaningoceanplastics/build/services' returned '0': CMAKE_PREFIX_PATH=${CMAKE_PREFIX_PATH}:/home/pi2/cleaningoceanplastics/install/test_input:/home/pi2/cleaningoceanplastics/install/nmea_navsat_driver:/opt/ros/jazzy DEBUGINFOD_URLS=https://debuginfod.ubuntu.com /usr/bin/cmake --install /home/pi2/cleaningoceanplastics/build/services
