[0.139s] DEBUG:colcon:Command line arguments: ['/usr/bin/colcon', 'build']
[0.139s] DEBUG:colcon:Parsed command line arguments: Namespace(log_base=None, log_level=None, verb_name='build', build_base='build', install_base='install', merge_install=False, symlink_install=False, test_result_base=None, continue_on_error=False, executor='parallel', parallel_workers=4, event_handlers=None, ignore_user_meta=False, metas=['./colcon.meta'], base_paths=['.'], packages_ignore=None, packages_ignore_regex=None, paths=None, packages_up_to=None, packages_up_to_regex=None, packages_above=None, packages_above_and_dependencies=None, packages_above_depth=None, packages_select_by_dep=None, packages_skip_by_dep=None, packages_skip_up_to=None, packages_select_build_failed=False, packages_skip_build_finished=False, packages_select_test_failures=False, packages_skip_test_passed=False, packages_select=None, packages_skip=None, packages_select_regex=None, packages_skip_regex=None, packages_start=None, packages_end=None, allow_overriding=[], cmake_args=None, cmake_target=None, cmake_target_skip_unavailable=False, cmake_clean_cache=False, cmake_clean_first=False, cmake_force_configure=False, ament_cmake_args=None, catkin_cmake_args=None, catkin_skip_building_tests=False, verb_parser=<colcon_defaults.argument_parser.defaults.DefaultArgumentsDecorator object at 0xffffb361bf20>, verb_extension=<colcon_core.verb.build.BuildVerb object at 0xffffb3783080>, main=<bound method BuildVerb.main of <colcon_core.verb.build.BuildVerb object at 0xffffb3783080>>)
[0.195s] Level 1:colcon.colcon_core.package_discovery:discover_packages(colcon_meta) check parameters
[0.195s] Level 1:colcon.colcon_core.package_discovery:discover_packages(recursive) check parameters
[0.195s] Level 1:colcon.colcon_core.package_discovery:discover_packages(ignore) check parameters
[0.195s] Level 1:colcon.colcon_core.package_discovery:discover_packages(path) check parameters
[0.195s] Level 1:colcon.colcon_core.package_discovery:discover_packages(colcon_meta) discover
[0.196s] Level 1:colcon.colcon_core.package_discovery:discover_packages(recursive) discover
[0.196s] INFO:colcon.colcon_core.package_discovery:Crawling recursively for packages in '/home/pi2/cleaningoceanplastics/ros2_ws'
[0.196s] Level 1:colcon.colcon_core.package_identification:_identify(.) by extensions ['ignore', 'ignore_ament_install']
[0.196s] Level 1:colcon.colcon_core.package_identification:_identify(.) by extension 'ignore'
[0.196s] Level 1:colcon.colcon_core.package_identification:_identify(.) by extension 'ignore_ament_install'
[0.196s] Level 1:colcon.colcon_core.package_identification:_identify(.) by extensions ['colcon_pkg']
[0.196s] Level 1:colcon.colcon_core.package_identification:_identify(.) by extension 'colcon_pkg'
[0.196s] Level 1:colcon.colcon_core.package_identification:_identify(.) by extensions ['colcon_meta']
[0.196s] Level 1:colcon.colcon_core.package_identification:_identify(.) by extension 'colcon_meta'
[0.196s] Level 1:colcon.colcon_core.package_identification:_identify(.) by extensions ['ros']
[0.196s] Level 1:colcon.colcon_core.package_identification:_identify(.) by extension 'ros'
[0.232s] Level 1:colcon.colcon_core.package_identification:_identify(.) by extensions ['cmake', 'python']
[0.233s] Level 1:colcon.colcon_core.package_identification:_identify(.) by extension 'cmake'
[0.233s] Level 1:colcon.colcon_core.package_identification:_identify(.) by extension 'python'
[0.233s] Level 1:colcon.colcon_core.package_identification:_identify(.) by extensions ['python_setup_py']
[0.233s] Level 1:colcon.colcon_core.package_identification:_identify(.) by extension 'python_setup_py'
[0.233s] Level 1:colcon.colcon_core.package_identification:_identify(build) by extensions ['ignore', 'ignore_ament_install']
[0.233s] Level 1:colcon.colcon_core.package_identification:_identify(build) by extension 'ignore'
[0.233s] Level 1:colcon.colcon_core.package_identification:_identify(build) ignored
[0.233s] Level 1:colcon.colcon_core.package_identification:_identify(install) by extensions ['ignore', 'ignore_ament_install']
[0.233s] Level 1:colcon.colcon_core.package_identification:_identify(install) by extension 'ignore'
[0.233s] Level 1:colcon.colcon_core.package_identification:_identify(install) ignored
[0.234s] Level 1:colcon.colcon_core.package_identification:_identify(log) by extensions ['ignore', 'ignore_ament_install']
[0.234s] Level 1:colcon.colcon_core.package_identification:_identify(log) by extension 'ignore'
[0.234s] Level 1:colcon.colcon_core.package_identification:_identify(log) ignored
[0.234s] Level 1:colcon.colcon_core.package_identification:_identify(src) by extensions ['ignore', 'ignore_ament_install']
[0.234s] Level 1:colcon.colcon_core.package_identification:_identify(src) by extension 'ignore'
[0.234s] Level 1:colcon.colcon_core.package_identification:_identify(src) by extension 'ignore_ament_install'
[0.234s] Level 1:colcon.colcon_core.package_identification:_identify(src) by extensions ['colcon_pkg']
[0.234s] Level 1:colcon.colcon_core.package_identification:_identify(src) by extension 'colcon_pkg'
[0.234s] Level 1:colcon.colcon_core.package_identification:_identify(src) by extensions ['colcon_meta']
[0.234s] Level 1:colcon.colcon_core.package_identification:_identify(src) by extension 'colcon_meta'
[0.234s] Level 1:colcon.colcon_core.package_identification:_identify(src) by extensions ['ros']
[0.234s] Level 1:colcon.colcon_core.package_identification:_identify(src) by extension 'ros'
[0.234s] Level 1:colcon.colcon_core.package_identification:_identify(src) by extensions ['cmake', 'python']
[0.234s] Level 1:colcon.colcon_core.package_identification:_identify(src) by extension 'cmake'
[0.234s] Level 1:colcon.colcon_core.package_identification:_identify(src) by extension 'python'
[0.234s] Level 1:colcon.colcon_core.package_identification:_identify(src) by extensions ['python_setup_py']
[0.234s] Level 1:colcon.colcon_core.package_identification:_identify(src) by extension 'python_setup_py'
[0.235s] Level 1:colcon.colcon_core.package_identification:_identify(src/nmea_navsat_driver-ros2) by extensions ['ignore', 'ignore_ament_install']
[0.235s] Level 1:colcon.colcon_core.package_identification:_identify(src/nmea_navsat_driver-ros2) by extension 'ignore'
[0.235s] Level 1:colcon.colcon_core.package_identification:_identify(src/nmea_navsat_driver-ros2) by extension 'ignore_ament_install'
[0.235s] Level 1:colcon.colcon_core.package_identification:_identify(src/nmea_navsat_driver-ros2) by extensions ['colcon_pkg']
[0.235s] Level 1:colcon.colcon_core.package_identification:_identify(src/nmea_navsat_driver-ros2) by extension 'colcon_pkg'
[0.235s] Level 1:colcon.colcon_core.package_identification:_identify(src/nmea_navsat_driver-ros2) by extensions ['colcon_meta']
[0.235s] Level 1:colcon.colcon_core.package_identification:_identify(src/nmea_navsat_driver-ros2) by extension 'colcon_meta'
[0.235s] Level 1:colcon.colcon_core.package_identification:_identify(src/nmea_navsat_driver-ros2) by extensions ['ros']
[0.235s] Level 1:colcon.colcon_core.package_identification:_identify(src/nmea_navsat_driver-ros2) by extension 'ros'
[0.240s] DEBUG:colcon.colcon_core.package_identification:Package 'src/nmea_navsat_driver-ros2' with type 'ros.ament_python' and name 'nmea_navsat_driver'
[0.240s] Level 1:colcon.colcon_core.package_identification:_identify(src/test_input) by extensions ['ignore', 'ignore_ament_install']
[0.240s] Level 1:colcon.colcon_core.package_identification:_identify(src/test_input) by extension 'ignore'
[0.240s] Level 1:colcon.colcon_core.package_identification:_identify(src/test_input) by extension 'ignore_ament_install'
[0.240s] Level 1:colcon.colcon_core.package_identification:_identify(src/test_input) by extensions ['colcon_pkg']
[0.241s] Level 1:colcon.colcon_core.package_identification:_identify(src/test_input) by extension 'colcon_pkg'
[0.241s] Level 1:colcon.colcon_core.package_identification:_identify(src/test_input) by extensions ['colcon_meta']
[0.241s] Level 1:colcon.colcon_core.package_identification:_identify(src/test_input) by extension 'colcon_meta'
[0.241s] Level 1:colcon.colcon_core.package_identification:_identify(src/test_input) by extensions ['ros']
[0.241s] Level 1:colcon.colcon_core.package_identification:_identify(src/test_input) by extension 'ros'
[0.241s] DEBUG:colcon.colcon_core.package_identification:Package 'src/test_input' with type 'ros.ament_python' and name 'test_input'
[0.241s] Level 1:colcon.colcon_core.package_discovery:discover_packages(recursive) using defaults
[0.241s] Level 1:colcon.colcon_core.package_discovery:discover_packages(ignore) discover
[0.241s] Level 1:colcon.colcon_core.package_discovery:discover_packages(ignore) using defaults
[0.241s] Level 1:colcon.colcon_core.package_discovery:discover_packages(path) discover
[0.242s] Level 1:colcon.colcon_core.package_discovery:discover_packages(path) using defaults
[0.265s] Level 1:colcon.colcon_core.package_discovery:discover_packages(prefix_path) check parameters
[0.265s] Level 1:colcon.colcon_core.package_discovery:discover_packages(prefix_path) discover
[0.268s] DEBUG:colcon.colcon_installed_package_information.package_discovery:Found 2 installed packages in /home/pi2/cleaningoceanplastics/ros2_ws/install
[0.270s] DEBUG:colcon.colcon_installed_package_information.package_discovery:Found 286 installed packages in /opt/ros/jazzy
[0.271s] Level 1:colcon.colcon_core.package_discovery:discover_packages(prefix_path) using defaults
[0.330s] Level 5:colcon.colcon_core.verb:set package 'nmea_navsat_driver' build argument 'cmake_args' from command line to 'None'
[0.330s] Level 5:colcon.colcon_core.verb:set package 'nmea_navsat_driver' build argument 'cmake_target' from command line to 'None'
[0.330s] Level 5:colcon.colcon_core.verb:set package 'nmea_navsat_driver' build argument 'cmake_target_skip_unavailable' from command line to 'False'
[0.330s] Level 5:colcon.colcon_core.verb:set package 'nmea_navsat_driver' build argument 'cmake_clean_cache' from command line to 'False'
[0.330s] Level 5:colcon.colcon_core.verb:set package 'nmea_navsat_driver' build argument 'cmake_clean_first' from command line to 'False'
[0.330s] Level 5:colcon.colcon_core.verb:set package 'nmea_navsat_driver' build argument 'cmake_force_configure' from command line to 'False'
[0.330s] Level 5:colcon.colcon_core.verb:set package 'nmea_navsat_driver' build argument 'ament_cmake_args' from command line to 'None'
[0.330s] Level 5:colcon.colcon_core.verb:set package 'nmea_navsat_driver' build argument 'catkin_cmake_args' from command line to 'None'
[0.330s] Level 5:colcon.colcon_core.verb:set package 'nmea_navsat_driver' build argument 'catkin_skip_building_tests' from command line to 'False'
[0.330s] DEBUG:colcon.colcon_core.verb:Building package 'nmea_navsat_driver' with the following arguments: {'ament_cmake_args': None, 'build_base': '/home/pi2/cleaningoceanplastics/ros2_ws/build/nmea_navsat_driver', 'catkin_cmake_args': None, 'catkin_skip_building_tests': False, 'cmake_args': None, 'cmake_clean_cache': False, 'cmake_clean_first': False, 'cmake_force_configure': False, 'cmake_target': None, 'cmake_target_skip_unavailable': False, 'install_base': '/home/pi2/cleaningoceanplastics/ros2_ws/install/nmea_navsat_driver', 'merge_install': False, 'path': '/home/pi2/cleaningoceanplastics/ros2_ws/src/nmea_navsat_driver-ros2', 'symlink_install': False, 'test_result_base': None}
[0.330s] Level 5:colcon.colcon_core.verb:set package 'test_input' build argument 'cmake_args' from command line to 'None'
[0.330s] Level 5:colcon.colcon_core.verb:set package 'test_input' build argument 'cmake_target' from command line to 'None'
[0.330s] Level 5:colcon.colcon_core.verb:set package 'test_input' build argument 'cmake_target_skip_unavailable' from command line to 'False'
[0.330s] Level 5:colcon.colcon_core.verb:set package 'test_input' build argument 'cmake_clean_cache' from command line to 'False'
[0.330s] Level 5:colcon.colcon_core.verb:set package 'test_input' build argument 'cmake_clean_first' from command line to 'False'
[0.330s] Level 5:colcon.colcon_core.verb:set package 'test_input' build argument 'cmake_force_configure' from command line to 'False'
[0.330s] Level 5:colcon.colcon_core.verb:set package 'test_input' build argument 'ament_cmake_args' from command line to 'None'
[0.330s] Level 5:colcon.colcon_core.verb:set package 'test_input' build argument 'catkin_cmake_args' from command line to 'None'
[0.331s] Level 5:colcon.colcon_core.verb:set package 'test_input' build argument 'catkin_skip_building_tests' from command line to 'False'
[0.331s] DEBUG:colcon.colcon_core.verb:Building package 'test_input' with the following arguments: {'ament_cmake_args': None, 'build_base': '/home/pi2/cleaningoceanplastics/ros2_ws/build/test_input', 'catkin_cmake_args': None, 'catkin_skip_building_tests': False, 'cmake_args': None, 'cmake_clean_cache': False, 'cmake_clean_first': False, 'cmake_force_configure': False, 'cmake_target': None, 'cmake_target_skip_unavailable': False, 'install_base': '/home/pi2/cleaningoceanplastics/ros2_ws/install/test_input', 'merge_install': False, 'path': '/home/pi2/cleaningoceanplastics/ros2_ws/src/test_input', 'symlink_install': False, 'test_result_base': None}
[0.331s] INFO:colcon.colcon_core.executor:Executing jobs using 'parallel' executor
[0.332s] DEBUG:colcon.colcon_parallel_executor.executor.parallel:run_until_complete
[0.332s] INFO:colcon.colcon_ros.task.ament_python.build:Building ROS package in '/home/pi2/cleaningoceanplastics/ros2_ws/src/nmea_navsat_driver-ros2' with build type 'ament_python'
[0.333s] Level 1:colcon.colcon_core.shell:create_environment_hook('nmea_navsat_driver', 'ament_prefix_path')
[0.335s] INFO:colcon.colcon_core.plugin_system:Skipping extension 'colcon_core.shell.bat': Not used on non-Windows systems
[0.335s] INFO:colcon.colcon_core.shell:Creating environment hook '/home/pi2/cleaningoceanplastics/ros2_ws/install/nmea_navsat_driver/share/nmea_navsat_driver/hook/ament_prefix_path.ps1'
[0.336s] INFO:colcon.colcon_core.shell:Creating environment descriptor '/home/pi2/cleaningoceanplastics/ros2_ws/install/nmea_navsat_driver/share/nmea_navsat_driver/hook/ament_prefix_path.dsv'
[0.337s] INFO:colcon.colcon_core.shell:Creating environment hook '/home/pi2/cleaningoceanplastics/ros2_ws/install/nmea_navsat_driver/share/nmea_navsat_driver/hook/ament_prefix_path.sh'
[0.338s] INFO:colcon.colcon_core.shell:Skip shell extension 'powershell' for command environment: Not usable outside of PowerShell
[0.338s] DEBUG:colcon.colcon_core.shell:Skip shell extension 'dsv' for command environment
[0.342s] INFO:colcon.colcon_ros.task.ament_python.build:Building ROS package in '/home/pi2/cleaningoceanplastics/ros2_ws/src/test_input' with build type 'ament_python'
[0.342s] Level 1:colcon.colcon_core.shell:create_environment_hook('test_input', 'ament_prefix_path')
[0.342s] INFO:colcon.colcon_core.shell:Creating environment hook '/home/pi2/cleaningoceanplastics/ros2_ws/install/test_input/share/test_input/hook/ament_prefix_path.ps1'
[0.343s] INFO:colcon.colcon_core.shell:Creating environment descriptor '/home/pi2/cleaningoceanplastics/ros2_ws/install/test_input/share/test_input/hook/ament_prefix_path.dsv'
[0.344s] INFO:colcon.colcon_core.shell:Creating environment hook '/home/pi2/cleaningoceanplastics/ros2_ws/install/test_input/share/test_input/hook/ament_prefix_path.sh'
[0.345s] INFO:colcon.colcon_core.shell:Skip shell extension 'powershell' for command environment: Not usable outside of PowerShell
[0.345s] DEBUG:colcon.colcon_core.shell:Skip shell extension 'dsv' for command environment
[0.654s] INFO:colcon.colcon_core.task.python.build:Building Python package in '/home/pi2/cleaningoceanplastics/ros2_ws/src/nmea_navsat_driver-ros2'
[0.654s] INFO:colcon.colcon_core.shell:Skip shell extension 'powershell' for command environment: Not usable outside of PowerShell
[0.654s] DEBUG:colcon.colcon_core.shell:Skip shell extension 'dsv' for command environment
[0.962s] INFO:colcon.colcon_core.task.python.build:Building Python package in '/home/pi2/cleaningoceanplastics/ros2_ws/src/test_input'
[0.962s] INFO:colcon.colcon_core.shell:Skip shell extension 'powershell' for command environment: Not usable outside of PowerShell
[0.962s] DEBUG:colcon.colcon_core.shell:Skip shell extension 'dsv' for command environment
[1.811s] DEBUG:colcon.colcon_core.event_handler.log_command:Invoking command in '/home/pi2/cleaningoceanplastics/ros2_ws/src/test_input': DEBUGINFOD_URLS=https://debuginfod.ubuntu.com PYTHONPATH=/home/pi2/cleaningoceanplastics/ros2_ws/build/test_input/prefix_override:/usr/lib/python3/dist-packages/colcon_core/task/python/colcon_distutils_commands:/home/pi2/cleaningoceanplastics/ros2_ws/install/test_input/lib/python3.12/site-packages:${PYTHONPATH} /usr/bin/python3 -W ignore:setup.py install is deprecated setup.py egg_info --egg-base ../../build/test_input build --build-base /home/pi2/cleaningoceanplastics/ros2_ws/build/test_input/build install --record /home/pi2/cleaningoceanplastics/ros2_ws/build/test_input/install.log --single-version-externally-managed install_data
[1.836s] DEBUG:colcon.colcon_core.event_handler.log_command:Invoking command in '/home/pi2/cleaningoceanplastics/ros2_ws/src/nmea_navsat_driver-ros2': DEBUGINFOD_URLS=https://debuginfod.ubuntu.com PYTHONPATH=/home/pi2/cleaningoceanplastics/ros2_ws/build/nmea_navsat_driver/prefix_override:/usr/lib/python3/dist-packages/colcon_core/task/python/colcon_distutils_commands:/home/pi2/cleaningoceanplastics/ros2_ws/install/nmea_navsat_driver/lib/python3.12/site-packages:${PYTHONPATH} /usr/bin/python3 -W ignore:setup.py install is deprecated setup.py egg_info --egg-base ../../build/nmea_navsat_driver build --build-base /home/pi2/cleaningoceanplastics/ros2_ws/build/nmea_navsat_driver/build install --record /home/pi2/cleaningoceanplastics/ros2_ws/build/nmea_navsat_driver/install.log --single-version-externally-managed install_data
[2.570s] DEBUG:colcon.colcon_core.event_handler.log_command:Invoked command in '/home/pi2/cleaningoceanplastics/ros2_ws/src/test_input' returned '0': DEBUGINFOD_URLS=https://debuginfod.ubuntu.com PYTHONPATH=/home/pi2/cleaningoceanplastics/ros2_ws/build/test_input/prefix_override:/usr/lib/python3/dist-packages/colcon_core/task/python/colcon_distutils_commands:/home/pi2/cleaningoceanplastics/ros2_ws/install/test_input/lib/python3.12/site-packages:${PYTHONPATH} /usr/bin/python3 -W ignore:setup.py install is deprecated setup.py egg_info --egg-base ../../build/test_input build --build-base /home/pi2/cleaningoceanplastics/ros2_ws/build/test_input/build install --record /home/pi2/cleaningoceanplastics/ros2_ws/build/test_input/install.log --single-version-externally-managed install_data
[2.573s] Level 1:colcon.colcon_core.environment:checking '/home/pi2/cleaningoceanplastics/ros2_ws/install/test_input' for CMake module files
[2.574s] Level 1:colcon.colcon_core.environment:checking '/home/pi2/cleaningoceanplastics/ros2_ws/install/test_input' for CMake config files
[2.575s] Level 1:colcon.colcon_core.environment:checking '/home/pi2/cleaningoceanplastics/ros2_ws/install/test_input/lib'
[2.575s] Level 1:colcon.colcon_core.environment:checking '/home/pi2/cleaningoceanplastics/ros2_ws/install/test_input/bin'
[2.575s] Level 1:colcon.colcon_core.environment:checking '/home/pi2/cleaningoceanplastics/ros2_ws/install/test_input/lib/pkgconfig/test_input.pc'
[2.576s] Level 1:colcon.colcon_core.environment:checking '/home/pi2/cleaningoceanplastics/ros2_ws/install/test_input/lib/python3.12/site-packages'
[2.576s] Level 1:colcon.colcon_core.shell:create_environment_hook('test_input', 'pythonpath')
[2.576s] INFO:colcon.colcon_core.shell:Creating environment hook '/home/pi2/cleaningoceanplastics/ros2_ws/install/test_input/share/test_input/hook/pythonpath.ps1'
[2.577s] INFO:colcon.colcon_core.shell:Creating environment descriptor '/home/pi2/cleaningoceanplastics/ros2_ws/install/test_input/share/test_input/hook/pythonpath.dsv'
[2.578s] INFO:colcon.colcon_core.shell:Creating environment hook '/home/pi2/cleaningoceanplastics/ros2_ws/install/test_input/share/test_input/hook/pythonpath.sh'
[2.579s] Level 1:colcon.colcon_core.environment:checking '/home/pi2/cleaningoceanplastics/ros2_ws/install/test_input/bin'
[2.579s] Level 1:colcon.colcon_core.environment:create_environment_scripts_only(test_input)
[2.579s] INFO:colcon.colcon_core.shell:Creating package script '/home/pi2/cleaningoceanplastics/ros2_ws/install/test_input/share/test_input/package.ps1'
[2.581s] INFO:colcon.colcon_core.shell:Creating package descriptor '/home/pi2/cleaningoceanplastics/ros2_ws/install/test_input/share/test_input/package.dsv'
[2.584s] INFO:colcon.colcon_core.shell:Creating package script '/home/pi2/cleaningoceanplastics/ros2_ws/install/test_input/share/test_input/package.sh'
[2.586s] INFO:colcon.colcon_core.shell:Creating package script '/home/pi2/cleaningoceanplastics/ros2_ws/install/test_input/share/test_input/package.bash'
[2.593s] INFO:colcon.colcon_core.shell:Creating package script '/home/pi2/cleaningoceanplastics/ros2_ws/install/test_input/share/test_input/package.zsh'
[2.601s] Level 1:colcon.colcon_core.environment:create_file_with_runtime_dependencies(/home/pi2/cleaningoceanplastics/ros2_ws/install/test_input/share/colcon-core/packages/test_input)
[2.609s] Level 1:colcon.colcon_core.environment:checking '/home/pi2/cleaningoceanplastics/ros2_ws/install/nmea_navsat_driver' for CMake module files
[2.610s] DEBUG:colcon.colcon_core.event_handler.log_command:Invoked command in '/home/pi2/cleaningoceanplastics/ros2_ws/src/nmea_navsat_driver-ros2' returned '0': DEBUGINFOD_URLS=https://debuginfod.ubuntu.com PYTHONPATH=/home/pi2/cleaningoceanplastics/ros2_ws/build/nmea_navsat_driver/prefix_override:/usr/lib/python3/dist-packages/colcon_core/task/python/colcon_distutils_commands:/home/pi2/cleaningoceanplastics/ros2_ws/install/nmea_navsat_driver/lib/python3.12/site-packages:${PYTHONPATH} /usr/bin/python3 -W ignore:setup.py install is deprecated setup.py egg_info --egg-base ../../build/nmea_navsat_driver build --build-base /home/pi2/cleaningoceanplastics/ros2_ws/build/nmea_navsat_driver/build install --record /home/pi2/cleaningoceanplastics/ros2_ws/build/nmea_navsat_driver/install.log --single-version-externally-managed install_data
[2.610s] Level 1:colcon.colcon_core.environment:checking '/home/pi2/cleaningoceanplastics/ros2_ws/install/nmea_navsat_driver' for CMake config files
[2.611s] Level 1:colcon.colcon_core.environment:checking '/home/pi2/cleaningoceanplastics/ros2_ws/install/nmea_navsat_driver/lib'
[2.611s] Level 1:colcon.colcon_core.environment:checking '/home/pi2/cleaningoceanplastics/ros2_ws/install/nmea_navsat_driver/bin'
[2.611s] Level 1:colcon.colcon_core.environment:checking '/home/pi2/cleaningoceanplastics/ros2_ws/install/nmea_navsat_driver/lib/pkgconfig/nmea_navsat_driver.pc'
[2.611s] Level 1:colcon.colcon_core.environment:checking '/home/pi2/cleaningoceanplastics/ros2_ws/install/nmea_navsat_driver/lib/python3.12/site-packages'
[2.611s] Level 1:colcon.colcon_core.shell:create_environment_hook('nmea_navsat_driver', 'pythonpath')
[2.612s] INFO:colcon.colcon_core.shell:Creating environment hook '/home/pi2/cleaningoceanplastics/ros2_ws/install/nmea_navsat_driver/share/nmea_navsat_driver/hook/pythonpath.ps1'
[2.612s] INFO:colcon.colcon_core.shell:Creating environment descriptor '/home/pi2/cleaningoceanplastics/ros2_ws/install/nmea_navsat_driver/share/nmea_navsat_driver/hook/pythonpath.dsv'
[2.624s] INFO:colcon.colcon_core.shell:Creating environment hook '/home/pi2/cleaningoceanplastics/ros2_ws/install/nmea_navsat_driver/share/nmea_navsat_driver/hook/pythonpath.sh'
[2.625s] Level 1:colcon.colcon_core.environment:checking '/home/pi2/cleaningoceanplastics/ros2_ws/install/nmea_navsat_driver/bin'
[2.625s] Level 1:colcon.colcon_core.environment:create_environment_scripts_only(nmea_navsat_driver)
[2.625s] INFO:colcon.colcon_core.shell:Creating package script '/home/pi2/cleaningoceanplastics/ros2_ws/install/nmea_navsat_driver/share/nmea_navsat_driver/package.ps1'
[2.626s] INFO:colcon.colcon_core.shell:Creating package descriptor '/home/pi2/cleaningoceanplastics/ros2_ws/install/nmea_navsat_driver/share/nmea_navsat_driver/package.dsv'
[2.627s] INFO:colcon.colcon_core.shell:Creating package script '/home/pi2/cleaningoceanplastics/ros2_ws/install/nmea_navsat_driver/share/nmea_navsat_driver/package.sh'
[2.627s] INFO:colcon.colcon_core.shell:Creating package script '/home/pi2/cleaningoceanplastics/ros2_ws/install/nmea_navsat_driver/share/nmea_navsat_driver/package.bash'
[2.628s] INFO:colcon.colcon_core.shell:Creating package script '/home/pi2/cleaningoceanplastics/ros2_ws/install/nmea_navsat_driver/share/nmea_navsat_driver/package.zsh'
[2.628s] Level 1:colcon.colcon_core.environment:create_file_with_runtime_dependencies(/home/pi2/cleaningoceanplastics/ros2_ws/install/nmea_navsat_driver/share/colcon-core/packages/nmea_navsat_driver)
[2.629s] DEBUG:colcon.colcon_parallel_executor.executor.parallel:closing loop
[2.629s] DEBUG:colcon.colcon_parallel_executor.executor.parallel:loop closed
[2.629s] DEBUG:colcon.colcon_parallel_executor.executor.parallel:run_until_complete finished with '0'
[2.630s] DEBUG:colcon.colcon_core.event_reactor:joining thread
[2.638s] INFO:colcon.colcon_core.plugin_system:Skipping extension 'colcon_notification.desktop_notification.terminal_notifier': Not used on non-Darwin systems
[2.639s] INFO:colcon.colcon_core.plugin_system:Skipping extension 'colcon_notification.desktop_notification.win32': Not used on non-Windows systems
[2.639s] INFO:colcon.colcon_notification.desktop_notification:Sending desktop notification using 'notify2'
[2.656s] DEBUG:colcon.colcon_core.event_reactor:joined thread
[2.656s] INFO:colcon.colcon_core.shell:Creating prefix script '/home/pi2/cleaningoceanplastics/ros2_ws/install/local_setup.ps1'
[2.658s] INFO:colcon.colcon_core.shell:Creating prefix util module '/home/pi2/cleaningoceanplastics/ros2_ws/install/_local_setup_util_ps1.py'
[2.659s] INFO:colcon.colcon_core.shell:Creating prefix chain script '/home/pi2/cleaningoceanplastics/ros2_ws/install/setup.ps1'
[2.660s] INFO:colcon.colcon_core.shell:Creating prefix script '/home/pi2/cleaningoceanplastics/ros2_ws/install/local_setup.sh'
[2.661s] INFO:colcon.colcon_core.shell:Creating prefix util module '/home/pi2/cleaningoceanplastics/ros2_ws/install/_local_setup_util_sh.py'
[2.662s] INFO:colcon.colcon_core.shell:Creating prefix chain script '/home/pi2/cleaningoceanplastics/ros2_ws/install/setup.sh'
[2.663s] INFO:colcon.colcon_core.shell:Creating prefix script '/home/pi2/cleaningoceanplastics/ros2_ws/install/local_setup.bash'
[2.663s] INFO:colcon.colcon_core.shell:Creating prefix chain script '/home/pi2/cleaningoceanplastics/ros2_ws/install/setup.bash'
[2.665s] INFO:colcon.colcon_core.shell:Creating prefix script '/home/pi2/cleaningoceanplastics/ros2_ws/install/local_setup.zsh'
[2.665s] INFO:colcon.colcon_core.shell:Creating prefix chain script '/home/pi2/cleaningoceanplastics/ros2_ws/install/setup.zsh'
