running egg_info
creating ../build/sensors/sensors.egg-info
writing ../build/sensors/sensors.egg-info/PKG-INFO
writing dependency_links to ../build/sensors/sensors.egg-info/dependency_links.txt
writing entry points to ../build/sensors/sensors.egg-info/entry_points.txt
writing requirements to ../build/sensors/sensors.egg-info/requires.txt
writing top-level names to ../build/sensors/sensors.egg-info/top_level.txt
writing manifest file '../build/sensors/sensors.egg-info/SOURCES.txt'
reading manifest file '../build/sensors/sensors.egg-info/SOURCES.txt'
adding license file 'LICENSE'
writing manifest file '../build/sensors/sensors.egg-info/SOURCES.txt'
running build
running build_py
creating /home/pi2/cleaningoceanplastics/ros2_ws/src/build/sensors/build
creating /home/pi2/cleaningoceanplastics/ros2_ws/src/build/sensors/build/lib
creating /home/pi2/cleaningoceanplastics/ros2_ws/src/build/sensors/build/lib/sensors
copying sensors/__init__.py -> /home/pi2/cleaningoceanplastics/ros2_ws/src/build/sensors/build/lib/sensors
copying sensors/object_detector.py -> /home/pi2/cleaningoceanplastics/ros2_ws/src/build/sensors/build/lib/sensors
copying sensors/water_sensor.py -> /home/pi2/cleaningoceanplastics/ros2_ws/src/build/sensors/build/lib/sensors
copying sensors/fix_publisher.py -> /home/pi2/cleaningoceanplastics/ros2_ws/src/build/sensors/build/lib/sensors
copying sensors/Kalman_service.py -> /home/pi2/cleaningoceanplastics/ros2_ws/src/build/sensors/build/lib/sensors
copying sensors/object_selector.py -> /home/pi2/cleaningoceanplastics/ros2_ws/src/build/sensors/build/lib/sensors
copying sensors/imu_publisher.py -> /home/pi2/cleaningoceanplastics/ros2_ws/src/build/sensors/build/lib/sensors
creating /home/pi2/cleaningoceanplastics/ros2_ws/src/build/sensors/build/lib/sensors/utils
copying sensors/utils/__init__.py -> /home/pi2/cleaningoceanplastics/ros2_ws/src/build/sensors/build/lib/sensors/utils
copying sensors/utils/LSM6DSL.py -> /home/pi2/cleaningoceanplastics/ros2_ws/src/build/sensors/build/lib/sensors/utils
copying sensors/utils/IMU_lib.py -> /home/pi2/cleaningoceanplastics/ros2_ws/src/build/sensors/build/lib/sensors/utils
copying sensors/utils/LIS3MDL.py -> /home/pi2/cleaningoceanplastics/ros2_ws/src/build/sensors/build/lib/sensors/utils
running install
running install_lib
creating /home/pi2/cleaningoceanplastics/ros2_ws/src/install/sensors/lib/python3.12/site-packages/sensors
copying /home/pi2/cleaningoceanplastics/ros2_ws/src/build/sensors/build/lib/sensors/__init__.py -> /home/pi2/cleaningoceanplastics/ros2_ws/src/install/sensors/lib/python3.12/site-packages/sensors
copying /home/pi2/cleaningoceanplastics/ros2_ws/src/build/sensors/build/lib/sensors/object_detector.py -> /home/pi2/cleaningoceanplastics/ros2_ws/src/install/sensors/lib/python3.12/site-packages/sensors
copying /home/pi2/cleaningoceanplastics/ros2_ws/src/build/sensors/build/lib/sensors/water_sensor.py -> /home/pi2/cleaningoceanplastics/ros2_ws/src/install/sensors/lib/python3.12/site-packages/sensors
copying /home/pi2/cleaningoceanplastics/ros2_ws/src/build/sensors/build/lib/sensors/fix_publisher.py -> /home/pi2/cleaningoceanplastics/ros2_ws/src/install/sensors/lib/python3.12/site-packages/sensors
copying /home/pi2/cleaningoceanplastics/ros2_ws/src/build/sensors/build/lib/sensors/Kalman_service.py -> /home/pi2/cleaningoceanplastics/ros2_ws/src/install/sensors/lib/python3.12/site-packages/sensors
copying /home/pi2/cleaningoceanplastics/ros2_ws/src/build/sensors/build/lib/sensors/object_selector.py -> /home/pi2/cleaningoceanplastics/ros2_ws/src/install/sensors/lib/python3.12/site-packages/sensors
copying /home/pi2/cleaningoceanplastics/ros2_ws/src/build/sensors/build/lib/sensors/imu_publisher.py -> /home/pi2/cleaningoceanplastics/ros2_ws/src/install/sensors/lib/python3.12/site-packages/sensors
creating /home/pi2/cleaningoceanplastics/ros2_ws/src/install/sensors/lib/python3.12/site-packages/sensors/utils
copying /home/pi2/cleaningoceanplastics/ros2_ws/src/build/sensors/build/lib/sensors/utils/__init__.py -> /home/pi2/cleaningoceanplastics/ros2_ws/src/install/sensors/lib/python3.12/site-packages/sensors/utils
copying /home/pi2/cleaningoceanplastics/ros2_ws/src/build/sensors/build/lib/sensors/utils/LSM6DSL.py -> /home/pi2/cleaningoceanplastics/ros2_ws/src/install/sensors/lib/python3.12/site-packages/sensors/utils
copying /home/pi2/cleaningoceanplastics/ros2_ws/src/build/sensors/build/lib/sensors/utils/IMU_lib.py -> /home/pi2/cleaningoceanplastics/ros2_ws/src/install/sensors/lib/python3.12/site-packages/sensors/utils
copying /home/pi2/cleaningoceanplastics/ros2_ws/src/build/sensors/build/lib/sensors/utils/LIS3MDL.py -> /home/pi2/cleaningoceanplastics/ros2_ws/src/install/sensors/lib/python3.12/site-packages/sensors/utils
byte-compiling /home/pi2/cleaningoceanplastics/ros2_ws/src/install/sensors/lib/python3.12/site-packages/sensors/__init__.py to __init__.cpython-312.pyc
byte-compiling /home/pi2/cleaningoceanplastics/ros2_ws/src/install/sensors/lib/python3.12/site-packages/sensors/object_detector.py to object_detector.cpython-312.pyc
byte-compiling /home/pi2/cleaningoceanplastics/ros2_ws/src/install/sensors/lib/python3.12/site-packages/sensors/water_sensor.py to water_sensor.cpython-312.pyc
byte-compiling /home/pi2/cleaningoceanplastics/ros2_ws/src/install/sensors/lib/python3.12/site-packages/sensors/fix_publisher.py to fix_publisher.cpython-312.pyc
byte-compiling /home/pi2/cleaningoceanplastics/ros2_ws/src/install/sensors/lib/python3.12/site-packages/sensors/Kalman_service.py to Kalman_service.cpython-312.pyc
byte-compiling /home/pi2/cleaningoceanplastics/ros2_ws/src/install/sensors/lib/python3.12/site-packages/sensors/object_selector.py to object_selector.cpython-312.pyc
byte-compiling /home/pi2/cleaningoceanplastics/ros2_ws/src/install/sensors/lib/python3.12/site-packages/sensors/imu_publisher.py to imu_publisher.cpython-312.pyc
byte-compiling /home/pi2/cleaningoceanplastics/ros2_ws/src/install/sensors/lib/python3.12/site-packages/sensors/utils/__init__.py to __init__.cpython-312.pyc
byte-compiling /home/pi2/cleaningoceanplastics/ros2_ws/src/install/sensors/lib/python3.12/site-packages/sensors/utils/LSM6DSL.py to LSM6DSL.cpython-312.pyc
byte-compiling /home/pi2/cleaningoceanplastics/ros2_ws/src/install/sensors/lib/python3.12/site-packages/sensors/utils/IMU_lib.py to IMU_lib.cpython-312.pyc
byte-compiling /home/pi2/cleaningoceanplastics/ros2_ws/src/install/sensors/lib/python3.12/site-packages/sensors/utils/LIS3MDL.py to LIS3MDL.cpython-312.pyc
running install_data
creating /home/pi2/cleaningoceanplastics/ros2_ws/src/install/sensors/share/ament_index
creating /home/pi2/cleaningoceanplastics/ros2_ws/src/install/sensors/share/ament_index/resource_index
creating /home/pi2/cleaningoceanplastics/ros2_ws/src/install/sensors/share/ament_index/resource_index/packages
copying resource/sensors -> /home/pi2/cleaningoceanplastics/ros2_ws/src/install/sensors/share/ament_index/resource_index/packages
copying package.xml -> /home/pi2/cleaningoceanplastics/ros2_ws/src/install/sensors/share/sensors
creating /home/pi2/cleaningoceanplastics/ros2_ws/src/install/sensors/share/sensors/launch
copying launch/sensors.launch.py -> /home/pi2/cleaningoceanplastics/ros2_ws/src/install/sensors/share/sensors/launch
copying launch/control_launch.py -> /home/pi2/cleaningoceanplastics/ros2_ws/src/install/sensors/share/sensors/launch
running install_egg_info
Copying ../build/sensors/sensors.egg-info to /home/pi2/cleaningoceanplastics/ros2_ws/src/install/sensors/lib/python3.12/site-packages/sensors-0.0.0-py3.12.egg-info
running install_scripts
Installing gps_pub script to /home/pi2/cleaningoceanplastics/ros2_ws/src/install/sensors/lib/sensors
Installing imu_pub script to /home/pi2/cleaningoceanplastics/ros2_ws/src/install/sensors/lib/sensors
Installing kalman script to /home/pi2/cleaningoceanplastics/ros2_ws/src/install/sensors/lib/sensors
Installing object_detector script to /home/pi2/cleaningoceanplastics/ros2_ws/src/install/sensors/lib/sensors
Installing object_selector script to /home/pi2/cleaningoceanplastics/ros2_ws/src/install/sensors/lib/sensors
Installing water_sensor script to /home/pi2/cleaningoceanplastics/ros2_ws/src/install/sensors/lib/sensors
writing list of installed files to '/home/pi2/cleaningoceanplastics/ros2_ws/src/build/sensors/install.log'
