[3.995s] Invoking command in '/home/pi2/cleaningoceanplastics/ros2_ws/src/sensors': DEBUGINFOD_URLS=https://debuginfod.ubuntu.com PS1=\u@\h \[\033[32m\]\w\[\033[33m\]$(parse_git_branch)\[\033[00m\] $ PYTHONPATH=/home/pi2/cleaningoceanplastics/ros2_ws/src/build/sensors/prefix_override:/usr/lib/python3/dist-packages/colcon_core/task/python/colcon_distutils_commands:/home/pi2/cleaningoceanplastics/ros2_ws/src/install/sensors/lib/python3.12/site-packages:${PYTHONPATH} /usr/bin/python3 -W ignore:setup.py install is deprecated -W ignore:easy_install command is deprecated setup.py egg_info --egg-base ../build/sensors build --build-base /home/pi2/cleaningoceanplastics/ros2_ws/src/build/sensors/build install --record /home/pi2/cleaningoceanplastics/ros2_ws/src/build/sensors/install.log --single-version-externally-managed install_data
[4.881s] running egg_info
[4.882s] creating ../build/sensors/sensors.egg-info
[4.949s] writing ../build/sensors/sensors.egg-info/PKG-INFO
[4.950s] writing dependency_links to ../build/sensors/sensors.egg-info/dependency_links.txt
[4.951s] writing entry points to ../build/sensors/sensors.egg-info/entry_points.txt
[4.953s] writing requirements to ../build/sensors/sensors.egg-info/requires.txt
[4.953s] writing top-level names to ../build/sensors/sensors.egg-info/top_level.txt
[4.954s] writing manifest file '../build/sensors/sensors.egg-info/SOURCES.txt'
[5.095s] reading manifest file '../build/sensors/sensors.egg-info/SOURCES.txt'
[5.095s] adding license file 'LICENSE'
[5.096s] writing manifest file '../build/sensors/sensors.egg-info/SOURCES.txt'
[5.096s] running build
[5.096s] running build_py
[5.096s] creating /home/pi2/cleaningoceanplastics/ros2_ws/src/build/sensors/build
[5.096s] creating /home/pi2/cleaningoceanplastics/ros2_ws/src/build/sensors/build/lib
[5.096s] creating /home/pi2/cleaningoceanplastics/ros2_ws/src/build/sensors/build/lib/sensors
[5.097s] copying sensors/__init__.py -> /home/pi2/cleaningoceanplastics/ros2_ws/src/build/sensors/build/lib/sensors
[5.097s] copying sensors/object_detector.py -> /home/pi2/cleaningoceanplastics/ros2_ws/src/build/sensors/build/lib/sensors
[5.099s] copying sensors/water_sensor.py -> /home/pi2/cleaningoceanplastics/ros2_ws/src/build/sensors/build/lib/sensors
[5.100s] copying sensors/fix_publisher.py -> /home/pi2/cleaningoceanplastics/ros2_ws/src/build/sensors/build/lib/sensors
[5.106s] copying sensors/Kalman_service.py -> /home/pi2/cleaningoceanplastics/ros2_ws/src/build/sensors/build/lib/sensors
[5.106s] copying sensors/object_selector.py -> /home/pi2/cleaningoceanplastics/ros2_ws/src/build/sensors/build/lib/sensors
[5.107s] copying sensors/imu_publisher.py -> /home/pi2/cleaningoceanplastics/ros2_ws/src/build/sensors/build/lib/sensors
[5.108s] creating /home/pi2/cleaningoceanplastics/ros2_ws/src/build/sensors/build/lib/sensors/utils
[5.109s] copying sensors/utils/__init__.py -> /home/pi2/cleaningoceanplastics/ros2_ws/src/build/sensors/build/lib/sensors/utils
[5.112s] copying sensors/utils/LSM6DSL.py -> /home/pi2/cleaningoceanplastics/ros2_ws/src/build/sensors/build/lib/sensors/utils
[5.112s] copying sensors/utils/IMU_lib.py -> /home/pi2/cleaningoceanplastics/ros2_ws/src/build/sensors/build/lib/sensors/utils
[5.115s] copying sensors/utils/LIS3MDL.py -> /home/pi2/cleaningoceanplastics/ros2_ws/src/build/sensors/build/lib/sensors/utils
[5.117s] running install
[5.142s] running install_lib
[5.203s] creating /home/pi2/cleaningoceanplastics/ros2_ws/src/install/sensors/lib/python3.12/site-packages/sensors
[5.204s] copying /home/pi2/cleaningoceanplastics/ros2_ws/src/build/sensors/build/lib/sensors/__init__.py -> /home/pi2/cleaningoceanplastics/ros2_ws/src/install/sensors/lib/python3.12/site-packages/sensors
[5.206s] copying /home/pi2/cleaningoceanplastics/ros2_ws/src/build/sensors/build/lib/sensors/object_detector.py -> /home/pi2/cleaningoceanplastics/ros2_ws/src/install/sensors/lib/python3.12/site-packages/sensors
[5.207s] copying /home/pi2/cleaningoceanplastics/ros2_ws/src/build/sensors/build/lib/sensors/water_sensor.py -> /home/pi2/cleaningoceanplastics/ros2_ws/src/install/sensors/lib/python3.12/site-packages/sensors
[5.207s] copying /home/pi2/cleaningoceanplastics/ros2_ws/src/build/sensors/build/lib/sensors/fix_publisher.py -> /home/pi2/cleaningoceanplastics/ros2_ws/src/install/sensors/lib/python3.12/site-packages/sensors
[5.209s] copying /home/pi2/cleaningoceanplastics/ros2_ws/src/build/sensors/build/lib/sensors/Kalman_service.py -> /home/pi2/cleaningoceanplastics/ros2_ws/src/install/sensors/lib/python3.12/site-packages/sensors
[5.209s] copying /home/pi2/cleaningoceanplastics/ros2_ws/src/build/sensors/build/lib/sensors/object_selector.py -> /home/pi2/cleaningoceanplastics/ros2_ws/src/install/sensors/lib/python3.12/site-packages/sensors
[5.212s] copying /home/pi2/cleaningoceanplastics/ros2_ws/src/build/sensors/build/lib/sensors/imu_publisher.py -> /home/pi2/cleaningoceanplastics/ros2_ws/src/install/sensors/lib/python3.12/site-packages/sensors
[5.212s] creating /home/pi2/cleaningoceanplastics/ros2_ws/src/install/sensors/lib/python3.12/site-packages/sensors/utils
[5.213s] copying /home/pi2/cleaningoceanplastics/ros2_ws/src/build/sensors/build/lib/sensors/utils/__init__.py -> /home/pi2/cleaningoceanplastics/ros2_ws/src/install/sensors/lib/python3.12/site-packages/sensors/utils
[5.213s] copying /home/pi2/cleaningoceanplastics/ros2_ws/src/build/sensors/build/lib/sensors/utils/LSM6DSL.py -> /home/pi2/cleaningoceanplastics/ros2_ws/src/install/sensors/lib/python3.12/site-packages/sensors/utils
[5.214s] copying /home/pi2/cleaningoceanplastics/ros2_ws/src/build/sensors/build/lib/sensors/utils/IMU_lib.py -> /home/pi2/cleaningoceanplastics/ros2_ws/src/install/sensors/lib/python3.12/site-packages/sensors/utils
[5.215s] copying /home/pi2/cleaningoceanplastics/ros2_ws/src/build/sensors/build/lib/sensors/utils/LIS3MDL.py -> /home/pi2/cleaningoceanplastics/ros2_ws/src/install/sensors/lib/python3.12/site-packages/sensors/utils
[5.218s] byte-compiling /home/pi2/cleaningoceanplastics/ros2_ws/src/install/sensors/lib/python3.12/site-packages/sensors/__init__.py to __init__.cpython-312.pyc
[5.218s] byte-compiling /home/pi2/cleaningoceanplastics/ros2_ws/src/install/sensors/lib/python3.12/site-packages/sensors/object_detector.py to object_detector.cpython-312.pyc
[5.223s] byte-compiling /home/pi2/cleaningoceanplastics/ros2_ws/src/install/sensors/lib/python3.12/site-packages/sensors/water_sensor.py to water_sensor.cpython-312.pyc
[5.225s] byte-compiling /home/pi2/cleaningoceanplastics/ros2_ws/src/install/sensors/lib/python3.12/site-packages/sensors/fix_publisher.py to fix_publisher.cpython-312.pyc
[5.228s] byte-compiling /home/pi2/cleaningoceanplastics/ros2_ws/src/install/sensors/lib/python3.12/site-packages/sensors/Kalman_service.py to Kalman_service.cpython-312.pyc
[5.239s] byte-compiling /home/pi2/cleaningoceanplastics/ros2_ws/src/install/sensors/lib/python3.12/site-packages/sensors/object_selector.py to object_selector.cpython-312.pyc
[5.240s] byte-compiling /home/pi2/cleaningoceanplastics/ros2_ws/src/install/sensors/lib/python3.12/site-packages/sensors/imu_publisher.py to imu_publisher.cpython-312.pyc
[5.247s] byte-compiling /home/pi2/cleaningoceanplastics/ros2_ws/src/install/sensors/lib/python3.12/site-packages/sensors/utils/__init__.py to __init__.cpython-312.pyc
[5.249s] byte-compiling /home/pi2/cleaningoceanplastics/ros2_ws/src/install/sensors/lib/python3.12/site-packages/sensors/utils/LSM6DSL.py to LSM6DSL.cpython-312.pyc
[5.251s] byte-compiling /home/pi2/cleaningoceanplastics/ros2_ws/src/install/sensors/lib/python3.12/site-packages/sensors/utils/IMU_lib.py to IMU_lib.cpython-312.pyc
[5.257s] byte-compiling /home/pi2/cleaningoceanplastics/ros2_ws/src/install/sensors/lib/python3.12/site-packages/sensors/utils/LIS3MDL.py to LIS3MDL.cpython-312.pyc
[5.258s] running install_data
[5.258s] creating /home/pi2/cleaningoceanplastics/ros2_ws/src/install/sensors/share/ament_index
[5.260s] creating /home/pi2/cleaningoceanplastics/ros2_ws/src/install/sensors/share/ament_index/resource_index
[5.261s] creating /home/pi2/cleaningoceanplastics/ros2_ws/src/install/sensors/share/ament_index/resource_index/packages
[5.263s] copying resource/sensors -> /home/pi2/cleaningoceanplastics/ros2_ws/src/install/sensors/share/ament_index/resource_index/packages
[5.263s] copying package.xml -> /home/pi2/cleaningoceanplastics/ros2_ws/src/install/sensors/share/sensors
[5.266s] creating /home/pi2/cleaningoceanplastics/ros2_ws/src/install/sensors/share/sensors/launch
[5.266s] copying launch/sensors.launch.py -> /home/pi2/cleaningoceanplastics/ros2_ws/src/install/sensors/share/sensors/launch
[5.267s] copying launch/control_launch.py -> /home/pi2/cleaningoceanplastics/ros2_ws/src/install/sensors/share/sensors/launch
[5.271s] running install_egg_info
[5.329s] Copying ../build/sensors/sensors.egg-info to /home/pi2/cleaningoceanplastics/ros2_ws/src/install/sensors/lib/python3.12/site-packages/sensors-0.0.0-py3.12.egg-info
[5.335s] running install_scripts
[5.789s] Installing gps_pub script to /home/pi2/cleaningoceanplastics/ros2_ws/src/install/sensors/lib/sensors
[5.789s] Installing imu_pub script to /home/pi2/cleaningoceanplastics/ros2_ws/src/install/sensors/lib/sensors
[5.790s] Installing kalman script to /home/pi2/cleaningoceanplastics/ros2_ws/src/install/sensors/lib/sensors
[5.790s] Installing object_detector script to /home/pi2/cleaningoceanplastics/ros2_ws/src/install/sensors/lib/sensors
[5.790s] Installing object_selector script to /home/pi2/cleaningoceanplastics/ros2_ws/src/install/sensors/lib/sensors
[5.790s] Installing water_sensor script to /home/pi2/cleaningoceanplastics/ros2_ws/src/install/sensors/lib/sensors
[5.792s] writing list of installed files to '/home/pi2/cleaningoceanplastics/ros2_ws/src/build/sensors/install.log'
[5.930s] Invoked command in '/home/pi2/cleaningoceanplastics/ros2_ws/src/sensors' returned '0': DEBUGINFOD_URLS=https://debuginfod.ubuntu.com PS1=\u@\h \[\033[32m\]\w\[\033[33m\]$(parse_git_branch)\[\033[00m\] $ PYTHONPATH=/home/pi2/cleaningoceanplastics/ros2_ws/src/build/sensors/prefix_override:/usr/lib/python3/dist-packages/colcon_core/task/python/colcon_distutils_commands:/home/pi2/cleaningoceanplastics/ros2_ws/src/install/sensors/lib/python3.12/site-packages:${PYTHONPATH} /usr/bin/python3 -W ignore:setup.py install is deprecated -W ignore:easy_install command is deprecated setup.py egg_info --egg-base ../build/sensors build --build-base /home/pi2/cleaningoceanplastics/ros2_ws/src/build/sensors/build install --record /home/pi2/cleaningoceanplastics/ros2_ws/src/build/sensors/install.log --single-version-externally-managed install_data
