[  2%] Built target services__rosidl_generator_type_description
[  2%] Built target ament_cmake_python_copy_services
[  5%] Built target services__cpp
[ 20%] Built target services__rosidl_generator_c
[ 29%] Built target services__rosidl_typesupport_introspection_c
[ 38%] Built target services__rosidl_typesupport_introspection_cpp
[ 47%] Built target services__rosidl_typesupport_c
[ 55%] Built target services__rosidl_typesupport_cpp
[ 64%] Built target services__rosidl_typesupport_fastrtps_cpp
[ 73%] Built target services__rosidl_typesupport_fastrtps_c
[ 73%] Built target services
[ 76%] Built target services__py
[ 82%] Built target services__rosidl_generator_py
[ 88%] Built target services_s__rosidl_typesupport_fastrtps_c
[ 94%] Built target services_s__rosidl_typesupport_introspection_c
[100%] Built target services_s__rosidl_typesupport_c
running egg_info
writing services.egg-info/PKG-INFO
writing dependency_links to services.egg-info/dependency_links.txt
writing top-level names to services.egg-info/top_level.txt
reading manifest file 'services.egg-info/SOURCES.txt'
writing manifest file 'services.egg-info/SOURCES.txt'
[100%] Built target ament_cmake_python_build_services_egg
-- Install configuration: ""
-- Up-to-date: /home/pi2/cleaningoceanplastics/install/services/share/ament_index/resource_index/rosidl_interfaces/services
-- Up-to-date: /home/pi2/cleaningoceanplastics/install/services/share/services/srv/IMUData.json
-- Up-to-date: /home/pi2/cleaningoceanplastics/install/services/include/services/services
-- Up-to-date: /home/pi2/cleaningoceanplastics/install/services/include/services/services/msg
-- Up-to-date: /home/pi2/cleaningoceanplastics/install/services/include/services/services/msg/rosidl_generator_c__visibility_control.h
-- Up-to-date: /home/pi2/cleaningoceanplastics/install/services/include/services/services/srv
-- Up-to-date: /home/pi2/cleaningoceanplastics/install/services/include/services/services/srv/imu_data.h
-- Up-to-date: /home/pi2/cleaningoceanplastics/install/services/include/services/services/srv/detail
-- Up-to-date: /home/pi2/cleaningoceanplastics/install/services/include/services/services/srv/detail/imu_data__functions.c
-- Up-to-date: /home/pi2/cleaningoceanplastics/install/services/include/services/services/srv/detail/imu_data__description.c
-- Up-to-date: /home/pi2/cleaningoceanplastics/install/services/include/services/services/srv/detail/imu_data__functions.h
-- Up-to-date: /home/pi2/cleaningoceanplastics/install/services/include/services/services/srv/detail/imu_data__type_support.h
-- Up-to-date: /home/pi2/cleaningoceanplastics/install/services/include/services/services/srv/detail/imu_data__type_support.c
-- Up-to-date: /home/pi2/cleaningoceanplastics/install/services/include/services/services/srv/detail/imu_data__struct.h
-- Up-to-date: /home/pi2/cleaningoceanplastics/install/services/share/services/environment/library_path.sh
-- Up-to-date: /home/pi2/cleaningoceanplastics/install/services/share/services/environment/library_path.dsv
-- Up-to-date: /home/pi2/cleaningoceanplastics/install/services/lib/libservices__rosidl_generator_c.so
-- Up-to-date: /home/pi2/cleaningoceanplastics/install/services/include/services/services
-- Up-to-date: /home/pi2/cleaningoceanplastics/install/services/include/services/services/msg
-- Up-to-date: /home/pi2/cleaningoceanplastics/install/services/include/services/services/msg/rosidl_typesupport_fastrtps_c__visibility_control.h
-- Up-to-date: /home/pi2/cleaningoceanplastics/install/services/include/services/services/srv
-- Up-to-date: /home/pi2/cleaningoceanplastics/install/services/include/services/services/srv/detail
-- Up-to-date: /home/pi2/cleaningoceanplastics/install/services/include/services/services/srv/detail/imu_data__rosidl_typesupport_fastrtps_c.h
-- Up-to-date: /home/pi2/cleaningoceanplastics/install/services/lib/libservices__rosidl_typesupport_fastrtps_c.so
-- Up-to-date: /home/pi2/cleaningoceanplastics/install/services/include/services/services
-- Up-to-date: /home/pi2/cleaningoceanplastics/install/services/include/services/services/msg
-- Up-to-date: /home/pi2/cleaningoceanplastics/install/services/include/services/services/msg/rosidl_generator_cpp__visibility_control.hpp
-- Up-to-date: /home/pi2/cleaningoceanplastics/install/services/include/services/services/srv
-- Up-to-date: /home/pi2/cleaningoceanplastics/install/services/include/services/services/srv/imu_data.hpp
-- Up-to-date: /home/pi2/cleaningoceanplastics/install/services/include/services/services/srv/detail
-- Up-to-date: /home/pi2/cleaningoceanplastics/install/services/include/services/services/srv/detail/imu_data__struct.hpp
-- Up-to-date: /home/pi2/cleaningoceanplastics/install/services/include/services/services/srv/detail/imu_data__builder.hpp
-- Up-to-date: /home/pi2/cleaningoceanplastics/install/services/include/services/services/srv/detail/imu_data__type_support.hpp
-- Up-to-date: /home/pi2/cleaningoceanplastics/install/services/include/services/services/srv/detail/imu_data__traits.hpp
-- Up-to-date: /home/pi2/cleaningoceanplastics/install/services/include/services/services
-- Up-to-date: /home/pi2/cleaningoceanplastics/install/services/include/services/services/msg
-- Up-to-date: /home/pi2/cleaningoceanplastics/install/services/include/services/services/msg/rosidl_typesupport_fastrtps_cpp__visibility_control.h
-- Up-to-date: /home/pi2/cleaningoceanplastics/install/services/include/services/services/srv
-- Up-to-date: /home/pi2/cleaningoceanplastics/install/services/include/services/services/srv/detail
-- Up-to-date: /home/pi2/cleaningoceanplastics/install/services/include/services/services/srv/detail/imu_data__rosidl_typesupport_fastrtps_cpp.hpp
-- Up-to-date: /home/pi2/cleaningoceanplastics/install/services/include/services/services/srv/detail/dds_fastrtps
-- Up-to-date: /home/pi2/cleaningoceanplastics/install/services/lib/libservices__rosidl_typesupport_fastrtps_cpp.so
-- Up-to-date: /home/pi2/cleaningoceanplastics/install/services/include/services/services
-- Up-to-date: /home/pi2/cleaningoceanplastics/install/services/include/services/services/msg
-- Up-to-date: /home/pi2/cleaningoceanplastics/install/services/include/services/services/msg/rosidl_typesupport_introspection_c__visibility_control.h
-- Up-to-date: /home/pi2/cleaningoceanplastics/install/services/include/services/services/srv
-- Up-to-date: /home/pi2/cleaningoceanplastics/install/services/include/services/services/srv/detail
-- Up-to-date: /home/pi2/cleaningoceanplastics/install/services/include/services/services/srv/detail/imu_data__rosidl_typesupport_introspection_c.h
-- Up-to-date: /home/pi2/cleaningoceanplastics/install/services/include/services/services/srv/detail/imu_data__type_support.c
-- Up-to-date: /home/pi2/cleaningoceanplastics/install/services/lib/libservices__rosidl_typesupport_introspection_c.so
-- Up-to-date: /home/pi2/cleaningoceanplastics/install/services/lib/libservices__rosidl_typesupport_c.so
-- Up-to-date: /home/pi2/cleaningoceanplastics/install/services/include/services/services
-- Up-to-date: /home/pi2/cleaningoceanplastics/install/services/include/services/services/srv
-- Up-to-date: /home/pi2/cleaningoceanplastics/install/services/include/services/services/srv/detail
-- Up-to-date: /home/pi2/cleaningoceanplastics/install/services/include/services/services/srv/detail/imu_data__rosidl_typesupport_introspection_cpp.hpp
-- Up-to-date: /home/pi2/cleaningoceanplastics/install/services/include/services/services/srv/detail/imu_data__type_support.cpp
-- Up-to-date: /home/pi2/cleaningoceanplastics/install/services/lib/libservices__rosidl_typesupport_introspection_cpp.so
-- Up-to-date: /home/pi2/cleaningoceanplastics/install/services/lib/libservices__rosidl_typesupport_cpp.so
-- Up-to-date: /home/pi2/cleaningoceanplastics/install/services/share/services/environment/pythonpath.sh
-- Up-to-date: /home/pi2/cleaningoceanplastics/install/services/share/services/environment/pythonpath.dsv
-- Up-to-date: /home/pi2/cleaningoceanplastics/install/services/lib/python3.12/site-packages/services-0.0.0-py3.12.egg-info
-- Installing: /home/pi2/cleaningoceanplastics/install/services/lib/python3.12/site-packages/services-0.0.0-py3.12.egg-info/SOURCES.txt
-- Installing: /home/pi2/cleaningoceanplastics/install/services/lib/python3.12/site-packages/services-0.0.0-py3.12.egg-info/top_level.txt
-- Installing: /home/pi2/cleaningoceanplastics/install/services/lib/python3.12/site-packages/services-0.0.0-py3.12.egg-info/PKG-INFO
-- Installing: /home/pi2/cleaningoceanplastics/install/services/lib/python3.12/site-packages/services-0.0.0-py3.12.egg-info/dependency_links.txt
-- Up-to-date: /home/pi2/cleaningoceanplastics/install/services/lib/python3.12/site-packages/services
-- Up-to-date: /home/pi2/cleaningoceanplastics/install/services/lib/python3.12/site-packages/services/_services_s.ep.rosidl_typesupport_introspection_c.c
-- Up-to-date: /home/pi2/cleaningoceanplastics/install/services/lib/python3.12/site-packages/services/__init__.py
-- Up-to-date: /home/pi2/cleaningoceanplastics/install/services/lib/python3.12/site-packages/services/_services_s.ep.rosidl_typesupport_fastrtps_c.c
-- Up-to-date: /home/pi2/cleaningoceanplastics/install/services/lib/python3.12/site-packages/services/services_s__rosidl_typesupport_c.so
-- Up-to-date: /home/pi2/cleaningoceanplastics/install/services/lib/python3.12/site-packages/services/srv
-- Up-to-date: /home/pi2/cleaningoceanplastics/install/services/lib/python3.12/site-packages/services/srv/__init__.py
-- Up-to-date: /home/pi2/cleaningoceanplastics/install/services/lib/python3.12/site-packages/services/srv/_imu_data_s.c
-- Up-to-date: /home/pi2/cleaningoceanplastics/install/services/lib/python3.12/site-packages/services/srv/_imu_data.py
-- Up-to-date: /home/pi2/cleaningoceanplastics/install/services/lib/python3.12/site-packages/services/services_s__rosidl_typesupport_fastrtps_c.so
-- Up-to-date: /home/pi2/cleaningoceanplastics/install/services/lib/python3.12/site-packages/services/_services_s.ep.rosidl_typesupport_c.c
-- Up-to-date: /home/pi2/cleaningoceanplastics/install/services/lib/python3.12/site-packages/services/services_s__rosidl_typesupport_introspection_c.so
Listing '/home/pi2/cleaningoceanplastics/install/services/lib/python3.12/site-packages/services'...
Listing '/home/pi2/cleaningoceanplastics/install/services/lib/python3.12/site-packages/services/srv'...
-- Up-to-date: /home/pi2/cleaningoceanplastics/install/services/lib/python3.12/site-packages/services/services_s__rosidl_typesupport_fastrtps_c.so
-- Up-to-date: /home/pi2/cleaningoceanplastics/install/services/lib/python3.12/site-packages/services/services_s__rosidl_typesupport_introspection_c.so
-- Up-to-date: /home/pi2/cleaningoceanplastics/install/services/lib/python3.12/site-packages/services/services_s__rosidl_typesupport_c.so
-- Up-to-date: /home/pi2/cleaningoceanplastics/install/services/lib/libservices__rosidl_generator_py.so
-- Up-to-date: /home/pi2/cleaningoceanplastics/install/services/share/services/srv/IMUData.idl
-- Up-to-date: /home/pi2/cleaningoceanplastics/install/services/share/services/srv/IMUData.srv
-- Up-to-date: /home/pi2/cleaningoceanplastics/install/services/share/ament_index/resource_index/package_run_dependencies/services
-- Up-to-date: /home/pi2/cleaningoceanplastics/install/services/share/ament_index/resource_index/parent_prefix_path/services
-- Up-to-date: /home/pi2/cleaningoceanplastics/install/services/share/services/environment/ament_prefix_path.sh
-- Up-to-date: /home/pi2/cleaningoceanplastics/install/services/share/services/environment/ament_prefix_path.dsv
-- Up-to-date: /home/pi2/cleaningoceanplastics/install/services/share/services/environment/path.sh
-- Up-to-date: /home/pi2/cleaningoceanplastics/install/services/share/services/environment/path.dsv
-- Up-to-date: /home/pi2/cleaningoceanplastics/install/services/share/services/local_setup.bash
-- Up-to-date: /home/pi2/cleaningoceanplastics/install/services/share/services/local_setup.sh
-- Up-to-date: /home/pi2/cleaningoceanplastics/install/services/share/services/local_setup.zsh
-- Up-to-date: /home/pi2/cleaningoceanplastics/install/services/share/services/local_setup.dsv
-- Installing: /home/pi2/cleaningoceanplastics/install/services/share/services/package.dsv
-- Up-to-date: /home/pi2/cleaningoceanplastics/install/services/share/ament_index/resource_index/packages/services
-- Up-to-date: /home/pi2/cleaningoceanplastics/install/services/share/services/cmake/export_services__rosidl_generator_cExport.cmake
-- Up-to-date: /home/pi2/cleaningoceanplastics/install/services/share/services/cmake/export_services__rosidl_generator_cExport-noconfig.cmake
-- Up-to-date: /home/pi2/cleaningoceanplastics/install/services/share/services/cmake/export_services__rosidl_typesupport_fastrtps_cExport.cmake
-- Up-to-date: /home/pi2/cleaningoceanplastics/install/services/share/services/cmake/export_services__rosidl_typesupport_fastrtps_cExport-noconfig.cmake
-- Up-to-date: /home/pi2/cleaningoceanplastics/install/services/share/services/cmake/export_services__rosidl_generator_cppExport.cmake
-- Up-to-date: /home/pi2/cleaningoceanplastics/install/services/share/services/cmake/export_services__rosidl_typesupport_fastrtps_cppExport.cmake
-- Up-to-date: /home/pi2/cleaningoceanplastics/install/services/share/services/cmake/export_services__rosidl_typesupport_fastrtps_cppExport-noconfig.cmake
-- Up-to-date: /home/pi2/cleaningoceanplastics/install/services/share/services/cmake/services__rosidl_typesupport_introspection_cExport.cmake
-- Up-to-date: /home/pi2/cleaningoceanplastics/install/services/share/services/cmake/services__rosidl_typesupport_introspection_cExport-noconfig.cmake
-- Up-to-date: /home/pi2/cleaningoceanplastics/install/services/share/services/cmake/services__rosidl_typesupport_cExport.cmake
-- Up-to-date: /home/pi2/cleaningoceanplastics/install/services/share/services/cmake/services__rosidl_typesupport_cExport-noconfig.cmake
-- Up-to-date: /home/pi2/cleaningoceanplastics/install/services/share/services/cmake/services__rosidl_typesupport_introspection_cppExport.cmake
-- Up-to-date: /home/pi2/cleaningoceanplastics/install/services/share/services/cmake/services__rosidl_typesupport_introspection_cppExport-noconfig.cmake
-- Up-to-date: /home/pi2/cleaningoceanplastics/install/services/share/services/cmake/services__rosidl_typesupport_cppExport.cmake
-- Up-to-date: /home/pi2/cleaningoceanplastics/install/services/share/services/cmake/services__rosidl_typesupport_cppExport-noconfig.cmake
-- Up-to-date: /home/pi2/cleaningoceanplastics/install/services/share/services/cmake/export_services__rosidl_generator_pyExport.cmake
-- Up-to-date: /home/pi2/cleaningoceanplastics/install/services/share/services/cmake/export_services__rosidl_generator_pyExport-noconfig.cmake
-- Up-to-date: /home/pi2/cleaningoceanplastics/install/services/share/services/cmake/rosidl_cmake-extras.cmake
-- Up-to-date: /home/pi2/cleaningoceanplastics/install/services/share/services/cmake/ament_cmake_export_dependencies-extras.cmake
-- Up-to-date: /home/pi2/cleaningoceanplastics/install/services/share/services/cmake/ament_cmake_export_include_directories-extras.cmake
-- Up-to-date: /home/pi2/cleaningoceanplastics/install/services/share/services/cmake/ament_cmake_export_libraries-extras.cmake
-- Up-to-date: /home/pi2/cleaningoceanplastics/install/services/share/services/cmake/ament_cmake_export_targets-extras.cmake
-- Up-to-date: /home/pi2/cleaningoceanplastics/install/services/share/services/cmake/rosidl_cmake_export_typesupport_targets-extras.cmake
-- Up-to-date: /home/pi2/cleaningoceanplastics/install/services/share/services/cmake/rosidl_cmake_export_typesupport_libraries-extras.cmake
-- Up-to-date: /home/pi2/cleaningoceanplastics/install/services/share/services/cmake/servicesConfig.cmake
-- Up-to-date: /home/pi2/cleaningoceanplastics/install/services/share/services/cmake/servicesConfig-version.cmake
-- Up-to-date: /home/pi2/cleaningoceanplastics/install/services/share/services/package.xml
