[0.334s] Invoking command in '/home/pi2/cleaningoceanplastics/build/services': CMAKE_PREFIX_PATH=${CMAKE_PREFIX_PATH}:/home/pi2/cleaningoceanplastics/install/test_input:/home/pi2/cleaningoceanplastics/install/nmea_navsat_driver:/opt/ros/jazzy DEBUGINFOD_URLS=https://debuginfod.ubuntu.com /usr/bin/cmake --build /home/pi2/cleaningoceanplastics/build/services -- -j4 -l4
[0.425s] [  2%] Built target services__rosidl_generator_type_description
[0.446s] [  2%] Built target ament_cmake_python_copy_services
[0.464s] [  5%] Built target services__cpp
[0.470s] [ 20%] Built target services__rosidl_generator_c
[0.524s] [ 29%] Built target services__rosidl_typesupport_introspection_c
[0.537s] [ 38%] Built target services__rosidl_typesupport_introspection_cpp
[0.545s] [ 47%] Built target services__rosidl_typesupport_c
[0.587s] [ 55%] Built target services__rosidl_typesupport_cpp
[0.607s] [ 64%] Built target services__rosidl_typesupport_fastrtps_cpp
[0.609s] [ 73%] Built target services__rosidl_typesupport_fastrtps_c
[0.647s] [ 73%] Built target services
[0.686s] [ 76%] Built target services__py
[0.734s] [ 82%] Built target services__rosidl_generator_py
[0.785s] [ 88%] Built target services_s__rosidl_typesupport_fastrtps_c
[0.807s] [ 94%] Built target services_s__rosidl_typesupport_introspection_c
[0.819s] [100%] Built target services_s__rosidl_typesupport_c
[0.880s] running egg_info
[0.908s] writing services.egg-info/PKG-INFO
[0.908s] writing dependency_links to services.egg-info/dependency_links.txt
[0.909s] writing top-level names to services.egg-info/top_level.txt
[0.994s] reading manifest file 'services.egg-info/SOURCES.txt'
[0.994s] writing manifest file 'services.egg-info/SOURCES.txt'
[1.068s] [100%] Built target ament_cmake_python_build_services_egg
[1.090s] Invoked command in '/home/pi2/cleaningoceanplastics/build/services' returned '0': CMAKE_PREFIX_PATH=${CMAKE_PREFIX_PATH}:/home/pi2/cleaningoceanplastics/install/test_input:/home/pi2/cleaningoceanplastics/install/nmea_navsat_driver:/opt/ros/jazzy DEBUGINFOD_URLS=https://debuginfod.ubuntu.com /usr/bin/cmake --build /home/pi2/cleaningoceanplastics/build/services -- -j4 -l4
[1.108s] Invoking command in '/home/pi2/cleaningoceanplastics/build/services': CMAKE_PREFIX_PATH=${CMAKE_PREFIX_PATH}:/home/pi2/cleaningoceanplastics/install/test_input:/home/pi2/cleaningoceanplastics/install/nmea_navsat_driver:/opt/ros/jazzy DEBUGINFOD_URLS=https://debuginfod.ubuntu.com /usr/bin/cmake --install /home/pi2/cleaningoceanplastics/build/services
[1.125s] -- Install configuration: ""
[1.126s] -- Up-to-date: /home/pi2/cleaningoceanplastics/install/services/share/ament_index/resource_index/rosidl_interfaces/services
[1.126s] -- Up-to-date: /home/pi2/cleaningoceanplastics/install/services/share/services/srv/IMUData.json
[1.126s] -- Up-to-date: /home/pi2/cleaningoceanplastics/install/services/include/services/services
[1.127s] -- Up-to-date: /home/pi2/cleaningoceanplastics/install/services/include/services/services/msg
[1.127s] -- Up-to-date: /home/pi2/cleaningoceanplastics/install/services/include/services/services/msg/rosidl_generator_c__visibility_control.h
[1.127s] -- Up-to-date: /home/pi2/cleaningoceanplastics/install/services/include/services/services/srv
[1.127s] -- Up-to-date: /home/pi2/cleaningoceanplastics/install/services/include/services/services/srv/imu_data.h
[1.127s] -- Up-to-date: /home/pi2/cleaningoceanplastics/install/services/include/services/services/srv/detail
[1.127s] -- Up-to-date: /home/pi2/cleaningoceanplastics/install/services/include/services/services/srv/detail/imu_data__functions.c
[1.127s] -- Up-to-date: /home/pi2/cleaningoceanplastics/install/services/include/services/services/srv/detail/imu_data__description.c
[1.127s] -- Up-to-date: /home/pi2/cleaningoceanplastics/install/services/include/services/services/srv/detail/imu_data__functions.h
[1.127s] -- Up-to-date: /home/pi2/cleaningoceanplastics/install/services/include/services/services/srv/detail/imu_data__type_support.h
[1.127s] -- Up-to-date: /home/pi2/cleaningoceanplastics/install/services/include/services/services/srv/detail/imu_data__type_support.c
[1.128s] -- Up-to-date: /home/pi2/cleaningoceanplastics/install/services/include/services/services/srv/detail/imu_data__struct.h
[1.128s] -- Up-to-date: /home/pi2/cleaningoceanplastics/install/services/share/services/environment/library_path.sh
[1.128s] -- Up-to-date: /home/pi2/cleaningoceanplastics/install/services/share/services/environment/library_path.dsv
[1.128s] -- Up-to-date: /home/pi2/cleaningoceanplastics/install/services/lib/libservices__rosidl_generator_c.so
[1.128s] -- Up-to-date: /home/pi2/cleaningoceanplastics/install/services/include/services/services
[1.128s] -- Up-to-date: /home/pi2/cleaningoceanplastics/install/services/include/services/services/msg
[1.128s] -- Up-to-date: /home/pi2/cleaningoceanplastics/install/services/include/services/services/msg/rosidl_typesupport_fastrtps_c__visibility_control.h
[1.128s] -- Up-to-date: /home/pi2/cleaningoceanplastics/install/services/include/services/services/srv
[1.128s] -- Up-to-date: /home/pi2/cleaningoceanplastics/install/services/include/services/services/srv/detail
[1.128s] -- Up-to-date: /home/pi2/cleaningoceanplastics/install/services/include/services/services/srv/detail/imu_data__rosidl_typesupport_fastrtps_c.h
[1.128s] -- Up-to-date: /home/pi2/cleaningoceanplastics/install/services/lib/libservices__rosidl_typesupport_fastrtps_c.so
[1.129s] -- Up-to-date: /home/pi2/cleaningoceanplastics/install/services/include/services/services
[1.129s] -- Up-to-date: /home/pi2/cleaningoceanplastics/install/services/include/services/services/msg
[1.129s] -- Up-to-date: /home/pi2/cleaningoceanplastics/install/services/include/services/services/msg/rosidl_generator_cpp__visibility_control.hpp
[1.129s] -- Up-to-date: /home/pi2/cleaningoceanplastics/install/services/include/services/services/srv
[1.129s] -- Up-to-date: /home/pi2/cleaningoceanplastics/install/services/include/services/services/srv/imu_data.hpp
[1.129s] -- Up-to-date: /home/pi2/cleaningoceanplastics/install/services/include/services/services/srv/detail
[1.129s] -- Up-to-date: /home/pi2/cleaningoceanplastics/install/services/include/services/services/srv/detail/imu_data__struct.hpp
[1.129s] -- Up-to-date: /home/pi2/cleaningoceanplastics/install/services/include/services/services/srv/detail/imu_data__builder.hpp
[1.129s] -- Up-to-date: /home/pi2/cleaningoceanplastics/install/services/include/services/services/srv/detail/imu_data__type_support.hpp
[1.129s] -- Up-to-date: /home/pi2/cleaningoceanplastics/install/services/include/services/services/srv/detail/imu_data__traits.hpp
[1.129s] -- Up-to-date: /home/pi2/cleaningoceanplastics/install/services/include/services/services
[1.129s] -- Up-to-date: /home/pi2/cleaningoceanplastics/install/services/include/services/services/msg
[1.129s] -- Up-to-date: /home/pi2/cleaningoceanplastics/install/services/include/services/services/msg/rosidl_typesupport_fastrtps_cpp__visibility_control.h
[1.130s] -- Up-to-date: /home/pi2/cleaningoceanplastics/install/services/include/services/services/srv
[1.130s] -- Up-to-date: /home/pi2/cleaningoceanplastics/install/services/include/services/services/srv/detail
[1.130s] -- Up-to-date: /home/pi2/cleaningoceanplastics/install/services/include/services/services/srv/detail/imu_data__rosidl_typesupport_fastrtps_cpp.hpp
[1.130s] -- Up-to-date: /home/pi2/cleaningoceanplastics/install/services/include/services/services/srv/detail/dds_fastrtps
[1.130s] -- Up-to-date: /home/pi2/cleaningoceanplastics/install/services/lib/libservices__rosidl_typesupport_fastrtps_cpp.so
[1.131s] -- Up-to-date: /home/pi2/cleaningoceanplastics/install/services/include/services/services
[1.131s] -- Up-to-date: /home/pi2/cleaningoceanplastics/install/services/include/services/services/msg
[1.131s] -- Up-to-date: /home/pi2/cleaningoceanplastics/install/services/include/services/services/msg/rosidl_typesupport_introspection_c__visibility_control.h
[1.131s] -- Up-to-date: /home/pi2/cleaningoceanplastics/install/services/include/services/services/srv
[1.131s] -- Up-to-date: /home/pi2/cleaningoceanplastics/install/services/include/services/services/srv/detail
[1.132s] -- Up-to-date: /home/pi2/cleaningoceanplastics/install/services/include/services/services/srv/detail/imu_data__rosidl_typesupport_introspection_c.h
[1.132s] -- Up-to-date: /home/pi2/cleaningoceanplastics/install/services/include/services/services/srv/detail/imu_data__type_support.c
[1.132s] -- Up-to-date: /home/pi2/cleaningoceanplastics/install/services/lib/libservices__rosidl_typesupport_introspection_c.so
[1.132s] -- Up-to-date: /home/pi2/cleaningoceanplastics/install/services/lib/libservices__rosidl_typesupport_c.so
[1.132s] -- Up-to-date: /home/pi2/cleaningoceanplastics/install/services/include/services/services
[1.133s] -- Up-to-date: /home/pi2/cleaningoceanplastics/install/services/include/services/services/srv
[1.133s] -- Up-to-date: /home/pi2/cleaningoceanplastics/install/services/include/services/services/srv/detail
[1.133s] -- Up-to-date: /home/pi2/cleaningoceanplastics/install/services/include/services/services/srv/detail/imu_data__rosidl_typesupport_introspection_cpp.hpp
[1.133s] -- Up-to-date: /home/pi2/cleaningoceanplastics/install/services/include/services/services/srv/detail/imu_data__type_support.cpp
[1.133s] -- Up-to-date: /home/pi2/cleaningoceanplastics/install/services/lib/libservices__rosidl_typesupport_introspection_cpp.so
[1.134s] -- Up-to-date: /home/pi2/cleaningoceanplastics/install/services/lib/libservices__rosidl_typesupport_cpp.so
[1.134s] -- Up-to-date: /home/pi2/cleaningoceanplastics/install/services/share/services/environment/pythonpath.sh
[1.134s] -- Up-to-date: /home/pi2/cleaningoceanplastics/install/services/share/services/environment/pythonpath.dsv
[1.134s] -- Up-to-date: /home/pi2/cleaningoceanplastics/install/services/lib/python3.12/site-packages/services-0.0.0-py3.12.egg-info
[1.135s] -- Installing: /home/pi2/cleaningoceanplastics/install/services/lib/python3.12/site-packages/services-0.0.0-py3.12.egg-info/SOURCES.txt
[1.135s] -- Installing: /home/pi2/cleaningoceanplastics/install/services/lib/python3.12/site-packages/services-0.0.0-py3.12.egg-info/top_level.txt
[1.135s] -- Installing: /home/pi2/cleaningoceanplastics/install/services/lib/python3.12/site-packages/services-0.0.0-py3.12.egg-info/PKG-INFO
[1.136s] -- Installing: /home/pi2/cleaningoceanplastics/install/services/lib/python3.12/site-packages/services-0.0.0-py3.12.egg-info/dependency_links.txt
[1.136s] -- Up-to-date: /home/pi2/cleaningoceanplastics/install/services/lib/python3.12/site-packages/services
[1.136s] -- Up-to-date: /home/pi2/cleaningoceanplastics/install/services/lib/python3.12/site-packages/services/_services_s.ep.rosidl_typesupport_introspection_c.c
[1.136s] -- Up-to-date: /home/pi2/cleaningoceanplastics/install/services/lib/python3.12/site-packages/services/__init__.py
[1.136s] -- Up-to-date: /home/pi2/cleaningoceanplastics/install/services/lib/python3.12/site-packages/services/_services_s.ep.rosidl_typesupport_fastrtps_c.c
[1.137s] -- Up-to-date: /home/pi2/cleaningoceanplastics/install/services/lib/python3.12/site-packages/services/services_s__rosidl_typesupport_c.so
[1.137s] -- Up-to-date: /home/pi2/cleaningoceanplastics/install/services/lib/python3.12/site-packages/services/srv
[1.137s] -- Up-to-date: /home/pi2/cleaningoceanplastics/install/services/lib/python3.12/site-packages/services/srv/__init__.py
[1.137s] -- Up-to-date: /home/pi2/cleaningoceanplastics/install/services/lib/python3.12/site-packages/services/srv/_imu_data_s.c
[1.137s] -- Up-to-date: /home/pi2/cleaningoceanplastics/install/services/lib/python3.12/site-packages/services/srv/_imu_data.py
[1.137s] -- Up-to-date: /home/pi2/cleaningoceanplastics/install/services/lib/python3.12/site-packages/services/services_s__rosidl_typesupport_fastrtps_c.so
[1.137s] -- Up-to-date: /home/pi2/cleaningoceanplastics/install/services/lib/python3.12/site-packages/services/_services_s.ep.rosidl_typesupport_c.c
[1.137s] -- Up-to-date: /home/pi2/cleaningoceanplastics/install/services/lib/python3.12/site-packages/services/services_s__rosidl_typesupport_introspection_c.so
[1.194s] Listing '/home/pi2/cleaningoceanplastics/install/services/lib/python3.12/site-packages/services'...
[1.194s] Listing '/home/pi2/cleaningoceanplastics/install/services/lib/python3.12/site-packages/services/srv'...
[1.210s] -- Up-to-date: /home/pi2/cleaningoceanplastics/install/services/lib/python3.12/site-packages/services/services_s__rosidl_typesupport_fastrtps_c.so
[1.211s] -- Up-to-date: /home/pi2/cleaningoceanplastics/install/services/lib/python3.12/site-packages/services/services_s__rosidl_typesupport_introspection_c.so
[1.211s] -- Up-to-date: /home/pi2/cleaningoceanplastics/install/services/lib/python3.12/site-packages/services/services_s__rosidl_typesupport_c.so
[1.211s] -- Up-to-date: /home/pi2/cleaningoceanplastics/install/services/lib/libservices__rosidl_generator_py.so
[1.211s] -- Up-to-date: /home/pi2/cleaningoceanplastics/install/services/share/services/srv/IMUData.idl
[1.211s] -- Up-to-date: /home/pi2/cleaningoceanplastics/install/services/share/services/srv/IMUData.srv
[1.211s] -- Up-to-date: /home/pi2/cleaningoceanplastics/install/services/share/ament_index/resource_index/package_run_dependencies/services
[1.211s] -- Up-to-date: /home/pi2/cleaningoceanplastics/install/services/share/ament_index/resource_index/parent_prefix_path/services
[1.211s] -- Up-to-date: /home/pi2/cleaningoceanplastics/install/services/share/services/environment/ament_prefix_path.sh
[1.212s] -- Up-to-date: /home/pi2/cleaningoceanplastics/install/services/share/services/environment/ament_prefix_path.dsv
[1.212s] -- Up-to-date: /home/pi2/cleaningoceanplastics/install/services/share/services/environment/path.sh
[1.212s] -- Up-to-date: /home/pi2/cleaningoceanplastics/install/services/share/services/environment/path.dsv
[1.212s] -- Up-to-date: /home/pi2/cleaningoceanplastics/install/services/share/services/local_setup.bash
[1.212s] -- Up-to-date: /home/pi2/cleaningoceanplastics/install/services/share/services/local_setup.sh
[1.212s] -- Up-to-date: /home/pi2/cleaningoceanplastics/install/services/share/services/local_setup.zsh
[1.212s] -- Up-to-date: /home/pi2/cleaningoceanplastics/install/services/share/services/local_setup.dsv
[1.212s] -- Installing: /home/pi2/cleaningoceanplastics/install/services/share/services/package.dsv
[1.213s] -- Up-to-date: /home/pi2/cleaningoceanplastics/install/services/share/ament_index/resource_index/packages/services
[1.213s] -- Up-to-date: /home/pi2/cleaningoceanplastics/install/services/share/services/cmake/export_services__rosidl_generator_cExport.cmake
[1.213s] -- Up-to-date: /home/pi2/cleaningoceanplastics/install/services/share/services/cmake/export_services__rosidl_generator_cExport-noconfig.cmake
[1.213s] -- Up-to-date: /home/pi2/cleaningoceanplastics/install/services/share/services/cmake/export_services__rosidl_typesupport_fastrtps_cExport.cmake
[1.213s] -- Up-to-date: /home/pi2/cleaningoceanplastics/install/services/share/services/cmake/export_services__rosidl_typesupport_fastrtps_cExport-noconfig.cmake
[1.213s] -- Up-to-date: /home/pi2/cleaningoceanplastics/install/services/share/services/cmake/export_services__rosidl_generator_cppExport.cmake
[1.213s] -- Up-to-date: /home/pi2/cleaningoceanplastics/install/services/share/services/cmake/export_services__rosidl_typesupport_fastrtps_cppExport.cmake
[1.213s] -- Up-to-date: /home/pi2/cleaningoceanplastics/install/services/share/services/cmake/export_services__rosidl_typesupport_fastrtps_cppExport-noconfig.cmake
[1.213s] -- Up-to-date: /home/pi2/cleaningoceanplastics/install/services/share/services/cmake/services__rosidl_typesupport_introspection_cExport.cmake
[1.214s] -- Up-to-date: /home/pi2/cleaningoceanplastics/install/services/share/services/cmake/services__rosidl_typesupport_introspection_cExport-noconfig.cmake
[1.214s] -- Up-to-date: /home/pi2/cleaningoceanplastics/install/services/share/services/cmake/services__rosidl_typesupport_cExport.cmake
[1.214s] -- Up-to-date: /home/pi2/cleaningoceanplastics/install/services/share/services/cmake/services__rosidl_typesupport_cExport-noconfig.cmake
[1.214s] -- Up-to-date: /home/pi2/cleaningoceanplastics/install/services/share/services/cmake/services__rosidl_typesupport_introspection_cppExport.cmake
[1.214s] -- Up-to-date: /home/pi2/cleaningoceanplastics/install/services/share/services/cmake/services__rosidl_typesupport_introspection_cppExport-noconfig.cmake
[1.215s] -- Up-to-date: /home/pi2/cleaningoceanplastics/install/services/share/services/cmake/services__rosidl_typesupport_cppExport.cmake
[1.215s] -- Up-to-date: /home/pi2/cleaningoceanplastics/install/services/share/services/cmake/services__rosidl_typesupport_cppExport-noconfig.cmake
[1.215s] -- Up-to-date: /home/pi2/cleaningoceanplastics/install/services/share/services/cmake/export_services__rosidl_generator_pyExport.cmake
[1.215s] -- Up-to-date: /home/pi2/cleaningoceanplastics/install/services/share/services/cmake/export_services__rosidl_generator_pyExport-noconfig.cmake
[1.215s] -- Up-to-date: /home/pi2/cleaningoceanplastics/install/services/share/services/cmake/rosidl_cmake-extras.cmake
[1.215s] -- Up-to-date: /home/pi2/cleaningoceanplastics/install/services/share/services/cmake/ament_cmake_export_dependencies-extras.cmake
[1.216s] -- Up-to-date: /home/pi2/cleaningoceanplastics/install/services/share/services/cmake/ament_cmake_export_include_directories-extras.cmake
[1.216s] -- Up-to-date: /home/pi2/cleaningoceanplastics/install/services/share/services/cmake/ament_cmake_export_libraries-extras.cmake
[1.216s] -- Up-to-date: /home/pi2/cleaningoceanplastics/install/services/share/services/cmake/ament_cmake_export_targets-extras.cmake
[1.216s] -- Up-to-date: /home/pi2/cleaningoceanplastics/install/services/share/services/cmake/rosidl_cmake_export_typesupport_targets-extras.cmake
[1.217s] -- Up-to-date: /home/pi2/cleaningoceanplastics/install/services/share/services/cmake/rosidl_cmake_export_typesupport_libraries-extras.cmake
[1.217s] -- Up-to-date: /home/pi2/cleaningoceanplastics/install/services/share/services/cmake/servicesConfig.cmake
[1.217s] -- Up-to-date: /home/pi2/cleaningoceanplastics/install/services/share/services/cmake/servicesConfig-version.cmake
[1.217s] -- Up-to-date: /home/pi2/cleaningoceanplastics/install/services/share/services/package.xml
[1.220s] Invoked command in '/home/pi2/cleaningoceanplastics/build/services' returned '0': CMAKE_PREFIX_PATH=${CMAKE_PREFIX_PATH}:/home/pi2/cleaningoceanplastics/install/test_input:/home/pi2/cleaningoceanplastics/install/nmea_navsat_driver:/opt/ros/jazzy DEBUGINFOD_URLS=https://debuginfod.ubuntu.com /usr/bin/cmake --install /home/pi2/cleaningoceanplastics/build/services
