running egg_info
writing ../../build/nmea_navsat_driver/nmea_navsat_driver.egg-info/PKG-INFO
writing dependency_links to ../../build/nmea_navsat_driver/nmea_navsat_driver.egg-info/dependency_links.txt
writing entry points to ../../build/nmea_navsat_driver/nmea_navsat_driver.egg-info/entry_points.txt
writing requirements to ../../build/nmea_navsat_driver/nmea_navsat_driver.egg-info/requires.txt
writing top-level names to ../../build/nmea_navsat_driver/nmea_navsat_driver.egg-info/top_level.txt
reading manifest file '../../build/nmea_navsat_driver/nmea_navsat_driver.egg-info/SOURCES.txt'
writing manifest file '../../build/nmea_navsat_driver/nmea_navsat_driver.egg-info/SOURCES.txt'
running build
running build_py
running install
running install_lib
creating /home/cooper530/MQP/cleaningoceanplastics/ros2_ws/install/nmea_navsat_driver/lib/python3.10/site-packages/libnmea_navsat_driver
copying /home/cooper530/MQP/cleaningoceanplastics/ros2_ws/build/nmea_navsat_driver/build/lib/libnmea_navsat_driver/parser.py -> /home/cooper530/MQP/cleaningoceanplastics/ros2_ws/install/nmea_navsat_driver/lib/python3.10/site-packages/libnmea_navsat_driver
copying /home/cooper530/MQP/cleaningoceanplastics/ros2_ws/build/nmea_navsat_driver/build/lib/libnmea_navsat_driver/checksum_utils.py -> /home/cooper530/MQP/cleaningoceanplastics/ros2_ws/install/nmea_navsat_driver/lib/python3.10/site-packages/libnmea_navsat_driver
copying /home/cooper530/MQP/cleaningoceanplastics/ros2_ws/build/nmea_navsat_driver/build/lib/libnmea_navsat_driver/__init__.py -> /home/cooper530/MQP/cleaningoceanplastics/ros2_ws/install/nmea_navsat_driver/lib/python3.10/site-packages/libnmea_navsat_driver
creating /home/cooper530/MQP/cleaningoceanplastics/ros2_ws/install/nmea_navsat_driver/lib/python3.10/site-packages/libnmea_navsat_driver/nodes
copying /home/cooper530/MQP/cleaningoceanplastics/ros2_ws/build/nmea_navsat_driver/build/lib/libnmea_navsat_driver/nodes/nmea_topic_driver.py -> /home/cooper530/MQP/cleaningoceanplastics/ros2_ws/install/nmea_navsat_driver/lib/python3.10/site-packages/libnmea_navsat_driver/nodes
copying /home/cooper530/MQP/cleaningoceanplastics/ros2_ws/build/nmea_navsat_driver/build/lib/libnmea_navsat_driver/nodes/nmea_socket_driver.py -> /home/cooper530/MQP/cleaningoceanplastics/ros2_ws/install/nmea_navsat_driver/lib/python3.10/site-packages/libnmea_navsat_driver/nodes
copying /home/cooper530/MQP/cleaningoceanplastics/ros2_ws/build/nmea_navsat_driver/build/lib/libnmea_navsat_driver/nodes/nmea_serial_driver.py -> /home/cooper530/MQP/cleaningoceanplastics/ros2_ws/install/nmea_navsat_driver/lib/python3.10/site-packages/libnmea_navsat_driver/nodes
copying /home/cooper530/MQP/cleaningoceanplastics/ros2_ws/build/nmea_navsat_driver/build/lib/libnmea_navsat_driver/nodes/nmea_topic_serial_reader.py -> /home/cooper530/MQP/cleaningoceanplastics/ros2_ws/install/nmea_navsat_driver/lib/python3.10/site-packages/libnmea_navsat_driver/nodes
copying /home/cooper530/MQP/cleaningoceanplastics/ros2_ws/build/nmea_navsat_driver/build/lib/libnmea_navsat_driver/nodes/__init__.py -> /home/cooper530/MQP/cleaningoceanplastics/ros2_ws/install/nmea_navsat_driver/lib/python3.10/site-packages/libnmea_navsat_driver/nodes
copying /home/cooper530/MQP/cleaningoceanplastics/ros2_ws/build/nmea_navsat_driver/build/lib/libnmea_navsat_driver/nodes/nmea_tcpclient_driver.py -> /home/cooper530/MQP/cleaningoceanplastics/ros2_ws/install/nmea_navsat_driver/lib/python3.10/site-packages/libnmea_navsat_driver/nodes
copying /home/cooper530/MQP/cleaningoceanplastics/ros2_ws/build/nmea_navsat_driver/build/lib/libnmea_navsat_driver/driver.py -> /home/cooper530/MQP/cleaningoceanplastics/ros2_ws/install/nmea_navsat_driver/lib/python3.10/site-packages/libnmea_navsat_driver
byte-compiling /home/cooper530/MQP/cleaningoceanplastics/ros2_ws/install/nmea_navsat_driver/lib/python3.10/site-packages/libnmea_navsat_driver/parser.py to parser.cpython-310.pyc
byte-compiling /home/cooper530/MQP/cleaningoceanplastics/ros2_ws/install/nmea_navsat_driver/lib/python3.10/site-packages/libnmea_navsat_driver/checksum_utils.py to checksum_utils.cpython-310.pyc
byte-compiling /home/cooper530/MQP/cleaningoceanplastics/ros2_ws/install/nmea_navsat_driver/lib/python3.10/site-packages/libnmea_navsat_driver/__init__.py to __init__.cpython-310.pyc
byte-compiling /home/cooper530/MQP/cleaningoceanplastics/ros2_ws/install/nmea_navsat_driver/lib/python3.10/site-packages/libnmea_navsat_driver/nodes/nmea_topic_driver.py to nmea_topic_driver.cpython-310.pyc
byte-compiling /home/cooper530/MQP/cleaningoceanplastics/ros2_ws/install/nmea_navsat_driver/lib/python3.10/site-packages/libnmea_navsat_driver/nodes/nmea_socket_driver.py to nmea_socket_driver.cpython-310.pyc
byte-compiling /home/cooper530/MQP/cleaningoceanplastics/ros2_ws/install/nmea_navsat_driver/lib/python3.10/site-packages/libnmea_navsat_driver/nodes/nmea_serial_driver.py to nmea_serial_driver.cpython-310.pyc
byte-compiling /home/cooper530/MQP/cleaningoceanplastics/ros2_ws/install/nmea_navsat_driver/lib/python3.10/site-packages/libnmea_navsat_driver/nodes/nmea_topic_serial_reader.py to nmea_topic_serial_reader.cpython-310.pyc
byte-compiling /home/cooper530/MQP/cleaningoceanplastics/ros2_ws/install/nmea_navsat_driver/lib/python3.10/site-packages/libnmea_navsat_driver/nodes/__init__.py to __init__.cpython-310.pyc
byte-compiling /home/cooper530/MQP/cleaningoceanplastics/ros2_ws/install/nmea_navsat_driver/lib/python3.10/site-packages/libnmea_navsat_driver/nodes/nmea_tcpclient_driver.py to nmea_tcpclient_driver.cpython-310.pyc
byte-compiling /home/cooper530/MQP/cleaningoceanplastics/ros2_ws/install/nmea_navsat_driver/lib/python3.10/site-packages/libnmea_navsat_driver/driver.py to driver.cpython-310.pyc
running install_data
running install_egg_info
Copying ../../build/nmea_navsat_driver/nmea_navsat_driver.egg-info to /home/cooper530/MQP/cleaningoceanplastics/ros2_ws/install/nmea_navsat_driver/lib/python3.10/site-packages/nmea_navsat_driver-2.0.1-py3.10.egg-info
running install_scripts
Installing nmea_serial_driver script to /home/cooper530/MQP/cleaningoceanplastics/ros2_ws/install/nmea_navsat_driver/lib/nmea_navsat_driver
Installing nmea_socket_driver script to /home/cooper530/MQP/cleaningoceanplastics/ros2_ws/install/nmea_navsat_driver/lib/nmea_navsat_driver
Installing nmea_tcpclient_driver script to /home/cooper530/MQP/cleaningoceanplastics/ros2_ws/install/nmea_navsat_driver/lib/nmea_navsat_driver
Installing nmea_topic_driver script to /home/cooper530/MQP/cleaningoceanplastics/ros2_ws/install/nmea_navsat_driver/lib/nmea_navsat_driver
Installing nmea_topic_serial_reader script to /home/cooper530/MQP/cleaningoceanplastics/ros2_ws/install/nmea_navsat_driver/lib/nmea_navsat_driver
writing list of installed files to '/home/cooper530/MQP/cleaningoceanplastics/ros2_ws/build/nmea_navsat_driver/install.log'
