[0.591s] Invoking command in '/home/cooper530/MQP/cleaningoceanplastics/ros2_ws/src/nmea_navsat_driver-ros2': PYTHONPATH=/home/cooper530/MQP/cleaningoceanplastics/ros2_ws/build/nmea_navsat_driver/prefix_override:/usr/lib/python3/dist-packages/colcon_core/task/python/colcon_distutils_commands:/home/cooper530/MQP/cleaningoceanplastics/ros2_ws/install/nmea_navsat_driver/lib/python3.10/site-packages:${PYTHONPATH} /usr/bin/python3 -W ignore:setup.py install is deprecated setup.py egg_info --egg-base ../../build/nmea_navsat_driver build --build-base /home/cooper530/MQP/cleaningoceanplastics/ros2_ws/build/nmea_navsat_driver/build install --record /home/cooper530/MQP/cleaningoceanplastics/ros2_ws/build/nmea_navsat_driver/install.log --single-version-externally-managed install_data
[0.742s] running egg_info
[0.743s] writing ../../build/nmea_navsat_driver/nmea_navsat_driver.egg-info/PKG-INFO
[0.743s] writing dependency_links to ../../build/nmea_navsat_driver/nmea_navsat_driver.egg-info/dependency_links.txt
[0.743s] writing entry points to ../../build/nmea_navsat_driver/nmea_navsat_driver.egg-info/entry_points.txt
[0.743s] writing requirements to ../../build/nmea_navsat_driver/nmea_navsat_driver.egg-info/requires.txt
[0.743s] writing top-level names to ../../build/nmea_navsat_driver/nmea_navsat_driver.egg-info/top_level.txt
[0.745s] reading manifest file '../../build/nmea_navsat_driver/nmea_navsat_driver.egg-info/SOURCES.txt'
[0.745s] writing manifest file '../../build/nmea_navsat_driver/nmea_navsat_driver.egg-info/SOURCES.txt'
[0.745s] running build
[0.745s] running build_py
[0.746s] running install
[0.746s] running install_lib
[0.747s] creating /home/cooper530/MQP/cleaningoceanplastics/ros2_ws/install/nmea_navsat_driver/lib/python3.10/site-packages/libnmea_navsat_driver
[0.747s] copying /home/cooper530/MQP/cleaningoceanplastics/ros2_ws/build/nmea_navsat_driver/build/lib/libnmea_navsat_driver/parser.py -> /home/cooper530/MQP/cleaningoceanplastics/ros2_ws/install/nmea_navsat_driver/lib/python3.10/site-packages/libnmea_navsat_driver
[0.747s] copying /home/cooper530/MQP/cleaningoceanplastics/ros2_ws/build/nmea_navsat_driver/build/lib/libnmea_navsat_driver/checksum_utils.py -> /home/cooper530/MQP/cleaningoceanplastics/ros2_ws/install/nmea_navsat_driver/lib/python3.10/site-packages/libnmea_navsat_driver
[0.747s] copying /home/cooper530/MQP/cleaningoceanplastics/ros2_ws/build/nmea_navsat_driver/build/lib/libnmea_navsat_driver/__init__.py -> /home/cooper530/MQP/cleaningoceanplastics/ros2_ws/install/nmea_navsat_driver/lib/python3.10/site-packages/libnmea_navsat_driver
[0.747s] creating /home/cooper530/MQP/cleaningoceanplastics/ros2_ws/install/nmea_navsat_driver/lib/python3.10/site-packages/libnmea_navsat_driver/nodes
[0.747s] copying /home/cooper530/MQP/cleaningoceanplastics/ros2_ws/build/nmea_navsat_driver/build/lib/libnmea_navsat_driver/nodes/nmea_topic_driver.py -> /home/cooper530/MQP/cleaningoceanplastics/ros2_ws/install/nmea_navsat_driver/lib/python3.10/site-packages/libnmea_navsat_driver/nodes
[0.747s] copying /home/cooper530/MQP/cleaningoceanplastics/ros2_ws/build/nmea_navsat_driver/build/lib/libnmea_navsat_driver/nodes/nmea_socket_driver.py -> /home/cooper530/MQP/cleaningoceanplastics/ros2_ws/install/nmea_navsat_driver/lib/python3.10/site-packages/libnmea_navsat_driver/nodes
[0.747s] copying /home/cooper530/MQP/cleaningoceanplastics/ros2_ws/build/nmea_navsat_driver/build/lib/libnmea_navsat_driver/nodes/nmea_serial_driver.py -> /home/cooper530/MQP/cleaningoceanplastics/ros2_ws/install/nmea_navsat_driver/lib/python3.10/site-packages/libnmea_navsat_driver/nodes
[0.747s] copying /home/cooper530/MQP/cleaningoceanplastics/ros2_ws/build/nmea_navsat_driver/build/lib/libnmea_navsat_driver/nodes/nmea_topic_serial_reader.py -> /home/cooper530/MQP/cleaningoceanplastics/ros2_ws/install/nmea_navsat_driver/lib/python3.10/site-packages/libnmea_navsat_driver/nodes
[0.747s] copying /home/cooper530/MQP/cleaningoceanplastics/ros2_ws/build/nmea_navsat_driver/build/lib/libnmea_navsat_driver/nodes/__init__.py -> /home/cooper530/MQP/cleaningoceanplastics/ros2_ws/install/nmea_navsat_driver/lib/python3.10/site-packages/libnmea_navsat_driver/nodes
[0.747s] copying /home/cooper530/MQP/cleaningoceanplastics/ros2_ws/build/nmea_navsat_driver/build/lib/libnmea_navsat_driver/nodes/nmea_tcpclient_driver.py -> /home/cooper530/MQP/cleaningoceanplastics/ros2_ws/install/nmea_navsat_driver/lib/python3.10/site-packages/libnmea_navsat_driver/nodes
[0.747s] copying /home/cooper530/MQP/cleaningoceanplastics/ros2_ws/build/nmea_navsat_driver/build/lib/libnmea_navsat_driver/driver.py -> /home/cooper530/MQP/cleaningoceanplastics/ros2_ws/install/nmea_navsat_driver/lib/python3.10/site-packages/libnmea_navsat_driver
[0.747s] byte-compiling /home/cooper530/MQP/cleaningoceanplastics/ros2_ws/install/nmea_navsat_driver/lib/python3.10/site-packages/libnmea_navsat_driver/parser.py to parser.cpython-310.pyc
[0.748s] byte-compiling /home/cooper530/MQP/cleaningoceanplastics/ros2_ws/install/nmea_navsat_driver/lib/python3.10/site-packages/libnmea_navsat_driver/checksum_utils.py to checksum_utils.cpython-310.pyc
[0.749s] byte-compiling /home/cooper530/MQP/cleaningoceanplastics/ros2_ws/install/nmea_navsat_driver/lib/python3.10/site-packages/libnmea_navsat_driver/__init__.py to __init__.cpython-310.pyc
[0.749s] byte-compiling /home/cooper530/MQP/cleaningoceanplastics/ros2_ws/install/nmea_navsat_driver/lib/python3.10/site-packages/libnmea_navsat_driver/nodes/nmea_topic_driver.py to nmea_topic_driver.cpython-310.pyc
[0.749s] byte-compiling /home/cooper530/MQP/cleaningoceanplastics/ros2_ws/install/nmea_navsat_driver/lib/python3.10/site-packages/libnmea_navsat_driver/nodes/nmea_socket_driver.py to nmea_socket_driver.cpython-310.pyc
[0.749s] byte-compiling /home/cooper530/MQP/cleaningoceanplastics/ros2_ws/install/nmea_navsat_driver/lib/python3.10/site-packages/libnmea_navsat_driver/nodes/nmea_serial_driver.py to nmea_serial_driver.cpython-310.pyc
[0.750s] byte-compiling /home/cooper530/MQP/cleaningoceanplastics/ros2_ws/install/nmea_navsat_driver/lib/python3.10/site-packages/libnmea_navsat_driver/nodes/nmea_topic_serial_reader.py to nmea_topic_serial_reader.cpython-310.pyc
[0.750s] byte-compiling /home/cooper530/MQP/cleaningoceanplastics/ros2_ws/install/nmea_navsat_driver/lib/python3.10/site-packages/libnmea_navsat_driver/nodes/__init__.py to __init__.cpython-310.pyc
[0.750s] byte-compiling /home/cooper530/MQP/cleaningoceanplastics/ros2_ws/install/nmea_navsat_driver/lib/python3.10/site-packages/libnmea_navsat_driver/nodes/nmea_tcpclient_driver.py to nmea_tcpclient_driver.cpython-310.pyc
[0.750s] byte-compiling /home/cooper530/MQP/cleaningoceanplastics/ros2_ws/install/nmea_navsat_driver/lib/python3.10/site-packages/libnmea_navsat_driver/driver.py to driver.cpython-310.pyc
[0.752s] running install_data
[0.752s] running install_egg_info
[0.754s] Copying ../../build/nmea_navsat_driver/nmea_navsat_driver.egg-info to /home/cooper530/MQP/cleaningoceanplastics/ros2_ws/install/nmea_navsat_driver/lib/python3.10/site-packages/nmea_navsat_driver-2.0.1-py3.10.egg-info
[0.754s] running install_scripts
[0.768s] Installing nmea_serial_driver script to /home/cooper530/MQP/cleaningoceanplastics/ros2_ws/install/nmea_navsat_driver/lib/nmea_navsat_driver
[0.768s] Installing nmea_socket_driver script to /home/cooper530/MQP/cleaningoceanplastics/ros2_ws/install/nmea_navsat_driver/lib/nmea_navsat_driver
[0.768s] Installing nmea_tcpclient_driver script to /home/cooper530/MQP/cleaningoceanplastics/ros2_ws/install/nmea_navsat_driver/lib/nmea_navsat_driver
[0.768s] Installing nmea_topic_driver script to /home/cooper530/MQP/cleaningoceanplastics/ros2_ws/install/nmea_navsat_driver/lib/nmea_navsat_driver
[0.768s] Installing nmea_topic_serial_reader script to /home/cooper530/MQP/cleaningoceanplastics/ros2_ws/install/nmea_navsat_driver/lib/nmea_navsat_driver
[0.768s] writing list of installed files to '/home/cooper530/MQP/cleaningoceanplastics/ros2_ws/build/nmea_navsat_driver/install.log'
[0.791s] Invoked command in '/home/cooper530/MQP/cleaningoceanplastics/ros2_ws/src/nmea_navsat_driver-ros2' returned '0': PYTHONPATH=/home/cooper530/MQP/cleaningoceanplastics/ros2_ws/build/nmea_navsat_driver/prefix_override:/usr/lib/python3/dist-packages/colcon_core/task/python/colcon_distutils_commands:/home/cooper530/MQP/cleaningoceanplastics/ros2_ws/install/nmea_navsat_driver/lib/python3.10/site-packages:${PYTHONPATH} /usr/bin/python3 -W ignore:setup.py install is deprecated setup.py egg_info --egg-base ../../build/nmea_navsat_driver build --build-base /home/cooper530/MQP/cleaningoceanplastics/ros2_ws/build/nmea_navsat_driver/build install --record /home/cooper530/MQP/cleaningoceanplastics/ros2_ws/build/nmea_navsat_driver/install.log --single-version-externally-managed install_data
