/home/johnk/cleaningoceanplastics/ros2_ws/src/install/gps_service/lib/python3.10/site-packages/gps_service/__init__.py
/home/johnk/cleaningoceanplastics/ros2_ws/src/install/gps_service/lib/python3.10/site-packages/gps_service/checksum_utils.py
/home/johnk/cleaningoceanplastics/ros2_ws/src/install/gps_service/lib/python3.10/site-packages/gps_service/parser.py
/home/johnk/cleaningoceanplastics/ros2_ws/src/install/gps_service/lib/python3.10/site-packages/gps_service/driver.py
/home/johnk/cleaningoceanplastics/ros2_ws/src/install/gps_service/lib/python3.10/site-packages/gps_service/nmea_service_driver.py
/home/johnk/cleaningoceanplastics/ros2_ws/src/install/gps_service/lib/python3.10/site-packages/gps_service/gps_client.py
/home/johnk/cleaningoceanplastics/ros2_ws/src/install/gps_service/lib/python3.10/site-packages/gps_service/fix_service.py
/home/johnk/cleaningoceanplastics/ros2_ws/src/install/gps_service/lib/python3.10/site-packages/gps_service/__pycache__/__init__.cpython-310.pyc
/home/johnk/cleaningoceanplastics/ros2_ws/src/install/gps_service/lib/python3.10/site-packages/gps_service/__pycache__/checksum_utils.cpython-310.pyc
/home/johnk/cleaningoceanplastics/ros2_ws/src/install/gps_service/lib/python3.10/site-packages/gps_service/__pycache__/parser.cpython-310.pyc
/home/johnk/cleaningoceanplastics/ros2_ws/src/install/gps_service/lib/python3.10/site-packages/gps_service/__pycache__/driver.cpython-310.pyc
/home/johnk/cleaningoceanplastics/ros2_ws/src/install/gps_service/lib/python3.10/site-packages/gps_service/__pycache__/nmea_service_driver.cpython-310.pyc
/home/johnk/cleaningoceanplastics/ros2_ws/src/install/gps_service/lib/python3.10/site-packages/gps_service/__pycache__/gps_client.cpython-310.pyc
/home/johnk/cleaningoceanplastics/ros2_ws/src/install/gps_service/lib/python3.10/site-packages/gps_service/__pycache__/fix_service.cpython-310.pyc
/home/johnk/cleaningoceanplastics/ros2_ws/src/install/gps_service/share/ament_index/resource_index/packages/gps_service
/home/johnk/cleaningoceanplastics/ros2_ws/src/install/gps_service/share/gps_service/package.xml
/home/johnk/cleaningoceanplastics/ros2_ws/src/install/gps_service/share/gps_service/test_nmea_path.txt
/home/johnk/cleaningoceanplastics/ros2_ws/src/install/gps_service/lib/python3.10/site-packages/gps_service-0.0.0-py3.10.egg-info/requires.txt
/home/johnk/cleaningoceanplastics/ros2_ws/src/install/gps_service/lib/python3.10/site-packages/gps_service-0.0.0-py3.10.egg-info/SOURCES.txt
/home/johnk/cleaningoceanplastics/ros2_ws/src/install/gps_service/lib/python3.10/site-packages/gps_service-0.0.0-py3.10.egg-info/dependency_links.txt
/home/johnk/cleaningoceanplastics/ros2_ws/src/install/gps_service/lib/python3.10/site-packages/gps_service-0.0.0-py3.10.egg-info/zip-safe
/home/johnk/cleaningoceanplastics/ros2_ws/src/install/gps_service/lib/python3.10/site-packages/gps_service-0.0.0-py3.10.egg-info/PKG-INFO
/home/johnk/cleaningoceanplastics/ros2_ws/src/install/gps_service/lib/python3.10/site-packages/gps_service-0.0.0-py3.10.egg-info/entry_points.txt
/home/johnk/cleaningoceanplastics/ros2_ws/src/install/gps_service/lib/python3.10/site-packages/gps_service-0.0.0-py3.10.egg-info/top_level.txt
/home/johnk/cleaningoceanplastics/ros2_ws/src/install/gps_service/lib/gps_service/fix_srv
/home/johnk/cleaningoceanplastics/ros2_ws/src/install/gps_service/lib/gps_service/gps_cli
/home/johnk/cleaningoceanplastics/ros2_ws/src/install/gps_service/lib/gps_service/gps_srv
