/home/johnk/cleaningoceanplastics/ros2_ws/src/install/sensors/lib/python3.10/site-packages/sensors/__init__.py
/home/johnk/cleaningoceanplastics/ros2_ws/src/install/sensors/lib/python3.10/site-packages/sensors/IMU_lib.py
/home/johnk/cleaningoceanplastics/ros2_ws/src/install/sensors/lib/python3.10/site-packages/sensors/imu_publisher.py
/home/johnk/cleaningoceanplastics/ros2_ws/src/install/sensors/lib/python3.10/site-packages/sensors/object_selector.py
/home/johnk/cleaningoceanplastics/ros2_ws/src/install/sensors/lib/python3.10/site-packages/sensors/gps_client.py
/home/johnk/cleaningoceanplastics/ros2_ws/src/install/sensors/lib/python3.10/site-packages/sensors/imu_client.py
/home/johnk/cleaningoceanplastics/ros2_ws/src/install/sensors/lib/python3.10/site-packages/sensors/object_detecter.py
/home/johnk/cleaningoceanplastics/ros2_ws/src/install/sensors/lib/python3.10/site-packages/sensors/Kalman_service.py
/home/johnk/cleaningoceanplastics/ros2_ws/src/install/sensors/lib/python3.10/site-packages/sensors/LSM6DSL.py
/home/johnk/cleaningoceanplastics/ros2_ws/src/install/sensors/lib/python3.10/site-packages/sensors/fix_service.py
/home/johnk/cleaningoceanplastics/ros2_ws/src/install/sensors/lib/python3.10/site-packages/sensors/LIS3MDL.py
/home/johnk/cleaningoceanplastics/ros2_ws/src/install/sensors/lib/python3.10/site-packages/sensors/imu_service.py
/home/johnk/cleaningoceanplastics/ros2_ws/src/install/sensors/lib/python3.10/site-packages/sensors/water_sensor.py
/home/johnk/cleaningoceanplastics/ros2_ws/src/install/sensors/lib/python3.10/site-packages/sensors/__pycache__/__init__.cpython-310.pyc
/home/johnk/cleaningoceanplastics/ros2_ws/src/install/sensors/lib/python3.10/site-packages/sensors/__pycache__/IMU_lib.cpython-310.pyc
/home/johnk/cleaningoceanplastics/ros2_ws/src/install/sensors/lib/python3.10/site-packages/sensors/__pycache__/imu_publisher.cpython-310.pyc
/home/johnk/cleaningoceanplastics/ros2_ws/src/install/sensors/lib/python3.10/site-packages/sensors/__pycache__/object_selector.cpython-310.pyc
/home/johnk/cleaningoceanplastics/ros2_ws/src/install/sensors/lib/python3.10/site-packages/sensors/__pycache__/gps_client.cpython-310.pyc
/home/johnk/cleaningoceanplastics/ros2_ws/src/install/sensors/lib/python3.10/site-packages/sensors/__pycache__/imu_client.cpython-310.pyc
/home/johnk/cleaningoceanplastics/ros2_ws/src/install/sensors/lib/python3.10/site-packages/sensors/__pycache__/object_detecter.cpython-310.pyc
/home/johnk/cleaningoceanplastics/ros2_ws/src/install/sensors/lib/python3.10/site-packages/sensors/__pycache__/Kalman_service.cpython-310.pyc
/home/johnk/cleaningoceanplastics/ros2_ws/src/install/sensors/lib/python3.10/site-packages/sensors/__pycache__/LSM6DSL.cpython-310.pyc
/home/johnk/cleaningoceanplastics/ros2_ws/src/install/sensors/lib/python3.10/site-packages/sensors/__pycache__/fix_service.cpython-310.pyc
/home/johnk/cleaningoceanplastics/ros2_ws/src/install/sensors/lib/python3.10/site-packages/sensors/__pycache__/LIS3MDL.cpython-310.pyc
/home/johnk/cleaningoceanplastics/ros2_ws/src/install/sensors/lib/python3.10/site-packages/sensors/__pycache__/imu_service.cpython-310.pyc
/home/johnk/cleaningoceanplastics/ros2_ws/src/install/sensors/lib/python3.10/site-packages/sensors/__pycache__/water_sensor.cpython-310.pyc
/home/johnk/cleaningoceanplastics/ros2_ws/src/install/sensors/share/ament_index/resource_index/packages/sensors
/home/johnk/cleaningoceanplastics/ros2_ws/src/install/sensors/share/sensors/package.xml
/home/johnk/cleaningoceanplastics/ros2_ws/src/install/sensors/share/sensors/launch/control_launch.py
/home/johnk/cleaningoceanplastics/ros2_ws/src/install/sensors/lib/python3.10/site-packages/sensors-0.0.0-py3.10.egg-info/requires.txt
/home/johnk/cleaningoceanplastics/ros2_ws/src/install/sensors/lib/python3.10/site-packages/sensors-0.0.0-py3.10.egg-info/SOURCES.txt
/home/johnk/cleaningoceanplastics/ros2_ws/src/install/sensors/lib/python3.10/site-packages/sensors-0.0.0-py3.10.egg-info/dependency_links.txt
/home/johnk/cleaningoceanplastics/ros2_ws/src/install/sensors/lib/python3.10/site-packages/sensors-0.0.0-py3.10.egg-info/zip-safe
/home/johnk/cleaningoceanplastics/ros2_ws/src/install/sensors/lib/python3.10/site-packages/sensors-0.0.0-py3.10.egg-info/PKG-INFO
/home/johnk/cleaningoceanplastics/ros2_ws/src/install/sensors/lib/python3.10/site-packages/sensors-0.0.0-py3.10.egg-info/entry_points.txt
/home/johnk/cleaningoceanplastics/ros2_ws/src/install/sensors/lib/python3.10/site-packages/sensors-0.0.0-py3.10.egg-info/top_level.txt
/home/johnk/cleaningoceanplastics/ros2_ws/src/install/sensors/lib/sensors/gps_cli
/home/johnk/cleaningoceanplastics/ros2_ws/src/install/sensors/lib/sensors/gps_srv
/home/johnk/cleaningoceanplastics/ros2_ws/src/install/sensors/lib/sensors/imu_cli
/home/johnk/cleaningoceanplastics/ros2_ws/src/install/sensors/lib/sensors/imu_pub
/home/johnk/cleaningoceanplastics/ros2_ws/src/install/sensors/lib/sensors/imu_srv
/home/johnk/cleaningoceanplastics/ros2_ws/src/install/sensors/lib/sensors/kalman
/home/johnk/cleaningoceanplastics/ros2_ws/src/install/sensors/lib/sensors/object_detector
/home/johnk/cleaningoceanplastics/ros2_ws/src/install/sensors/lib/sensors/object_selector
/home/johnk/cleaningoceanplastics/ros2_ws/src/install/sensors/lib/sensors/water_sensor
