[0.486s] DEBUG:colcon:Command line arguments: ['/usr/bin/colcon', 'build']
[0.486s] DEBUG:colcon:Parsed command line arguments: Namespace(log_base=None, log_level=None, verb_name='build', build_base='build', install_base='install', merge_install=False, symlink_install=False, test_result_base=None, continue_on_error=False, executor='parallel', parallel_workers=4, event_handlers=None, ignore_user_meta=False, metas=['./colcon.meta'], base_paths=['.'], packages_ignore=None, packages_ignore_regex=None, paths=None, packages_up_to=None, packages_up_to_regex=None, packages_above=None, packages_above_and_dependencies=None, packages_above_depth=None, packages_select_by_dep=None, packages_skip_by_dep=None, packages_skip_up_to=None, packages_select_build_failed=False, packages_skip_build_finished=False, packages_select_test_failures=False, packages_skip_test_passed=False, packages_select=None, packages_skip=None, packages_select_regex=None, packages_skip_regex=None, packages_start=None, packages_end=None, allow_overriding=[], cmake_args=None, cmake_target=None, cmake_target_skip_unavailable=False, cmake_clean_cache=False, cmake_clean_first=False, cmake_force_configure=False, ament_cmake_args=None, catkin_cmake_args=None, catkin_skip_building_tests=False, verb_parser=<colcon_defaults.argument_parser.defaults.DefaultArgumentsDecorator object at 0xffff8b7fa210>, verb_extension=<colcon_core.verb.build.BuildVerb object at 0xffff8b7fa090>, main=<bound method BuildVerb.main of <colcon_core.verb.build.BuildVerb object at 0xffff8b7fa090>>)
[0.700s] Level 1:colcon.colcon_core.package_discovery:discover_packages(colcon_meta) check parameters
[0.701s] Level 1:colcon.colcon_core.package_discovery:discover_packages(recursive) check parameters
[0.701s] Level 1:colcon.colcon_core.package_discovery:discover_packages(ignore) check parameters
[0.701s] Level 1:colcon.colcon_core.package_discovery:discover_packages(path) check parameters
[0.701s] Level 1:colcon.colcon_core.package_discovery:discover_packages(colcon_meta) discover
[0.701s] Level 1:colcon.colcon_core.package_discovery:discover_packages(recursive) discover
[0.701s] INFO:colcon.colcon_core.package_discovery:Crawling recursively for packages in '/home/pi2/cleaningoceanplastics/ros2_ws/src'
[0.701s] Level 1:colcon.colcon_core.package_identification:_identify(.) by extensions ['ignore', 'ignore_ament_install']
[0.701s] Level 1:colcon.colcon_core.package_identification:_identify(.) by extension 'ignore'
[0.702s] Level 1:colcon.colcon_core.package_identification:_identify(.) by extension 'ignore_ament_install'
[0.702s] Level 1:colcon.colcon_core.package_identification:_identify(.) by extensions ['colcon_pkg']
[0.702s] Level 1:colcon.colcon_core.package_identification:_identify(.) by extension 'colcon_pkg'
[0.702s] Level 1:colcon.colcon_core.package_identification:_identify(.) by extensions ['colcon_meta']
[0.702s] Level 1:colcon.colcon_core.package_identification:_identify(.) by extension 'colcon_meta'
[0.702s] Level 1:colcon.colcon_core.package_identification:_identify(.) by extensions ['ros']
[0.702s] Level 1:colcon.colcon_core.package_identification:_identify(.) by extension 'ros'
[0.773s] Level 1:colcon.colcon_core.package_identification:_identify(.) by extensions ['cmake', 'python']
[0.773s] Level 1:colcon.colcon_core.package_identification:_identify(.) by extension 'cmake'
[0.773s] Level 1:colcon.colcon_core.package_identification:_identify(.) by extension 'python'
[0.773s] Level 1:colcon.colcon_core.package_identification:_identify(.) by extensions ['python_setup_py']
[0.773s] Level 1:colcon.colcon_core.package_identification:_identify(.) by extension 'python_setup_py'
[0.773s] Level 1:colcon.colcon_core.package_identification:_identify(build) by extensions ['ignore', 'ignore_ament_install']
[0.774s] Level 1:colcon.colcon_core.package_identification:_identify(build) by extension 'ignore'
[0.774s] Level 1:colcon.colcon_core.package_identification:_identify(build) ignored
[0.774s] Level 1:colcon.colcon_core.package_identification:_identify(install) by extensions ['ignore', 'ignore_ament_install']
[0.774s] Level 1:colcon.colcon_core.package_identification:_identify(install) by extension 'ignore'
[0.774s] Level 1:colcon.colcon_core.package_identification:_identify(install) ignored
[0.775s] Level 1:colcon.colcon_core.package_identification:_identify(log) by extensions ['ignore', 'ignore_ament_install']
[0.775s] Level 1:colcon.colcon_core.package_identification:_identify(log) by extension 'ignore'
[0.775s] Level 1:colcon.colcon_core.package_identification:_identify(log) ignored
[0.775s] Level 1:colcon.colcon_core.package_identification:_identify(navigation) by extensions ['ignore', 'ignore_ament_install']
[0.775s] Level 1:colcon.colcon_core.package_identification:_identify(navigation) by extension 'ignore'
[0.776s] Level 1:colcon.colcon_core.package_identification:_identify(navigation) by extension 'ignore_ament_install'
[0.776s] Level 1:colcon.colcon_core.package_identification:_identify(navigation) by extensions ['colcon_pkg']
[0.776s] Level 1:colcon.colcon_core.package_identification:_identify(navigation) by extension 'colcon_pkg'
[0.776s] Level 1:colcon.colcon_core.package_identification:_identify(navigation) by extensions ['colcon_meta']
[0.776s] Level 1:colcon.colcon_core.package_identification:_identify(navigation) by extension 'colcon_meta'
[0.776s] Level 1:colcon.colcon_core.package_identification:_identify(navigation) by extensions ['ros']
[0.776s] Level 1:colcon.colcon_core.package_identification:_identify(navigation) by extension 'ros'
[0.787s] DEBUG:colcon.colcon_core.package_identification:Package 'navigation' with type 'ros.ament_python' and name 'navigation'
[0.787s] Level 1:colcon.colcon_core.package_identification:_identify(sensors) by extensions ['ignore', 'ignore_ament_install']
[0.787s] Level 1:colcon.colcon_core.package_identification:_identify(sensors) by extension 'ignore'
[0.787s] Level 1:colcon.colcon_core.package_identification:_identify(sensors) by extension 'ignore_ament_install'
[0.787s] Level 1:colcon.colcon_core.package_identification:_identify(sensors) by extensions ['colcon_pkg']
[0.787s] Level 1:colcon.colcon_core.package_identification:_identify(sensors) by extension 'colcon_pkg'
[0.788s] Level 1:colcon.colcon_core.package_identification:_identify(sensors) by extensions ['colcon_meta']
[0.788s] Level 1:colcon.colcon_core.package_identification:_identify(sensors) by extension 'colcon_meta'
[0.788s] Level 1:colcon.colcon_core.package_identification:_identify(sensors) by extensions ['ros']
[0.788s] Level 1:colcon.colcon_core.package_identification:_identify(sensors) by extension 'ros'
[0.790s] DEBUG:colcon.colcon_core.package_identification:Package 'sensors' with type 'ros.ament_python' and name 'sensors'
[0.790s] Level 1:colcon.colcon_core.package_identification:_identify(services) by extensions ['ignore', 'ignore_ament_install']
[0.790s] Level 1:colcon.colcon_core.package_identification:_identify(services) by extension 'ignore'
[0.790s] Level 1:colcon.colcon_core.package_identification:_identify(services) by extension 'ignore_ament_install'
[0.790s] Level 1:colcon.colcon_core.package_identification:_identify(services) by extensions ['colcon_pkg']
[0.790s] Level 1:colcon.colcon_core.package_identification:_identify(services) by extension 'colcon_pkg'
[0.791s] Level 1:colcon.colcon_core.package_identification:_identify(services) by extensions ['colcon_meta']
[0.791s] Level 1:colcon.colcon_core.package_identification:_identify(services) by extension 'colcon_meta'
[0.791s] Level 1:colcon.colcon_core.package_identification:_identify(services) by extensions ['ros']
[0.791s] Level 1:colcon.colcon_core.package_identification:_identify(services) by extension 'ros'
[0.792s] DEBUG:colcon.colcon_core.package_identification:Package 'services' with type 'ros.ament_cmake' and name 'services'
[0.792s] Level 1:colcon.colcon_core.package_discovery:discover_packages(recursive) using defaults
[0.792s] Level 1:colcon.colcon_core.package_discovery:discover_packages(ignore) discover
[0.792s] Level 1:colcon.colcon_core.package_discovery:discover_packages(ignore) using defaults
[0.792s] Level 1:colcon.colcon_core.package_discovery:discover_packages(path) discover
[0.792s] Level 1:colcon.colcon_core.package_discovery:discover_packages(path) using defaults
[0.844s] Level 1:colcon.colcon_core.package_discovery:discover_packages(prefix_path) check parameters
[0.844s] Level 1:colcon.colcon_core.package_discovery:discover_packages(prefix_path) discover
[0.861s] DEBUG:colcon.colcon_installed_package_information.package_discovery:Found 3 installed packages in /home/pi2/cleaningoceanplastics/ros2_ws/install
[0.864s] DEBUG:colcon.colcon_installed_package_information.package_discovery:Found 286 installed packages in /opt/ros/jazzy
[0.867s] Level 1:colcon.colcon_core.package_discovery:discover_packages(prefix_path) using defaults
[1.021s] Level 5:colcon.colcon_core.verb:set package 'navigation' build argument 'cmake_args' from command line to 'None'
[1.022s] Level 5:colcon.colcon_core.verb:set package 'navigation' build argument 'cmake_target' from command line to 'None'
[1.022s] Level 5:colcon.colcon_core.verb:set package 'navigation' build argument 'cmake_target_skip_unavailable' from command line to 'False'
[1.022s] Level 5:colcon.colcon_core.verb:set package 'navigation' build argument 'cmake_clean_cache' from command line to 'False'
[1.022s] Level 5:colcon.colcon_core.verb:set package 'navigation' build argument 'cmake_clean_first' from command line to 'False'
[1.022s] Level 5:colcon.colcon_core.verb:set package 'navigation' build argument 'cmake_force_configure' from command line to 'False'
[1.022s] Level 5:colcon.colcon_core.verb:set package 'navigation' build argument 'ament_cmake_args' from command line to 'None'
[1.022s] Level 5:colcon.colcon_core.verb:set package 'navigation' build argument 'catkin_cmake_args' from command line to 'None'
[1.022s] Level 5:colcon.colcon_core.verb:set package 'navigation' build argument 'catkin_skip_building_tests' from command line to 'False'
[1.022s] DEBUG:colcon.colcon_core.verb:Building package 'navigation' with the following arguments: {'ament_cmake_args': None, 'build_base': '/home/pi2/cleaningoceanplastics/ros2_ws/src/build/navigation', 'catkin_cmake_args': None, 'catkin_skip_building_tests': False, 'cmake_args': None, 'cmake_clean_cache': False, 'cmake_clean_first': False, 'cmake_force_configure': False, 'cmake_target': None, 'cmake_target_skip_unavailable': False, 'install_base': '/home/pi2/cleaningoceanplastics/ros2_ws/src/install/navigation', 'merge_install': False, 'path': '/home/pi2/cleaningoceanplastics/ros2_ws/src/navigation', 'symlink_install': False, 'test_result_base': None}
[1.025s] Level 5:colcon.colcon_core.verb:set package 'sensors' build argument 'cmake_args' from command line to 'None'
[1.025s] Level 5:colcon.colcon_core.verb:set package 'sensors' build argument 'cmake_target' from command line to 'None'
[1.025s] Level 5:colcon.colcon_core.verb:set package 'sensors' build argument 'cmake_target_skip_unavailable' from command line to 'False'
[1.025s] Level 5:colcon.colcon_core.verb:set package 'sensors' build argument 'cmake_clean_cache' from command line to 'False'
[1.025s] Level 5:colcon.colcon_core.verb:set package 'sensors' build argument 'cmake_clean_first' from command line to 'False'
[1.025s] Level 5:colcon.colcon_core.verb:set package 'sensors' build argument 'cmake_force_configure' from command line to 'False'
[1.025s] Level 5:colcon.colcon_core.verb:set package 'sensors' build argument 'ament_cmake_args' from command line to 'None'
[1.025s] Level 5:colcon.colcon_core.verb:set package 'sensors' build argument 'catkin_cmake_args' from command line to 'None'
[1.025s] Level 5:colcon.colcon_core.verb:set package 'sensors' build argument 'catkin_skip_building_tests' from command line to 'False'
[1.026s] DEBUG:colcon.colcon_core.verb:Building package 'sensors' with the following arguments: {'ament_cmake_args': None, 'build_base': '/home/pi2/cleaningoceanplastics/ros2_ws/src/build/sensors', 'catkin_cmake_args': None, 'catkin_skip_building_tests': False, 'cmake_args': None, 'cmake_clean_cache': False, 'cmake_clean_first': False, 'cmake_force_configure': False, 'cmake_target': None, 'cmake_target_skip_unavailable': False, 'install_base': '/home/pi2/cleaningoceanplastics/ros2_ws/src/install/sensors', 'merge_install': False, 'path': '/home/pi2/cleaningoceanplastics/ros2_ws/src/sensors', 'symlink_install': False, 'test_result_base': None}
[1.026s] Level 5:colcon.colcon_core.verb:set package 'services' build argument 'cmake_args' from command line to 'None'
[1.026s] Level 5:colcon.colcon_core.verb:set package 'services' build argument 'cmake_target' from command line to 'None'
[1.026s] Level 5:colcon.colcon_core.verb:set package 'services' build argument 'cmake_target_skip_unavailable' from command line to 'False'
[1.026s] Level 5:colcon.colcon_core.verb:set package 'services' build argument 'cmake_clean_cache' from command line to 'False'
[1.026s] Level 5:colcon.colcon_core.verb:set package 'services' build argument 'cmake_clean_first' from command line to 'False'
[1.027s] Level 5:colcon.colcon_core.verb:set package 'services' build argument 'cmake_force_configure' from command line to 'False'
[1.027s] Level 5:colcon.colcon_core.verb:set package 'services' build argument 'ament_cmake_args' from command line to 'None'
[1.027s] Level 5:colcon.colcon_core.verb:set package 'services' build argument 'catkin_cmake_args' from command line to 'None'
[1.027s] Level 5:colcon.colcon_core.verb:set package 'services' build argument 'catkin_skip_building_tests' from command line to 'False'
[1.027s] DEBUG:colcon.colcon_core.verb:Building package 'services' with the following arguments: {'ament_cmake_args': None, 'build_base': '/home/pi2/cleaningoceanplastics/ros2_ws/src/build/services', 'catkin_cmake_args': None, 'catkin_skip_building_tests': False, 'cmake_args': None, 'cmake_clean_cache': False, 'cmake_clean_first': False, 'cmake_force_configure': False, 'cmake_target': None, 'cmake_target_skip_unavailable': False, 'install_base': '/home/pi2/cleaningoceanplastics/ros2_ws/src/install/services', 'merge_install': False, 'path': '/home/pi2/cleaningoceanplastics/ros2_ws/src/services', 'symlink_install': False, 'test_result_base': None}
[1.027s] INFO:colcon.colcon_core.executor:Executing jobs using 'parallel' executor
[1.030s] DEBUG:colcon.colcon_parallel_executor.executor.parallel:run_until_complete
[1.031s] INFO:colcon.colcon_ros.task.ament_python.build:Building ROS package in '/home/pi2/cleaningoceanplastics/ros2_ws/src/navigation' with build type 'ament_python'
[1.031s] Level 1:colcon.colcon_core.shell:create_environment_hook('navigation', 'ament_prefix_path')
[1.048s] INFO:colcon.colcon_core.plugin_system:Skipping extension 'colcon_core.shell.bat': Not used on non-Windows systems
[1.049s] INFO:colcon.colcon_core.shell:Creating environment hook '/home/pi2/cleaningoceanplastics/ros2_ws/src/install/navigation/share/navigation/hook/ament_prefix_path.ps1'
[1.052s] INFO:colcon.colcon_core.shell:Creating environment descriptor '/home/pi2/cleaningoceanplastics/ros2_ws/src/install/navigation/share/navigation/hook/ament_prefix_path.dsv'
[1.053s] INFO:colcon.colcon_core.shell:Creating environment hook '/home/pi2/cleaningoceanplastics/ros2_ws/src/install/navigation/share/navigation/hook/ament_prefix_path.sh'
[1.056s] INFO:colcon.colcon_core.shell:Skip shell extension 'powershell' for command environment: Not usable outside of PowerShell
[1.057s] DEBUG:colcon.colcon_core.shell:Skip shell extension 'dsv' for command environment
[1.067s] INFO:colcon.colcon_ros.task.ament_python.build:Building ROS package in '/home/pi2/cleaningoceanplastics/ros2_ws/src/sensors' with build type 'ament_python'
[1.068s] Level 1:colcon.colcon_core.shell:create_environment_hook('sensors', 'ament_prefix_path')
[1.069s] INFO:colcon.colcon_core.shell:Creating environment hook '/home/pi2/cleaningoceanplastics/ros2_ws/src/install/sensors/share/sensors/hook/ament_prefix_path.ps1'
[1.071s] INFO:colcon.colcon_core.shell:Creating environment descriptor '/home/pi2/cleaningoceanplastics/ros2_ws/src/install/sensors/share/sensors/hook/ament_prefix_path.dsv'
[1.071s] INFO:colcon.colcon_core.shell:Creating environment hook '/home/pi2/cleaningoceanplastics/ros2_ws/src/install/sensors/share/sensors/hook/ament_prefix_path.sh'
[1.073s] INFO:colcon.colcon_core.shell:Skip shell extension 'powershell' for command environment: Not usable outside of PowerShell
[1.073s] DEBUG:colcon.colcon_core.shell:Skip shell extension 'dsv' for command environment
[1.080s] INFO:colcon.colcon_ros.task.ament_cmake.build:Building ROS package in '/home/pi2/cleaningoceanplastics/ros2_ws/src/services' with build type 'ament_cmake'
[1.080s] INFO:colcon.colcon_cmake.task.cmake.build:Building CMake package in '/home/pi2/cleaningoceanplastics/ros2_ws/src/services'
[1.081s] INFO:colcon.colcon_core.shell:Skip shell extension 'powershell' for command environment: Not usable outside of PowerShell
[1.081s] DEBUG:colcon.colcon_core.shell:Skip shell extension 'dsv' for command environment
[1.708s] INFO:colcon.colcon_core.task.python.build:Building Python package in '/home/pi2/cleaningoceanplastics/ros2_ws/src/navigation'
[1.709s] INFO:colcon.colcon_core.shell:Skip shell extension 'powershell' for command environment: Not usable outside of PowerShell
[1.709s] DEBUG:colcon.colcon_core.shell:Skip shell extension 'dsv' for command environment
[2.384s] INFO:colcon.colcon_core.task.python.build:Building Python package in '/home/pi2/cleaningoceanplastics/ros2_ws/src/sensors'
[2.384s] INFO:colcon.colcon_core.shell:Skip shell extension 'powershell' for command environment: Not usable outside of PowerShell
[2.385s] DEBUG:colcon.colcon_core.shell:Skip shell extension 'dsv' for command environment
[2.402s] DEBUG:colcon.colcon_core.event_handler.log_command:Invoking command in '/home/pi2/cleaningoceanplastics/ros2_ws/src/build/services': CMAKE_PREFIX_PATH=${CMAKE_PREFIX_PATH}:/home/pi2/cleaningoceanplastics/ros2_ws/install/sensors:/home/pi2/cleaningoceanplastics/ros2_ws/install/navigation:/opt/ros/jazzy DEBUGINFOD_URLS=https://debuginfod.ubuntu.com PS1=\u@\h \[\033[32m\]\w\[\033[33m\]$(parse_git_branch)\[\033[00m\] $ /usr/bin/cmake /home/pi2/cleaningoceanplastics/ros2_ws/src/services -DCMAKE_INSTALL_PREFIX=/home/pi2/cleaningoceanplastics/ros2_ws/src/install/services
[5.063s] DEBUG:colcon.colcon_core.event_handler.log_command:Invoking command in '/home/pi2/cleaningoceanplastics/ros2_ws/src/sensors': DEBUGINFOD_URLS=https://debuginfod.ubuntu.com PS1=\u@\h \[\033[32m\]\w\[\033[33m\]$(parse_git_branch)\[\033[00m\] $ PYTHONPATH=/home/pi2/cleaningoceanplastics/ros2_ws/src/build/sensors/prefix_override:/usr/lib/python3/dist-packages/colcon_core/task/python/colcon_distutils_commands:/home/pi2/cleaningoceanplastics/ros2_ws/src/install/sensors/lib/python3.12/site-packages:${PYTHONPATH} /usr/bin/python3 -W ignore:setup.py install is deprecated -W ignore:easy_install command is deprecated setup.py egg_info --egg-base ../build/sensors build --build-base /home/pi2/cleaningoceanplastics/ros2_ws/src/build/sensors/build install --record /home/pi2/cleaningoceanplastics/ros2_ws/src/build/sensors/install.log --single-version-externally-managed install_data
[5.096s] DEBUG:colcon.colcon_core.event_handler.log_command:Invoking command in '/home/pi2/cleaningoceanplastics/ros2_ws/src/navigation': DEBUGINFOD_URLS=https://debuginfod.ubuntu.com PS1=\u@\h \[\033[32m\]\w\[\033[33m\]$(parse_git_branch)\[\033[00m\] $ PYTHONPATH=/home/pi2/cleaningoceanplastics/ros2_ws/src/build/navigation/prefix_override:/usr/lib/python3/dist-packages/colcon_core/task/python/colcon_distutils_commands:/home/pi2/cleaningoceanplastics/ros2_ws/src/install/navigation/lib/python3.12/site-packages:${PYTHONPATH} /usr/bin/python3 -W ignore:setup.py install is deprecated -W ignore:easy_install command is deprecated setup.py egg_info --egg-base ../build/navigation build --build-base /home/pi2/cleaningoceanplastics/ros2_ws/src/build/navigation/build install --record /home/pi2/cleaningoceanplastics/ros2_ws/src/build/navigation/install.log --single-version-externally-managed install_data
[6.764s] DEBUG:colcon.colcon_core.event_handler.log_command:Invoked command in '/home/pi2/cleaningoceanplastics/ros2_ws/src/navigation' returned '0': DEBUGINFOD_URLS=https://debuginfod.ubuntu.com PS1=\u@\h \[\033[32m\]\w\[\033[33m\]$(parse_git_branch)\[\033[00m\] $ PYTHONPATH=/home/pi2/cleaningoceanplastics/ros2_ws/src/build/navigation/prefix_override:/usr/lib/python3/dist-packages/colcon_core/task/python/colcon_distutils_commands:/home/pi2/cleaningoceanplastics/ros2_ws/src/install/navigation/lib/python3.12/site-packages:${PYTHONPATH} /usr/bin/python3 -W ignore:setup.py install is deprecated -W ignore:easy_install command is deprecated setup.py egg_info --egg-base ../build/navigation build --build-base /home/pi2/cleaningoceanplastics/ros2_ws/src/build/navigation/build install --record /home/pi2/cleaningoceanplastics/ros2_ws/src/build/navigation/install.log --single-version-externally-managed install_data
[6.798s] Level 1:colcon.colcon_core.environment:checking '/home/pi2/cleaningoceanplastics/ros2_ws/src/install/navigation' for CMake module files
[6.802s] Level 1:colcon.colcon_core.environment:checking '/home/pi2/cleaningoceanplastics/ros2_ws/src/install/navigation' for CMake config files
[6.806s] Level 1:colcon.colcon_core.environment:checking '/home/pi2/cleaningoceanplastics/ros2_ws/src/install/navigation/lib'
[6.806s] Level 1:colcon.colcon_core.environment:checking '/home/pi2/cleaningoceanplastics/ros2_ws/src/install/navigation/bin'
[6.806s] Level 1:colcon.colcon_core.environment:checking '/home/pi2/cleaningoceanplastics/ros2_ws/src/install/navigation/lib/pkgconfig/navigation.pc'
[6.807s] Level 1:colcon.colcon_core.environment:checking '/home/pi2/cleaningoceanplastics/ros2_ws/src/install/navigation/lib/python3.12/site-packages'
[6.807s] Level 1:colcon.colcon_core.shell:create_environment_hook('navigation', 'pythonpath')
[6.808s] INFO:colcon.colcon_core.shell:Creating environment hook '/home/pi2/cleaningoceanplastics/ros2_ws/src/install/navigation/share/navigation/hook/pythonpath.ps1'
[6.809s] INFO:colcon.colcon_core.shell:Creating environment descriptor '/home/pi2/cleaningoceanplastics/ros2_ws/src/install/navigation/share/navigation/hook/pythonpath.dsv'
[6.809s] INFO:colcon.colcon_core.shell:Creating environment hook '/home/pi2/cleaningoceanplastics/ros2_ws/src/install/navigation/share/navigation/hook/pythonpath.sh'
[6.811s] Level 1:colcon.colcon_core.environment:checking '/home/pi2/cleaningoceanplastics/ros2_ws/src/install/navigation/bin'
[6.811s] Level 1:colcon.colcon_core.environment:create_environment_scripts_only(navigation)
[6.811s] INFO:colcon.colcon_core.shell:Creating package script '/home/pi2/cleaningoceanplastics/ros2_ws/src/install/navigation/share/navigation/package.ps1'
[6.814s] INFO:colcon.colcon_core.shell:Creating package descriptor '/home/pi2/cleaningoceanplastics/ros2_ws/src/install/navigation/share/navigation/package.dsv'
[6.816s] INFO:colcon.colcon_core.shell:Creating package script '/home/pi2/cleaningoceanplastics/ros2_ws/src/install/navigation/share/navigation/package.sh'
[6.819s] INFO:colcon.colcon_core.shell:Creating package script '/home/pi2/cleaningoceanplastics/ros2_ws/src/install/navigation/share/navigation/package.bash'
[6.822s] INFO:colcon.colcon_core.shell:Creating package script '/home/pi2/cleaningoceanplastics/ros2_ws/src/install/navigation/share/navigation/package.zsh'
[6.825s] Level 1:colcon.colcon_core.environment:create_file_with_runtime_dependencies(/home/pi2/cleaningoceanplastics/ros2_ws/src/install/navigation/share/colcon-core/packages/navigation)
[6.994s] Level 1:colcon.colcon_core.environment:checking '/home/pi2/cleaningoceanplastics/ros2_ws/src/install/sensors' for CMake module files
[6.996s] Level 1:colcon.colcon_core.environment:checking '/home/pi2/cleaningoceanplastics/ros2_ws/src/install/sensors' for CMake config files
[6.997s] Level 1:colcon.colcon_core.environment:checking '/home/pi2/cleaningoceanplastics/ros2_ws/src/install/sensors/lib'
[6.997s] Level 1:colcon.colcon_core.environment:checking '/home/pi2/cleaningoceanplastics/ros2_ws/src/install/sensors/bin'
[6.997s] Level 1:colcon.colcon_core.environment:checking '/home/pi2/cleaningoceanplastics/ros2_ws/src/install/sensors/lib/pkgconfig/sensors.pc'
[6.997s] Level 1:colcon.colcon_core.environment:checking '/home/pi2/cleaningoceanplastics/ros2_ws/src/install/sensors/lib/python3.12/site-packages'
[6.998s] DEBUG:colcon.colcon_core.event_handler.log_command:Invoked command in '/home/pi2/cleaningoceanplastics/ros2_ws/src/sensors' returned '0': DEBUGINFOD_URLS=https://debuginfod.ubuntu.com PS1=\u@\h \[\033[32m\]\w\[\033[33m\]$(parse_git_branch)\[\033[00m\] $ PYTHONPATH=/home/pi2/cleaningoceanplastics/ros2_ws/src/build/sensors/prefix_override:/usr/lib/python3/dist-packages/colcon_core/task/python/colcon_distutils_commands:/home/pi2/cleaningoceanplastics/ros2_ws/src/install/sensors/lib/python3.12/site-packages:${PYTHONPATH} /usr/bin/python3 -W ignore:setup.py install is deprecated -W ignore:easy_install command is deprecated setup.py egg_info --egg-base ../build/sensors build --build-base /home/pi2/cleaningoceanplastics/ros2_ws/src/build/sensors/build install --record /home/pi2/cleaningoceanplastics/ros2_ws/src/build/sensors/install.log --single-version-externally-managed install_data
[6.998s] Level 1:colcon.colcon_core.shell:create_environment_hook('sensors', 'pythonpath')
[6.998s] INFO:colcon.colcon_core.shell:Creating environment hook '/home/pi2/cleaningoceanplastics/ros2_ws/src/install/sensors/share/sensors/hook/pythonpath.ps1'
[6.999s] INFO:colcon.colcon_core.shell:Creating environment descriptor '/home/pi2/cleaningoceanplastics/ros2_ws/src/install/sensors/share/sensors/hook/pythonpath.dsv'
[7.000s] INFO:colcon.colcon_core.shell:Creating environment hook '/home/pi2/cleaningoceanplastics/ros2_ws/src/install/sensors/share/sensors/hook/pythonpath.sh'
[7.001s] Level 1:colcon.colcon_core.environment:checking '/home/pi2/cleaningoceanplastics/ros2_ws/src/install/sensors/bin'
[7.001s] Level 1:colcon.colcon_core.environment:create_environment_scripts_only(sensors)
[7.002s] INFO:colcon.colcon_core.shell:Creating package script '/home/pi2/cleaningoceanplastics/ros2_ws/src/install/sensors/share/sensors/package.ps1'
[7.002s] INFO:colcon.colcon_core.shell:Creating package descriptor '/home/pi2/cleaningoceanplastics/ros2_ws/src/install/sensors/share/sensors/package.dsv'
[7.004s] INFO:colcon.colcon_core.shell:Creating package script '/home/pi2/cleaningoceanplastics/ros2_ws/src/install/sensors/share/sensors/package.sh'
[7.005s] INFO:colcon.colcon_core.shell:Creating package script '/home/pi2/cleaningoceanplastics/ros2_ws/src/install/sensors/share/sensors/package.bash'
[7.006s] INFO:colcon.colcon_core.shell:Creating package script '/home/pi2/cleaningoceanplastics/ros2_ws/src/install/sensors/share/sensors/package.zsh'
[7.006s] Level 1:colcon.colcon_core.environment:create_file_with_runtime_dependencies(/home/pi2/cleaningoceanplastics/ros2_ws/src/install/sensors/share/colcon-core/packages/sensors)
[15.115s] DEBUG:colcon.colcon_core.event_handler.log_command:Invoked command in '/home/pi2/cleaningoceanplastics/ros2_ws/src/build/services' returned '0': CMAKE_PREFIX_PATH=${CMAKE_PREFIX_PATH}:/home/pi2/cleaningoceanplastics/ros2_ws/install/sensors:/home/pi2/cleaningoceanplastics/ros2_ws/install/navigation:/opt/ros/jazzy DEBUGINFOD_URLS=https://debuginfod.ubuntu.com PS1=\u@\h \[\033[32m\]\w\[\033[33m\]$(parse_git_branch)\[\033[00m\] $ /usr/bin/cmake /home/pi2/cleaningoceanplastics/ros2_ws/src/services -DCMAKE_INSTALL_PREFIX=/home/pi2/cleaningoceanplastics/ros2_ws/src/install/services
[15.119s] DEBUG:colcon.colcon_core.event_handler.log_command:Invoking command in '/home/pi2/cleaningoceanplastics/ros2_ws/src/build/services': CMAKE_PREFIX_PATH=${CMAKE_PREFIX_PATH}:/home/pi2/cleaningoceanplastics/ros2_ws/install/sensors:/home/pi2/cleaningoceanplastics/ros2_ws/install/navigation:/opt/ros/jazzy DEBUGINFOD_URLS=https://debuginfod.ubuntu.com PS1=\u@\h \[\033[32m\]\w\[\033[33m\]$(parse_git_branch)\[\033[00m\] $ /usr/bin/cmake --build /home/pi2/cleaningoceanplastics/ros2_ws/src/build/services -- -j4 -l4
[32.839s] DEBUG:colcon.colcon_core.event_handler.log_command:Invoked command in '/home/pi2/cleaningoceanplastics/ros2_ws/src/build/services' returned '0': CMAKE_PREFIX_PATH=${CMAKE_PREFIX_PATH}:/home/pi2/cleaningoceanplastics/ros2_ws/install/sensors:/home/pi2/cleaningoceanplastics/ros2_ws/install/navigation:/opt/ros/jazzy DEBUGINFOD_URLS=https://debuginfod.ubuntu.com PS1=\u@\h \[\033[32m\]\w\[\033[33m\]$(parse_git_branch)\[\033[00m\] $ /usr/bin/cmake --build /home/pi2/cleaningoceanplastics/ros2_ws/src/build/services -- -j4 -l4
[32.874s] DEBUG:colcon.colcon_core.event_handler.log_command:Invoking command in '/home/pi2/cleaningoceanplastics/ros2_ws/src/build/services': CMAKE_PREFIX_PATH=${CMAKE_PREFIX_PATH}:/home/pi2/cleaningoceanplastics/ros2_ws/install/sensors:/home/pi2/cleaningoceanplastics/ros2_ws/install/navigation:/opt/ros/jazzy DEBUGINFOD_URLS=https://debuginfod.ubuntu.com PS1=\u@\h \[\033[32m\]\w\[\033[33m\]$(parse_git_branch)\[\033[00m\] $ /usr/bin/cmake --install /home/pi2/cleaningoceanplastics/ros2_ws/src/build/services
[33.112s] Level 1:colcon.colcon_core.environment:create_environment_scripts_only(services)
[33.113s] Level 1:colcon.colcon_core.environment:checking '/home/pi2/cleaningoceanplastics/ros2_ws/src/install/services' for CMake module files
[33.114s] Level 1:colcon.colcon_core.environment:checking '/home/pi2/cleaningoceanplastics/ros2_ws/src/install/services' for CMake config files
[33.115s] Level 1:colcon.colcon_core.shell:create_environment_hook('services', 'cmake_prefix_path')
[33.113s] DEBUG:colcon.colcon_core.event_handler.log_command:Invoked command in '/home/pi2/cleaningoceanplastics/ros2_ws/src/build/services' returned '0': CMAKE_PREFIX_PATH=${CMAKE_PREFIX_PATH}:/home/pi2/cleaningoceanplastics/ros2_ws/install/sensors:/home/pi2/cleaningoceanplastics/ros2_ws/install/navigation:/opt/ros/jazzy DEBUGINFOD_URLS=https://debuginfod.ubuntu.com PS1=\u@\h \[\033[32m\]\w\[\033[33m\]$(parse_git_branch)\[\033[00m\] $ /usr/bin/cmake --install /home/pi2/cleaningoceanplastics/ros2_ws/src/build/services
[33.115s] INFO:colcon.colcon_core.shell:Creating environment hook '/home/pi2/cleaningoceanplastics/ros2_ws/src/install/services/share/services/hook/cmake_prefix_path.ps1'
[33.116s] INFO:colcon.colcon_core.shell:Creating environment descriptor '/home/pi2/cleaningoceanplastics/ros2_ws/src/install/services/share/services/hook/cmake_prefix_path.dsv'
[33.117s] INFO:colcon.colcon_core.shell:Creating environment hook '/home/pi2/cleaningoceanplastics/ros2_ws/src/install/services/share/services/hook/cmake_prefix_path.sh'
[33.118s] Level 1:colcon.colcon_core.environment:checking '/home/pi2/cleaningoceanplastics/ros2_ws/src/install/services/lib'
[33.118s] Level 1:colcon.colcon_core.shell:create_environment_hook('services', 'ld_library_path_lib')
[33.119s] INFO:colcon.colcon_core.shell:Creating environment hook '/home/pi2/cleaningoceanplastics/ros2_ws/src/install/services/share/services/hook/ld_library_path_lib.ps1'
[33.119s] INFO:colcon.colcon_core.shell:Creating environment descriptor '/home/pi2/cleaningoceanplastics/ros2_ws/src/install/services/share/services/hook/ld_library_path_lib.dsv'
[33.120s] INFO:colcon.colcon_core.shell:Creating environment hook '/home/pi2/cleaningoceanplastics/ros2_ws/src/install/services/share/services/hook/ld_library_path_lib.sh'
[33.121s] Level 1:colcon.colcon_core.environment:checking '/home/pi2/cleaningoceanplastics/ros2_ws/src/install/services/bin'
[33.121s] Level 1:colcon.colcon_core.environment:checking '/home/pi2/cleaningoceanplastics/ros2_ws/src/install/services/lib/pkgconfig/services.pc'
[33.122s] Level 1:colcon.colcon_core.environment:checking '/home/pi2/cleaningoceanplastics/ros2_ws/src/install/services/lib/python3.12/site-packages'
[33.122s] Level 1:colcon.colcon_core.shell:create_environment_hook('services', 'pythonpath')
[33.123s] INFO:colcon.colcon_core.shell:Creating environment hook '/home/pi2/cleaningoceanplastics/ros2_ws/src/install/services/share/services/hook/pythonpath.ps1'
[33.123s] INFO:colcon.colcon_core.shell:Creating environment descriptor '/home/pi2/cleaningoceanplastics/ros2_ws/src/install/services/share/services/hook/pythonpath.dsv'
[33.124s] INFO:colcon.colcon_core.shell:Creating environment hook '/home/pi2/cleaningoceanplastics/ros2_ws/src/install/services/share/services/hook/pythonpath.sh'
[33.125s] Level 1:colcon.colcon_core.environment:checking '/home/pi2/cleaningoceanplastics/ros2_ws/src/install/services/bin'
[33.125s] INFO:colcon.colcon_core.shell:Creating package script '/home/pi2/cleaningoceanplastics/ros2_ws/src/install/services/share/services/package.ps1'
[33.127s] INFO:colcon.colcon_core.shell:Creating package descriptor '/home/pi2/cleaningoceanplastics/ros2_ws/src/install/services/share/services/package.dsv'
[33.128s] INFO:colcon.colcon_core.shell:Creating package script '/home/pi2/cleaningoceanplastics/ros2_ws/src/install/services/share/services/package.sh'
[33.130s] INFO:colcon.colcon_core.shell:Creating package script '/home/pi2/cleaningoceanplastics/ros2_ws/src/install/services/share/services/package.bash'
[33.131s] INFO:colcon.colcon_core.shell:Creating package script '/home/pi2/cleaningoceanplastics/ros2_ws/src/install/services/share/services/package.zsh'
[33.132s] Level 1:colcon.colcon_core.environment:create_file_with_runtime_dependencies(/home/pi2/cleaningoceanplastics/ros2_ws/src/install/services/share/colcon-core/packages/services)
[33.133s] Level 1:colcon.colcon_core.environment:create_environment_scripts_only(services)
[33.133s] Level 1:colcon.colcon_core.environment:checking '/home/pi2/cleaningoceanplastics/ros2_ws/src/install/services' for CMake module files
[33.134s] Level 1:colcon.colcon_core.environment:checking '/home/pi2/cleaningoceanplastics/ros2_ws/src/install/services' for CMake config files
[33.135s] Level 1:colcon.colcon_core.shell:create_environment_hook('services', 'cmake_prefix_path')
[33.136s] INFO:colcon.colcon_core.shell:Creating environment hook '/home/pi2/cleaningoceanplastics/ros2_ws/src/install/services/share/services/hook/cmake_prefix_path.ps1'
[33.136s] INFO:colcon.colcon_core.shell:Creating environment descriptor '/home/pi2/cleaningoceanplastics/ros2_ws/src/install/services/share/services/hook/cmake_prefix_path.dsv'
[33.137s] INFO:colcon.colcon_core.shell:Creating environment hook '/home/pi2/cleaningoceanplastics/ros2_ws/src/install/services/share/services/hook/cmake_prefix_path.sh'
[33.138s] Level 1:colcon.colcon_core.environment:checking '/home/pi2/cleaningoceanplastics/ros2_ws/src/install/services/lib'
[33.139s] Level 1:colcon.colcon_core.shell:create_environment_hook('services', 'ld_library_path_lib')
[33.139s] INFO:colcon.colcon_core.shell:Creating environment hook '/home/pi2/cleaningoceanplastics/ros2_ws/src/install/services/share/services/hook/ld_library_path_lib.ps1'
[33.142s] INFO:colcon.colcon_core.shell:Creating environment descriptor '/home/pi2/cleaningoceanplastics/ros2_ws/src/install/services/share/services/hook/ld_library_path_lib.dsv'
[33.142s] INFO:colcon.colcon_core.shell:Creating environment hook '/home/pi2/cleaningoceanplastics/ros2_ws/src/install/services/share/services/hook/ld_library_path_lib.sh'
[33.143s] Level 1:colcon.colcon_core.environment:checking '/home/pi2/cleaningoceanplastics/ros2_ws/src/install/services/bin'
[33.143s] Level 1:colcon.colcon_core.environment:checking '/home/pi2/cleaningoceanplastics/ros2_ws/src/install/services/lib/pkgconfig/services.pc'
[33.144s] Level 1:colcon.colcon_core.environment:checking '/home/pi2/cleaningoceanplastics/ros2_ws/src/install/services/lib/python3.12/site-packages'
[33.144s] Level 1:colcon.colcon_core.shell:create_environment_hook('services', 'pythonpath')
[33.145s] INFO:colcon.colcon_core.shell:Creating environment hook '/home/pi2/cleaningoceanplastics/ros2_ws/src/install/services/share/services/hook/pythonpath.ps1'
[33.146s] INFO:colcon.colcon_core.shell:Creating environment descriptor '/home/pi2/cleaningoceanplastics/ros2_ws/src/install/services/share/services/hook/pythonpath.dsv'
[33.147s] INFO:colcon.colcon_core.shell:Creating environment hook '/home/pi2/cleaningoceanplastics/ros2_ws/src/install/services/share/services/hook/pythonpath.sh'
[33.148s] Level 1:colcon.colcon_core.environment:checking '/home/pi2/cleaningoceanplastics/ros2_ws/src/install/services/bin'
[33.149s] INFO:colcon.colcon_core.shell:Creating package script '/home/pi2/cleaningoceanplastics/ros2_ws/src/install/services/share/services/package.ps1'
[33.156s] INFO:colcon.colcon_core.shell:Creating package descriptor '/home/pi2/cleaningoceanplastics/ros2_ws/src/install/services/share/services/package.dsv'
[33.164s] INFO:colcon.colcon_core.shell:Creating package script '/home/pi2/cleaningoceanplastics/ros2_ws/src/install/services/share/services/package.sh'
[33.167s] INFO:colcon.colcon_core.shell:Creating package script '/home/pi2/cleaningoceanplastics/ros2_ws/src/install/services/share/services/package.bash'
[33.169s] INFO:colcon.colcon_core.shell:Creating package script '/home/pi2/cleaningoceanplastics/ros2_ws/src/install/services/share/services/package.zsh'
[33.172s] Level 1:colcon.colcon_core.environment:create_file_with_runtime_dependencies(/home/pi2/cleaningoceanplastics/ros2_ws/src/install/services/share/colcon-core/packages/services)
[33.177s] DEBUG:colcon.colcon_parallel_executor.executor.parallel:closing loop
[33.178s] DEBUG:colcon.colcon_parallel_executor.executor.parallel:loop closed
[33.178s] DEBUG:colcon.colcon_parallel_executor.executor.parallel:run_until_complete finished with '0'
[33.178s] DEBUG:colcon.colcon_core.event_reactor:joining thread
[33.200s] INFO:colcon.colcon_core.plugin_system:Skipping extension 'colcon_notification.desktop_notification.terminal_notifier': Not used on non-Darwin systems
[33.200s] INFO:colcon.colcon_core.plugin_system:Skipping extension 'colcon_notification.desktop_notification.win32': Not used on non-Windows systems
[33.200s] INFO:colcon.colcon_notification.desktop_notification:Sending desktop notification using 'notify2'
[33.245s] DEBUG:colcon.colcon_core.event_reactor:joined thread
[33.245s] INFO:colcon.colcon_core.shell:Creating prefix script '/home/pi2/cleaningoceanplastics/ros2_ws/src/install/local_setup.ps1'
[33.249s] INFO:colcon.colcon_core.shell:Creating prefix util module '/home/pi2/cleaningoceanplastics/ros2_ws/src/install/_local_setup_util_ps1.py'
[33.253s] INFO:colcon.colcon_core.shell:Creating prefix chain script '/home/pi2/cleaningoceanplastics/ros2_ws/src/install/setup.ps1'
[33.257s] INFO:colcon.colcon_core.shell:Creating prefix script '/home/pi2/cleaningoceanplastics/ros2_ws/src/install/local_setup.sh'
[33.258s] INFO:colcon.colcon_core.shell:Creating prefix util module '/home/pi2/cleaningoceanplastics/ros2_ws/src/install/_local_setup_util_sh.py'
[33.259s] INFO:colcon.colcon_core.shell:Creating prefix chain script '/home/pi2/cleaningoceanplastics/ros2_ws/src/install/setup.sh'
[33.262s] INFO:colcon.colcon_core.shell:Creating prefix script '/home/pi2/cleaningoceanplastics/ros2_ws/src/install/local_setup.bash'
[33.263s] INFO:colcon.colcon_core.shell:Creating prefix chain script '/home/pi2/cleaningoceanplastics/ros2_ws/src/install/setup.bash'
[33.265s] INFO:colcon.colcon_core.shell:Creating prefix script '/home/pi2/cleaningoceanplastics/ros2_ws/src/install/local_setup.zsh'
[33.267s] INFO:colcon.colcon_core.shell:Creating prefix chain script '/home/pi2/cleaningoceanplastics/ros2_ws/src/install/setup.zsh'
