[0.856s] Invoking command in '/home/cooper530/MQP/cleaningoceanplastics/ros2_ws/src/nmea_navsat_driver-ros2': PYTHONPATH=/home/cooper530/MQP/cleaningoceanplastics/build/nmea_navsat_driver/prefix_override:/usr/lib/python3/dist-packages/colcon_core/task/python/colcon_distutils_commands:/home/cooper530/MQP/cleaningoceanplastics/install/nmea_navsat_driver/lib/python3.10/site-packages:${PYTHONPATH} /usr/bin/python3 -W ignore:setup.py install is deprecated setup.py egg_info --egg-base ../../../build/nmea_navsat_driver build --build-base /home/cooper530/MQP/cleaningoceanplastics/build/nmea_navsat_driver/build install --record /home/cooper530/MQP/cleaningoceanplastics/build/nmea_navsat_driver/install.log --single-version-externally-managed install_data
[1.101s] running egg_info
[1.102s] writing ../../../build/nmea_navsat_driver/nmea_navsat_driver.egg-info/PKG-INFO
[1.102s] writing dependency_links to ../../../build/nmea_navsat_driver/nmea_navsat_driver.egg-info/dependency_links.txt
[1.102s] writing entry points to ../../../build/nmea_navsat_driver/nmea_navsat_driver.egg-info/entry_points.txt
[1.102s] writing requirements to ../../../build/nmea_navsat_driver/nmea_navsat_driver.egg-info/requires.txt
[1.102s] writing top-level names to ../../../build/nmea_navsat_driver/nmea_navsat_driver.egg-info/top_level.txt
[1.104s] reading manifest file '../../../build/nmea_navsat_driver/nmea_navsat_driver.egg-info/SOURCES.txt'
[1.104s] writing manifest file '../../../build/nmea_navsat_driver/nmea_navsat_driver.egg-info/SOURCES.txt'
[1.105s] running build
[1.105s] running build_py
[1.105s] running install
[1.105s] running install_lib
[1.106s] running install_data
[1.106s] running install_egg_info
[1.108s] removing '/home/cooper530/MQP/cleaningoceanplastics/install/nmea_navsat_driver/lib/python3.10/site-packages/nmea_navsat_driver-2.0.1-py3.10.egg-info' (and everything under it)
[1.108s] Copying ../../../build/nmea_navsat_driver/nmea_navsat_driver.egg-info to /home/cooper530/MQP/cleaningoceanplastics/install/nmea_navsat_driver/lib/python3.10/site-packages/nmea_navsat_driver-2.0.1-py3.10.egg-info
[1.109s] running install_scripts
[1.122s] Installing nmea_serial_driver script to /home/cooper530/MQP/cleaningoceanplastics/install/nmea_navsat_driver/lib/nmea_navsat_driver
[1.122s] Installing nmea_socket_driver script to /home/cooper530/MQP/cleaningoceanplastics/install/nmea_navsat_driver/lib/nmea_navsat_driver
[1.122s] Installing nmea_tcpclient_driver script to /home/cooper530/MQP/cleaningoceanplastics/install/nmea_navsat_driver/lib/nmea_navsat_driver
[1.122s] Installing nmea_topic_driver script to /home/cooper530/MQP/cleaningoceanplastics/install/nmea_navsat_driver/lib/nmea_navsat_driver
[1.122s] Installing nmea_topic_serial_reader script to /home/cooper530/MQP/cleaningoceanplastics/install/nmea_navsat_driver/lib/nmea_navsat_driver
[1.123s] writing list of installed files to '/home/cooper530/MQP/cleaningoceanplastics/build/nmea_navsat_driver/install.log'
[1.145s] Invoked command in '/home/cooper530/MQP/cleaningoceanplastics/ros2_ws/src/nmea_navsat_driver-ros2' returned '0': PYTHONPATH=/home/cooper530/MQP/cleaningoceanplastics/build/nmea_navsat_driver/prefix_override:/usr/lib/python3/dist-packages/colcon_core/task/python/colcon_distutils_commands:/home/cooper530/MQP/cleaningoceanplastics/install/nmea_navsat_driver/lib/python3.10/site-packages:${PYTHONPATH} /usr/bin/python3 -W ignore:setup.py install is deprecated setup.py egg_info --egg-base ../../../build/nmea_navsat_driver build --build-base /home/cooper530/MQP/cleaningoceanplastics/build/nmea_navsat_driver/build install --record /home/cooper530/MQP/cleaningoceanplastics/build/nmea_navsat_driver/install.log --single-version-externally-managed install_data
