-- The C compiler identification is GNU 11.4.0
-- The CXX compiler identification is GNU 11.4.0
-- Detecting C compiler ABI info
-- Detecting C compiler ABI info - done
-- Check for working C compiler: /usr/bin/cc - skipped
-- Detecting C compile features
-- Detecting C compile features - done
-- Detecting CXX compiler ABI info
-- Detecting CXX compiler ABI info - done
-- Check for working CXX compiler: /usr/bin/c++ - skipped
-- Detecting CXX compile features
-- Detecting CXX compile features - done
-- Found ament_cmake: 1.3.10 (/opt/ros/humble/share/ament_cmake/cmake)
-- Found Python3: /usr/bin/python3 (found version "3.10.12") found components: Interpreter 
-- Found geometry_msgs: 4.2.4 (/opt/ros/humble/share/geometry_msgs/cmake)
-- Found rosidl_generator_c: 3.1.5 (/opt/ros/humble/share/rosidl_generator_c/cmake)
-- Found rosidl_adapter: 3.1.5 (/opt/ros/humble/share/rosidl_adapter/cmake)
-- Found rosidl_generator_cpp: 3.1.5 (/opt/ros/humble/share/rosidl_generator_cpp/cmake)
-- Using all available rosidl_typesupport_c: rosidl_typesupport_fastrtps_c;rosidl_typesupport_introspection_c
-- Using all available rosidl_typesupport_cpp: rosidl_typesupport_fastrtps_cpp;rosidl_typesupport_introspection_cpp
-- Found sensor_msgs: 4.2.4 (/opt/ros/humble/share/sensor_msgs/cmake)
-- Found rosidl_default_generators: 1.2.0 (/opt/ros/humble/share/rosidl_default_generators/cmake)
-- Found ament_cmake_ros: 0.10.0 (/opt/ros/humble/share/ament_cmake_ros/cmake)
-- Using all available rosidl_typesupport_c: rosidl_typesupport_fastrtps_c;rosidl_typesupport_introspection_c
-- Using all available rosidl_typesupport_cpp: rosidl_typesupport_fastrtps_cpp;rosidl_typesupport_introspection_cpp
-- Found PythonInterp: /usr/bin/python3 (found suitable version "3.10.12", minimum required is "3.6") 
-- Found python_cmake_module: 0.10.0 (/opt/ros/humble/share/python_cmake_module/cmake)
-- Found PythonLibs: /usr/lib/x86_64-linux-gnu/libpython3.10.so (found suitable version "3.10.12", minimum required is "3.5") 
-- Using PYTHON_EXECUTABLE: /usr/bin/python3
-- Using PYTHON_INCLUDE_DIRS: /usr/include/python3.10
-- Using PYTHON_LIBRARIES: /usr/lib/x86_64-linux-gnu/libpython3.10.so
-- Found PythonExtra: .so  
-- Found ament_lint_auto: 0.12.11 (/opt/ros/humble/share/ament_lint_auto/cmake)
-- Added test 'lint_cmake' to check CMake code style
-- Added test 'xmllint' to check XML markup files
-- Configuring done
-- Generating done
-- Build files have been written to: /home/johnk/cleaningoceanplastics/ros2_ws/src/build/services
[  2%] [34m[1mGenerating C code for ROS interfaces[0m
[  4%] [34m[1mGenerating C++ code for ROS interfaces[0m
[  4%] Built target ament_cmake_python_copy_services
running egg_info
creating services.egg-info
writing services.egg-info/PKG-INFO
writing dependency_links to services.egg-info/dependency_links.txt
writing top-level names to services.egg-info/top_level.txt
writing manifest file 'services.egg-info/SOURCES.txt'
reading manifest file 'services.egg-info/SOURCES.txt'
writing manifest file 'services.egg-info/SOURCES.txt'
[  4%] Built target ament_cmake_python_build_services_egg
[  6%] [32mBuilding C object CMakeFiles/services__rosidl_generator_c.dir/rosidl_generator_c/services/srv/detail/kalman_state__functions.c.o[0m
[  8%] [32mBuilding C object CMakeFiles/services__rosidl_generator_c.dir/rosidl_generator_c/services/srv/detail/imu_data__functions.c.o[0m
[ 10%] [32mBuilding C object CMakeFiles/services__rosidl_generator_c.dir/rosidl_generator_c/services/srv/detail/gp_sdata__functions.c.o[0m
[ 12%] [32m[1mLinking C shared library libservices__rosidl_generator_c.so[0m
[ 12%] Built target services__rosidl_generator_c
[ 14%] [34m[1mGenerating C type support for eProsima Fast-RTPS[0m
[ 17%] [34m[1mGenerating C type support dispatch for ROS interfaces[0m
[ 19%] [34m[1mGenerating C introspection for ROS interfaces[0m
[ 19%] Built target services__cpp
[ 21%] [34m[1mGenerating C++ type support dispatch for ROS interfaces[0m
[ 23%] [32mBuilding CXX object CMakeFiles/services__rosidl_typesupport_c.dir/rosidl_typesupport_c/services/srv/imu_data__type_support.cpp.o[0m
[ 25%] [32mBuilding CXX object CMakeFiles/services__rosidl_typesupport_c.dir/rosidl_typesupport_c/services/srv/kalman_state__type_support.cpp.o[0m
[ 27%] [32mBuilding CXX object CMakeFiles/services__rosidl_typesupport_c.dir/rosidl_typesupport_c/services/srv/gp_sdata__type_support.cpp.o[0m
[ 29%] [32m[1mLinking CXX shared library libservices__rosidl_typesupport_c.so[0m
[ 31%] [32mBuilding CXX object CMakeFiles/services__rosidl_typesupport_cpp.dir/rosidl_typesupport_cpp/services/srv/imu_data__type_support.cpp.o[0m
[ 34%] [32mBuilding CXX object CMakeFiles/services__rosidl_typesupport_fastrtps_c.dir/rosidl_typesupport_fastrtps_c/services/srv/detail/imu_data__type_support_c.cpp.o[0m
[ 34%] Built target services__rosidl_typesupport_c
[ 36%] [32mBuilding CXX object CMakeFiles/services__rosidl_typesupport_fastrtps_c.dir/rosidl_typesupport_fastrtps_c/services/srv/detail/kalman_state__type_support_c.cpp.o[0m
[ 38%] [32mBuilding C object CMakeFiles/services__rosidl_typesupport_introspection_c.dir/rosidl_typesupport_introspection_c/services/srv/detail/imu_data__type_support.c.o[0m
[ 40%] [32mBuilding C object CMakeFiles/services__rosidl_typesupport_introspection_c.dir/rosidl_typesupport_introspection_c/services/srv/detail/kalman_state__type_support.c.o[0m
[ 42%] [32mBuilding C object CMakeFiles/services__rosidl_typesupport_introspection_c.dir/rosidl_typesupport_introspection_c/services/srv/detail/gp_sdata__type_support.c.o[0m
[ 44%] [32m[1mLinking C shared library libservices__rosidl_typesupport_introspection_c.so[0m
[ 44%] Built target services__rosidl_typesupport_introspection_c
[ 46%] [32mBuilding CXX object CMakeFiles/services__rosidl_typesupport_fastrtps_c.dir/rosidl_typesupport_fastrtps_c/services/srv/detail/gp_sdata__type_support_c.cpp.o[0m
[ 48%] [32mBuilding CXX object CMakeFiles/services__rosidl_typesupport_cpp.dir/rosidl_typesupport_cpp/services/srv/kalman_state__type_support.cpp.o[0m
[ 51%] [34m[1mGenerating C++ type support for eProsima Fast-RTPS[0m
[ 53%] [32mBuilding CXX object CMakeFiles/services__rosidl_typesupport_cpp.dir/rosidl_typesupport_cpp/services/srv/gp_sdata__type_support.cpp.o[0m
[ 55%] [32m[1mLinking CXX shared library libservices__rosidl_typesupport_fastrtps_c.so[0m
[ 57%] [34m[1mGenerating C++ introspection for ROS interfaces[0m
[ 57%] Built target services__rosidl_typesupport_fastrtps_c
[ 59%] [32m[1mLinking CXX shared library libservices__rosidl_typesupport_cpp.so[0m
[ 59%] Built target services__rosidl_typesupport_cpp
[ 63%] [32mBuilding CXX object CMakeFiles/services__rosidl_typesupport_fastrtps_cpp.dir/rosidl_typesupport_fastrtps_cpp/services/srv/detail/dds_fastrtps/gp_sdata__type_support.cpp.o[0m
[ 63%] [32mBuilding CXX object CMakeFiles/services__rosidl_typesupport_fastrtps_cpp.dir/rosidl_typesupport_fastrtps_cpp/services/srv/detail/dds_fastrtps/imu_data__type_support.cpp.o[0m
[ 65%] [32mBuilding CXX object CMakeFiles/services__rosidl_typesupport_fastrtps_cpp.dir/rosidl_typesupport_fastrtps_cpp/services/srv/detail/dds_fastrtps/kalman_state__type_support.cpp.o[0m
[ 68%] [32mBuilding CXX object CMakeFiles/services__rosidl_typesupport_introspection_cpp.dir/rosidl_typesupport_introspection_cpp/services/srv/detail/imu_data__type_support.cpp.o[0m
[ 70%] [32mBuilding CXX object CMakeFiles/services__rosidl_typesupport_introspection_cpp.dir/rosidl_typesupport_introspection_cpp/services/srv/detail/kalman_state__type_support.cpp.o[0m
[ 72%] [32mBuilding CXX object CMakeFiles/services__rosidl_typesupport_introspection_cpp.dir/rosidl_typesupport_introspection_cpp/services/srv/detail/gp_sdata__type_support.cpp.o[0m
[ 74%] [32m[1mLinking CXX shared library libservices__rosidl_typesupport_fastrtps_cpp.so[0m
[ 74%] Built target services__rosidl_typesupport_fastrtps_cpp
[ 76%] [32m[1mLinking CXX shared library libservices__rosidl_typesupport_introspection_cpp.so[0m
[ 76%] Built target services__rosidl_typesupport_introspection_cpp
[ 76%] Built target services
[ 78%] [34m[1mGenerating Python code for ROS interfaces[0m
[ 78%] Built target services__py
[ 80%] [32mBuilding C object CMakeFiles/services__rosidl_generator_py.dir/rosidl_generator_py/services/srv/_imu_data_s.c.o[0m
[ 85%] [32mBuilding C object CMakeFiles/services__rosidl_generator_py.dir/rosidl_generator_py/services/srv/_gp_sdata_s.c.o[0m
[ 85%] [32mBuilding C object CMakeFiles/services__rosidl_generator_py.dir/rosidl_generator_py/services/srv/_kalman_state_s.c.o[0m
[ 87%] [32m[1mLinking C shared library rosidl_generator_py/services/libservices__rosidl_generator_py.so[0m
[ 87%] Built target services__rosidl_generator_py
[ 89%] [32mBuilding C object CMakeFiles/services__rosidl_typesupport_fastrtps_c__pyext.dir/rosidl_generator_py/services/_services_s.ep.rosidl_typesupport_fastrtps_c.c.o[0m
[ 91%] [32mBuilding C object CMakeFiles/services__rosidl_typesupport_introspection_c__pyext.dir/rosidl_generator_py/services/_services_s.ep.rosidl_typesupport_introspection_c.c.o[0m
[ 93%] [32mBuilding C object CMakeFiles/services__rosidl_typesupport_c__pyext.dir/rosidl_generator_py/services/_services_s.ep.rosidl_typesupport_c.c.o[0m
[ 95%] [32m[1mLinking C shared library rosidl_generator_py/services/services_s__rosidl_typesupport_c.cpython-310-x86_64-linux-gnu.so[0m
[ 95%] Built target services__rosidl_typesupport_c__pyext
[ 97%] [32m[1mLinking C shared library rosidl_generator_py/services/services_s__rosidl_typesupport_fastrtps_c.cpython-310-x86_64-linux-gnu.so[0m
[100%] [32m[1mLinking C shared library rosidl_generator_py/services/services_s__rosidl_typesupport_introspection_c.cpython-310-x86_64-linux-gnu.so[0m
[100%] Built target services__rosidl_typesupport_fastrtps_c__pyext
[100%] Built target services__rosidl_typesupport_introspection_c__pyext
-- Install configuration: ""
-- Installing: /home/johnk/cleaningoceanplastics/ros2_ws/src/install/services/share/ament_index/resource_index/rosidl_interfaces/services
-- Installing: /home/johnk/cleaningoceanplastics/ros2_ws/src/install/services/include/services/services
-- Installing: /home/johnk/cleaningoceanplastics/ros2_ws/src/install/services/include/services/services/msg
-- Installing: /home/johnk/cleaningoceanplastics/ros2_ws/src/install/services/include/services/services/msg/rosidl_generator_c__visibility_control.h
-- Installing: /home/johnk/cleaningoceanplastics/ros2_ws/src/install/services/include/services/services/srv
-- Installing: /home/johnk/cleaningoceanplastics/ros2_ws/src/install/services/include/services/services/srv/imu_data.h
-- Installing: /home/johnk/cleaningoceanplastics/ros2_ws/src/install/services/include/services/services/srv/kalman_state.h
-- Installing: /home/johnk/cleaningoceanplastics/ros2_ws/src/install/services/include/services/services/srv/gp_sdata.h
-- Installing: /home/johnk/cleaningoceanplastics/ros2_ws/src/install/services/include/services/services/srv/detail
-- Installing: /home/johnk/cleaningoceanplastics/ros2_ws/src/install/services/include/services/services/srv/detail/imu_data__struct.h
-- Installing: /home/johnk/cleaningoceanplastics/ros2_ws/src/install/services/include/services/services/srv/detail/kalman_state__functions.h
-- Installing: /home/johnk/cleaningoceanplastics/ros2_ws/src/install/services/include/services/services/srv/detail/kalman_state__type_support.h
-- Installing: /home/johnk/cleaningoceanplastics/ros2_ws/src/install/services/include/services/services/srv/detail/kalman_state__struct.h
-- Installing: /home/johnk/cleaningoceanplastics/ros2_ws/src/install/services/include/services/services/srv/detail/imu_data__functions.h
-- Installing: /home/johnk/cleaningoceanplastics/ros2_ws/src/install/services/include/services/services/srv/detail/kalman_state__functions.c
-- Installing: /home/johnk/cleaningoceanplastics/ros2_ws/src/install/services/include/services/services/srv/detail/gp_sdata__struct.h
-- Installing: /home/johnk/cleaningoceanplastics/ros2_ws/src/install/services/include/services/services/srv/detail/gp_sdata__functions.c
-- Installing: /home/johnk/cleaningoceanplastics/ros2_ws/src/install/services/include/services/services/srv/detail/imu_data__functions.c
-- Installing: /home/johnk/cleaningoceanplastics/ros2_ws/src/install/services/include/services/services/srv/detail/imu_data__type_support.h
-- Installing: /home/johnk/cleaningoceanplastics/ros2_ws/src/install/services/include/services/services/srv/detail/gp_sdata__type_support.h
-- Installing: /home/johnk/cleaningoceanplastics/ros2_ws/src/install/services/include/services/services/srv/detail/gp_sdata__functions.h
-- Installing: /home/johnk/cleaningoceanplastics/ros2_ws/src/install/services/share/services/environment/library_path.sh
-- Installing: /home/johnk/cleaningoceanplastics/ros2_ws/src/install/services/share/services/environment/library_path.dsv
-- Installing: /home/johnk/cleaningoceanplastics/ros2_ws/src/install/services/lib/libservices__rosidl_generator_c.so
-- Set runtime path of "/home/johnk/cleaningoceanplastics/ros2_ws/src/install/services/lib/libservices__rosidl_generator_c.so" to ""
-- Up-to-date: /home/johnk/cleaningoceanplastics/ros2_ws/src/install/services/include/services/services
-- Up-to-date: /home/johnk/cleaningoceanplastics/ros2_ws/src/install/services/include/services/services/msg
-- Installing: /home/johnk/cleaningoceanplastics/ros2_ws/src/install/services/include/services/services/msg/rosidl_typesupport_fastrtps_c__visibility_control.h
-- Up-to-date: /home/johnk/cleaningoceanplastics/ros2_ws/src/install/services/include/services/services/srv
-- Up-to-date: /home/johnk/cleaningoceanplastics/ros2_ws/src/install/services/include/services/services/srv/detail
-- Installing: /home/johnk/cleaningoceanplastics/ros2_ws/src/install/services/include/services/services/srv/detail/gp_sdata__rosidl_typesupport_fastrtps_c.h
-- Installing: /home/johnk/cleaningoceanplastics/ros2_ws/src/install/services/include/services/services/srv/detail/kalman_state__rosidl_typesupport_fastrtps_c.h
-- Installing: /home/johnk/cleaningoceanplastics/ros2_ws/src/install/services/include/services/services/srv/detail/imu_data__rosidl_typesupport_fastrtps_c.h
-- Installing: /home/johnk/cleaningoceanplastics/ros2_ws/src/install/services/lib/libservices__rosidl_typesupport_fastrtps_c.so
-- Set runtime path of "/home/johnk/cleaningoceanplastics/ros2_ws/src/install/services/lib/libservices__rosidl_typesupport_fastrtps_c.so" to ""
-- Up-to-date: /home/johnk/cleaningoceanplastics/ros2_ws/src/install/services/include/services/services
-- Up-to-date: /home/johnk/cleaningoceanplastics/ros2_ws/src/install/services/include/services/services/srv
-- Installing: /home/johnk/cleaningoceanplastics/ros2_ws/src/install/services/include/services/services/srv/gp_sdata.hpp
-- Installing: /home/johnk/cleaningoceanplastics/ros2_ws/src/install/services/include/services/services/srv/imu_data.hpp
-- Up-to-date: /home/johnk/cleaningoceanplastics/ros2_ws/src/install/services/include/services/services/srv/detail
-- Installing: /home/johnk/cleaningoceanplastics/ros2_ws/src/install/services/include/services/services/srv/detail/kalman_state__struct.hpp
-- Installing: /home/johnk/cleaningoceanplastics/ros2_ws/src/install/services/include/services/services/srv/detail/imu_data__builder.hpp
-- Installing: /home/johnk/cleaningoceanplastics/ros2_ws/src/install/services/include/services/services/srv/detail/gp_sdata__struct.hpp
-- Installing: /home/johnk/cleaningoceanplastics/ros2_ws/src/install/services/include/services/services/srv/detail/imu_data__struct.hpp
-- Installing: /home/johnk/cleaningoceanplastics/ros2_ws/src/install/services/include/services/services/srv/detail/gp_sdata__traits.hpp
-- Installing: /home/johnk/cleaningoceanplastics/ros2_ws/src/install/services/include/services/services/srv/detail/imu_data__traits.hpp
-- Installing: /home/johnk/cleaningoceanplastics/ros2_ws/src/install/services/include/services/services/srv/detail/gp_sdata__builder.hpp
-- Installing: /home/johnk/cleaningoceanplastics/ros2_ws/src/install/services/include/services/services/srv/detail/kalman_state__traits.hpp
-- Installing: /home/johnk/cleaningoceanplastics/ros2_ws/src/install/services/include/services/services/srv/detail/kalman_state__builder.hpp
-- Installing: /home/johnk/cleaningoceanplastics/ros2_ws/src/install/services/include/services/services/srv/kalman_state.hpp
-- Up-to-date: /home/johnk/cleaningoceanplastics/ros2_ws/src/install/services/include/services/services
-- Up-to-date: /home/johnk/cleaningoceanplastics/ros2_ws/src/install/services/include/services/services/msg
-- Installing: /home/johnk/cleaningoceanplastics/ros2_ws/src/install/services/include/services/services/msg/rosidl_typesupport_fastrtps_cpp__visibility_control.h
-- Up-to-date: /home/johnk/cleaningoceanplastics/ros2_ws/src/install/services/include/services/services/srv
-- Up-to-date: /home/johnk/cleaningoceanplastics/ros2_ws/src/install/services/include/services/services/srv/detail
-- Installing: /home/johnk/cleaningoceanplastics/ros2_ws/src/install/services/include/services/services/srv/detail/dds_fastrtps
-- Installing: /home/johnk/cleaningoceanplastics/ros2_ws/src/install/services/include/services/services/srv/detail/gp_sdata__rosidl_typesupport_fastrtps_cpp.hpp
-- Installing: /home/johnk/cleaningoceanplastics/ros2_ws/src/install/services/include/services/services/srv/detail/imu_data__rosidl_typesupport_fastrtps_cpp.hpp
-- Installing: /home/johnk/cleaningoceanplastics/ros2_ws/src/install/services/include/services/services/srv/detail/kalman_state__rosidl_typesupport_fastrtps_cpp.hpp
-- Installing: /home/johnk/cleaningoceanplastics/ros2_ws/src/install/services/lib/libservices__rosidl_typesupport_fastrtps_cpp.so
-- Set runtime path of "/home/johnk/cleaningoceanplastics/ros2_ws/src/install/services/lib/libservices__rosidl_typesupport_fastrtps_cpp.so" to ""
-- Up-to-date: /home/johnk/cleaningoceanplastics/ros2_ws/src/install/services/include/services/services
-- Up-to-date: /home/johnk/cleaningoceanplastics/ros2_ws/src/install/services/include/services/services/msg
-- Installing: /home/johnk/cleaningoceanplastics/ros2_ws/src/install/services/include/services/services/msg/rosidl_typesupport_introspection_c__visibility_control.h
-- Up-to-date: /home/johnk/cleaningoceanplastics/ros2_ws/src/install/services/include/services/services/srv
-- Up-to-date: /home/johnk/cleaningoceanplastics/ros2_ws/src/install/services/include/services/services/srv/detail
-- Installing: /home/johnk/cleaningoceanplastics/ros2_ws/src/install/services/include/services/services/srv/detail/imu_data__type_support.c
-- Installing: /home/johnk/cleaningoceanplastics/ros2_ws/src/install/services/include/services/services/srv/detail/kalman_state__type_support.c
-- Installing: /home/johnk/cleaningoceanplastics/ros2_ws/src/install/services/include/services/services/srv/detail/gp_sdata__rosidl_typesupport_introspection_c.h
-- Installing: /home/johnk/cleaningoceanplastics/ros2_ws/src/install/services/include/services/services/srv/detail/gp_sdata__type_support.c
-- Installing: /home/johnk/cleaningoceanplastics/ros2_ws/src/install/services/include/services/services/srv/detail/imu_data__rosidl_typesupport_introspection_c.h
-- Installing: /home/johnk/cleaningoceanplastics/ros2_ws/src/install/services/include/services/services/srv/detail/kalman_state__rosidl_typesupport_introspection_c.h
-- Installing: /home/johnk/cleaningoceanplastics/ros2_ws/src/install/services/lib/libservices__rosidl_typesupport_introspection_c.so
-- Set runtime path of "/home/johnk/cleaningoceanplastics/ros2_ws/src/install/services/lib/libservices__rosidl_typesupport_introspection_c.so" to ""
-- Installing: /home/johnk/cleaningoceanplastics/ros2_ws/src/install/services/lib/libservices__rosidl_typesupport_c.so
-- Set runtime path of "/home/johnk/cleaningoceanplastics/ros2_ws/src/install/services/lib/libservices__rosidl_typesupport_c.so" to ""
-- Up-to-date: /home/johnk/cleaningoceanplastics/ros2_ws/src/install/services/include/services/services
-- Up-to-date: /home/johnk/cleaningoceanplastics/ros2_ws/src/install/services/include/services/services/srv
-- Up-to-date: /home/johnk/cleaningoceanplastics/ros2_ws/src/install/services/include/services/services/srv/detail
-- Installing: /home/johnk/cleaningoceanplastics/ros2_ws/src/install/services/include/services/services/srv/detail/gp_sdata__rosidl_typesupport_introspection_cpp.hpp
-- Installing: /home/johnk/cleaningoceanplastics/ros2_ws/src/install/services/include/services/services/srv/detail/kalman_state__rosidl_typesupport_introspection_cpp.hpp
-- Installing: /home/johnk/cleaningoceanplastics/ros2_ws/src/install/services/include/services/services/srv/detail/imu_data__type_support.cpp
-- Installing: /home/johnk/cleaningoceanplastics/ros2_ws/src/install/services/include/services/services/srv/detail/kalman_state__type_support.cpp
-- Installing: /home/johnk/cleaningoceanplastics/ros2_ws/src/install/services/include/services/services/srv/detail/imu_data__rosidl_typesupport_introspection_cpp.hpp
-- Installing: /home/johnk/cleaningoceanplastics/ros2_ws/src/install/services/include/services/services/srv/detail/gp_sdata__type_support.cpp
-- Installing: /home/johnk/cleaningoceanplastics/ros2_ws/src/install/services/lib/libservices__rosidl_typesupport_introspection_cpp.so
-- Set runtime path of "/home/johnk/cleaningoceanplastics/ros2_ws/src/install/services/lib/libservices__rosidl_typesupport_introspection_cpp.so" to ""
-- Installing: /home/johnk/cleaningoceanplastics/ros2_ws/src/install/services/lib/libservices__rosidl_typesupport_cpp.so
-- Set runtime path of "/home/johnk/cleaningoceanplastics/ros2_ws/src/install/services/lib/libservices__rosidl_typesupport_cpp.so" to ""
-- Installing: /home/johnk/cleaningoceanplastics/ros2_ws/src/install/services/share/services/environment/pythonpath.sh
-- Installing: /home/johnk/cleaningoceanplastics/ros2_ws/src/install/services/share/services/environment/pythonpath.dsv
-- Installing: /home/johnk/cleaningoceanplastics/ros2_ws/src/install/services/local/lib/python3.10/dist-packages/services-0.0.0-py3.10.egg-info
-- Installing: /home/johnk/cleaningoceanplastics/ros2_ws/src/install/services/local/lib/python3.10/dist-packages/services-0.0.0-py3.10.egg-info/SOURCES.txt
-- Installing: /home/johnk/cleaningoceanplastics/ros2_ws/src/install/services/local/lib/python3.10/dist-packages/services-0.0.0-py3.10.egg-info/dependency_links.txt
-- Installing: /home/johnk/cleaningoceanplastics/ros2_ws/src/install/services/local/lib/python3.10/dist-packages/services-0.0.0-py3.10.egg-info/PKG-INFO
-- Installing: /home/johnk/cleaningoceanplastics/ros2_ws/src/install/services/local/lib/python3.10/dist-packages/services-0.0.0-py3.10.egg-info/top_level.txt
-- Installing: /home/johnk/cleaningoceanplastics/ros2_ws/src/install/services/local/lib/python3.10/dist-packages/services
-- Installing: /home/johnk/cleaningoceanplastics/ros2_ws/src/install/services/local/lib/python3.10/dist-packages/services/services_s__rosidl_typesupport_introspection_c.cpython-310-x86_64-linux-gnu.so
-- Installing: /home/johnk/cleaningoceanplastics/ros2_ws/src/install/services/local/lib/python3.10/dist-packages/services/libservices__rosidl_generator_py.so
-- Installing: /home/johnk/cleaningoceanplastics/ros2_ws/src/install/services/local/lib/python3.10/dist-packages/services/services_s__rosidl_typesupport_c.cpython-310-x86_64-linux-gnu.so
-- Installing: /home/johnk/cleaningoceanplastics/ros2_ws/src/install/services/local/lib/python3.10/dist-packages/services/_services_s.ep.rosidl_typesupport_introspection_c.c
-- Installing: /home/johnk/cleaningoceanplastics/ros2_ws/src/install/services/local/lib/python3.10/dist-packages/services/srv
-- Installing: /home/johnk/cleaningoceanplastics/ros2_ws/src/install/services/local/lib/python3.10/dist-packages/services/srv/_gp_sdata.py
-- Installing: /home/johnk/cleaningoceanplastics/ros2_ws/src/install/services/local/lib/python3.10/dist-packages/services/srv/_imu_data.py
-- Installing: /home/johnk/cleaningoceanplastics/ros2_ws/src/install/services/local/lib/python3.10/dist-packages/services/srv/_imu_data_s.c
-- Installing: /home/johnk/cleaningoceanplastics/ros2_ws/src/install/services/local/lib/python3.10/dist-packages/services/srv/_kalman_state_s.c
-- Installing: /home/johnk/cleaningoceanplastics/ros2_ws/src/install/services/local/lib/python3.10/dist-packages/services/srv/_kalman_state.py
-- Installing: /home/johnk/cleaningoceanplastics/ros2_ws/src/install/services/local/lib/python3.10/dist-packages/services/srv/__init__.py
-- Installing: /home/johnk/cleaningoceanplastics/ros2_ws/src/install/services/local/lib/python3.10/dist-packages/services/srv/_gp_sdata_s.c
-- Installing: /home/johnk/cleaningoceanplastics/ros2_ws/src/install/services/local/lib/python3.10/dist-packages/services/_services_s.ep.rosidl_typesupport_c.c
-- Installing: /home/johnk/cleaningoceanplastics/ros2_ws/src/install/services/local/lib/python3.10/dist-packages/services/__init__.py
-- Installing: /home/johnk/cleaningoceanplastics/ros2_ws/src/install/services/local/lib/python3.10/dist-packages/services/services_s__rosidl_typesupport_fastrtps_c.cpython-310-x86_64-linux-gnu.so
-- Installing: /home/johnk/cleaningoceanplastics/ros2_ws/src/install/services/local/lib/python3.10/dist-packages/services/_services_s.ep.rosidl_typesupport_fastrtps_c.c
Listing '/home/johnk/cleaningoceanplastics/ros2_ws/src/install/services/local/lib/python3.10/dist-packages/services'...
Compiling '/home/johnk/cleaningoceanplastics/ros2_ws/src/install/services/local/lib/python3.10/dist-packages/services/__init__.py'...
Listing '/home/johnk/cleaningoceanplastics/ros2_ws/src/install/services/local/lib/python3.10/dist-packages/services/srv'...
Compiling '/home/johnk/cleaningoceanplastics/ros2_ws/src/install/services/local/lib/python3.10/dist-packages/services/srv/__init__.py'...
Compiling '/home/johnk/cleaningoceanplastics/ros2_ws/src/install/services/local/lib/python3.10/dist-packages/services/srv/_gp_sdata.py'...
Compiling '/home/johnk/cleaningoceanplastics/ros2_ws/src/install/services/local/lib/python3.10/dist-packages/services/srv/_imu_data.py'...
Compiling '/home/johnk/cleaningoceanplastics/ros2_ws/src/install/services/local/lib/python3.10/dist-packages/services/srv/_kalman_state.py'...
-- Installing: /home/johnk/cleaningoceanplastics/ros2_ws/src/install/services/local/lib/python3.10/dist-packages/services/services_s__rosidl_typesupport_fastrtps_c.cpython-310-x86_64-linux-gnu.so
-- Set runtime path of "/home/johnk/cleaningoceanplastics/ros2_ws/src/install/services/local/lib/python3.10/dist-packages/services/services_s__rosidl_typesupport_fastrtps_c.cpython-310-x86_64-linux-gnu.so" to ""
-- Installing: /home/johnk/cleaningoceanplastics/ros2_ws/src/install/services/local/lib/python3.10/dist-packages/services/services_s__rosidl_typesupport_introspection_c.cpython-310-x86_64-linux-gnu.so
-- Set runtime path of "/home/johnk/cleaningoceanplastics/ros2_ws/src/install/services/local/lib/python3.10/dist-packages/services/services_s__rosidl_typesupport_introspection_c.cpython-310-x86_64-linux-gnu.so" to ""
-- Installing: /home/johnk/cleaningoceanplastics/ros2_ws/src/install/services/local/lib/python3.10/dist-packages/services/services_s__rosidl_typesupport_c.cpython-310-x86_64-linux-gnu.so
-- Set runtime path of "/home/johnk/cleaningoceanplastics/ros2_ws/src/install/services/local/lib/python3.10/dist-packages/services/services_s__rosidl_typesupport_c.cpython-310-x86_64-linux-gnu.so" to ""
-- Installing: /home/johnk/cleaningoceanplastics/ros2_ws/src/install/services/lib/libservices__rosidl_generator_py.so
-- Set runtime path of "/home/johnk/cleaningoceanplastics/ros2_ws/src/install/services/lib/libservices__rosidl_generator_py.so" to ""
-- Installing: /home/johnk/cleaningoceanplastics/ros2_ws/src/install/services/share/services/srv/IMUData.idl
-- Installing: /home/johnk/cleaningoceanplastics/ros2_ws/src/install/services/share/services/srv/KalmanState.idl
-- Installing: /home/johnk/cleaningoceanplastics/ros2_ws/src/install/services/share/services/srv/GPSdata.idl
-- Installing: /home/johnk/cleaningoceanplastics/ros2_ws/src/install/services/share/services/srv/IMUData.srv
-- Installing: /home/johnk/cleaningoceanplastics/ros2_ws/src/install/services/share/services/srv/IMUData_Request.msg
-- Installing: /home/johnk/cleaningoceanplastics/ros2_ws/src/install/services/share/services/srv/IMUData_Response.msg
-- Installing: /home/johnk/cleaningoceanplastics/ros2_ws/src/install/services/share/services/srv/KalmanState.srv
-- Installing: /home/johnk/cleaningoceanplastics/ros2_ws/src/install/services/share/services/srv/KalmanState_Request.msg
-- Installing: /home/johnk/cleaningoceanplastics/ros2_ws/src/install/services/share/services/srv/KalmanState_Response.msg
-- Installing: /home/johnk/cleaningoceanplastics/ros2_ws/src/install/services/share/services/srv/GPSdata.srv
-- Installing: /home/johnk/cleaningoceanplastics/ros2_ws/src/install/services/share/services/srv/GPSdata_Request.msg
-- Installing: /home/johnk/cleaningoceanplastics/ros2_ws/src/install/services/share/services/srv/GPSdata_Response.msg
-- Installing: /home/johnk/cleaningoceanplastics/ros2_ws/src/install/services/share/ament_index/resource_index/package_run_dependencies/services
-- Installing: /home/johnk/cleaningoceanplastics/ros2_ws/src/install/services/share/ament_index/resource_index/parent_prefix_path/services
-- Installing: /home/johnk/cleaningoceanplastics/ros2_ws/src/install/services/share/services/environment/ament_prefix_path.sh
-- Installing: /home/johnk/cleaningoceanplastics/ros2_ws/src/install/services/share/services/environment/ament_prefix_path.dsv
-- Installing: /home/johnk/cleaningoceanplastics/ros2_ws/src/install/services/share/services/environment/path.sh
-- Installing: /home/johnk/cleaningoceanplastics/ros2_ws/src/install/services/share/services/environment/path.dsv
-- Installing: /home/johnk/cleaningoceanplastics/ros2_ws/src/install/services/share/services/local_setup.bash
-- Installing: /home/johnk/cleaningoceanplastics/ros2_ws/src/install/services/share/services/local_setup.sh
-- Installing: /home/johnk/cleaningoceanplastics/ros2_ws/src/install/services/share/services/local_setup.zsh
-- Installing: /home/johnk/cleaningoceanplastics/ros2_ws/src/install/services/share/services/local_setup.dsv
-- Installing: /home/johnk/cleaningoceanplastics/ros2_ws/src/install/services/share/services/package.dsv
-- Installing: /home/johnk/cleaningoceanplastics/ros2_ws/src/install/services/share/ament_index/resource_index/packages/services
-- Installing: /home/johnk/cleaningoceanplastics/ros2_ws/src/install/services/share/services/cmake/export_services__rosidl_generator_cExport.cmake
-- Installing: /home/johnk/cleaningoceanplastics/ros2_ws/src/install/services/share/services/cmake/export_services__rosidl_generator_cExport-noconfig.cmake
-- Installing: /home/johnk/cleaningoceanplastics/ros2_ws/src/install/services/share/services/cmake/export_services__rosidl_typesupport_fastrtps_cExport.cmake
-- Installing: /home/johnk/cleaningoceanplastics/ros2_ws/src/install/services/share/services/cmake/export_services__rosidl_typesupport_fastrtps_cExport-noconfig.cmake
-- Installing: /home/johnk/cleaningoceanplastics/ros2_ws/src/install/services/share/services/cmake/export_services__rosidl_generator_cppExport.cmake
-- Installing: /home/johnk/cleaningoceanplastics/ros2_ws/src/install/services/share/services/cmake/export_services__rosidl_typesupport_fastrtps_cppExport.cmake
-- Installing: /home/johnk/cleaningoceanplastics/ros2_ws/src/install/services/share/services/cmake/export_services__rosidl_typesupport_fastrtps_cppExport-noconfig.cmake
-- Installing: /home/johnk/cleaningoceanplastics/ros2_ws/src/install/services/share/services/cmake/services__rosidl_typesupport_introspection_cExport.cmake
-- Installing: /home/johnk/cleaningoceanplastics/ros2_ws/src/install/services/share/services/cmake/services__rosidl_typesupport_introspection_cExport-noconfig.cmake
-- Installing: /home/johnk/cleaningoceanplastics/ros2_ws/src/install/services/share/services/cmake/services__rosidl_typesupport_cExport.cmake
-- Installing: /home/johnk/cleaningoceanplastics/ros2_ws/src/install/services/share/services/cmake/services__rosidl_typesupport_cExport-noconfig.cmake
-- Installing: /home/johnk/cleaningoceanplastics/ros2_ws/src/install/services/share/services/cmake/services__rosidl_typesupport_introspection_cppExport.cmake
-- Installing: /home/johnk/cleaningoceanplastics/ros2_ws/src/install/services/share/services/cmake/services__rosidl_typesupport_introspection_cppExport-noconfig.cmake
-- Installing: /home/johnk/cleaningoceanplastics/ros2_ws/src/install/services/share/services/cmake/services__rosidl_typesupport_cppExport.cmake
-- Installing: /home/johnk/cleaningoceanplastics/ros2_ws/src/install/services/share/services/cmake/services__rosidl_typesupport_cppExport-noconfig.cmake
-- Installing: /home/johnk/cleaningoceanplastics/ros2_ws/src/install/services/share/services/cmake/export_services__rosidl_generator_pyExport.cmake
-- Installing: /home/johnk/cleaningoceanplastics/ros2_ws/src/install/services/share/services/cmake/export_services__rosidl_generator_pyExport-noconfig.cmake
-- Installing: /home/johnk/cleaningoceanplastics/ros2_ws/src/install/services/share/services/cmake/rosidl_cmake-extras.cmake
-- Installing: /home/johnk/cleaningoceanplastics/ros2_ws/src/install/services/share/services/cmake/ament_cmake_export_dependencies-extras.cmake
-- Installing: /home/johnk/cleaningoceanplastics/ros2_ws/src/install/services/share/services/cmake/ament_cmake_export_include_directories-extras.cmake
-- Installing: /home/johnk/cleaningoceanplastics/ros2_ws/src/install/services/share/services/cmake/ament_cmake_export_libraries-extras.cmake
-- Installing: /home/johnk/cleaningoceanplastics/ros2_ws/src/install/services/share/services/cmake/ament_cmake_export_targets-extras.cmake
-- Installing: /home/johnk/cleaningoceanplastics/ros2_ws/src/install/services/share/services/cmake/rosidl_cmake_export_typesupport_targets-extras.cmake
-- Installing: /home/johnk/cleaningoceanplastics/ros2_ws/src/install/services/share/services/cmake/rosidl_cmake_export_typesupport_libraries-extras.cmake
-- Installing: /home/johnk/cleaningoceanplastics/ros2_ws/src/install/services/share/services/cmake/servicesConfig.cmake
-- Installing: /home/johnk/cleaningoceanplastics/ros2_ws/src/install/services/share/services/cmake/servicesConfig-version.cmake
-- Installing: /home/johnk/cleaningoceanplastics/ros2_ws/src/install/services/share/services/package.xml
