[0.042s] Invoking command in '/home/johnk/cleaningoceanplastics/ros2_ws/src/build/services': CMAKE_PREFIX_PATH=${CMAKE_PREFIX_PATH}:/opt/ros/humble /usr/bin/cmake /home/johnk/cleaningoceanplastics/ros2_ws/src/services -DCMAKE_INSTALL_PREFIX=/home/johnk/cleaningoceanplastics/ros2_ws/src/install/services
[0.212s] -- The C compiler identification is GNU 11.4.0
[0.369s] -- The CXX compiler identification is GNU 11.4.0
[0.383s] -- Detecting C compiler ABI info
[0.477s] -- Detecting C compiler ABI info - done
[0.488s] -- Check for working C compiler: /usr/bin/cc - skipped
[0.489s] -- Detecting C compile features
[0.490s] -- Detecting C compile features - done
[0.495s] -- Detecting CXX compiler ABI info
[0.607s] -- Detecting CXX compiler ABI info - done
[0.618s] -- Check for working CXX compiler: /usr/bin/c++ - skipped
[0.618s] -- Detecting CXX compile features
[0.619s] -- Detecting CXX compile features - done
[0.624s] -- Found ament_cmake: 1.3.10 (/opt/ros/humble/share/ament_cmake/cmake)
[1.134s] -- Found Python3: /usr/bin/python3 (found version "3.10.12") found components: Interpreter 
[1.275s] -- Found geometry_msgs: 4.2.4 (/opt/ros/humble/share/geometry_msgs/cmake)
[1.338s] -- Found rosidl_generator_c: 3.1.5 (/opt/ros/humble/share/rosidl_generator_c/cmake)
[1.347s] -- Found rosidl_adapter: 3.1.5 (/opt/ros/humble/share/rosidl_adapter/cmake)
[1.362s] -- Found rosidl_generator_cpp: 3.1.5 (/opt/ros/humble/share/rosidl_generator_cpp/cmake)
[1.386s] -- Using all available rosidl_typesupport_c: rosidl_typesupport_fastrtps_c;rosidl_typesupport_introspection_c
[1.414s] -- Using all available rosidl_typesupport_cpp: rosidl_typesupport_fastrtps_cpp;rosidl_typesupport_introspection_cpp
[1.482s] -- Found sensor_msgs: 4.2.4 (/opt/ros/humble/share/sensor_msgs/cmake)
[1.513s] -- Found rosidl_default_generators: 1.2.0 (/opt/ros/humble/share/rosidl_default_generators/cmake)
[1.994s] -- Found ament_cmake_ros: 0.10.0 (/opt/ros/humble/share/ament_cmake_ros/cmake)
[2.653s] -- Using all available rosidl_typesupport_c: rosidl_typesupport_fastrtps_c;rosidl_typesupport_introspection_c
[2.910s] -- Using all available rosidl_typesupport_cpp: rosidl_typesupport_fastrtps_cpp;rosidl_typesupport_introspection_cpp
[2.944s] -- Found PythonInterp: /usr/bin/python3 (found suitable version "3.10.12", minimum required is "3.6") 
[2.946s] -- Found python_cmake_module: 0.10.0 (/opt/ros/humble/share/python_cmake_module/cmake)
[2.982s] -- Found PythonLibs: /usr/lib/x86_64-linux-gnu/libpython3.10.so (found suitable version "3.10.12", minimum required is "3.5") 
[2.983s] -- Using PYTHON_EXECUTABLE: /usr/bin/python3
[2.983s] -- Using PYTHON_INCLUDE_DIRS: /usr/include/python3.10
[2.983s] -- Using PYTHON_LIBRARIES: /usr/lib/x86_64-linux-gnu/libpython3.10.so
[3.015s] -- Found PythonExtra: .so  
[3.122s] -- Found ament_lint_auto: 0.12.11 (/opt/ros/humble/share/ament_lint_auto/cmake)
[3.157s] -- Added test 'lint_cmake' to check CMake code style
[3.159s] -- Added test 'xmllint' to check XML markup files
[3.163s] -- Configuring done
[3.220s] -- Generating done
[3.224s] -- Build files have been written to: /home/johnk/cleaningoceanplastics/ros2_ws/src/build/services
[3.236s] Invoked command in '/home/johnk/cleaningoceanplastics/ros2_ws/src/build/services' returned '0': CMAKE_PREFIX_PATH=${CMAKE_PREFIX_PATH}:/opt/ros/humble /usr/bin/cmake /home/johnk/cleaningoceanplastics/ros2_ws/src/services -DCMAKE_INSTALL_PREFIX=/home/johnk/cleaningoceanplastics/ros2_ws/src/install/services
[3.238s] Invoking command in '/home/johnk/cleaningoceanplastics/ros2_ws/src/build/services': CMAKE_PREFIX_PATH=${CMAKE_PREFIX_PATH}:/opt/ros/humble /usr/bin/cmake --build /home/johnk/cleaningoceanplastics/ros2_ws/src/build/services -- -j4 -l4
[3.300s] [  2%] [34m[1mGenerating C code for ROS interfaces[0m
[3.327s] [  4%] [34m[1mGenerating C++ code for ROS interfaces[0m
[3.348s] [  4%] Built target ament_cmake_python_copy_services
[3.967s] running egg_info
[3.970s] creating services.egg-info
[4.019s] writing services.egg-info/PKG-INFO
[4.020s] writing dependency_links to services.egg-info/dependency_links.txt
[4.021s] writing top-level names to services.egg-info/top_level.txt
[4.021s] writing manifest file 'services.egg-info/SOURCES.txt'
[4.143s] reading manifest file 'services.egg-info/SOURCES.txt'
[4.144s] writing manifest file 'services.egg-info/SOURCES.txt'
[4.211s] [  4%] Built target ament_cmake_python_build_services_egg
[4.328s] [  6%] [32mBuilding C object CMakeFiles/services__rosidl_generator_c.dir/rosidl_generator_c/services/srv/detail/kalman_state__functions.c.o[0m
[4.328s] [  8%] [32mBuilding C object CMakeFiles/services__rosidl_generator_c.dir/rosidl_generator_c/services/srv/detail/imu_data__functions.c.o[0m
[4.328s] [ 10%] [32mBuilding C object CMakeFiles/services__rosidl_generator_c.dir/rosidl_generator_c/services/srv/detail/gp_sdata__functions.c.o[0m
[4.503s] [ 12%] [32m[1mLinking C shared library libservices__rosidl_generator_c.so[0m
[4.572s] [ 12%] Built target services__rosidl_generator_c
[4.603s] [ 14%] [34m[1mGenerating C type support for eProsima Fast-RTPS[0m
[4.603s] [ 17%] [34m[1mGenerating C type support dispatch for ROS interfaces[0m
[4.603s] [ 19%] [34m[1mGenerating C introspection for ROS interfaces[0m
[4.893s] [ 19%] Built target services__cpp
[4.918s] [ 21%] [34m[1mGenerating C++ type support dispatch for ROS interfaces[0m
[5.647s] [ 23%] [32mBuilding CXX object CMakeFiles/services__rosidl_typesupport_c.dir/rosidl_typesupport_c/services/srv/imu_data__type_support.cpp.o[0m
[5.752s] [ 25%] [32mBuilding CXX object CMakeFiles/services__rosidl_typesupport_c.dir/rosidl_typesupport_c/services/srv/kalman_state__type_support.cpp.o[0m
[5.843s] [ 27%] [32mBuilding CXX object CMakeFiles/services__rosidl_typesupport_c.dir/rosidl_typesupport_c/services/srv/gp_sdata__type_support.cpp.o[0m
[5.947s] [ 29%] [32m[1mLinking CXX shared library libservices__rosidl_typesupport_c.so[0m
[6.013s] [ 31%] [32mBuilding CXX object CMakeFiles/services__rosidl_typesupport_cpp.dir/rosidl_typesupport_cpp/services/srv/imu_data__type_support.cpp.o[0m
[6.022s] [ 34%] [32mBuilding CXX object CMakeFiles/services__rosidl_typesupport_fastrtps_c.dir/rosidl_typesupport_fastrtps_c/services/srv/detail/imu_data__type_support_c.cpp.o[0m
[6.072s] [ 34%] Built target services__rosidl_typesupport_c
[6.096s] [ 36%] [32mBuilding CXX object CMakeFiles/services__rosidl_typesupport_fastrtps_c.dir/rosidl_typesupport_fastrtps_c/services/srv/detail/kalman_state__type_support_c.cpp.o[0m
[6.103s] [ 38%] [32mBuilding C object CMakeFiles/services__rosidl_typesupport_introspection_c.dir/rosidl_typesupport_introspection_c/services/srv/detail/imu_data__type_support.c.o[0m
[6.201s] [ 40%] [32mBuilding C object CMakeFiles/services__rosidl_typesupport_introspection_c.dir/rosidl_typesupport_introspection_c/services/srv/detail/kalman_state__type_support.c.o[0m
[6.309s] [ 42%] [32mBuilding C object CMakeFiles/services__rosidl_typesupport_introspection_c.dir/rosidl_typesupport_introspection_c/services/srv/detail/gp_sdata__type_support.c.o[0m
[6.418s] [ 44%] [32m[1mLinking C shared library libservices__rosidl_typesupport_introspection_c.so[0m
[6.516s] [ 44%] Built target services__rosidl_typesupport_introspection_c
[6.539s] [ 46%] [32mBuilding CXX object CMakeFiles/services__rosidl_typesupport_fastrtps_c.dir/rosidl_typesupport_fastrtps_c/services/srv/detail/gp_sdata__type_support_c.cpp.o[0m
[6.834s] [ 48%] [32mBuilding CXX object CMakeFiles/services__rosidl_typesupport_cpp.dir/rosidl_typesupport_cpp/services/srv/kalman_state__type_support.cpp.o[0m
[7.102s] [ 51%] [34m[1mGenerating C++ type support for eProsima Fast-RTPS[0m
[7.113s] [ 53%] [32mBuilding CXX object CMakeFiles/services__rosidl_typesupport_cpp.dir/rosidl_typesupport_cpp/services/srv/gp_sdata__type_support.cpp.o[0m
[7.520s] [ 55%] [32m[1mLinking CXX shared library libservices__rosidl_typesupport_fastrtps_c.so[0m
[7.676s] [ 57%] [34m[1mGenerating C++ introspection for ROS interfaces[0m
[7.747s] [ 57%] Built target services__rosidl_typesupport_fastrtps_c
[7.919s] [ 59%] [32m[1mLinking CXX shared library libservices__rosidl_typesupport_cpp.so[0m
[8.036s] [ 59%] Built target services__rosidl_typesupport_cpp
[8.221s] [ 63%] [32mBuilding CXX object CMakeFiles/services__rosidl_typesupport_fastrtps_cpp.dir/rosidl_typesupport_fastrtps_cpp/services/srv/detail/dds_fastrtps/gp_sdata__type_support.cpp.o[0m
[8.222s] [ 63%] [32mBuilding CXX object CMakeFiles/services__rosidl_typesupport_fastrtps_cpp.dir/rosidl_typesupport_fastrtps_cpp/services/srv/detail/dds_fastrtps/imu_data__type_support.cpp.o[0m
[8.222s] [ 65%] [32mBuilding CXX object CMakeFiles/services__rosidl_typesupport_fastrtps_cpp.dir/rosidl_typesupport_fastrtps_cpp/services/srv/detail/dds_fastrtps/kalman_state__type_support.cpp.o[0m
[8.901s] [ 68%] [32mBuilding CXX object CMakeFiles/services__rosidl_typesupport_introspection_cpp.dir/rosidl_typesupport_introspection_cpp/services/srv/detail/imu_data__type_support.cpp.o[0m
[9.373s] [ 70%] [32mBuilding CXX object CMakeFiles/services__rosidl_typesupport_introspection_cpp.dir/rosidl_typesupport_introspection_cpp/services/srv/detail/kalman_state__type_support.cpp.o[0m
[9.400s] [ 72%] [32mBuilding CXX object CMakeFiles/services__rosidl_typesupport_introspection_cpp.dir/rosidl_typesupport_introspection_cpp/services/srv/detail/gp_sdata__type_support.cpp.o[0m
[9.407s] [ 74%] [32m[1mLinking CXX shared library libservices__rosidl_typesupport_fastrtps_cpp.so[0m
[9.649s] [ 74%] Built target services__rosidl_typesupport_fastrtps_cpp
[10.251s] [ 76%] [32m[1mLinking CXX shared library libservices__rosidl_typesupport_introspection_cpp.so[0m
[10.363s] [ 76%] Built target services__rosidl_typesupport_introspection_cpp
[10.390s] [ 76%] Built target services
[10.418s] [ 78%] [34m[1mGenerating Python code for ROS interfaces[0m
[11.385s] [ 78%] Built target services__py
[11.415s] [ 80%] [32mBuilding C object CMakeFiles/services__rosidl_generator_py.dir/rosidl_generator_py/services/srv/_imu_data_s.c.o[0m
[11.420s] [ 85%] [32mBuilding C object CMakeFiles/services__rosidl_generator_py.dir/rosidl_generator_py/services/srv/_gp_sdata_s.c.o[0m
[11.421s] [ 85%] [32mBuilding C object CMakeFiles/services__rosidl_generator_py.dir/rosidl_generator_py/services/srv/_kalman_state_s.c.o[0m
[11.696s] [ 87%] [32m[1mLinking C shared library rosidl_generator_py/services/libservices__rosidl_generator_py.so[0m
[11.759s] [ 87%] Built target services__rosidl_generator_py
[11.797s] [ 89%] [32mBuilding C object CMakeFiles/services__rosidl_typesupport_fastrtps_c__pyext.dir/rosidl_generator_py/services/_services_s.ep.rosidl_typesupport_fastrtps_c.c.o[0m
[11.804s] [ 91%] [32mBuilding C object CMakeFiles/services__rosidl_typesupport_introspection_c__pyext.dir/rosidl_generator_py/services/_services_s.ep.rosidl_typesupport_introspection_c.c.o[0m
[11.807s] [ 93%] [32mBuilding C object CMakeFiles/services__rosidl_typesupport_c__pyext.dir/rosidl_generator_py/services/_services_s.ep.rosidl_typesupport_c.c.o[0m
[12.027s] [ 95%] [32m[1mLinking C shared library rosidl_generator_py/services/services_s__rosidl_typesupport_c.cpython-310-x86_64-linux-gnu.so[0m
[12.112s] [ 95%] Built target services__rosidl_typesupport_c__pyext
[12.132s] [ 97%] [32m[1mLinking C shared library rosidl_generator_py/services/services_s__rosidl_typesupport_fastrtps_c.cpython-310-x86_64-linux-gnu.so[0m
[12.138s] [100%] [32m[1mLinking C shared library rosidl_generator_py/services/services_s__rosidl_typesupport_introspection_c.cpython-310-x86_64-linux-gnu.so[0m
[12.207s] [100%] Built target services__rosidl_typesupport_fastrtps_c__pyext
[12.215s] [100%] Built target services__rosidl_typesupport_introspection_c__pyext
[12.231s] Invoked command in '/home/johnk/cleaningoceanplastics/ros2_ws/src/build/services' returned '0': CMAKE_PREFIX_PATH=${CMAKE_PREFIX_PATH}:/opt/ros/humble /usr/bin/cmake --build /home/johnk/cleaningoceanplastics/ros2_ws/src/build/services -- -j4 -l4
[12.386s] Invoking command in '/home/johnk/cleaningoceanplastics/ros2_ws/src/build/services': CMAKE_PREFIX_PATH=${CMAKE_PREFIX_PATH}:/opt/ros/humble /usr/bin/cmake --install /home/johnk/cleaningoceanplastics/ros2_ws/src/build/services
[12.396s] -- Install configuration: ""
[12.397s] -- Installing: /home/johnk/cleaningoceanplastics/ros2_ws/src/install/services/share/ament_index/resource_index/rosidl_interfaces/services
[12.397s] -- Installing: /home/johnk/cleaningoceanplastics/ros2_ws/src/install/services/include/services/services
[12.397s] -- Installing: /home/johnk/cleaningoceanplastics/ros2_ws/src/install/services/include/services/services/msg
[12.397s] -- Installing: /home/johnk/cleaningoceanplastics/ros2_ws/src/install/services/include/services/services/msg/rosidl_generator_c__visibility_control.h
[12.397s] -- Installing: /home/johnk/cleaningoceanplastics/ros2_ws/src/install/services/include/services/services/srv
[12.398s] -- Installing: /home/johnk/cleaningoceanplastics/ros2_ws/src/install/services/include/services/services/srv/imu_data.h
[12.398s] -- Installing: /home/johnk/cleaningoceanplastics/ros2_ws/src/install/services/include/services/services/srv/kalman_state.h
[12.398s] -- Installing: /home/johnk/cleaningoceanplastics/ros2_ws/src/install/services/include/services/services/srv/gp_sdata.h
[12.398s] -- Installing: /home/johnk/cleaningoceanplastics/ros2_ws/src/install/services/include/services/services/srv/detail
[12.398s] -- Installing: /home/johnk/cleaningoceanplastics/ros2_ws/src/install/services/include/services/services/srv/detail/imu_data__struct.h
[12.399s] -- Installing: /home/johnk/cleaningoceanplastics/ros2_ws/src/install/services/include/services/services/srv/detail/kalman_state__functions.h
[12.399s] -- Installing: /home/johnk/cleaningoceanplastics/ros2_ws/src/install/services/include/services/services/srv/detail/kalman_state__type_support.h
[12.399s] -- Installing: /home/johnk/cleaningoceanplastics/ros2_ws/src/install/services/include/services/services/srv/detail/kalman_state__struct.h
[12.399s] -- Installing: /home/johnk/cleaningoceanplastics/ros2_ws/src/install/services/include/services/services/srv/detail/imu_data__functions.h
[12.399s] -- Installing: /home/johnk/cleaningoceanplastics/ros2_ws/src/install/services/include/services/services/srv/detail/kalman_state__functions.c
[12.400s] -- Installing: /home/johnk/cleaningoceanplastics/ros2_ws/src/install/services/include/services/services/srv/detail/gp_sdata__struct.h
[12.400s] -- Installing: /home/johnk/cleaningoceanplastics/ros2_ws/src/install/services/include/services/services/srv/detail/gp_sdata__functions.c
[12.400s] -- Installing: /home/johnk/cleaningoceanplastics/ros2_ws/src/install/services/include/services/services/srv/detail/imu_data__functions.c
[12.400s] -- Installing: /home/johnk/cleaningoceanplastics/ros2_ws/src/install/services/include/services/services/srv/detail/imu_data__type_support.h
[12.400s] -- Installing: /home/johnk/cleaningoceanplastics/ros2_ws/src/install/services/include/services/services/srv/detail/gp_sdata__type_support.h
[12.401s] -- Installing: /home/johnk/cleaningoceanplastics/ros2_ws/src/install/services/include/services/services/srv/detail/gp_sdata__functions.h
[12.401s] -- Installing: /home/johnk/cleaningoceanplastics/ros2_ws/src/install/services/share/services/environment/library_path.sh
[12.401s] -- Installing: /home/johnk/cleaningoceanplastics/ros2_ws/src/install/services/share/services/environment/library_path.dsv
[12.401s] -- Installing: /home/johnk/cleaningoceanplastics/ros2_ws/src/install/services/lib/libservices__rosidl_generator_c.so
[12.402s] -- Set runtime path of "/home/johnk/cleaningoceanplastics/ros2_ws/src/install/services/lib/libservices__rosidl_generator_c.so" to ""
[12.402s] -- Up-to-date: /home/johnk/cleaningoceanplastics/ros2_ws/src/install/services/include/services/services
[12.402s] -- Up-to-date: /home/johnk/cleaningoceanplastics/ros2_ws/src/install/services/include/services/services/msg
[12.403s] -- Installing: /home/johnk/cleaningoceanplastics/ros2_ws/src/install/services/include/services/services/msg/rosidl_typesupport_fastrtps_c__visibility_control.h
[12.403s] -- Up-to-date: /home/johnk/cleaningoceanplastics/ros2_ws/src/install/services/include/services/services/srv
[12.403s] -- Up-to-date: /home/johnk/cleaningoceanplastics/ros2_ws/src/install/services/include/services/services/srv/detail
[12.403s] -- Installing: /home/johnk/cleaningoceanplastics/ros2_ws/src/install/services/include/services/services/srv/detail/gp_sdata__rosidl_typesupport_fastrtps_c.h
[12.403s] -- Installing: /home/johnk/cleaningoceanplastics/ros2_ws/src/install/services/include/services/services/srv/detail/kalman_state__rosidl_typesupport_fastrtps_c.h
[12.404s] -- Installing: /home/johnk/cleaningoceanplastics/ros2_ws/src/install/services/include/services/services/srv/detail/imu_data__rosidl_typesupport_fastrtps_c.h
[12.404s] -- Installing: /home/johnk/cleaningoceanplastics/ros2_ws/src/install/services/lib/libservices__rosidl_typesupport_fastrtps_c.so
[12.404s] -- Set runtime path of "/home/johnk/cleaningoceanplastics/ros2_ws/src/install/services/lib/libservices__rosidl_typesupport_fastrtps_c.so" to ""
[12.404s] -- Up-to-date: /home/johnk/cleaningoceanplastics/ros2_ws/src/install/services/include/services/services
[12.404s] -- Up-to-date: /home/johnk/cleaningoceanplastics/ros2_ws/src/install/services/include/services/services/srv
[12.404s] -- Installing: /home/johnk/cleaningoceanplastics/ros2_ws/src/install/services/include/services/services/srv/gp_sdata.hpp
[12.405s] -- Installing: /home/johnk/cleaningoceanplastics/ros2_ws/src/install/services/include/services/services/srv/imu_data.hpp
[12.405s] -- Up-to-date: /home/johnk/cleaningoceanplastics/ros2_ws/src/install/services/include/services/services/srv/detail
[12.405s] -- Installing: /home/johnk/cleaningoceanplastics/ros2_ws/src/install/services/include/services/services/srv/detail/kalman_state__struct.hpp
[12.405s] -- Installing: /home/johnk/cleaningoceanplastics/ros2_ws/src/install/services/include/services/services/srv/detail/imu_data__builder.hpp
[12.405s] -- Installing: /home/johnk/cleaningoceanplastics/ros2_ws/src/install/services/include/services/services/srv/detail/gp_sdata__struct.hpp
[12.405s] -- Installing: /home/johnk/cleaningoceanplastics/ros2_ws/src/install/services/include/services/services/srv/detail/imu_data__struct.hpp
[12.406s] -- Installing: /home/johnk/cleaningoceanplastics/ros2_ws/src/install/services/include/services/services/srv/detail/gp_sdata__traits.hpp
[12.406s] -- Installing: /home/johnk/cleaningoceanplastics/ros2_ws/src/install/services/include/services/services/srv/detail/imu_data__traits.hpp
[12.406s] -- Installing: /home/johnk/cleaningoceanplastics/ros2_ws/src/install/services/include/services/services/srv/detail/gp_sdata__builder.hpp
[12.406s] -- Installing: /home/johnk/cleaningoceanplastics/ros2_ws/src/install/services/include/services/services/srv/detail/kalman_state__traits.hpp
[12.407s] -- Installing: /home/johnk/cleaningoceanplastics/ros2_ws/src/install/services/include/services/services/srv/detail/kalman_state__builder.hpp
[12.407s] -- Installing: /home/johnk/cleaningoceanplastics/ros2_ws/src/install/services/include/services/services/srv/kalman_state.hpp
[12.407s] -- Up-to-date: /home/johnk/cleaningoceanplastics/ros2_ws/src/install/services/include/services/services
[12.407s] -- Up-to-date: /home/johnk/cleaningoceanplastics/ros2_ws/src/install/services/include/services/services/msg
[12.408s] -- Installing: /home/johnk/cleaningoceanplastics/ros2_ws/src/install/services/include/services/services/msg/rosidl_typesupport_fastrtps_cpp__visibility_control.h
[12.408s] -- Up-to-date: /home/johnk/cleaningoceanplastics/ros2_ws/src/install/services/include/services/services/srv
[12.408s] -- Up-to-date: /home/johnk/cleaningoceanplastics/ros2_ws/src/install/services/include/services/services/srv/detail
[12.408s] -- Installing: /home/johnk/cleaningoceanplastics/ros2_ws/src/install/services/include/services/services/srv/detail/dds_fastrtps
[12.408s] -- Installing: /home/johnk/cleaningoceanplastics/ros2_ws/src/install/services/include/services/services/srv/detail/gp_sdata__rosidl_typesupport_fastrtps_cpp.hpp
[12.408s] -- Installing: /home/johnk/cleaningoceanplastics/ros2_ws/src/install/services/include/services/services/srv/detail/imu_data__rosidl_typesupport_fastrtps_cpp.hpp
[12.409s] -- Installing: /home/johnk/cleaningoceanplastics/ros2_ws/src/install/services/include/services/services/srv/detail/kalman_state__rosidl_typesupport_fastrtps_cpp.hpp
[12.409s] -- Installing: /home/johnk/cleaningoceanplastics/ros2_ws/src/install/services/lib/libservices__rosidl_typesupport_fastrtps_cpp.so
[12.410s] -- Set runtime path of "/home/johnk/cleaningoceanplastics/ros2_ws/src/install/services/lib/libservices__rosidl_typesupport_fastrtps_cpp.so" to ""
[12.410s] -- Up-to-date: /home/johnk/cleaningoceanplastics/ros2_ws/src/install/services/include/services/services
[12.410s] -- Up-to-date: /home/johnk/cleaningoceanplastics/ros2_ws/src/install/services/include/services/services/msg
[12.410s] -- Installing: /home/johnk/cleaningoceanplastics/ros2_ws/src/install/services/include/services/services/msg/rosidl_typesupport_introspection_c__visibility_control.h
[12.410s] -- Up-to-date: /home/johnk/cleaningoceanplastics/ros2_ws/src/install/services/include/services/services/srv
[12.410s] -- Up-to-date: /home/johnk/cleaningoceanplastics/ros2_ws/src/install/services/include/services/services/srv/detail
[12.411s] -- Installing: /home/johnk/cleaningoceanplastics/ros2_ws/src/install/services/include/services/services/srv/detail/imu_data__type_support.c
[12.411s] -- Installing: /home/johnk/cleaningoceanplastics/ros2_ws/src/install/services/include/services/services/srv/detail/kalman_state__type_support.c
[12.411s] -- Installing: /home/johnk/cleaningoceanplastics/ros2_ws/src/install/services/include/services/services/srv/detail/gp_sdata__rosidl_typesupport_introspection_c.h
[12.411s] -- Installing: /home/johnk/cleaningoceanplastics/ros2_ws/src/install/services/include/services/services/srv/detail/gp_sdata__type_support.c
[12.411s] -- Installing: /home/johnk/cleaningoceanplastics/ros2_ws/src/install/services/include/services/services/srv/detail/imu_data__rosidl_typesupport_introspection_c.h
[12.411s] -- Installing: /home/johnk/cleaningoceanplastics/ros2_ws/src/install/services/include/services/services/srv/detail/kalman_state__rosidl_typesupport_introspection_c.h
[12.412s] -- Installing: /home/johnk/cleaningoceanplastics/ros2_ws/src/install/services/lib/libservices__rosidl_typesupport_introspection_c.so
[12.413s] -- Set runtime path of "/home/johnk/cleaningoceanplastics/ros2_ws/src/install/services/lib/libservices__rosidl_typesupport_introspection_c.so" to ""
[12.413s] -- Installing: /home/johnk/cleaningoceanplastics/ros2_ws/src/install/services/lib/libservices__rosidl_typesupport_c.so
[12.414s] -- Set runtime path of "/home/johnk/cleaningoceanplastics/ros2_ws/src/install/services/lib/libservices__rosidl_typesupport_c.so" to ""
[12.414s] -- Up-to-date: /home/johnk/cleaningoceanplastics/ros2_ws/src/install/services/include/services/services
[12.414s] -- Up-to-date: /home/johnk/cleaningoceanplastics/ros2_ws/src/install/services/include/services/services/srv
[12.414s] -- Up-to-date: /home/johnk/cleaningoceanplastics/ros2_ws/src/install/services/include/services/services/srv/detail
[12.414s] -- Installing: /home/johnk/cleaningoceanplastics/ros2_ws/src/install/services/include/services/services/srv/detail/gp_sdata__rosidl_typesupport_introspection_cpp.hpp
[12.414s] -- Installing: /home/johnk/cleaningoceanplastics/ros2_ws/src/install/services/include/services/services/srv/detail/kalman_state__rosidl_typesupport_introspection_cpp.hpp
[12.414s] -- Installing: /home/johnk/cleaningoceanplastics/ros2_ws/src/install/services/include/services/services/srv/detail/imu_data__type_support.cpp
[12.414s] -- Installing: /home/johnk/cleaningoceanplastics/ros2_ws/src/install/services/include/services/services/srv/detail/kalman_state__type_support.cpp
[12.415s] -- Installing: /home/johnk/cleaningoceanplastics/ros2_ws/src/install/services/include/services/services/srv/detail/imu_data__rosidl_typesupport_introspection_cpp.hpp
[12.415s] -- Installing: /home/johnk/cleaningoceanplastics/ros2_ws/src/install/services/include/services/services/srv/detail/gp_sdata__type_support.cpp
[12.415s] -- Installing: /home/johnk/cleaningoceanplastics/ros2_ws/src/install/services/lib/libservices__rosidl_typesupport_introspection_cpp.so
[12.416s] -- Set runtime path of "/home/johnk/cleaningoceanplastics/ros2_ws/src/install/services/lib/libservices__rosidl_typesupport_introspection_cpp.so" to ""
[12.416s] -- Installing: /home/johnk/cleaningoceanplastics/ros2_ws/src/install/services/lib/libservices__rosidl_typesupport_cpp.so
[12.417s] -- Set runtime path of "/home/johnk/cleaningoceanplastics/ros2_ws/src/install/services/lib/libservices__rosidl_typesupport_cpp.so" to ""
[12.417s] -- Installing: /home/johnk/cleaningoceanplastics/ros2_ws/src/install/services/share/services/environment/pythonpath.sh
[12.417s] -- Installing: /home/johnk/cleaningoceanplastics/ros2_ws/src/install/services/share/services/environment/pythonpath.dsv
[12.417s] -- Installing: /home/johnk/cleaningoceanplastics/ros2_ws/src/install/services/local/lib/python3.10/dist-packages/services-0.0.0-py3.10.egg-info
[12.418s] -- Installing: /home/johnk/cleaningoceanplastics/ros2_ws/src/install/services/local/lib/python3.10/dist-packages/services-0.0.0-py3.10.egg-info/SOURCES.txt
[12.418s] -- Installing: /home/johnk/cleaningoceanplastics/ros2_ws/src/install/services/local/lib/python3.10/dist-packages/services-0.0.0-py3.10.egg-info/dependency_links.txt
[12.418s] -- Installing: /home/johnk/cleaningoceanplastics/ros2_ws/src/install/services/local/lib/python3.10/dist-packages/services-0.0.0-py3.10.egg-info/PKG-INFO
[12.418s] -- Installing: /home/johnk/cleaningoceanplastics/ros2_ws/src/install/services/local/lib/python3.10/dist-packages/services-0.0.0-py3.10.egg-info/top_level.txt
[12.418s] -- Installing: /home/johnk/cleaningoceanplastics/ros2_ws/src/install/services/local/lib/python3.10/dist-packages/services
[12.419s] -- Installing: /home/johnk/cleaningoceanplastics/ros2_ws/src/install/services/local/lib/python3.10/dist-packages/services/services_s__rosidl_typesupport_introspection_c.cpython-310-x86_64-linux-gnu.so
[12.419s] -- Installing: /home/johnk/cleaningoceanplastics/ros2_ws/src/install/services/local/lib/python3.10/dist-packages/services/libservices__rosidl_generator_py.so
[12.419s] -- Installing: /home/johnk/cleaningoceanplastics/ros2_ws/src/install/services/local/lib/python3.10/dist-packages/services/services_s__rosidl_typesupport_c.cpython-310-x86_64-linux-gnu.so
[12.419s] -- Installing: /home/johnk/cleaningoceanplastics/ros2_ws/src/install/services/local/lib/python3.10/dist-packages/services/_services_s.ep.rosidl_typesupport_introspection_c.c
[12.419s] -- Installing: /home/johnk/cleaningoceanplastics/ros2_ws/src/install/services/local/lib/python3.10/dist-packages/services/srv
[12.420s] -- Installing: /home/johnk/cleaningoceanplastics/ros2_ws/src/install/services/local/lib/python3.10/dist-packages/services/srv/_gp_sdata.py
[12.420s] -- Installing: /home/johnk/cleaningoceanplastics/ros2_ws/src/install/services/local/lib/python3.10/dist-packages/services/srv/_imu_data.py
[12.420s] -- Installing: /home/johnk/cleaningoceanplastics/ros2_ws/src/install/services/local/lib/python3.10/dist-packages/services/srv/_imu_data_s.c
[12.420s] -- Installing: /home/johnk/cleaningoceanplastics/ros2_ws/src/install/services/local/lib/python3.10/dist-packages/services/srv/_kalman_state_s.c
[12.421s] -- Installing: /home/johnk/cleaningoceanplastics/ros2_ws/src/install/services/local/lib/python3.10/dist-packages/services/srv/_kalman_state.py
[12.421s] -- Installing: /home/johnk/cleaningoceanplastics/ros2_ws/src/install/services/local/lib/python3.10/dist-packages/services/srv/__init__.py
[12.421s] -- Installing: /home/johnk/cleaningoceanplastics/ros2_ws/src/install/services/local/lib/python3.10/dist-packages/services/srv/_gp_sdata_s.c
[12.421s] -- Installing: /home/johnk/cleaningoceanplastics/ros2_ws/src/install/services/local/lib/python3.10/dist-packages/services/_services_s.ep.rosidl_typesupport_c.c
[12.421s] -- Installing: /home/johnk/cleaningoceanplastics/ros2_ws/src/install/services/local/lib/python3.10/dist-packages/services/__init__.py
[12.422s] -- Installing: /home/johnk/cleaningoceanplastics/ros2_ws/src/install/services/local/lib/python3.10/dist-packages/services/services_s__rosidl_typesupport_fastrtps_c.cpython-310-x86_64-linux-gnu.so
[12.422s] -- Installing: /home/johnk/cleaningoceanplastics/ros2_ws/src/install/services/local/lib/python3.10/dist-packages/services/_services_s.ep.rosidl_typesupport_fastrtps_c.c
[12.477s] Listing '/home/johnk/cleaningoceanplastics/ros2_ws/src/install/services/local/lib/python3.10/dist-packages/services'...
[12.477s] Compiling '/home/johnk/cleaningoceanplastics/ros2_ws/src/install/services/local/lib/python3.10/dist-packages/services/__init__.py'...
[12.477s] Listing '/home/johnk/cleaningoceanplastics/ros2_ws/src/install/services/local/lib/python3.10/dist-packages/services/srv'...
[12.477s] Compiling '/home/johnk/cleaningoceanplastics/ros2_ws/src/install/services/local/lib/python3.10/dist-packages/services/srv/__init__.py'...
[12.477s] Compiling '/home/johnk/cleaningoceanplastics/ros2_ws/src/install/services/local/lib/python3.10/dist-packages/services/srv/_gp_sdata.py'...
[12.477s] Compiling '/home/johnk/cleaningoceanplastics/ros2_ws/src/install/services/local/lib/python3.10/dist-packages/services/srv/_imu_data.py'...
[12.478s] Compiling '/home/johnk/cleaningoceanplastics/ros2_ws/src/install/services/local/lib/python3.10/dist-packages/services/srv/_kalman_state.py'...
[12.484s] -- Installing: /home/johnk/cleaningoceanplastics/ros2_ws/src/install/services/local/lib/python3.10/dist-packages/services/services_s__rosidl_typesupport_fastrtps_c.cpython-310-x86_64-linux-gnu.so
[12.484s] -- Set runtime path of "/home/johnk/cleaningoceanplastics/ros2_ws/src/install/services/local/lib/python3.10/dist-packages/services/services_s__rosidl_typesupport_fastrtps_c.cpython-310-x86_64-linux-gnu.so" to ""
[12.485s] -- Installing: /home/johnk/cleaningoceanplastics/ros2_ws/src/install/services/local/lib/python3.10/dist-packages/services/services_s__rosidl_typesupport_introspection_c.cpython-310-x86_64-linux-gnu.so
[12.485s] -- Set runtime path of "/home/johnk/cleaningoceanplastics/ros2_ws/src/install/services/local/lib/python3.10/dist-packages/services/services_s__rosidl_typesupport_introspection_c.cpython-310-x86_64-linux-gnu.so" to ""
[12.486s] -- Installing: /home/johnk/cleaningoceanplastics/ros2_ws/src/install/services/local/lib/python3.10/dist-packages/services/services_s__rosidl_typesupport_c.cpython-310-x86_64-linux-gnu.so
[12.486s] -- Set runtime path of "/home/johnk/cleaningoceanplastics/ros2_ws/src/install/services/local/lib/python3.10/dist-packages/services/services_s__rosidl_typesupport_c.cpython-310-x86_64-linux-gnu.so" to ""
[12.486s] -- Installing: /home/johnk/cleaningoceanplastics/ros2_ws/src/install/services/lib/libservices__rosidl_generator_py.so
[12.487s] -- Set runtime path of "/home/johnk/cleaningoceanplastics/ros2_ws/src/install/services/lib/libservices__rosidl_generator_py.so" to ""
[12.487s] -- Installing: /home/johnk/cleaningoceanplastics/ros2_ws/src/install/services/share/services/srv/IMUData.idl
[12.487s] -- Installing: /home/johnk/cleaningoceanplastics/ros2_ws/src/install/services/share/services/srv/KalmanState.idl
[12.488s] -- Installing: /home/johnk/cleaningoceanplastics/ros2_ws/src/install/services/share/services/srv/GPSdata.idl
[12.488s] -- Installing: /home/johnk/cleaningoceanplastics/ros2_ws/src/install/services/share/services/srv/IMUData.srv
[12.488s] -- Installing: /home/johnk/cleaningoceanplastics/ros2_ws/src/install/services/share/services/srv/IMUData_Request.msg
[12.488s] -- Installing: /home/johnk/cleaningoceanplastics/ros2_ws/src/install/services/share/services/srv/IMUData_Response.msg
[12.488s] -- Installing: /home/johnk/cleaningoceanplastics/ros2_ws/src/install/services/share/services/srv/KalmanState.srv
[12.489s] -- Installing: /home/johnk/cleaningoceanplastics/ros2_ws/src/install/services/share/services/srv/KalmanState_Request.msg
[12.489s] -- Installing: /home/johnk/cleaningoceanplastics/ros2_ws/src/install/services/share/services/srv/KalmanState_Response.msg
[12.489s] -- Installing: /home/johnk/cleaningoceanplastics/ros2_ws/src/install/services/share/services/srv/GPSdata.srv
[12.489s] -- Installing: /home/johnk/cleaningoceanplastics/ros2_ws/src/install/services/share/services/srv/GPSdata_Request.msg
[12.490s] -- Installing: /home/johnk/cleaningoceanplastics/ros2_ws/src/install/services/share/services/srv/GPSdata_Response.msg
[12.490s] -- Installing: /home/johnk/cleaningoceanplastics/ros2_ws/src/install/services/share/ament_index/resource_index/package_run_dependencies/services
[12.490s] -- Installing: /home/johnk/cleaningoceanplastics/ros2_ws/src/install/services/share/ament_index/resource_index/parent_prefix_path/services
[12.491s] -- Installing: /home/johnk/cleaningoceanplastics/ros2_ws/src/install/services/share/services/environment/ament_prefix_path.sh
[12.491s] -- Installing: /home/johnk/cleaningoceanplastics/ros2_ws/src/install/services/share/services/environment/ament_prefix_path.dsv
[12.491s] -- Installing: /home/johnk/cleaningoceanplastics/ros2_ws/src/install/services/share/services/environment/path.sh
[12.491s] -- Installing: /home/johnk/cleaningoceanplastics/ros2_ws/src/install/services/share/services/environment/path.dsv
[12.492s] -- Installing: /home/johnk/cleaningoceanplastics/ros2_ws/src/install/services/share/services/local_setup.bash
[12.492s] -- Installing: /home/johnk/cleaningoceanplastics/ros2_ws/src/install/services/share/services/local_setup.sh
[12.492s] -- Installing: /home/johnk/cleaningoceanplastics/ros2_ws/src/install/services/share/services/local_setup.zsh
[12.492s] -- Installing: /home/johnk/cleaningoceanplastics/ros2_ws/src/install/services/share/services/local_setup.dsv
[12.492s] -- Installing: /home/johnk/cleaningoceanplastics/ros2_ws/src/install/services/share/services/package.dsv
[12.493s] -- Installing: /home/johnk/cleaningoceanplastics/ros2_ws/src/install/services/share/ament_index/resource_index/packages/services
[12.493s] -- Installing: /home/johnk/cleaningoceanplastics/ros2_ws/src/install/services/share/services/cmake/export_services__rosidl_generator_cExport.cmake
[12.493s] -- Installing: /home/johnk/cleaningoceanplastics/ros2_ws/src/install/services/share/services/cmake/export_services__rosidl_generator_cExport-noconfig.cmake
[12.494s] -- Installing: /home/johnk/cleaningoceanplastics/ros2_ws/src/install/services/share/services/cmake/export_services__rosidl_typesupport_fastrtps_cExport.cmake
[12.494s] -- Installing: /home/johnk/cleaningoceanplastics/ros2_ws/src/install/services/share/services/cmake/export_services__rosidl_typesupport_fastrtps_cExport-noconfig.cmake
[12.494s] -- Installing: /home/johnk/cleaningoceanplastics/ros2_ws/src/install/services/share/services/cmake/export_services__rosidl_generator_cppExport.cmake
[12.495s] -- Installing: /home/johnk/cleaningoceanplastics/ros2_ws/src/install/services/share/services/cmake/export_services__rosidl_typesupport_fastrtps_cppExport.cmake
[12.495s] -- Installing: /home/johnk/cleaningoceanplastics/ros2_ws/src/install/services/share/services/cmake/export_services__rosidl_typesupport_fastrtps_cppExport-noconfig.cmake
[12.495s] -- Installing: /home/johnk/cleaningoceanplastics/ros2_ws/src/install/services/share/services/cmake/services__rosidl_typesupport_introspection_cExport.cmake
[12.495s] -- Installing: /home/johnk/cleaningoceanplastics/ros2_ws/src/install/services/share/services/cmake/services__rosidl_typesupport_introspection_cExport-noconfig.cmake
[12.496s] -- Installing: /home/johnk/cleaningoceanplastics/ros2_ws/src/install/services/share/services/cmake/services__rosidl_typesupport_cExport.cmake
[12.496s] -- Installing: /home/johnk/cleaningoceanplastics/ros2_ws/src/install/services/share/services/cmake/services__rosidl_typesupport_cExport-noconfig.cmake
[12.496s] -- Installing: /home/johnk/cleaningoceanplastics/ros2_ws/src/install/services/share/services/cmake/services__rosidl_typesupport_introspection_cppExport.cmake
[12.496s] -- Installing: /home/johnk/cleaningoceanplastics/ros2_ws/src/install/services/share/services/cmake/services__rosidl_typesupport_introspection_cppExport-noconfig.cmake
[12.497s] -- Installing: /home/johnk/cleaningoceanplastics/ros2_ws/src/install/services/share/services/cmake/services__rosidl_typesupport_cppExport.cmake
[12.497s] -- Installing: /home/johnk/cleaningoceanplastics/ros2_ws/src/install/services/share/services/cmake/services__rosidl_typesupport_cppExport-noconfig.cmake
[12.497s] -- Installing: /home/johnk/cleaningoceanplastics/ros2_ws/src/install/services/share/services/cmake/export_services__rosidl_generator_pyExport.cmake
[12.498s] -- Installing: /home/johnk/cleaningoceanplastics/ros2_ws/src/install/services/share/services/cmake/export_services__rosidl_generator_pyExport-noconfig.cmake
[12.498s] -- Installing: /home/johnk/cleaningoceanplastics/ros2_ws/src/install/services/share/services/cmake/rosidl_cmake-extras.cmake
[12.498s] -- Installing: /home/johnk/cleaningoceanplastics/ros2_ws/src/install/services/share/services/cmake/ament_cmake_export_dependencies-extras.cmake
[12.498s] -- Installing: /home/johnk/cleaningoceanplastics/ros2_ws/src/install/services/share/services/cmake/ament_cmake_export_include_directories-extras.cmake
[12.498s] -- Installing: /home/johnk/cleaningoceanplastics/ros2_ws/src/install/services/share/services/cmake/ament_cmake_export_libraries-extras.cmake
[12.499s] -- Installing: /home/johnk/cleaningoceanplastics/ros2_ws/src/install/services/share/services/cmake/ament_cmake_export_targets-extras.cmake
[12.499s] -- Installing: /home/johnk/cleaningoceanplastics/ros2_ws/src/install/services/share/services/cmake/rosidl_cmake_export_typesupport_targets-extras.cmake
[12.499s] -- Installing: /home/johnk/cleaningoceanplastics/ros2_ws/src/install/services/share/services/cmake/rosidl_cmake_export_typesupport_libraries-extras.cmake
[12.499s] -- Installing: /home/johnk/cleaningoceanplastics/ros2_ws/src/install/services/share/services/cmake/servicesConfig.cmake
[12.500s] -- Installing: /home/johnk/cleaningoceanplastics/ros2_ws/src/install/services/share/services/cmake/servicesConfig-version.cmake
[12.500s] -- Installing: /home/johnk/cleaningoceanplastics/ros2_ws/src/install/services/share/services/package.xml
[12.504s] Invoked command in '/home/johnk/cleaningoceanplastics/ros2_ws/src/build/services' returned '0': CMAKE_PREFIX_PATH=${CMAKE_PREFIX_PATH}:/opt/ros/humble /usr/bin/cmake --install /home/johnk/cleaningoceanplastics/ros2_ws/src/build/services
