/home/johnk/cleaningoceanplastics/ros2_ws/src/install/navigation/lib/python3.10/site-packages/navigation/motor_controller.py
/home/johnk/cleaningoceanplastics/ros2_ws/src/install/navigation/lib/python3.10/site-packages/navigation/control.py
/home/johnk/cleaningoceanplastics/ros2_ws/src/install/navigation/lib/python3.10/site-packages/navigation/teleop.py
/home/johnk/cleaningoceanplastics/ros2_ws/src/install/navigation/lib/python3.10/site-packages/navigation/__init__.py
/home/johnk/cleaningoceanplastics/ros2_ws/src/install/navigation/lib/python3.10/site-packages/navigation/__pycache__/motor_controller.cpython-310.pyc
/home/johnk/cleaningoceanplastics/ros2_ws/src/install/navigation/lib/python3.10/site-packages/navigation/__pycache__/control.cpython-310.pyc
/home/johnk/cleaningoceanplastics/ros2_ws/src/install/navigation/lib/python3.10/site-packages/navigation/__pycache__/teleop.cpython-310.pyc
/home/johnk/cleaningoceanplastics/ros2_ws/src/install/navigation/lib/python3.10/site-packages/navigation/__pycache__/__init__.cpython-310.pyc
/home/johnk/cleaningoceanplastics/ros2_ws/src/install/navigation/share/ament_index/resource_index/packages/navigation
/home/johnk/cleaningoceanplastics/ros2_ws/src/install/navigation/share/navigation/package.xml
/home/johnk/cleaningoceanplastics/ros2_ws/src/install/navigation/share/navigation/launch/teleop_launch.py
/home/johnk/cleaningoceanplastics/ros2_ws/src/install/navigation/lib/python3.10/site-packages/navigation-0.0.0-py3.10.egg-info/requires.txt
/home/johnk/cleaningoceanplastics/ros2_ws/src/install/navigation/lib/python3.10/site-packages/navigation-0.0.0-py3.10.egg-info/SOURCES.txt
/home/johnk/cleaningoceanplastics/ros2_ws/src/install/navigation/lib/python3.10/site-packages/navigation-0.0.0-py3.10.egg-info/dependency_links.txt
/home/johnk/cleaningoceanplastics/ros2_ws/src/install/navigation/lib/python3.10/site-packages/navigation-0.0.0-py3.10.egg-info/zip-safe
/home/johnk/cleaningoceanplastics/ros2_ws/src/install/navigation/lib/python3.10/site-packages/navigation-0.0.0-py3.10.egg-info/PKG-INFO
/home/johnk/cleaningoceanplastics/ros2_ws/src/install/navigation/lib/python3.10/site-packages/navigation-0.0.0-py3.10.egg-info/entry_points.txt
/home/johnk/cleaningoceanplastics/ros2_ws/src/install/navigation/lib/python3.10/site-packages/navigation-0.0.0-py3.10.egg-info/top_level.txt
/home/johnk/cleaningoceanplastics/ros2_ws/src/install/navigation/lib/navigation/control
/home/johnk/cleaningoceanplastics/ros2_ws/src/install/navigation/lib/navigation/motor_control
/home/johnk/cleaningoceanplastics/ros2_ws/src/install/navigation/lib/navigation/teleop
