[1.529s] Invoking command in '/home/pi1/cleaningoceanplastics/ros2_ws/src/nmea_navsat_driver-ros2': DEBUGINFOD_URLS=https://debuginfod.ubuntu.com PYTHONPATH=/home/pi1/cleaningoceanplastics/ros2_ws/build/nmea_navsat_driver/prefix_override:/usr/lib/python3/dist-packages/colcon_core/task/python/colcon_distutils_commands:/home/pi1/cleaningoceanplastics/ros2_ws/install/nmea_navsat_driver/lib/python3.12/site-packages:${PYTHONPATH} /usr/bin/python3 -W ignore:setup.py install is deprecated setup.py egg_info --egg-base ../../build/nmea_navsat_driver build --build-base /home/pi1/cleaningoceanplastics/ros2_ws/build/nmea_navsat_driver/build install --record /home/pi1/cleaningoceanplastics/ros2_ws/build/nmea_navsat_driver/install.log --single-version-externally-managed install_data
[1.895s] running egg_info
[1.920s] writing ../../build/nmea_navsat_driver/nmea_navsat_driver.egg-info/PKG-INFO
[1.920s] writing dependency_links to ../../build/nmea_navsat_driver/nmea_navsat_driver.egg-info/dependency_links.txt
[1.920s] writing entry points to ../../build/nmea_navsat_driver/nmea_navsat_driver.egg-info/entry_points.txt
[1.920s] writing requirements to ../../build/nmea_navsat_driver/nmea_navsat_driver.egg-info/requires.txt
[1.921s] writing top-level names to ../../build/nmea_navsat_driver/nmea_navsat_driver.egg-info/top_level.txt
[1.971s] reading manifest file '../../build/nmea_navsat_driver/nmea_navsat_driver.egg-info/SOURCES.txt'
[1.972s] writing manifest file '../../build/nmea_navsat_driver/nmea_navsat_driver.egg-info/SOURCES.txt'
[1.972s] running build
[1.973s] running build_py
[1.974s] running install
[1.983s] running install_lib
[2.009s] running install_data
[2.009s] running install_egg_info
[2.036s] removing '/home/pi1/cleaningoceanplastics/ros2_ws/install/nmea_navsat_driver/lib/python3.12/site-packages/nmea_navsat_driver-2.0.1-py3.12.egg-info' (and everything under it)
[2.037s] Copying ../../build/nmea_navsat_driver/nmea_navsat_driver.egg-info to /home/pi1/cleaningoceanplastics/ros2_ws/install/nmea_navsat_driver/lib/python3.12/site-packages/nmea_navsat_driver-2.0.1-py3.12.egg-info
[2.038s] running install_scripts
[2.218s] Installing nmea_serial_driver script to /home/pi1/cleaningoceanplastics/ros2_ws/install/nmea_navsat_driver/lib/nmea_navsat_driver
[2.218s] Installing nmea_socket_driver script to /home/pi1/cleaningoceanplastics/ros2_ws/install/nmea_navsat_driver/lib/nmea_navsat_driver
[2.220s] Installing nmea_tcpclient_driver script to /home/pi1/cleaningoceanplastics/ros2_ws/install/nmea_navsat_driver/lib/nmea_navsat_driver
[2.220s] Installing nmea_topic_driver script to /home/pi1/cleaningoceanplastics/ros2_ws/install/nmea_navsat_driver/lib/nmea_navsat_driver
[2.221s] Installing nmea_topic_serial_reader script to /home/pi1/cleaningoceanplastics/ros2_ws/install/nmea_navsat_driver/lib/nmea_navsat_driver
[2.222s] writing list of installed files to '/home/pi1/cleaningoceanplastics/ros2_ws/build/nmea_navsat_driver/install.log'
[2.354s] Invoked command in '/home/pi1/cleaningoceanplastics/ros2_ws/src/nmea_navsat_driver-ros2' returned '0': DEBUGINFOD_URLS=https://debuginfod.ubuntu.com PYTHONPATH=/home/pi1/cleaningoceanplastics/ros2_ws/build/nmea_navsat_driver/prefix_override:/usr/lib/python3/dist-packages/colcon_core/task/python/colcon_distutils_commands:/home/pi1/cleaningoceanplastics/ros2_ws/install/nmea_navsat_driver/lib/python3.12/site-packages:${PYTHONPATH} /usr/bin/python3 -W ignore:setup.py install is deprecated setup.py egg_info --egg-base ../../build/nmea_navsat_driver build --build-base /home/pi1/cleaningoceanplastics/ros2_ws/build/nmea_navsat_driver/build install --record /home/pi1/cleaningoceanplastics/ros2_ws/build/nmea_navsat_driver/install.log --single-version-externally-managed install_data
