[4.064s] Invoking command in '/home/pi2/cleaningoceanplastics/ros2_ws/src/navigation': DEBUGINFOD_URLS=https://debuginfod.ubuntu.com PS1=\u@\h \[\033[32m\]\w\[\033[33m\]$(parse_git_branch)\[\033[00m\] $ PYTHONPATH=/home/pi2/cleaningoceanplastics/ros2_ws/src/build/navigation/prefix_override:/usr/lib/python3/dist-packages/colcon_core/task/python/colcon_distutils_commands:/home/pi2/cleaningoceanplastics/ros2_ws/src/install/navigation/lib/python3.12/site-packages:${PYTHONPATH} /usr/bin/python3 -W ignore:setup.py install is deprecated -W ignore:easy_install command is deprecated setup.py egg_info --egg-base ../build/navigation build --build-base /home/pi2/cleaningoceanplastics/ros2_ws/src/build/navigation/build install --record /home/pi2/cleaningoceanplastics/ros2_ws/src/build/navigation/install.log --single-version-externally-managed install_data
[4.866s] running egg_info
[4.870s] creating ../build/navigation/navigation.egg-info
[4.940s] writing ../build/navigation/navigation.egg-info/PKG-INFO
[4.942s] writing dependency_links to ../build/navigation/navigation.egg-info/dependency_links.txt
[4.942s] writing entry points to ../build/navigation/navigation.egg-info/entry_points.txt
[4.943s] writing requirements to ../build/navigation/navigation.egg-info/requires.txt
[4.943s] writing top-level names to ../build/navigation/navigation.egg-info/top_level.txt
[4.946s] writing manifest file '../build/navigation/navigation.egg-info/SOURCES.txt'
[5.060s] reading manifest file '../build/navigation/navigation.egg-info/SOURCES.txt'
[5.064s] writing manifest file '../build/navigation/navigation.egg-info/SOURCES.txt'
[5.066s] running build
[5.067s] running build_py
[5.067s] creating /home/pi2/cleaningoceanplastics/ros2_ws/src/build/navigation/build
[5.068s] creating /home/pi2/cleaningoceanplastics/ros2_ws/src/build/navigation/build/lib
[5.068s] creating /home/pi2/cleaningoceanplastics/ros2_ws/src/build/navigation/build/lib/navigation
[5.069s] copying navigation/__init__.py -> /home/pi2/cleaningoceanplastics/ros2_ws/src/build/navigation/build/lib/navigation
[5.069s] copying navigation/pid_debug.py -> /home/pi2/cleaningoceanplastics/ros2_ws/src/build/navigation/build/lib/navigation
[5.073s] copying navigation/motor_controller.py -> /home/pi2/cleaningoceanplastics/ros2_ws/src/build/navigation/build/lib/navigation
[5.083s] copying navigation/teleop.py -> /home/pi2/cleaningoceanplastics/ros2_ws/src/build/navigation/build/lib/navigation
[5.090s] running install
[5.108s] running install_lib
[5.158s] creating /home/pi2/cleaningoceanplastics/ros2_ws/src/install/navigation/lib/python3.12/site-packages/navigation
[5.159s] copying /home/pi2/cleaningoceanplastics/ros2_ws/src/build/navigation/build/lib/navigation/__init__.py -> /home/pi2/cleaningoceanplastics/ros2_ws/src/install/navigation/lib/python3.12/site-packages/navigation
[5.159s] copying /home/pi2/cleaningoceanplastics/ros2_ws/src/build/navigation/build/lib/navigation/pid_debug.py -> /home/pi2/cleaningoceanplastics/ros2_ws/src/install/navigation/lib/python3.12/site-packages/navigation
[5.161s] copying /home/pi2/cleaningoceanplastics/ros2_ws/src/build/navigation/build/lib/navigation/motor_controller.py -> /home/pi2/cleaningoceanplastics/ros2_ws/src/install/navigation/lib/python3.12/site-packages/navigation
[5.161s] copying /home/pi2/cleaningoceanplastics/ros2_ws/src/build/navigation/build/lib/navigation/teleop.py -> /home/pi2/cleaningoceanplastics/ros2_ws/src/install/navigation/lib/python3.12/site-packages/navigation
[5.163s] byte-compiling /home/pi2/cleaningoceanplastics/ros2_ws/src/install/navigation/lib/python3.12/site-packages/navigation/__init__.py to __init__.cpython-312.pyc
[5.163s] byte-compiling /home/pi2/cleaningoceanplastics/ros2_ws/src/install/navigation/lib/python3.12/site-packages/navigation/pid_debug.py to pid_debug.cpython-312.pyc
[5.163s] byte-compiling /home/pi2/cleaningoceanplastics/ros2_ws/src/install/navigation/lib/python3.12/site-packages/navigation/motor_controller.py to motor_controller.cpython-312.pyc
[5.165s] byte-compiling /home/pi2/cleaningoceanplastics/ros2_ws/src/install/navigation/lib/python3.12/site-packages/navigation/teleop.py to teleop.cpython-312.pyc
[5.167s] running install_data
[5.168s] creating /home/pi2/cleaningoceanplastics/ros2_ws/src/install/navigation/share/ament_index
[5.169s] creating /home/pi2/cleaningoceanplastics/ros2_ws/src/install/navigation/share/ament_index/resource_index
[5.169s] creating /home/pi2/cleaningoceanplastics/ros2_ws/src/install/navigation/share/ament_index/resource_index/packages
[5.169s] copying resource/navigation -> /home/pi2/cleaningoceanplastics/ros2_ws/src/install/navigation/share/ament_index/resource_index/packages
[5.169s] copying package.xml -> /home/pi2/cleaningoceanplastics/ros2_ws/src/install/navigation/share/navigation
[5.169s] creating /home/pi2/cleaningoceanplastics/ros2_ws/src/install/navigation/share/navigation/launch
[5.169s] copying launch/teleop_launch.py -> /home/pi2/cleaningoceanplastics/ros2_ws/src/install/navigation/share/navigation/launch
[5.171s] running install_egg_info
[5.223s] Copying ../build/navigation/navigation.egg-info to /home/pi2/cleaningoceanplastics/ros2_ws/src/install/navigation/lib/python3.12/site-packages/navigation-0.0.0-py3.12.egg-info
[5.225s] running install_scripts
[5.607s] Installing motor_control script to /home/pi2/cleaningoceanplastics/ros2_ws/src/install/navigation/lib/navigation
[5.607s] Installing pid_debug script to /home/pi2/cleaningoceanplastics/ros2_ws/src/install/navigation/lib/navigation
[5.609s] Installing teleop script to /home/pi2/cleaningoceanplastics/ros2_ws/src/install/navigation/lib/navigation
[5.609s] writing list of installed files to '/home/pi2/cleaningoceanplastics/ros2_ws/src/build/navigation/install.log'
[5.732s] Invoked command in '/home/pi2/cleaningoceanplastics/ros2_ws/src/navigation' returned '0': DEBUGINFOD_URLS=https://debuginfod.ubuntu.com PS1=\u@\h \[\033[32m\]\w\[\033[33m\]$(parse_git_branch)\[\033[00m\] $ PYTHONPATH=/home/pi2/cleaningoceanplastics/ros2_ws/src/build/navigation/prefix_override:/usr/lib/python3/dist-packages/colcon_core/task/python/colcon_distutils_commands:/home/pi2/cleaningoceanplastics/ros2_ws/src/install/navigation/lib/python3.12/site-packages:${PYTHONPATH} /usr/bin/python3 -W ignore:setup.py install is deprecated -W ignore:easy_install command is deprecated setup.py egg_info --egg-base ../build/navigation build --build-base /home/pi2/cleaningoceanplastics/ros2_ws/src/build/navigation/build install --record /home/pi2/cleaningoceanplastics/ros2_ws/src/build/navigation/install.log --single-version-externally-managed install_data
