[1.569s] Invoking command in '/home/pi1/cleaningoceanplastics/ros2_ws/src/nmea_navsat_driver-ros2': DEBUGINFOD_URLS=https://debuginfod.ubuntu.com PYTHONPATH=/home/pi1/cleaningoceanplastics/ros2_ws/build/nmea_navsat_driver/prefix_override:/usr/lib/python3/dist-packages/colcon_core/task/python/colcon_distutils_commands:/home/pi1/cleaningoceanplastics/ros2_ws/install/nmea_navsat_driver/lib/python3.12/site-packages:${PYTHONPATH} /usr/bin/python3 -W ignore:setup.py install is deprecated setup.py egg_info --egg-base ../../build/nmea_navsat_driver build --build-base /home/pi1/cleaningoceanplastics/ros2_ws/build/nmea_navsat_driver/build install --record /home/pi1/cleaningoceanplastics/ros2_ws/build/nmea_navsat_driver/install.log --single-version-externally-managed install_data
[1.937s] running egg_info
[1.962s] writing ../../build/nmea_navsat_driver/nmea_navsat_driver.egg-info/PKG-INFO
[1.962s] writing dependency_links to ../../build/nmea_navsat_driver/nmea_navsat_driver.egg-info/dependency_links.txt
[1.963s] writing entry points to ../../build/nmea_navsat_driver/nmea_navsat_driver.egg-info/entry_points.txt
[1.964s] writing requirements to ../../build/nmea_navsat_driver/nmea_navsat_driver.egg-info/requires.txt
[1.964s] writing top-level names to ../../build/nmea_navsat_driver/nmea_navsat_driver.egg-info/top_level.txt
[2.015s] reading manifest file '../../build/nmea_navsat_driver/nmea_navsat_driver.egg-info/SOURCES.txt'
[2.017s] writing manifest file '../../build/nmea_navsat_driver/nmea_navsat_driver.egg-info/SOURCES.txt'
[2.017s] running build
[2.017s] running build_py
[2.018s] running install
[2.027s] running install_lib
[2.054s] running install_data
[2.054s] running install_egg_info
[2.081s] removing '/home/pi1/cleaningoceanplastics/ros2_ws/install/nmea_navsat_driver/lib/python3.12/site-packages/nmea_navsat_driver-2.0.1-py3.12.egg-info' (and everything under it)
[2.081s] Copying ../../build/nmea_navsat_driver/nmea_navsat_driver.egg-info to /home/pi1/cleaningoceanplastics/ros2_ws/install/nmea_navsat_driver/lib/python3.12/site-packages/nmea_navsat_driver-2.0.1-py3.12.egg-info
[2.083s] running install_scripts
[2.261s] Installing nmea_serial_driver script to /home/pi1/cleaningoceanplastics/ros2_ws/install/nmea_navsat_driver/lib/nmea_navsat_driver
[2.261s] Installing nmea_socket_driver script to /home/pi1/cleaningoceanplastics/ros2_ws/install/nmea_navsat_driver/lib/nmea_navsat_driver
[2.262s] Installing nmea_tcpclient_driver script to /home/pi1/cleaningoceanplastics/ros2_ws/install/nmea_navsat_driver/lib/nmea_navsat_driver
[2.262s] Installing nmea_topic_driver script to /home/pi1/cleaningoceanplastics/ros2_ws/install/nmea_navsat_driver/lib/nmea_navsat_driver
[2.263s] Installing nmea_topic_serial_reader script to /home/pi1/cleaningoceanplastics/ros2_ws/install/nmea_navsat_driver/lib/nmea_navsat_driver
[2.264s] writing list of installed files to '/home/pi1/cleaningoceanplastics/ros2_ws/build/nmea_navsat_driver/install.log'
[2.373s] Invoked command in '/home/pi1/cleaningoceanplastics/ros2_ws/src/nmea_navsat_driver-ros2' returned '0': DEBUGINFOD_URLS=https://debuginfod.ubuntu.com PYTHONPATH=/home/pi1/cleaningoceanplastics/ros2_ws/build/nmea_navsat_driver/prefix_override:/usr/lib/python3/dist-packages/colcon_core/task/python/colcon_distutils_commands:/home/pi1/cleaningoceanplastics/ros2_ws/install/nmea_navsat_driver/lib/python3.12/site-packages:${PYTHONPATH} /usr/bin/python3 -W ignore:setup.py install is deprecated setup.py egg_info --egg-base ../../build/nmea_navsat_driver build --build-base /home/pi1/cleaningoceanplastics/ros2_ws/build/nmea_navsat_driver/build install --record /home/pi1/cleaningoceanplastics/ros2_ws/build/nmea_navsat_driver/install.log --single-version-externally-managed install_data
