[1.992s] Invoking command in '/home/pi2/cleaningoceanplastics/ros2_ws/src/nmea_navsat_driver-ros2': DEBUGINFOD_URLS=https://debuginfod.ubuntu.com PYTHONPATH=/home/pi2/cleaningoceanplastics/ros2_ws/build/nmea_navsat_driver/prefix_override:/usr/lib/python3/dist-packages/colcon_core/task/python/colcon_distutils_commands:/home/pi2/cleaningoceanplastics/ros2_ws/install/nmea_navsat_driver/lib/python3.12/site-packages:${PYTHONPATH} /usr/bin/python3 -W ignore:setup.py install is deprecated setup.py egg_info --egg-base ../../build/nmea_navsat_driver build --build-base /home/pi2/cleaningoceanplastics/ros2_ws/build/nmea_navsat_driver/build install --record /home/pi2/cleaningoceanplastics/ros2_ws/build/nmea_navsat_driver/install.log --single-version-externally-managed install_data
[2.380s] running egg_info
[2.380s] creating ../../build/nmea_navsat_driver/nmea_navsat_driver.egg-info
[2.403s] writing ../../build/nmea_navsat_driver/nmea_navsat_driver.egg-info/PKG-INFO
[2.404s] writing dependency_links to ../../build/nmea_navsat_driver/nmea_navsat_driver.egg-info/dependency_links.txt
[2.404s] writing entry points to ../../build/nmea_navsat_driver/nmea_navsat_driver.egg-info/entry_points.txt
[2.404s] writing requirements to ../../build/nmea_navsat_driver/nmea_navsat_driver.egg-info/requires.txt
[2.404s] writing top-level names to ../../build/nmea_navsat_driver/nmea_navsat_driver.egg-info/top_level.txt
[2.404s] writing manifest file '../../build/nmea_navsat_driver/nmea_navsat_driver.egg-info/SOURCES.txt'
[2.452s] reading manifest file '../../build/nmea_navsat_driver/nmea_navsat_driver.egg-info/SOURCES.txt'
[2.453s] writing manifest file '../../build/nmea_navsat_driver/nmea_navsat_driver.egg-info/SOURCES.txt'
[2.454s] running build
[2.454s] running build_py
[2.454s] creating /home/pi2/cleaningoceanplastics/ros2_ws/build/nmea_navsat_driver/build
[2.454s] creating /home/pi2/cleaningoceanplastics/ros2_ws/build/nmea_navsat_driver/build/lib
[2.454s] creating /home/pi2/cleaningoceanplastics/ros2_ws/build/nmea_navsat_driver/build/lib/libnmea_navsat_driver
[2.454s] copying src/libnmea_navsat_driver/__init__.py -> /home/pi2/cleaningoceanplastics/ros2_ws/build/nmea_navsat_driver/build/lib/libnmea_navsat_driver
[2.455s] copying src/libnmea_navsat_driver/driver.py -> /home/pi2/cleaningoceanplastics/ros2_ws/build/nmea_navsat_driver/build/lib/libnmea_navsat_driver
[2.455s] copying src/libnmea_navsat_driver/parser.py -> /home/pi2/cleaningoceanplastics/ros2_ws/build/nmea_navsat_driver/build/lib/libnmea_navsat_driver
[2.455s] copying src/libnmea_navsat_driver/checksum_utils.py -> /home/pi2/cleaningoceanplastics/ros2_ws/build/nmea_navsat_driver/build/lib/libnmea_navsat_driver
[2.455s] creating /home/pi2/cleaningoceanplastics/ros2_ws/build/nmea_navsat_driver/build/lib/libnmea_navsat_driver/nodes
[2.455s] copying src/libnmea_navsat_driver/nodes/__init__.py -> /home/pi2/cleaningoceanplastics/ros2_ws/build/nmea_navsat_driver/build/lib/libnmea_navsat_driver/nodes
[2.456s] copying src/libnmea_navsat_driver/nodes/nmea_socket_driver.py -> /home/pi2/cleaningoceanplastics/ros2_ws/build/nmea_navsat_driver/build/lib/libnmea_navsat_driver/nodes
[2.456s] copying src/libnmea_navsat_driver/nodes/nmea_serial_driver.py -> /home/pi2/cleaningoceanplastics/ros2_ws/build/nmea_navsat_driver/build/lib/libnmea_navsat_driver/nodes
[2.456s] copying src/libnmea_navsat_driver/nodes/nmea_topic_driver.py -> /home/pi2/cleaningoceanplastics/ros2_ws/build/nmea_navsat_driver/build/lib/libnmea_navsat_driver/nodes
[2.456s] copying src/libnmea_navsat_driver/nodes/nmea_topic_serial_reader.py -> /home/pi2/cleaningoceanplastics/ros2_ws/build/nmea_navsat_driver/build/lib/libnmea_navsat_driver/nodes
[2.456s] copying src/libnmea_navsat_driver/nodes/nmea_tcpclient_driver.py -> /home/pi2/cleaningoceanplastics/ros2_ws/build/nmea_navsat_driver/build/lib/libnmea_navsat_driver/nodes
[2.457s] running install
[2.466s] running install_lib
[2.490s] creating /home/pi2/cleaningoceanplastics/ros2_ws/install/nmea_navsat_driver/lib/python3.12/site-packages/libnmea_navsat_driver
[2.490s] copying /home/pi2/cleaningoceanplastics/ros2_ws/build/nmea_navsat_driver/build/lib/libnmea_navsat_driver/__init__.py -> /home/pi2/cleaningoceanplastics/ros2_ws/install/nmea_navsat_driver/lib/python3.12/site-packages/libnmea_navsat_driver
[2.490s] creating /home/pi2/cleaningoceanplastics/ros2_ws/install/nmea_navsat_driver/lib/python3.12/site-packages/libnmea_navsat_driver/nodes
[2.490s] copying /home/pi2/cleaningoceanplastics/ros2_ws/build/nmea_navsat_driver/build/lib/libnmea_navsat_driver/nodes/__init__.py -> /home/pi2/cleaningoceanplastics/ros2_ws/install/nmea_navsat_driver/lib/python3.12/site-packages/libnmea_navsat_driver/nodes
[2.491s] copying /home/pi2/cleaningoceanplastics/ros2_ws/build/nmea_navsat_driver/build/lib/libnmea_navsat_driver/nodes/nmea_socket_driver.py -> /home/pi2/cleaningoceanplastics/ros2_ws/install/nmea_navsat_driver/lib/python3.12/site-packages/libnmea_navsat_driver/nodes
[2.491s] copying /home/pi2/cleaningoceanplastics/ros2_ws/build/nmea_navsat_driver/build/lib/libnmea_navsat_driver/nodes/nmea_serial_driver.py -> /home/pi2/cleaningoceanplastics/ros2_ws/install/nmea_navsat_driver/lib/python3.12/site-packages/libnmea_navsat_driver/nodes
[2.491s] copying /home/pi2/cleaningoceanplastics/ros2_ws/build/nmea_navsat_driver/build/lib/libnmea_navsat_driver/nodes/nmea_topic_driver.py -> /home/pi2/cleaningoceanplastics/ros2_ws/install/nmea_navsat_driver/lib/python3.12/site-packages/libnmea_navsat_driver/nodes
[2.491s] copying /home/pi2/cleaningoceanplastics/ros2_ws/build/nmea_navsat_driver/build/lib/libnmea_navsat_driver/nodes/nmea_topic_serial_reader.py -> /home/pi2/cleaningoceanplastics/ros2_ws/install/nmea_navsat_driver/lib/python3.12/site-packages/libnmea_navsat_driver/nodes
[2.491s] copying /home/pi2/cleaningoceanplastics/ros2_ws/build/nmea_navsat_driver/build/lib/libnmea_navsat_driver/nodes/nmea_tcpclient_driver.py -> /home/pi2/cleaningoceanplastics/ros2_ws/install/nmea_navsat_driver/lib/python3.12/site-packages/libnmea_navsat_driver/nodes
[2.491s] copying /home/pi2/cleaningoceanplastics/ros2_ws/build/nmea_navsat_driver/build/lib/libnmea_navsat_driver/driver.py -> /home/pi2/cleaningoceanplastics/ros2_ws/install/nmea_navsat_driver/lib/python3.12/site-packages/libnmea_navsat_driver
[2.491s] copying /home/pi2/cleaningoceanplastics/ros2_ws/build/nmea_navsat_driver/build/lib/libnmea_navsat_driver/parser.py -> /home/pi2/cleaningoceanplastics/ros2_ws/install/nmea_navsat_driver/lib/python3.12/site-packages/libnmea_navsat_driver
[2.492s] copying /home/pi2/cleaningoceanplastics/ros2_ws/build/nmea_navsat_driver/build/lib/libnmea_navsat_driver/checksum_utils.py -> /home/pi2/cleaningoceanplastics/ros2_ws/install/nmea_navsat_driver/lib/python3.12/site-packages/libnmea_navsat_driver
[2.492s] byte-compiling /home/pi2/cleaningoceanplastics/ros2_ws/install/nmea_navsat_driver/lib/python3.12/site-packages/libnmea_navsat_driver/__init__.py to __init__.cpython-312.pyc
[2.493s] byte-compiling /home/pi2/cleaningoceanplastics/ros2_ws/install/nmea_navsat_driver/lib/python3.12/site-packages/libnmea_navsat_driver/nodes/__init__.py to __init__.cpython-312.pyc
[2.493s] byte-compiling /home/pi2/cleaningoceanplastics/ros2_ws/install/nmea_navsat_driver/lib/python3.12/site-packages/libnmea_navsat_driver/nodes/nmea_socket_driver.py to nmea_socket_driver.cpython-312.pyc
[2.494s] byte-compiling /home/pi2/cleaningoceanplastics/ros2_ws/install/nmea_navsat_driver/lib/python3.12/site-packages/libnmea_navsat_driver/nodes/nmea_serial_driver.py to nmea_serial_driver.cpython-312.pyc
[2.495s] byte-compiling /home/pi2/cleaningoceanplastics/ros2_ws/install/nmea_navsat_driver/lib/python3.12/site-packages/libnmea_navsat_driver/nodes/nmea_topic_driver.py to nmea_topic_driver.cpython-312.pyc
[2.495s] byte-compiling /home/pi2/cleaningoceanplastics/ros2_ws/install/nmea_navsat_driver/lib/python3.12/site-packages/libnmea_navsat_driver/nodes/nmea_topic_serial_reader.py to nmea_topic_serial_reader.cpython-312.pyc
[2.496s] byte-compiling /home/pi2/cleaningoceanplastics/ros2_ws/install/nmea_navsat_driver/lib/python3.12/site-packages/libnmea_navsat_driver/nodes/nmea_tcpclient_driver.py to nmea_tcpclient_driver.cpython-312.pyc
[2.497s] byte-compiling /home/pi2/cleaningoceanplastics/ros2_ws/install/nmea_navsat_driver/lib/python3.12/site-packages/libnmea_navsat_driver/driver.py to driver.cpython-312.pyc
[2.499s] byte-compiling /home/pi2/cleaningoceanplastics/ros2_ws/install/nmea_navsat_driver/lib/python3.12/site-packages/libnmea_navsat_driver/parser.py to parser.cpython-312.pyc
[2.501s] byte-compiling /home/pi2/cleaningoceanplastics/ros2_ws/install/nmea_navsat_driver/lib/python3.12/site-packages/libnmea_navsat_driver/checksum_utils.py to checksum_utils.cpython-312.pyc
[2.502s] running install_data
[2.502s] creating /home/pi2/cleaningoceanplastics/ros2_ws/install/nmea_navsat_driver/share/ament_index
[2.502s] creating /home/pi2/cleaningoceanplastics/ros2_ws/install/nmea_navsat_driver/share/ament_index/resource_index
[2.502s] creating /home/pi2/cleaningoceanplastics/ros2_ws/install/nmea_navsat_driver/share/ament_index/resource_index/packages
[2.502s] copying resource/nmea_navsat_driver -> /home/pi2/cleaningoceanplastics/ros2_ws/install/nmea_navsat_driver/share/ament_index/resource_index/packages
[2.502s] copying package.xml -> /home/pi2/cleaningoceanplastics/ros2_ws/install/nmea_navsat_driver/share/nmea_navsat_driver
[2.503s] creating /home/pi2/cleaningoceanplastics/ros2_ws/install/nmea_navsat_driver/share/nmea_navsat_driver/launch
[2.503s] copying launch/nmea_serial_driver.launch.py -> /home/pi2/cleaningoceanplastics/ros2_ws/install/nmea_navsat_driver/share/nmea_navsat_driver/launch
[2.503s] copying launch/nmea_tcpclient_driver.launch.py -> /home/pi2/cleaningoceanplastics/ros2_ws/install/nmea_navsat_driver/share/nmea_navsat_driver/launch
[2.503s] copying launch/nmea_socket_driver.launch.py -> /home/pi2/cleaningoceanplastics/ros2_ws/install/nmea_navsat_driver/share/nmea_navsat_driver/launch
[2.503s] creating /home/pi2/cleaningoceanplastics/ros2_ws/install/nmea_navsat_driver/share/nmea_navsat_driver/config
[2.503s] copying config/nmea_socket_driver.yaml -> /home/pi2/cleaningoceanplastics/ros2_ws/install/nmea_navsat_driver/share/nmea_navsat_driver/config
[2.503s] copying config/nmea_tcpclient_driver.yaml -> /home/pi2/cleaningoceanplastics/ros2_ws/install/nmea_navsat_driver/share/nmea_navsat_driver/config
[2.503s] copying config/nmea_serial_driver.yaml -> /home/pi2/cleaningoceanplastics/ros2_ws/install/nmea_navsat_driver/share/nmea_navsat_driver/config
[2.504s] running install_egg_info
[2.530s] Copying ../../build/nmea_navsat_driver/nmea_navsat_driver.egg-info to /home/pi2/cleaningoceanplastics/ros2_ws/install/nmea_navsat_driver/lib/python3.12/site-packages/nmea_navsat_driver-2.0.1-py3.12.egg-info
[2.531s] running install_scripts
[2.705s] Installing nmea_serial_driver script to /home/pi2/cleaningoceanplastics/ros2_ws/install/nmea_navsat_driver/lib/nmea_navsat_driver
[2.706s] Installing nmea_socket_driver script to /home/pi2/cleaningoceanplastics/ros2_ws/install/nmea_navsat_driver/lib/nmea_navsat_driver
[2.706s] Installing nmea_tcpclient_driver script to /home/pi2/cleaningoceanplastics/ros2_ws/install/nmea_navsat_driver/lib/nmea_navsat_driver
[2.706s] Installing nmea_topic_driver script to /home/pi2/cleaningoceanplastics/ros2_ws/install/nmea_navsat_driver/lib/nmea_navsat_driver
[2.707s] Installing nmea_topic_serial_reader script to /home/pi2/cleaningoceanplastics/ros2_ws/install/nmea_navsat_driver/lib/nmea_navsat_driver
[2.707s] writing list of installed files to '/home/pi2/cleaningoceanplastics/ros2_ws/build/nmea_navsat_driver/install.log'
[2.832s] Invoked command in '/home/pi2/cleaningoceanplastics/ros2_ws/src/nmea_navsat_driver-ros2' returned '0': DEBUGINFOD_URLS=https://debuginfod.ubuntu.com PYTHONPATH=/home/pi2/cleaningoceanplastics/ros2_ws/build/nmea_navsat_driver/prefix_override:/usr/lib/python3/dist-packages/colcon_core/task/python/colcon_distutils_commands:/home/pi2/cleaningoceanplastics/ros2_ws/install/nmea_navsat_driver/lib/python3.12/site-packages:${PYTHONPATH} /usr/bin/python3 -W ignore:setup.py install is deprecated setup.py egg_info --egg-base ../../build/nmea_navsat_driver build --build-base /home/pi2/cleaningoceanplastics/ros2_ws/build/nmea_navsat_driver/build install --record /home/pi2/cleaningoceanplastics/ros2_ws/build/nmea_navsat_driver/install.log --single-version-externally-managed install_data
