[3.193s] Invoking command in '/home/johnk/cleaningoceanplastics/ros2_ws/src/nmea_navsat_driver-ros2': PYTHONPATH=/home/johnk/cleaningoceanplastics/ros2_ws/src/build/nmea_navsat_driver/prefix_override:/usr/lib/python3/dist-packages/colcon_core/task/python/colcon_distutils_commands:/home/johnk/cleaningoceanplastics/ros2_ws/src/install/nmea_navsat_driver/lib/python3.10/site-packages:${PYTHONPATH} /usr/bin/python3 -W ignore:setup.py install is deprecated setup.py egg_info --egg-base ../build/nmea_navsat_driver build --build-base /home/johnk/cleaningoceanplastics/ros2_ws/src/build/nmea_navsat_driver/build install --record /home/johnk/cleaningoceanplastics/ros2_ws/src/build/nmea_navsat_driver/install.log --single-version-externally-managed install_data
[4.022s] running egg_info
[4.024s] creating ../build/nmea_navsat_driver/nmea_navsat_driver.egg-info
[4.080s] writing ../build/nmea_navsat_driver/nmea_navsat_driver.egg-info/PKG-INFO
[4.082s] writing dependency_links to ../build/nmea_navsat_driver/nmea_navsat_driver.egg-info/dependency_links.txt
[4.082s] writing entry points to ../build/nmea_navsat_driver/nmea_navsat_driver.egg-info/entry_points.txt
[4.084s] writing requirements to ../build/nmea_navsat_driver/nmea_navsat_driver.egg-info/requires.txt
[4.084s] writing top-level names to ../build/nmea_navsat_driver/nmea_navsat_driver.egg-info/top_level.txt
[4.084s] writing manifest file '../build/nmea_navsat_driver/nmea_navsat_driver.egg-info/SOURCES.txt'
[4.196s] reading manifest file '../build/nmea_navsat_driver/nmea_navsat_driver.egg-info/SOURCES.txt'
[4.200s] writing manifest file '../build/nmea_navsat_driver/nmea_navsat_driver.egg-info/SOURCES.txt'
[4.200s] running build
[4.200s] running build_py
[4.202s] creating /home/johnk/cleaningoceanplastics/ros2_ws/src/build/nmea_navsat_driver/build/lib/libnmea_navsat_driver
[4.202s] copying src/libnmea_navsat_driver/driver_service.py -> /home/johnk/cleaningoceanplastics/ros2_ws/src/build/nmea_navsat_driver/build/lib/libnmea_navsat_driver
[4.202s] copying src/libnmea_navsat_driver/checksum_utils.py -> /home/johnk/cleaningoceanplastics/ros2_ws/src/build/nmea_navsat_driver/build/lib/libnmea_navsat_driver
[4.206s] copying src/libnmea_navsat_driver/parser.py -> /home/johnk/cleaningoceanplastics/ros2_ws/src/build/nmea_navsat_driver/build/lib/libnmea_navsat_driver
[4.207s] copying src/libnmea_navsat_driver/__init__.py -> /home/johnk/cleaningoceanplastics/ros2_ws/src/build/nmea_navsat_driver/build/lib/libnmea_navsat_driver
[4.207s] copying src/libnmea_navsat_driver/driver.py -> /home/johnk/cleaningoceanplastics/ros2_ws/src/build/nmea_navsat_driver/build/lib/libnmea_navsat_driver
[4.208s] creating /home/johnk/cleaningoceanplastics/ros2_ws/src/build/nmea_navsat_driver/build/lib/libnmea_navsat_driver/nodes
[4.208s] copying src/libnmea_navsat_driver/nodes/nmea_topic_driver.py -> /home/johnk/cleaningoceanplastics/ros2_ws/src/build/nmea_navsat_driver/build/lib/libnmea_navsat_driver/nodes
[4.208s] copying src/libnmea_navsat_driver/nodes/nmea_serial_driver.py -> /home/johnk/cleaningoceanplastics/ros2_ws/src/build/nmea_navsat_driver/build/lib/libnmea_navsat_driver/nodes
[4.212s] copying src/libnmea_navsat_driver/nodes/nmea_socket_driver.py -> /home/johnk/cleaningoceanplastics/ros2_ws/src/build/nmea_navsat_driver/build/lib/libnmea_navsat_driver/nodes
[4.212s] copying src/libnmea_navsat_driver/nodes/__init__.py -> /home/johnk/cleaningoceanplastics/ros2_ws/src/build/nmea_navsat_driver/build/lib/libnmea_navsat_driver/nodes
[4.213s] copying src/libnmea_navsat_driver/nodes/nmea_tcpclient_driver.py -> /home/johnk/cleaningoceanplastics/ros2_ws/src/build/nmea_navsat_driver/build/lib/libnmea_navsat_driver/nodes
[4.213s] copying src/libnmea_navsat_driver/nodes/nmea_topic_serial_reader.py -> /home/johnk/cleaningoceanplastics/ros2_ws/src/build/nmea_navsat_driver/build/lib/libnmea_navsat_driver/nodes
[4.214s] running install
[4.226s] running install_lib
[4.282s] creating /home/johnk/cleaningoceanplastics/ros2_ws/src/install/nmea_navsat_driver/lib/python3.10/site-packages/libnmea_navsat_driver
[4.282s] creating /home/johnk/cleaningoceanplastics/ros2_ws/src/install/nmea_navsat_driver/lib/python3.10/site-packages/libnmea_navsat_driver/nodes
[4.284s] copying /home/johnk/cleaningoceanplastics/ros2_ws/src/build/nmea_navsat_driver/build/lib/libnmea_navsat_driver/nodes/nmea_topic_driver.py -> /home/johnk/cleaningoceanplastics/ros2_ws/src/install/nmea_navsat_driver/lib/python3.10/site-packages/libnmea_navsat_driver/nodes
[4.284s] copying /home/johnk/cleaningoceanplastics/ros2_ws/src/build/nmea_navsat_driver/build/lib/libnmea_navsat_driver/nodes/nmea_serial_driver.py -> /home/johnk/cleaningoceanplastics/ros2_ws/src/install/nmea_navsat_driver/lib/python3.10/site-packages/libnmea_navsat_driver/nodes
[4.285s] copying /home/johnk/cleaningoceanplastics/ros2_ws/src/build/nmea_navsat_driver/build/lib/libnmea_navsat_driver/nodes/nmea_socket_driver.py -> /home/johnk/cleaningoceanplastics/ros2_ws/src/install/nmea_navsat_driver/lib/python3.10/site-packages/libnmea_navsat_driver/nodes
[4.286s] copying /home/johnk/cleaningoceanplastics/ros2_ws/src/build/nmea_navsat_driver/build/lib/libnmea_navsat_driver/nodes/__init__.py -> /home/johnk/cleaningoceanplastics/ros2_ws/src/install/nmea_navsat_driver/lib/python3.10/site-packages/libnmea_navsat_driver/nodes
[4.286s] copying /home/johnk/cleaningoceanplastics/ros2_ws/src/build/nmea_navsat_driver/build/lib/libnmea_navsat_driver/nodes/nmea_tcpclient_driver.py -> /home/johnk/cleaningoceanplastics/ros2_ws/src/install/nmea_navsat_driver/lib/python3.10/site-packages/libnmea_navsat_driver/nodes
[4.286s] copying /home/johnk/cleaningoceanplastics/ros2_ws/src/build/nmea_navsat_driver/build/lib/libnmea_navsat_driver/nodes/nmea_topic_serial_reader.py -> /home/johnk/cleaningoceanplastics/ros2_ws/src/install/nmea_navsat_driver/lib/python3.10/site-packages/libnmea_navsat_driver/nodes
[4.287s] copying /home/johnk/cleaningoceanplastics/ros2_ws/src/build/nmea_navsat_driver/build/lib/libnmea_navsat_driver/driver_service.py -> /home/johnk/cleaningoceanplastics/ros2_ws/src/install/nmea_navsat_driver/lib/python3.10/site-packages/libnmea_navsat_driver
[4.289s] copying /home/johnk/cleaningoceanplastics/ros2_ws/src/build/nmea_navsat_driver/build/lib/libnmea_navsat_driver/checksum_utils.py -> /home/johnk/cleaningoceanplastics/ros2_ws/src/install/nmea_navsat_driver/lib/python3.10/site-packages/libnmea_navsat_driver
[4.289s] copying /home/johnk/cleaningoceanplastics/ros2_ws/src/build/nmea_navsat_driver/build/lib/libnmea_navsat_driver/parser.py -> /home/johnk/cleaningoceanplastics/ros2_ws/src/install/nmea_navsat_driver/lib/python3.10/site-packages/libnmea_navsat_driver
[4.289s] copying /home/johnk/cleaningoceanplastics/ros2_ws/src/build/nmea_navsat_driver/build/lib/libnmea_navsat_driver/__init__.py -> /home/johnk/cleaningoceanplastics/ros2_ws/src/install/nmea_navsat_driver/lib/python3.10/site-packages/libnmea_navsat_driver
[4.289s] copying /home/johnk/cleaningoceanplastics/ros2_ws/src/build/nmea_navsat_driver/build/lib/libnmea_navsat_driver/driver.py -> /home/johnk/cleaningoceanplastics/ros2_ws/src/install/nmea_navsat_driver/lib/python3.10/site-packages/libnmea_navsat_driver
[4.293s] byte-compiling /home/johnk/cleaningoceanplastics/ros2_ws/src/install/nmea_navsat_driver/lib/python3.10/site-packages/libnmea_navsat_driver/nodes/nmea_topic_driver.py to nmea_topic_driver.cpython-310.pyc
[4.293s] byte-compiling /home/johnk/cleaningoceanplastics/ros2_ws/src/install/nmea_navsat_driver/lib/python3.10/site-packages/libnmea_navsat_driver/nodes/nmea_serial_driver.py to nmea_serial_driver.cpython-310.pyc
[4.294s] byte-compiling /home/johnk/cleaningoceanplastics/ros2_ws/src/install/nmea_navsat_driver/lib/python3.10/site-packages/libnmea_navsat_driver/nodes/nmea_socket_driver.py to nmea_socket_driver.cpython-310.pyc
[4.295s] byte-compiling /home/johnk/cleaningoceanplastics/ros2_ws/src/install/nmea_navsat_driver/lib/python3.10/site-packages/libnmea_navsat_driver/nodes/__init__.py to __init__.cpython-310.pyc
[4.299s] byte-compiling /home/johnk/cleaningoceanplastics/ros2_ws/src/install/nmea_navsat_driver/lib/python3.10/site-packages/libnmea_navsat_driver/nodes/nmea_tcpclient_driver.py to nmea_tcpclient_driver.cpython-310.pyc
[4.299s] byte-compiling /home/johnk/cleaningoceanplastics/ros2_ws/src/install/nmea_navsat_driver/lib/python3.10/site-packages/libnmea_navsat_driver/nodes/nmea_topic_serial_reader.py to nmea_topic_serial_reader.cpython-310.pyc
[4.299s] byte-compiling /home/johnk/cleaningoceanplastics/ros2_ws/src/install/nmea_navsat_driver/lib/python3.10/site-packages/libnmea_navsat_driver/driver_service.py to driver_service.cpython-310.pyc
[4.301s] byte-compiling /home/johnk/cleaningoceanplastics/ros2_ws/src/install/nmea_navsat_driver/lib/python3.10/site-packages/libnmea_navsat_driver/checksum_utils.py to checksum_utils.cpython-310.pyc
[4.301s] byte-compiling /home/johnk/cleaningoceanplastics/ros2_ws/src/install/nmea_navsat_driver/lib/python3.10/site-packages/libnmea_navsat_driver/parser.py to parser.cpython-310.pyc
[4.303s] byte-compiling /home/johnk/cleaningoceanplastics/ros2_ws/src/install/nmea_navsat_driver/lib/python3.10/site-packages/libnmea_navsat_driver/__init__.py to __init__.cpython-310.pyc
[4.307s] byte-compiling /home/johnk/cleaningoceanplastics/ros2_ws/src/install/nmea_navsat_driver/lib/python3.10/site-packages/libnmea_navsat_driver/driver.py to driver.cpython-310.pyc
[4.308s] running install_data
[4.308s] creating /home/johnk/cleaningoceanplastics/ros2_ws/src/install/nmea_navsat_driver/share/ament_index/resource_index/packages
[4.312s] copying resource/nmea_navsat_driver -> /home/johnk/cleaningoceanplastics/ros2_ws/src/install/nmea_navsat_driver/share/ament_index/resource_index/packages
[4.317s] copying package.xml -> /home/johnk/cleaningoceanplastics/ros2_ws/src/install/nmea_navsat_driver/share/nmea_navsat_driver
[4.317s] creating /home/johnk/cleaningoceanplastics/ros2_ws/src/install/nmea_navsat_driver/share/nmea_navsat_driver/launch
[4.317s] copying launch/nmea_socket_driver.launch.py -> /home/johnk/cleaningoceanplastics/ros2_ws/src/install/nmea_navsat_driver/share/nmea_navsat_driver/launch
[4.317s] copying launch/nmea_serial_driver.launch.py -> /home/johnk/cleaningoceanplastics/ros2_ws/src/install/nmea_navsat_driver/share/nmea_navsat_driver/launch
[4.317s] copying launch/nmea_tcpclient_driver.launch.py -> /home/johnk/cleaningoceanplastics/ros2_ws/src/install/nmea_navsat_driver/share/nmea_navsat_driver/launch
[4.318s] creating /home/johnk/cleaningoceanplastics/ros2_ws/src/install/nmea_navsat_driver/share/nmea_navsat_driver/config
[4.318s] copying config/nmea_socket_driver.yaml -> /home/johnk/cleaningoceanplastics/ros2_ws/src/install/nmea_navsat_driver/share/nmea_navsat_driver/config
[4.318s] copying config/nmea_serial_driver.yaml -> /home/johnk/cleaningoceanplastics/ros2_ws/src/install/nmea_navsat_driver/share/nmea_navsat_driver/config
[4.319s] copying config/nmea_tcpclient_driver.yaml -> /home/johnk/cleaningoceanplastics/ros2_ws/src/install/nmea_navsat_driver/share/nmea_navsat_driver/config
[4.319s] running install_egg_info
[4.374s] Copying ../build/nmea_navsat_driver/nmea_navsat_driver.egg-info to /home/johnk/cleaningoceanplastics/ros2_ws/src/install/nmea_navsat_driver/lib/python3.10/site-packages/nmea_navsat_driver-2.0.1-py3.10.egg-info
[4.376s] running install_scripts
[4.855s] Installing nmea_serial_driver script to /home/johnk/cleaningoceanplastics/ros2_ws/src/install/nmea_navsat_driver/lib/nmea_navsat_driver
[4.855s] Installing nmea_socket_driver script to /home/johnk/cleaningoceanplastics/ros2_ws/src/install/nmea_navsat_driver/lib/nmea_navsat_driver
[4.856s] Installing nmea_tcpclient_driver script to /home/johnk/cleaningoceanplastics/ros2_ws/src/install/nmea_navsat_driver/lib/nmea_navsat_driver
[4.856s] Installing nmea_topic_driver script to /home/johnk/cleaningoceanplastics/ros2_ws/src/install/nmea_navsat_driver/lib/nmea_navsat_driver
[4.857s] Installing nmea_topic_serial_reader script to /home/johnk/cleaningoceanplastics/ros2_ws/src/install/nmea_navsat_driver/lib/nmea_navsat_driver
[4.860s] writing list of installed files to '/home/johnk/cleaningoceanplastics/ros2_ws/src/build/nmea_navsat_driver/install.log'
[4.991s] Invoked command in '/home/johnk/cleaningoceanplastics/ros2_ws/src/nmea_navsat_driver-ros2' returned '0': PYTHONPATH=/home/johnk/cleaningoceanplastics/ros2_ws/src/build/nmea_navsat_driver/prefix_override:/usr/lib/python3/dist-packages/colcon_core/task/python/colcon_distutils_commands:/home/johnk/cleaningoceanplastics/ros2_ws/src/install/nmea_navsat_driver/lib/python3.10/site-packages:${PYTHONPATH} /usr/bin/python3 -W ignore:setup.py install is deprecated setup.py egg_info --egg-base ../build/nmea_navsat_driver build --build-base /home/johnk/cleaningoceanplastics/ros2_ws/src/build/nmea_navsat_driver/build install --record /home/johnk/cleaningoceanplastics/ros2_ws/src/build/nmea_navsat_driver/install.log --single-version-externally-managed install_data
