[0.137s] DEBUG:colcon:Command line arguments: ['/usr/bin/colcon', 'build']
[0.137s] DEBUG:colcon:Parsed command line arguments: Namespace(log_base=None, log_level=None, verb_name='build', build_base='build', install_base='install', merge_install=False, symlink_install=False, test_result_base=None, continue_on_error=False, executor='parallel', parallel_workers=4, event_handlers=None, ignore_user_meta=False, metas=['./colcon.meta'], base_paths=['.'], packages_ignore=None, packages_ignore_regex=None, paths=None, packages_up_to=None, packages_up_to_regex=None, packages_above=None, packages_above_and_dependencies=None, packages_above_depth=None, packages_select_by_dep=None, packages_skip_by_dep=None, packages_skip_up_to=None, packages_select_build_failed=False, packages_skip_build_finished=False, packages_select_test_failures=False, packages_skip_test_passed=False, packages_select=None, packages_skip=None, packages_select_regex=None, packages_skip_regex=None, packages_start=None, packages_end=None, cmake_args=None, cmake_target=None, cmake_target_skip_unavailable=False, cmake_clean_cache=False, cmake_clean_first=False, cmake_force_configure=False, ament_cmake_args=None, catkin_cmake_args=None, catkin_skip_building_tests=False, verb_parser=<colcon_defaults.argument_parser.defaults.DefaultArgumentsDecorator object at 0xffffa80f3710>, verb_extension=<colcon_core.verb.build.BuildVerb object at 0xffffa801e7e0>, main=<bound method BuildVerb.main of <colcon_core.verb.build.BuildVerb object at 0xffffa801e7e0>>)
[0.192s] Level 1:colcon.colcon_core.package_discovery:discover_packages(colcon_meta) check parameters
[0.192s] Level 1:colcon.colcon_core.package_discovery:discover_packages(recursive) check parameters
[0.192s] Level 1:colcon.colcon_core.package_discovery:discover_packages(ignore) check parameters
[0.192s] Level 1:colcon.colcon_core.package_discovery:discover_packages(path) check parameters
[0.192s] Level 1:colcon.colcon_core.package_discovery:discover_packages(colcon_meta) discover
[0.192s] Level 1:colcon.colcon_core.package_discovery:discover_packages(recursive) discover
[0.193s] INFO:colcon.colcon_core.package_discovery:Crawling recursively for packages in '/home/pi1/cleaningoceanplastics/ros2_ws'
[0.193s] Level 1:colcon.colcon_core.package_identification:_identify(.) by extensions ['ignore', 'ignore_ament_install']
[0.193s] Level 1:colcon.colcon_core.package_identification:_identify(.) by extension 'ignore'
[0.193s] Level 1:colcon.colcon_core.package_identification:_identify(.) by extension 'ignore_ament_install'
[0.193s] Level 1:colcon.colcon_core.package_identification:_identify(.) by extensions ['colcon_pkg']
[0.193s] Level 1:colcon.colcon_core.package_identification:_identify(.) by extension 'colcon_pkg'
[0.193s] Level 1:colcon.colcon_core.package_identification:_identify(.) by extensions ['colcon_meta']
[0.193s] Level 1:colcon.colcon_core.package_identification:_identify(.) by extension 'colcon_meta'
[0.193s] Level 1:colcon.colcon_core.package_identification:_identify(.) by extensions ['ros']
[0.193s] Level 1:colcon.colcon_core.package_identification:_identify(.) by extension 'ros'
[0.229s] Level 1:colcon.colcon_core.package_identification:_identify(.) by extensions ['cmake', 'python']
[0.229s] Level 1:colcon.colcon_core.package_identification:_identify(.) by extension 'cmake'
[0.229s] Level 1:colcon.colcon_core.package_identification:_identify(.) by extension 'python'
[0.229s] Level 1:colcon.colcon_core.package_identification:_identify(.) by extensions ['python_setup_py']
[0.229s] Level 1:colcon.colcon_core.package_identification:_identify(.) by extension 'python_setup_py'
[0.229s] Level 1:colcon.colcon_core.package_identification:_identify(build) by extensions ['ignore', 'ignore_ament_install']
[0.229s] Level 1:colcon.colcon_core.package_identification:_identify(build) by extension 'ignore'
[0.229s] Level 1:colcon.colcon_core.package_identification:_identify(build) ignored
[0.229s] Level 1:colcon.colcon_core.package_identification:_identify(install) by extensions ['ignore', 'ignore_ament_install']
[0.230s] Level 1:colcon.colcon_core.package_identification:_identify(install) by extension 'ignore'
[0.230s] Level 1:colcon.colcon_core.package_identification:_identify(install) ignored
[0.230s] Level 1:colcon.colcon_core.package_identification:_identify(log) by extensions ['ignore', 'ignore_ament_install']
[0.230s] Level 1:colcon.colcon_core.package_identification:_identify(log) by extension 'ignore'
[0.230s] Level 1:colcon.colcon_core.package_identification:_identify(log) ignored
[0.230s] Level 1:colcon.colcon_core.package_identification:_identify(src) by extensions ['ignore', 'ignore_ament_install']
[0.230s] Level 1:colcon.colcon_core.package_identification:_identify(src) by extension 'ignore'
[0.230s] Level 1:colcon.colcon_core.package_identification:_identify(src) by extension 'ignore_ament_install'
[0.230s] Level 1:colcon.colcon_core.package_identification:_identify(src) by extensions ['colcon_pkg']
[0.230s] Level 1:colcon.colcon_core.package_identification:_identify(src) by extension 'colcon_pkg'
[0.230s] Level 1:colcon.colcon_core.package_identification:_identify(src) by extensions ['colcon_meta']
[0.230s] Level 1:colcon.colcon_core.package_identification:_identify(src) by extension 'colcon_meta'
[0.230s] Level 1:colcon.colcon_core.package_identification:_identify(src) by extensions ['ros']
[0.230s] Level 1:colcon.colcon_core.package_identification:_identify(src) by extension 'ros'
[0.230s] Level 1:colcon.colcon_core.package_identification:_identify(src) by extensions ['cmake', 'python']
[0.230s] Level 1:colcon.colcon_core.package_identification:_identify(src) by extension 'cmake'
[0.231s] Level 1:colcon.colcon_core.package_identification:_identify(src) by extension 'python'
[0.231s] Level 1:colcon.colcon_core.package_identification:_identify(src) by extensions ['python_setup_py']
[0.231s] Level 1:colcon.colcon_core.package_identification:_identify(src) by extension 'python_setup_py'
[0.231s] Level 1:colcon.colcon_core.package_identification:_identify(src/nmea_navsat_driver-ros2) by extensions ['ignore', 'ignore_ament_install']
[0.231s] Level 1:colcon.colcon_core.package_identification:_identify(src/nmea_navsat_driver-ros2) by extension 'ignore'
[0.231s] Level 1:colcon.colcon_core.package_identification:_identify(src/nmea_navsat_driver-ros2) by extension 'ignore_ament_install'
[0.231s] Level 1:colcon.colcon_core.package_identification:_identify(src/nmea_navsat_driver-ros2) by extensions ['colcon_pkg']
[0.231s] Level 1:colcon.colcon_core.package_identification:_identify(src/nmea_navsat_driver-ros2) by extension 'colcon_pkg'
[0.231s] Level 1:colcon.colcon_core.package_identification:_identify(src/nmea_navsat_driver-ros2) by extensions ['colcon_meta']
[0.231s] Level 1:colcon.colcon_core.package_identification:_identify(src/nmea_navsat_driver-ros2) by extension 'colcon_meta'
[0.231s] Level 1:colcon.colcon_core.package_identification:_identify(src/nmea_navsat_driver-ros2) by extensions ['ros']
[0.231s] Level 1:colcon.colcon_core.package_identification:_identify(src/nmea_navsat_driver-ros2) by extension 'ros'
[0.234s] DEBUG:colcon.colcon_core.package_identification:Package 'src/nmea_navsat_driver-ros2' with type 'ros.ament_python' and name 'nmea_navsat_driver'
[0.234s] Level 1:colcon.colcon_core.package_identification:_identify(src/test_input) by extensions ['ignore', 'ignore_ament_install']
[0.234s] Level 1:colcon.colcon_core.package_identification:_identify(src/test_input) by extension 'ignore'
[0.235s] Level 1:colcon.colcon_core.package_identification:_identify(src/test_input) by extension 'ignore_ament_install'
[0.235s] Level 1:colcon.colcon_core.package_identification:_identify(src/test_input) by extensions ['colcon_pkg']
[0.235s] Level 1:colcon.colcon_core.package_identification:_identify(src/test_input) by extension 'colcon_pkg'
[0.235s] Level 1:colcon.colcon_core.package_identification:_identify(src/test_input) by extensions ['colcon_meta']
[0.235s] Level 1:colcon.colcon_core.package_identification:_identify(src/test_input) by extension 'colcon_meta'
[0.235s] Level 1:colcon.colcon_core.package_identification:_identify(src/test_input) by extensions ['ros']
[0.235s] Level 1:colcon.colcon_core.package_identification:_identify(src/test_input) by extension 'ros'
[0.235s] DEBUG:colcon.colcon_core.package_identification:Package 'src/test_input' with type 'ros.ament_python' and name 'test_input'
[0.235s] Level 1:colcon.colcon_core.package_discovery:discover_packages(recursive) using defaults
[0.235s] Level 1:colcon.colcon_core.package_discovery:discover_packages(ignore) discover
[0.236s] Level 1:colcon.colcon_core.package_discovery:discover_packages(ignore) using defaults
[0.236s] Level 1:colcon.colcon_core.package_discovery:discover_packages(path) discover
[0.236s] Level 1:colcon.colcon_core.package_discovery:discover_packages(path) using defaults
[0.261s] Level 5:colcon.colcon_core.verb:set package 'nmea_navsat_driver' build argument 'cmake_args' from command line to 'None'
[0.261s] Level 5:colcon.colcon_core.verb:set package 'nmea_navsat_driver' build argument 'cmake_target' from command line to 'None'
[0.261s] Level 5:colcon.colcon_core.verb:set package 'nmea_navsat_driver' build argument 'cmake_target_skip_unavailable' from command line to 'False'
[0.261s] Level 5:colcon.colcon_core.verb:set package 'nmea_navsat_driver' build argument 'cmake_clean_cache' from command line to 'False'
[0.261s] Level 5:colcon.colcon_core.verb:set package 'nmea_navsat_driver' build argument 'cmake_clean_first' from command line to 'False'
[0.261s] Level 5:colcon.colcon_core.verb:set package 'nmea_navsat_driver' build argument 'cmake_force_configure' from command line to 'False'
[0.261s] Level 5:colcon.colcon_core.verb:set package 'nmea_navsat_driver' build argument 'ament_cmake_args' from command line to 'None'
[0.261s] Level 5:colcon.colcon_core.verb:set package 'nmea_navsat_driver' build argument 'catkin_cmake_args' from command line to 'None'
[0.261s] Level 5:colcon.colcon_core.verb:set package 'nmea_navsat_driver' build argument 'catkin_skip_building_tests' from command line to 'False'
[0.261s] DEBUG:colcon.colcon_core.verb:Building package 'nmea_navsat_driver' with the following arguments: {'ament_cmake_args': None, 'build_base': '/home/pi1/cleaningoceanplastics/ros2_ws/build/nmea_navsat_driver', 'catkin_cmake_args': None, 'catkin_skip_building_tests': False, 'cmake_args': None, 'cmake_clean_cache': False, 'cmake_clean_first': False, 'cmake_force_configure': False, 'cmake_target': None, 'cmake_target_skip_unavailable': False, 'install_base': '/home/pi1/cleaningoceanplastics/ros2_ws/install/nmea_navsat_driver', 'merge_install': False, 'path': '/home/pi1/cleaningoceanplastics/ros2_ws/src/nmea_navsat_driver-ros2', 'symlink_install': False, 'test_result_base': None}
[0.262s] Level 5:colcon.colcon_core.verb:set package 'test_input' build argument 'cmake_args' from command line to 'None'
[0.262s] Level 5:colcon.colcon_core.verb:set package 'test_input' build argument 'cmake_target' from command line to 'None'
[0.262s] Level 5:colcon.colcon_core.verb:set package 'test_input' build argument 'cmake_target_skip_unavailable' from command line to 'False'
[0.262s] Level 5:colcon.colcon_core.verb:set package 'test_input' build argument 'cmake_clean_cache' from command line to 'False'
[0.262s] Level 5:colcon.colcon_core.verb:set package 'test_input' build argument 'cmake_clean_first' from command line to 'False'
[0.262s] Level 5:colcon.colcon_core.verb:set package 'test_input' build argument 'cmake_force_configure' from command line to 'False'
[0.262s] Level 5:colcon.colcon_core.verb:set package 'test_input' build argument 'ament_cmake_args' from command line to 'None'
[0.262s] Level 5:colcon.colcon_core.verb:set package 'test_input' build argument 'catkin_cmake_args' from command line to 'None'
[0.262s] Level 5:colcon.colcon_core.verb:set package 'test_input' build argument 'catkin_skip_building_tests' from command line to 'False'
[0.262s] DEBUG:colcon.colcon_core.verb:Building package 'test_input' with the following arguments: {'ament_cmake_args': None, 'build_base': '/home/pi1/cleaningoceanplastics/ros2_ws/build/test_input', 'catkin_cmake_args': None, 'catkin_skip_building_tests': False, 'cmake_args': None, 'cmake_clean_cache': False, 'cmake_clean_first': False, 'cmake_force_configure': False, 'cmake_target': None, 'cmake_target_skip_unavailable': False, 'install_base': '/home/pi1/cleaningoceanplastics/ros2_ws/install/test_input', 'merge_install': False, 'path': '/home/pi1/cleaningoceanplastics/ros2_ws/src/test_input', 'symlink_install': False, 'test_result_base': None}
[0.262s] INFO:colcon.colcon_core.executor:Executing jobs using 'parallel' executor
[0.263s] DEBUG:colcon.colcon_parallel_executor.executor.parallel:run_until_complete
[0.264s] INFO:colcon.colcon_ros.task.ament_python.build:Building ROS package in '/home/pi1/cleaningoceanplastics/ros2_ws/src/nmea_navsat_driver-ros2' with build type 'ament_python'
[0.264s] Level 1:colcon.colcon_core.shell:create_environment_hook('nmea_navsat_driver', 'ament_prefix_path')
[0.266s] INFO:colcon.colcon_core.plugin_system:Skipping extension 'colcon_core.shell.bat': Not used on non-Windows systems
[0.266s] INFO:colcon.colcon_core.shell:Creating environment descriptor '/home/pi1/cleaningoceanplastics/ros2_ws/install/nmea_navsat_driver/share/nmea_navsat_driver/hook/ament_prefix_path.dsv'
[0.267s] INFO:colcon.colcon_core.shell:Creating environment hook '/home/pi1/cleaningoceanplastics/ros2_ws/install/nmea_navsat_driver/share/nmea_navsat_driver/hook/ament_prefix_path.sh'
[0.268s] DEBUG:colcon.colcon_core.shell:Skip shell extension 'dsv' for command environment
[0.275s] INFO:colcon.colcon_ros.task.ament_python.build:Building ROS package in '/home/pi1/cleaningoceanplastics/ros2_ws/src/test_input' with build type 'ament_python'
[0.275s] Level 1:colcon.colcon_core.shell:create_environment_hook('test_input', 'ament_prefix_path')
[0.275s] INFO:colcon.colcon_core.shell:Creating environment descriptor '/home/pi1/cleaningoceanplastics/ros2_ws/install/test_input/share/test_input/hook/ament_prefix_path.dsv'
[0.276s] INFO:colcon.colcon_core.shell:Creating environment hook '/home/pi1/cleaningoceanplastics/ros2_ws/install/test_input/share/test_input/hook/ament_prefix_path.sh'
[0.277s] DEBUG:colcon.colcon_core.shell:Skip shell extension 'dsv' for command environment
[0.589s] INFO:colcon.colcon_core.task.python.build:Building Python package in '/home/pi1/cleaningoceanplastics/ros2_ws/src/nmea_navsat_driver-ros2'
[0.589s] DEBUG:colcon.colcon_core.shell:Skip shell extension 'dsv' for command environment
[0.898s] INFO:colcon.colcon_core.task.python.build:Building Python package in '/home/pi1/cleaningoceanplastics/ros2_ws/src/test_input'
[0.899s] DEBUG:colcon.colcon_core.shell:Skip shell extension 'dsv' for command environment
[1.782s] DEBUG:colcon.colcon_core.event_handler.log_command:Invoking command in '/home/pi1/cleaningoceanplastics/ros2_ws/src/test_input': DEBUGINFOD_URLS=https://debuginfod.ubuntu.com PYTHONPATH=/home/pi1/cleaningoceanplastics/ros2_ws/build/test_input/prefix_override:/usr/lib/python3/dist-packages/colcon_core/task/python/colcon_distutils_commands:/home/pi1/cleaningoceanplastics/ros2_ws/install/test_input/lib/python3.12/site-packages:${PYTHONPATH} /usr/bin/python3 -W ignore:setup.py install is deprecated setup.py egg_info --egg-base ../../build/test_input build --build-base /home/pi1/cleaningoceanplastics/ros2_ws/build/test_input/build install --record /home/pi1/cleaningoceanplastics/ros2_ws/build/test_input/install.log --single-version-externally-managed install_data
[1.788s] DEBUG:colcon.colcon_core.event_handler.log_command:Invoking command in '/home/pi1/cleaningoceanplastics/ros2_ws/src/nmea_navsat_driver-ros2': DEBUGINFOD_URLS=https://debuginfod.ubuntu.com PYTHONPATH=/home/pi1/cleaningoceanplastics/ros2_ws/build/nmea_navsat_driver/prefix_override:/usr/lib/python3/dist-packages/colcon_core/task/python/colcon_distutils_commands:/home/pi1/cleaningoceanplastics/ros2_ws/install/nmea_navsat_driver/lib/python3.12/site-packages:${PYTHONPATH} /usr/bin/python3 -W ignore:setup.py install is deprecated setup.py egg_info --egg-base ../../build/nmea_navsat_driver build --build-base /home/pi1/cleaningoceanplastics/ros2_ws/build/nmea_navsat_driver/build install --record /home/pi1/cleaningoceanplastics/ros2_ws/build/nmea_navsat_driver/install.log --single-version-externally-managed install_data
[2.574s] DEBUG:colcon.colcon_core.event_handler.log_command:Invoked command in '/home/pi1/cleaningoceanplastics/ros2_ws/src/test_input' returned '0': DEBUGINFOD_URLS=https://debuginfod.ubuntu.com PYTHONPATH=/home/pi1/cleaningoceanplastics/ros2_ws/build/test_input/prefix_override:/usr/lib/python3/dist-packages/colcon_core/task/python/colcon_distutils_commands:/home/pi1/cleaningoceanplastics/ros2_ws/install/test_input/lib/python3.12/site-packages:${PYTHONPATH} /usr/bin/python3 -W ignore:setup.py install is deprecated setup.py egg_info --egg-base ../../build/test_input build --build-base /home/pi1/cleaningoceanplastics/ros2_ws/build/test_input/build install --record /home/pi1/cleaningoceanplastics/ros2_ws/build/test_input/install.log --single-version-externally-managed install_data
[2.577s] Level 1:colcon.colcon_core.environment:checking '/home/pi1/cleaningoceanplastics/ros2_ws/install/test_input' for CMake module files
[2.578s] Level 1:colcon.colcon_core.environment:checking '/home/pi1/cleaningoceanplastics/ros2_ws/install/test_input' for CMake config files
[2.579s] Level 1:colcon.colcon_core.environment:checking '/home/pi1/cleaningoceanplastics/ros2_ws/install/test_input/lib'
[2.579s] Level 1:colcon.colcon_core.environment:checking '/home/pi1/cleaningoceanplastics/ros2_ws/install/test_input/bin'
[2.579s] Level 1:colcon.colcon_core.environment:checking '/home/pi1/cleaningoceanplastics/ros2_ws/install/test_input/lib/pkgconfig/test_input.pc'
[2.579s] Level 1:colcon.colcon_core.environment:checking '/home/pi1/cleaningoceanplastics/ros2_ws/install/test_input/lib/python3.12/site-packages'
[2.580s] Level 1:colcon.colcon_core.shell:create_environment_hook('test_input', 'pythonpath')
[2.580s] INFO:colcon.colcon_core.shell:Creating environment descriptor '/home/pi1/cleaningoceanplastics/ros2_ws/install/test_input/share/test_input/hook/pythonpath.dsv'
[2.580s] INFO:colcon.colcon_core.shell:Creating environment hook '/home/pi1/cleaningoceanplastics/ros2_ws/install/test_input/share/test_input/hook/pythonpath.sh'
[2.582s] Level 1:colcon.colcon_core.environment:checking '/home/pi1/cleaningoceanplastics/ros2_ws/install/test_input/bin'
[2.582s] Level 1:colcon.colcon_core.environment:create_environment_scripts_only(test_input)
[2.582s] INFO:colcon.colcon_core.shell:Creating package descriptor '/home/pi1/cleaningoceanplastics/ros2_ws/install/test_input/share/test_input/package.dsv'
[2.583s] INFO:colcon.colcon_core.shell:Creating package script '/home/pi1/cleaningoceanplastics/ros2_ws/install/test_input/share/test_input/package.sh'
[2.583s] INFO:colcon.colcon_core.shell:Creating package script '/home/pi1/cleaningoceanplastics/ros2_ws/install/test_input/share/test_input/package.bash'
[2.584s] INFO:colcon.colcon_core.shell:Creating package script '/home/pi1/cleaningoceanplastics/ros2_ws/install/test_input/share/test_input/package.zsh'
[2.585s] Level 1:colcon.colcon_core.environment:create_file_with_runtime_dependencies(/home/pi1/cleaningoceanplastics/ros2_ws/install/test_input/share/colcon-core/packages/test_input)
[2.586s] Level 1:colcon.colcon_core.environment:checking '/home/pi1/cleaningoceanplastics/ros2_ws/install/nmea_navsat_driver' for CMake module files
[2.587s] DEBUG:colcon.colcon_core.event_handler.log_command:Invoked command in '/home/pi1/cleaningoceanplastics/ros2_ws/src/nmea_navsat_driver-ros2' returned '0': DEBUGINFOD_URLS=https://debuginfod.ubuntu.com PYTHONPATH=/home/pi1/cleaningoceanplastics/ros2_ws/build/nmea_navsat_driver/prefix_override:/usr/lib/python3/dist-packages/colcon_core/task/python/colcon_distutils_commands:/home/pi1/cleaningoceanplastics/ros2_ws/install/nmea_navsat_driver/lib/python3.12/site-packages:${PYTHONPATH} /usr/bin/python3 -W ignore:setup.py install is deprecated setup.py egg_info --egg-base ../../build/nmea_navsat_driver build --build-base /home/pi1/cleaningoceanplastics/ros2_ws/build/nmea_navsat_driver/build install --record /home/pi1/cleaningoceanplastics/ros2_ws/build/nmea_navsat_driver/install.log --single-version-externally-managed install_data
[2.588s] Level 1:colcon.colcon_core.environment:checking '/home/pi1/cleaningoceanplastics/ros2_ws/install/nmea_navsat_driver' for CMake config files
[2.589s] Level 1:colcon.colcon_core.environment:checking '/home/pi1/cleaningoceanplastics/ros2_ws/install/nmea_navsat_driver/lib'
[2.589s] Level 1:colcon.colcon_core.environment:checking '/home/pi1/cleaningoceanplastics/ros2_ws/install/nmea_navsat_driver/bin'
[2.589s] Level 1:colcon.colcon_core.environment:checking '/home/pi1/cleaningoceanplastics/ros2_ws/install/nmea_navsat_driver/lib/pkgconfig/nmea_navsat_driver.pc'
[2.589s] Level 1:colcon.colcon_core.environment:checking '/home/pi1/cleaningoceanplastics/ros2_ws/install/nmea_navsat_driver/lib/python3.12/site-packages'
[2.589s] Level 1:colcon.colcon_core.shell:create_environment_hook('nmea_navsat_driver', 'pythonpath')
[2.589s] INFO:colcon.colcon_core.shell:Creating environment descriptor '/home/pi1/cleaningoceanplastics/ros2_ws/install/nmea_navsat_driver/share/nmea_navsat_driver/hook/pythonpath.dsv'
[2.590s] INFO:colcon.colcon_core.shell:Creating environment hook '/home/pi1/cleaningoceanplastics/ros2_ws/install/nmea_navsat_driver/share/nmea_navsat_driver/hook/pythonpath.sh'
[2.591s] Level 1:colcon.colcon_core.environment:checking '/home/pi1/cleaningoceanplastics/ros2_ws/install/nmea_navsat_driver/bin'
[2.591s] Level 1:colcon.colcon_core.environment:create_environment_scripts_only(nmea_navsat_driver)
[2.591s] INFO:colcon.colcon_core.shell:Creating package descriptor '/home/pi1/cleaningoceanplastics/ros2_ws/install/nmea_navsat_driver/share/nmea_navsat_driver/package.dsv'
[2.592s] INFO:colcon.colcon_core.shell:Creating package script '/home/pi1/cleaningoceanplastics/ros2_ws/install/nmea_navsat_driver/share/nmea_navsat_driver/package.sh'
[2.593s] INFO:colcon.colcon_core.shell:Creating package script '/home/pi1/cleaningoceanplastics/ros2_ws/install/nmea_navsat_driver/share/nmea_navsat_driver/package.bash'
[2.593s] INFO:colcon.colcon_core.shell:Creating package script '/home/pi1/cleaningoceanplastics/ros2_ws/install/nmea_navsat_driver/share/nmea_navsat_driver/package.zsh'
[2.594s] Level 1:colcon.colcon_core.environment:create_file_with_runtime_dependencies(/home/pi1/cleaningoceanplastics/ros2_ws/install/nmea_navsat_driver/share/colcon-core/packages/nmea_navsat_driver)
[2.595s] DEBUG:colcon.colcon_parallel_executor.executor.parallel:closing loop
[2.595s] DEBUG:colcon.colcon_parallel_executor.executor.parallel:loop closed
[2.596s] DEBUG:colcon.colcon_parallel_executor.executor.parallel:run_until_complete finished with '0'
[2.596s] DEBUG:colcon.colcon_core.event_reactor:joining thread
[2.603s] INFO:colcon.colcon_core.plugin_system:Skipping extension 'colcon_notification.desktop_notification.terminal_notifier': Not used on non-Darwin systems
[2.603s] INFO:colcon.colcon_core.plugin_system:Skipping extension 'colcon_notification.desktop_notification.win32': Not used on non-Windows systems
[2.603s] INFO:colcon.colcon_notification.desktop_notification:Sending desktop notification using 'notify2'
[2.619s] DEBUG:colcon.colcon_core.event_reactor:joined thread
[2.620s] INFO:colcon.colcon_core.shell:Creating prefix script '/home/pi1/cleaningoceanplastics/ros2_ws/install/local_setup.sh'
[2.621s] INFO:colcon.colcon_core.shell:Creating prefix util module '/home/pi1/cleaningoceanplastics/ros2_ws/install/_local_setup_util_sh.py'
[2.622s] INFO:colcon.colcon_core.shell:Creating prefix chain script '/home/pi1/cleaningoceanplastics/ros2_ws/install/setup.sh'
[2.623s] INFO:colcon.colcon_core.shell:Creating prefix script '/home/pi1/cleaningoceanplastics/ros2_ws/install/local_setup.bash'
[2.624s] INFO:colcon.colcon_core.shell:Creating prefix chain script '/home/pi1/cleaningoceanplastics/ros2_ws/install/setup.bash'
[2.625s] INFO:colcon.colcon_core.shell:Creating prefix script '/home/pi1/cleaningoceanplastics/ros2_ws/install/local_setup.zsh'
[2.626s] INFO:colcon.colcon_core.shell:Creating prefix chain script '/home/pi1/cleaningoceanplastics/ros2_ws/install/setup.zsh'
