[1.320s] Invoking command in '/home/pi2/cleaningoceanplastics/ros2_ws/src/build/services': CMAKE_PREFIX_PATH=${CMAKE_PREFIX_PATH}:/home/pi2/cleaningoceanplastics/ros2_ws/install/sensors:/home/pi2/cleaningoceanplastics/ros2_ws/install/navigation:/opt/ros/jazzy DEBUGINFOD_URLS=https://debuginfod.ubuntu.com PS1=\u@\h \[\033[32m\]\w\[\033[33m\]$(parse_git_branch)\[\033[00m\] $ /usr/bin/cmake /home/pi2/cleaningoceanplastics/ros2_ws/src/services -DCMAKE_INSTALL_PREFIX=/home/pi2/cleaningoceanplastics/ros2_ws/src/install/services
[2.243s] -- The C compiler identification is GNU 13.3.0
[2.862s] -- The CXX compiler identification is GNU 13.3.0
[2.945s] -- Detecting C compiler ABI info
[3.265s] -- Detecting C compiler ABI info - done
[3.292s] -- Check for working C compiler: /usr/bin/cc - skipped
[3.299s] -- Detecting C compile features
[3.302s] -- Detecting C compile features - done
[3.347s] -- Detecting CXX compiler ABI info
[3.725s] -- Detecting CXX compiler ABI info - done
[3.751s] -- Check for working CXX compiler: /usr/bin/c++ - skipped
[3.753s] -- Detecting CXX compile features
[3.754s] -- Detecting CXX compile features - done
[3.769s] -- Found ament_cmake: 2.5.3 (/opt/ros/jazzy/share/ament_cmake/cmake)
[4.270s] -- Found Python3: /usr/bin/python3 (found version "3.12.3") found components: Interpreter 
[4.698s] -- Found geometry_msgs: 5.3.5 (/opt/ros/jazzy/share/geometry_msgs/cmake)
[4.969s] -- Found rosidl_generator_c: 4.6.5 (/opt/ros/jazzy/share/rosidl_generator_c/cmake)
[5.086s] -- Found rosidl_generator_cpp: 4.6.5 (/opt/ros/jazzy/share/rosidl_generator_cpp/cmake)
[5.189s] -- Using all available rosidl_typesupport_c: rosidl_typesupport_fastrtps_c;rosidl_typesupport_introspection_c
[5.283s] -- Using all available rosidl_typesupport_cpp: rosidl_typesupport_fastrtps_cpp;rosidl_typesupport_introspection_cpp
[5.510s] -- Found sensor_msgs: 5.3.5 (/opt/ros/jazzy/share/sensor_msgs/cmake)
[5.719s] -- Found rosidl_default_generators: 1.6.0 (/opt/ros/jazzy/share/rosidl_default_generators/cmake)
[5.779s] -- Found rosidl_adapter: 4.6.5 (/opt/ros/jazzy/share/rosidl_adapter/cmake)
[7.796s] -- Found ament_cmake_ros: 0.12.0 (/opt/ros/jazzy/share/ament_cmake_ros/cmake)
[10.583s] -- Using all available rosidl_typesupport_c: rosidl_typesupport_fastrtps_c;rosidl_typesupport_introspection_c
[11.688s] -- Using all available rosidl_typesupport_cpp: rosidl_typesupport_fastrtps_cpp;rosidl_typesupport_introspection_cpp
[11.702s] -- Found python_cmake_module: 0.11.1 (/opt/ros/jazzy/share/python_cmake_module/cmake)
[12.116s] -- Found PythonExtra: /usr/bin/python3  
[13.492s] -- Found Python3: /usr/bin/python3 (found version "3.12.3") found components: Interpreter Development NumPy Development.Module Development.Embed 
[13.713s] -- Found ament_lint_auto: 0.17.1 (/opt/ros/jazzy/share/ament_lint_auto/cmake)
[13.817s] -- Added test 'lint_cmake' to check CMake code style
[13.822s] -- Added test 'xmllint' to check XML markup files
[13.833s] -- Configuring done (12.3s)
[13.960s] -- Generating done (0.1s)
[14.000s] -- Build files have been written to: /home/pi2/cleaningoceanplastics/ros2_ws/src/build/services
[14.033s] Invoked command in '/home/pi2/cleaningoceanplastics/ros2_ws/src/build/services' returned '0': CMAKE_PREFIX_PATH=${CMAKE_PREFIX_PATH}:/home/pi2/cleaningoceanplastics/ros2_ws/install/sensors:/home/pi2/cleaningoceanplastics/ros2_ws/install/navigation:/opt/ros/jazzy DEBUGINFOD_URLS=https://debuginfod.ubuntu.com PS1=\u@\h \[\033[32m\]\w\[\033[33m\]$(parse_git_branch)\[\033[00m\] $ /usr/bin/cmake /home/pi2/cleaningoceanplastics/ros2_ws/src/services -DCMAKE_INSTALL_PREFIX=/home/pi2/cleaningoceanplastics/ros2_ws/src/install/services
[14.037s] Invoking command in '/home/pi2/cleaningoceanplastics/ros2_ws/src/build/services': CMAKE_PREFIX_PATH=${CMAKE_PREFIX_PATH}:/home/pi2/cleaningoceanplastics/ros2_ws/install/sensors:/home/pi2/cleaningoceanplastics/ros2_ws/install/navigation:/opt/ros/jazzy DEBUGINFOD_URLS=https://debuginfod.ubuntu.com PS1=\u@\h \[\033[32m\]\w\[\033[33m\]$(parse_git_branch)\[\033[00m\] $ /usr/bin/cmake --build /home/pi2/cleaningoceanplastics/ros2_ws/src/build/services -- -j4 -l4
[14.187s] [  2%] [34m[1mGenerating type hashes for ROS interfaces[0m
[14.752s] [  2%] Built target services__rosidl_generator_type_description
[14.851s] [  2%] Built target ament_cmake_python_copy_services
[14.884s] [  5%] [34m[1mGenerating C code for ROS interfaces[0m
[15.870s] [  8%] [32mBuilding C object CMakeFiles/services__rosidl_generator_c.dir/rosidl_generator_c/services/srv/detail/kalman_state__description.c.o[0m
[16.166s] [ 11%] [32mBuilding C object CMakeFiles/services__rosidl_generator_c.dir/rosidl_generator_c/services/srv/detail/kalman_state__functions.c.o[0m
[16.426s] [ 14%] [32mBuilding C object CMakeFiles/services__rosidl_generator_c.dir/rosidl_generator_c/services/srv/detail/kalman_state__type_support.c.o[0m
[16.570s] [ 17%] [32m[1mLinking C shared library libservices__rosidl_generator_c.so[0m
[16.698s] [ 17%] Built target services__rosidl_generator_c
[17.374s] running egg_info
[17.378s] creating services.egg-info
[17.438s] writing services.egg-info/PKG-INFO
[17.440s] writing dependency_links to services.egg-info/dependency_links.txt
[17.440s] writing top-level names to services.egg-info/top_level.txt
[17.440s] writing manifest file 'services.egg-info/SOURCES.txt'
[17.589s] reading manifest file 'services.egg-info/SOURCES.txt'
[17.590s] writing manifest file 'services.egg-info/SOURCES.txt'
[17.734s] [ 17%] Built target ament_cmake_python_build_services_egg
[17.775s] [ 20%] [34m[1mGenerating C type support dispatch for ROS interfaces[0m
[18.394s] [ 23%] [32mBuilding CXX object CMakeFiles/services__rosidl_typesupport_c.dir/rosidl_typesupport_c/services/srv/kalman_state__type_support.cpp.o[0m
[18.590s] [ 26%] [32m[1mLinking CXX shared library libservices__rosidl_typesupport_c.so[0m
[18.717s] [ 26%] Built target services__rosidl_typesupport_c
[18.761s] [ 29%] [34m[1mGenerating C type support for eProsima Fast-RTPS[0m
[19.763s] [ 32%] [32mBuilding CXX object CMakeFiles/services__rosidl_typesupport_fastrtps_c.dir/rosidl_typesupport_fastrtps_c/services/srv/detail/kalman_state__type_support_c.cpp.o[0m
[21.414s] [ 35%] [32m[1mLinking CXX shared library libservices__rosidl_typesupport_fastrtps_c.so[0m
[21.562s] [ 35%] Built target services__rosidl_typesupport_fastrtps_c
[21.593s] [ 38%] [34m[1mGenerating C introspection for ROS interfaces[0m
[21.635s] [ 41%] [34m[1mGenerating C++ code for ROS interfaces[0m
[22.340s] [ 44%] [32mBuilding C object CMakeFiles/services__rosidl_typesupport_introspection_c.dir/rosidl_typesupport_introspection_c/services/srv/detail/kalman_state__type_support.c.o[0m
[22.480s] [ 44%] Built target services__cpp
[22.495s] [ 47%] [32m[1mLinking C shared library libservices__rosidl_typesupport_introspection_c.so[0m
[22.514s] [ 50%] [34m[1mGenerating C++ type support for eProsima Fast-RTPS[0m
[22.591s] [ 50%] Built target services__rosidl_typesupport_introspection_c
[22.622s] [ 52%] [34m[1mGenerating C++ type support dispatch for ROS interfaces[0m
[23.232s] [ 55%] [32mBuilding CXX object CMakeFiles/services__rosidl_typesupport_cpp.dir/rosidl_typesupport_cpp/services/srv/kalman_state__type_support.cpp.o[0m
[23.308s] [ 58%] [32mBuilding CXX object CMakeFiles/services__rosidl_typesupport_fastrtps_cpp.dir/rosidl_typesupport_fastrtps_cpp/services/srv/detail/dds_fastrtps/kalman_state__type_support.cpp.o[0m
[24.497s] [ 61%] [32m[1mLinking CXX shared library libservices__rosidl_typesupport_cpp.so[0m
[24.755s] [ 61%] Built target services__rosidl_typesupport_cpp
[25.227s] [ 64%] [32m[1mLinking CXX shared library libservices__rosidl_typesupport_fastrtps_cpp.so[0m
[25.515s] [ 64%] Built target services__rosidl_typesupport_fastrtps_cpp
[25.554s] [ 67%] [34m[1mGenerating C++ introspection for ROS interfaces[0m
[26.365s] [ 70%] [32mBuilding CXX object CMakeFiles/services__rosidl_typesupport_introspection_cpp.dir/rosidl_typesupport_introspection_cpp/services/srv/detail/kalman_state__type_support.cpp.o[0m
[27.891s] [ 73%] [32m[1mLinking CXX shared library libservices__rosidl_typesupport_introspection_cpp.so[0m
[28.158s] [ 73%] Built target services__rosidl_typesupport_introspection_cpp
[28.231s] [ 73%] Built target services
[28.301s] [ 76%] [34m[1mGenerating Python code for ROS interfaces[0m
[29.383s] [ 76%] Built target services__py
[29.450s] [ 79%] [32mBuilding C object CMakeFiles/services__rosidl_generator_py.dir/rosidl_generator_py/services/srv/_kalman_state_s.c.o[0m
[30.044s] [ 82%] [32m[1mLinking C shared library libservices__rosidl_generator_py.so[0m
[30.201s] [ 82%] Built target services__rosidl_generator_py
[30.255s] [ 85%] [32mBuilding C object CMakeFiles/services_s__rosidl_typesupport_fastrtps_c.dir/rosidl_generator_py/services/_services_s.ep.rosidl_typesupport_fastrtps_c.c.o[0m
[30.559s] [ 88%] [32m[1mLinking C shared module rosidl_generator_py/services/services_s__rosidl_typesupport_fastrtps_c.so[0m
[30.706s] [ 88%] Built target services_s__rosidl_typesupport_fastrtps_c
[30.780s] [ 91%] [32mBuilding C object CMakeFiles/services_s__rosidl_typesupport_c.dir/rosidl_generator_py/services/_services_s.ep.rosidl_typesupport_c.c.o[0m
[31.096s] [ 94%] [32m[1mLinking C shared module rosidl_generator_py/services/services_s__rosidl_typesupport_c.so[0m
[31.198s] [ 94%] Built target services_s__rosidl_typesupport_c
[31.264s] [ 97%] [32mBuilding C object CMakeFiles/services_s__rosidl_typesupport_introspection_c.dir/rosidl_generator_py/services/_services_s.ep.rosidl_typesupport_introspection_c.c.o[0m
[31.612s] [100%] [32m[1mLinking C shared module rosidl_generator_py/services/services_s__rosidl_typesupport_introspection_c.so[0m
[31.721s] [100%] Built target services_s__rosidl_typesupport_introspection_c
[31.758s] Invoked command in '/home/pi2/cleaningoceanplastics/ros2_ws/src/build/services' returned '0': CMAKE_PREFIX_PATH=${CMAKE_PREFIX_PATH}:/home/pi2/cleaningoceanplastics/ros2_ws/install/sensors:/home/pi2/cleaningoceanplastics/ros2_ws/install/navigation:/opt/ros/jazzy DEBUGINFOD_URLS=https://debuginfod.ubuntu.com PS1=\u@\h \[\033[32m\]\w\[\033[33m\]$(parse_git_branch)\[\033[00m\] $ /usr/bin/cmake --build /home/pi2/cleaningoceanplastics/ros2_ws/src/build/services -- -j4 -l4
[31.792s] Invoking command in '/home/pi2/cleaningoceanplastics/ros2_ws/src/build/services': CMAKE_PREFIX_PATH=${CMAKE_PREFIX_PATH}:/home/pi2/cleaningoceanplastics/ros2_ws/install/sensors:/home/pi2/cleaningoceanplastics/ros2_ws/install/navigation:/opt/ros/jazzy DEBUGINFOD_URLS=https://debuginfod.ubuntu.com PS1=\u@\h \[\033[32m\]\w\[\033[33m\]$(parse_git_branch)\[\033[00m\] $ /usr/bin/cmake --install /home/pi2/cleaningoceanplastics/ros2_ws/src/build/services
[31.822s] -- Install configuration: ""
[31.822s] -- Installing: /home/pi2/cleaningoceanplastics/ros2_ws/src/install/services/share/ament_index/resource_index/rosidl_interfaces/services
[31.823s] -- Installing: /home/pi2/cleaningoceanplastics/ros2_ws/src/install/services/share/services/srv/KalmanState.json
[31.824s] -- Installing: /home/pi2/cleaningoceanplastics/ros2_ws/src/install/services/include/services/services
[31.824s] -- Installing: /home/pi2/cleaningoceanplastics/ros2_ws/src/install/services/include/services/services/msg
[31.824s] -- Installing: /home/pi2/cleaningoceanplastics/ros2_ws/src/install/services/include/services/services/msg/rosidl_generator_c__visibility_control.h
[31.824s] -- Installing: /home/pi2/cleaningoceanplastics/ros2_ws/src/install/services/include/services/services/srv
[31.827s] -- Installing: /home/pi2/cleaningoceanplastics/ros2_ws/src/install/services/include/services/services/srv/detail
[31.828s] -- Installing: /home/pi2/cleaningoceanplastics/ros2_ws/src/install/services/include/services/services/srv/detail/kalman_state__type_support.h
[31.828s] -- Installing: /home/pi2/cleaningoceanplastics/ros2_ws/src/install/services/include/services/services/srv/detail/kalman_state__description.c
[31.828s] -- Installing: /home/pi2/cleaningoceanplastics/ros2_ws/src/install/services/include/services/services/srv/detail/kalman_state__functions.c
[31.828s] -- Installing: /home/pi2/cleaningoceanplastics/ros2_ws/src/install/services/include/services/services/srv/detail/kalman_state__type_support.c
[31.828s] -- Installing: /home/pi2/cleaningoceanplastics/ros2_ws/src/install/services/include/services/services/srv/detail/kalman_state__struct.h
[31.828s] -- Installing: /home/pi2/cleaningoceanplastics/ros2_ws/src/install/services/include/services/services/srv/detail/kalman_state__functions.h
[31.829s] -- Installing: /home/pi2/cleaningoceanplastics/ros2_ws/src/install/services/include/services/services/srv/kalman_state.h
[31.829s] -- Installing: /home/pi2/cleaningoceanplastics/ros2_ws/src/install/services/share/services/environment/library_path.sh
[31.829s] -- Installing: /home/pi2/cleaningoceanplastics/ros2_ws/src/install/services/share/services/environment/library_path.dsv
[31.829s] -- Installing: /home/pi2/cleaningoceanplastics/ros2_ws/src/install/services/lib/libservices__rosidl_generator_c.so
[31.829s] -- Set non-toolchain portion of runtime path of "/home/pi2/cleaningoceanplastics/ros2_ws/src/install/services/lib/libservices__rosidl_generator_c.so" to ""
[31.830s] -- Up-to-date: /home/pi2/cleaningoceanplastics/ros2_ws/src/install/services/include/services/services
[31.830s] -- Up-to-date: /home/pi2/cleaningoceanplastics/ros2_ws/src/install/services/include/services/services/msg
[31.830s] -- Installing: /home/pi2/cleaningoceanplastics/ros2_ws/src/install/services/include/services/services/msg/rosidl_typesupport_fastrtps_c__visibility_control.h
[31.830s] -- Up-to-date: /home/pi2/cleaningoceanplastics/ros2_ws/src/install/services/include/services/services/srv
[31.831s] -- Up-to-date: /home/pi2/cleaningoceanplastics/ros2_ws/src/install/services/include/services/services/srv/detail
[31.831s] -- Installing: /home/pi2/cleaningoceanplastics/ros2_ws/src/install/services/include/services/services/srv/detail/kalman_state__rosidl_typesupport_fastrtps_c.h
[31.831s] -- Installing: /home/pi2/cleaningoceanplastics/ros2_ws/src/install/services/lib/libservices__rosidl_typesupport_fastrtps_c.so
[31.835s] -- Set non-toolchain portion of runtime path of "/home/pi2/cleaningoceanplastics/ros2_ws/src/install/services/lib/libservices__rosidl_typesupport_fastrtps_c.so" to ""
[31.836s] -- Up-to-date: /home/pi2/cleaningoceanplastics/ros2_ws/src/install/services/include/services/services
[31.836s] -- Up-to-date: /home/pi2/cleaningoceanplastics/ros2_ws/src/install/services/include/services/services/msg
[31.836s] -- Installing: /home/pi2/cleaningoceanplastics/ros2_ws/src/install/services/include/services/services/msg/rosidl_generator_cpp__visibility_control.hpp
[31.836s] -- Up-to-date: /home/pi2/cleaningoceanplastics/ros2_ws/src/install/services/include/services/services/srv
[31.836s] -- Installing: /home/pi2/cleaningoceanplastics/ros2_ws/src/install/services/include/services/services/srv/kalman_state.hpp
[31.836s] -- Up-to-date: /home/pi2/cleaningoceanplastics/ros2_ws/src/install/services/include/services/services/srv/detail
[31.837s] -- Installing: /home/pi2/cleaningoceanplastics/ros2_ws/src/install/services/include/services/services/srv/detail/kalman_state__builder.hpp
[31.837s] -- Installing: /home/pi2/cleaningoceanplastics/ros2_ws/src/install/services/include/services/services/srv/detail/kalman_state__type_support.hpp
[31.837s] -- Installing: /home/pi2/cleaningoceanplastics/ros2_ws/src/install/services/include/services/services/srv/detail/kalman_state__traits.hpp
[31.837s] -- Installing: /home/pi2/cleaningoceanplastics/ros2_ws/src/install/services/include/services/services/srv/detail/kalman_state__struct.hpp
[31.837s] -- Up-to-date: /home/pi2/cleaningoceanplastics/ros2_ws/src/install/services/include/services/services
[31.837s] -- Up-to-date: /home/pi2/cleaningoceanplastics/ros2_ws/src/install/services/include/services/services/msg
[31.837s] -- Installing: /home/pi2/cleaningoceanplastics/ros2_ws/src/install/services/include/services/services/msg/rosidl_typesupport_fastrtps_cpp__visibility_control.h
[31.838s] -- Up-to-date: /home/pi2/cleaningoceanplastics/ros2_ws/src/install/services/include/services/services/srv
[31.838s] -- Up-to-date: /home/pi2/cleaningoceanplastics/ros2_ws/src/install/services/include/services/services/srv/detail
[31.838s] -- Installing: /home/pi2/cleaningoceanplastics/ros2_ws/src/install/services/include/services/services/srv/detail/dds_fastrtps
[31.838s] -- Installing: /home/pi2/cleaningoceanplastics/ros2_ws/src/install/services/include/services/services/srv/detail/kalman_state__rosidl_typesupport_fastrtps_cpp.hpp
[31.839s] -- Installing: /home/pi2/cleaningoceanplastics/ros2_ws/src/install/services/lib/libservices__rosidl_typesupport_fastrtps_cpp.so
[31.839s] -- Set non-toolchain portion of runtime path of "/home/pi2/cleaningoceanplastics/ros2_ws/src/install/services/lib/libservices__rosidl_typesupport_fastrtps_cpp.so" to ""
[31.839s] -- Up-to-date: /home/pi2/cleaningoceanplastics/ros2_ws/src/install/services/include/services/services
[31.839s] -- Up-to-date: /home/pi2/cleaningoceanplastics/ros2_ws/src/install/services/include/services/services/msg
[31.839s] -- Installing: /home/pi2/cleaningoceanplastics/ros2_ws/src/install/services/include/services/services/msg/rosidl_typesupport_introspection_c__visibility_control.h
[31.840s] -- Up-to-date: /home/pi2/cleaningoceanplastics/ros2_ws/src/install/services/include/services/services/srv
[31.840s] -- Up-to-date: /home/pi2/cleaningoceanplastics/ros2_ws/src/install/services/include/services/services/srv/detail
[31.840s] -- Installing: /home/pi2/cleaningoceanplastics/ros2_ws/src/install/services/include/services/services/srv/detail/kalman_state__type_support.c
[31.840s] -- Installing: /home/pi2/cleaningoceanplastics/ros2_ws/src/install/services/include/services/services/srv/detail/kalman_state__rosidl_typesupport_introspection_c.h
[31.840s] -- Installing: /home/pi2/cleaningoceanplastics/ros2_ws/src/install/services/lib/libservices__rosidl_typesupport_introspection_c.so
[31.841s] -- Set non-toolchain portion of runtime path of "/home/pi2/cleaningoceanplastics/ros2_ws/src/install/services/lib/libservices__rosidl_typesupport_introspection_c.so" to ""
[31.842s] -- Installing: /home/pi2/cleaningoceanplastics/ros2_ws/src/install/services/lib/libservices__rosidl_typesupport_c.so
[31.843s] -- Set non-toolchain portion of runtime path of "/home/pi2/cleaningoceanplastics/ros2_ws/src/install/services/lib/libservices__rosidl_typesupport_c.so" to ""
[31.845s] -- Up-to-date: /home/pi2/cleaningoceanplastics/ros2_ws/src/install/services/include/services/services
[31.845s] -- Up-to-date: /home/pi2/cleaningoceanplastics/ros2_ws/src/install/services/include/services/services/srv
[31.845s] -- Up-to-date: /home/pi2/cleaningoceanplastics/ros2_ws/src/install/services/include/services/services/srv/detail
[31.845s] -- Installing: /home/pi2/cleaningoceanplastics/ros2_ws/src/install/services/include/services/services/srv/detail/kalman_state__type_support.cpp
[31.845s] -- Installing: /home/pi2/cleaningoceanplastics/ros2_ws/src/install/services/include/services/services/srv/detail/kalman_state__rosidl_typesupport_introspection_cpp.hpp
[31.846s] -- Installing: /home/pi2/cleaningoceanplastics/ros2_ws/src/install/services/lib/libservices__rosidl_typesupport_introspection_cpp.so
[31.846s] -- Set non-toolchain portion of runtime path of "/home/pi2/cleaningoceanplastics/ros2_ws/src/install/services/lib/libservices__rosidl_typesupport_introspection_cpp.so" to ""
[31.846s] -- Installing: /home/pi2/cleaningoceanplastics/ros2_ws/src/install/services/lib/libservices__rosidl_typesupport_cpp.so
[31.847s] -- Set non-toolchain portion of runtime path of "/home/pi2/cleaningoceanplastics/ros2_ws/src/install/services/lib/libservices__rosidl_typesupport_cpp.so" to ""
[31.847s] -- Installing: /home/pi2/cleaningoceanplastics/ros2_ws/src/install/services/share/services/environment/pythonpath.sh
[31.848s] -- Installing: /home/pi2/cleaningoceanplastics/ros2_ws/src/install/services/share/services/environment/pythonpath.dsv
[31.848s] -- Installing: /home/pi2/cleaningoceanplastics/ros2_ws/src/install/services/lib/python3.12/site-packages/services-0.0.0-py3.12.egg-info
[31.848s] -- Installing: /home/pi2/cleaningoceanplastics/ros2_ws/src/install/services/lib/python3.12/site-packages/services-0.0.0-py3.12.egg-info/SOURCES.txt
[31.849s] -- Installing: /home/pi2/cleaningoceanplastics/ros2_ws/src/install/services/lib/python3.12/site-packages/services-0.0.0-py3.12.egg-info/top_level.txt
[31.849s] -- Installing: /home/pi2/cleaningoceanplastics/ros2_ws/src/install/services/lib/python3.12/site-packages/services-0.0.0-py3.12.egg-info/PKG-INFO
[31.849s] -- Installing: /home/pi2/cleaningoceanplastics/ros2_ws/src/install/services/lib/python3.12/site-packages/services-0.0.0-py3.12.egg-info/dependency_links.txt
[31.850s] -- Installing: /home/pi2/cleaningoceanplastics/ros2_ws/src/install/services/lib/python3.12/site-packages/services
[31.850s] -- Installing: /home/pi2/cleaningoceanplastics/ros2_ws/src/install/services/lib/python3.12/site-packages/services/_services_s.ep.rosidl_typesupport_introspection_c.c
[31.850s] -- Installing: /home/pi2/cleaningoceanplastics/ros2_ws/src/install/services/lib/python3.12/site-packages/services/__init__.py
[31.850s] -- Installing: /home/pi2/cleaningoceanplastics/ros2_ws/src/install/services/lib/python3.12/site-packages/services/_services_s.ep.rosidl_typesupport_fastrtps_c.c
[31.851s] -- Installing: /home/pi2/cleaningoceanplastics/ros2_ws/src/install/services/lib/python3.12/site-packages/services/services_s__rosidl_typesupport_c.so
[31.851s] -- Installing: /home/pi2/cleaningoceanplastics/ros2_ws/src/install/services/lib/python3.12/site-packages/services/srv
[31.851s] -- Installing: /home/pi2/cleaningoceanplastics/ros2_ws/src/install/services/lib/python3.12/site-packages/services/srv/_kalman_state.py
[31.852s] -- Installing: /home/pi2/cleaningoceanplastics/ros2_ws/src/install/services/lib/python3.12/site-packages/services/srv/__init__.py
[31.852s] -- Installing: /home/pi2/cleaningoceanplastics/ros2_ws/src/install/services/lib/python3.12/site-packages/services/srv/_kalman_state_s.c
[31.852s] -- Installing: /home/pi2/cleaningoceanplastics/ros2_ws/src/install/services/lib/python3.12/site-packages/services/services_s__rosidl_typesupport_fastrtps_c.so
[31.852s] -- Installing: /home/pi2/cleaningoceanplastics/ros2_ws/src/install/services/lib/python3.12/site-packages/services/_services_s.ep.rosidl_typesupport_c.c
[31.853s] -- Installing: /home/pi2/cleaningoceanplastics/ros2_ws/src/install/services/lib/python3.12/site-packages/services/services_s__rosidl_typesupport_introspection_c.so
[31.984s] Listing '/home/pi2/cleaningoceanplastics/ros2_ws/src/install/services/lib/python3.12/site-packages/services'...
[31.984s] Compiling '/home/pi2/cleaningoceanplastics/ros2_ws/src/install/services/lib/python3.12/site-packages/services/__init__.py'...
[31.984s] Listing '/home/pi2/cleaningoceanplastics/ros2_ws/src/install/services/lib/python3.12/site-packages/services/srv'...
[31.984s] Compiling '/home/pi2/cleaningoceanplastics/ros2_ws/src/install/services/lib/python3.12/site-packages/services/srv/__init__.py'...
[31.984s] Compiling '/home/pi2/cleaningoceanplastics/ros2_ws/src/install/services/lib/python3.12/site-packages/services/srv/_kalman_state.py'...
[32.006s] -- Installing: /home/pi2/cleaningoceanplastics/ros2_ws/src/install/services/lib/python3.12/site-packages/services/services_s__rosidl_typesupport_fastrtps_c.so
[32.007s] -- Set non-toolchain portion of runtime path of "/home/pi2/cleaningoceanplastics/ros2_ws/src/install/services/lib/python3.12/site-packages/services/services_s__rosidl_typesupport_fastrtps_c.so" to ""
[32.007s] -- Installing: /home/pi2/cleaningoceanplastics/ros2_ws/src/install/services/lib/python3.12/site-packages/services/services_s__rosidl_typesupport_introspection_c.so
[32.008s] -- Set non-toolchain portion of runtime path of "/home/pi2/cleaningoceanplastics/ros2_ws/src/install/services/lib/python3.12/site-packages/services/services_s__rosidl_typesupport_introspection_c.so" to ""
[32.008s] -- Installing: /home/pi2/cleaningoceanplastics/ros2_ws/src/install/services/lib/python3.12/site-packages/services/services_s__rosidl_typesupport_c.so
[32.009s] -- Set non-toolchain portion of runtime path of "/home/pi2/cleaningoceanplastics/ros2_ws/src/install/services/lib/python3.12/site-packages/services/services_s__rosidl_typesupport_c.so" to ""
[32.009s] -- Installing: /home/pi2/cleaningoceanplastics/ros2_ws/src/install/services/lib/libservices__rosidl_generator_py.so
[32.010s] -- Set non-toolchain portion of runtime path of "/home/pi2/cleaningoceanplastics/ros2_ws/src/install/services/lib/libservices__rosidl_generator_py.so" to ""
[32.011s] -- Installing: /home/pi2/cleaningoceanplastics/ros2_ws/src/install/services/share/services/srv/KalmanState.idl
[32.011s] -- Installing: /home/pi2/cleaningoceanplastics/ros2_ws/src/install/services/share/services/srv/KalmanState.srv
[32.011s] -- Installing: /home/pi2/cleaningoceanplastics/ros2_ws/src/install/services/share/ament_index/resource_index/package_run_dependencies/services
[32.012s] -- Installing: /home/pi2/cleaningoceanplastics/ros2_ws/src/install/services/share/ament_index/resource_index/parent_prefix_path/services
[32.012s] -- Installing: /home/pi2/cleaningoceanplastics/ros2_ws/src/install/services/share/services/environment/ament_prefix_path.sh
[32.012s] -- Installing: /home/pi2/cleaningoceanplastics/ros2_ws/src/install/services/share/services/environment/ament_prefix_path.dsv
[32.012s] -- Installing: /home/pi2/cleaningoceanplastics/ros2_ws/src/install/services/share/services/environment/path.sh
[32.012s] -- Installing: /home/pi2/cleaningoceanplastics/ros2_ws/src/install/services/share/services/environment/path.dsv
[32.013s] -- Installing: /home/pi2/cleaningoceanplastics/ros2_ws/src/install/services/share/services/local_setup.bash
[32.014s] -- Installing: /home/pi2/cleaningoceanplastics/ros2_ws/src/install/services/share/services/local_setup.sh
[32.014s] -- Installing: /home/pi2/cleaningoceanplastics/ros2_ws/src/install/services/share/services/local_setup.zsh
[32.014s] -- Installing: /home/pi2/cleaningoceanplastics/ros2_ws/src/install/services/share/services/local_setup.dsv
[32.014s] -- Installing: /home/pi2/cleaningoceanplastics/ros2_ws/src/install/services/share/services/package.dsv
[32.015s] -- Installing: /home/pi2/cleaningoceanplastics/ros2_ws/src/install/services/share/ament_index/resource_index/packages/services
[32.015s] -- Installing: /home/pi2/cleaningoceanplastics/ros2_ws/src/install/services/share/services/cmake/export_services__rosidl_generator_cExport.cmake
[32.015s] -- Installing: /home/pi2/cleaningoceanplastics/ros2_ws/src/install/services/share/services/cmake/export_services__rosidl_generator_cExport-noconfig.cmake
[32.016s] -- Installing: /home/pi2/cleaningoceanplastics/ros2_ws/src/install/services/share/services/cmake/export_services__rosidl_typesupport_fastrtps_cExport.cmake
[32.016s] -- Installing: /home/pi2/cleaningoceanplastics/ros2_ws/src/install/services/share/services/cmake/export_services__rosidl_typesupport_fastrtps_cExport-noconfig.cmake
[32.016s] -- Installing: /home/pi2/cleaningoceanplastics/ros2_ws/src/install/services/share/services/cmake/export_services__rosidl_generator_cppExport.cmake
[32.016s] -- Installing: /home/pi2/cleaningoceanplastics/ros2_ws/src/install/services/share/services/cmake/export_services__rosidl_typesupport_fastrtps_cppExport.cmake
[32.017s] -- Installing: /home/pi2/cleaningoceanplastics/ros2_ws/src/install/services/share/services/cmake/export_services__rosidl_typesupport_fastrtps_cppExport-noconfig.cmake
[32.017s] -- Installing: /home/pi2/cleaningoceanplastics/ros2_ws/src/install/services/share/services/cmake/services__rosidl_typesupport_introspection_cExport.cmake
[32.017s] -- Installing: /home/pi2/cleaningoceanplastics/ros2_ws/src/install/services/share/services/cmake/services__rosidl_typesupport_introspection_cExport-noconfig.cmake
[32.018s] -- Installing: /home/pi2/cleaningoceanplastics/ros2_ws/src/install/services/share/services/cmake/services__rosidl_typesupport_cExport.cmake
[32.018s] -- Installing: /home/pi2/cleaningoceanplastics/ros2_ws/src/install/services/share/services/cmake/services__rosidl_typesupport_cExport-noconfig.cmake
[32.018s] -- Installing: /home/pi2/cleaningoceanplastics/ros2_ws/src/install/services/share/services/cmake/services__rosidl_typesupport_introspection_cppExport.cmake
[32.021s] -- Installing: /home/pi2/cleaningoceanplastics/ros2_ws/src/install/services/share/services/cmake/services__rosidl_typesupport_introspection_cppExport-noconfig.cmake
[32.022s] -- Installing: /home/pi2/cleaningoceanplastics/ros2_ws/src/install/services/share/services/cmake/services__rosidl_typesupport_cppExport.cmake
[32.022s] -- Installing: /home/pi2/cleaningoceanplastics/ros2_ws/src/install/services/share/services/cmake/services__rosidl_typesupport_cppExport-noconfig.cmake
[32.022s] -- Installing: /home/pi2/cleaningoceanplastics/ros2_ws/src/install/services/share/services/cmake/export_services__rosidl_generator_pyExport.cmake
[32.022s] -- Installing: /home/pi2/cleaningoceanplastics/ros2_ws/src/install/services/share/services/cmake/export_services__rosidl_generator_pyExport-noconfig.cmake
[32.022s] -- Installing: /home/pi2/cleaningoceanplastics/ros2_ws/src/install/services/share/services/cmake/rosidl_cmake-extras.cmake
[32.022s] -- Installing: /home/pi2/cleaningoceanplastics/ros2_ws/src/install/services/share/services/cmake/ament_cmake_export_dependencies-extras.cmake
[32.023s] -- Installing: /home/pi2/cleaningoceanplastics/ros2_ws/src/install/services/share/services/cmake/ament_cmake_export_include_directories-extras.cmake
[32.025s] -- Installing: /home/pi2/cleaningoceanplastics/ros2_ws/src/install/services/share/services/cmake/ament_cmake_export_libraries-extras.cmake
[32.025s] -- Installing: /home/pi2/cleaningoceanplastics/ros2_ws/src/install/services/share/services/cmake/ament_cmake_export_targets-extras.cmake
[32.026s] -- Installing: /home/pi2/cleaningoceanplastics/ros2_ws/src/install/services/share/services/cmake/rosidl_cmake_export_typesupport_targets-extras.cmake
[32.026s] -- Installing: /home/pi2/cleaningoceanplastics/ros2_ws/src/install/services/share/services/cmake/rosidl_cmake_export_typesupport_libraries-extras.cmake
[32.026s] -- Installing: /home/pi2/cleaningoceanplastics/ros2_ws/src/install/services/share/services/cmake/servicesConfig.cmake
[32.026s] -- Installing: /home/pi2/cleaningoceanplastics/ros2_ws/src/install/services/share/services/cmake/servicesConfig-version.cmake
[32.029s] -- Installing: /home/pi2/cleaningoceanplastics/ros2_ws/src/install/services/share/services/package.xml
[32.031s] Invoked command in '/home/pi2/cleaningoceanplastics/ros2_ws/src/build/services' returned '0': CMAKE_PREFIX_PATH=${CMAKE_PREFIX_PATH}:/home/pi2/cleaningoceanplastics/ros2_ws/install/sensors:/home/pi2/cleaningoceanplastics/ros2_ws/install/navigation:/opt/ros/jazzy DEBUGINFOD_URLS=https://debuginfod.ubuntu.com PS1=\u@\h \[\033[32m\]\w\[\033[33m\]$(parse_git_branch)\[\033[00m\] $ /usr/bin/cmake --install /home/pi2/cleaningoceanplastics/ros2_ws/src/build/services
